Started GET "/" for ::1 at 2019-11-04 17:03:21 +0800
  
ActiveRecord::NoDatabaseError (FATAL:  database "kopi-tracker_development" does not exist
):
  
activerecord (5.2.3) lib/active_record/connection_adapters/postgresql_adapter.rb:696:in `rescue in connect'
activerecord (5.2.3) lib/active_record/connection_adapters/postgresql_adapter.rb:691:in `connect'
activerecord (5.2.3) lib/active_record/connection_adapters/postgresql_adapter.rb:223:in `initialize'
activerecord (5.2.3) lib/active_record/connection_adapters/postgresql_adapter.rb:48:in `new'
activerecord (5.2.3) lib/active_record/connection_adapters/postgresql_adapter.rb:48:in `postgresql_connection'
activerecord (5.2.3) lib/active_record/connection_adapters/abstract/connection_pool.rb:811:in `new_connection'
activerecord (5.2.3) lib/active_record/connection_adapters/abstract/connection_pool.rb:855:in `checkout_new_connection'
activerecord (5.2.3) lib/active_record/connection_adapters/abstract/connection_pool.rb:834:in `try_to_checkout_new_connection'
activerecord (5.2.3) lib/active_record/connection_adapters/abstract/connection_pool.rb:795:in `acquire_connection'
activerecord (5.2.3) lib/active_record/connection_adapters/abstract/connection_pool.rb:523:in `checkout'
activerecord (5.2.3) lib/active_record/connection_adapters/abstract/connection_pool.rb:382:in `connection'
activerecord (5.2.3) lib/active_record/connection_adapters/abstract/connection_pool.rb:1014:in `retrieve_connection'
activerecord (5.2.3) lib/active_record/connection_handling.rb:118:in `retrieve_connection'
activerecord (5.2.3) lib/active_record/connection_handling.rb:90:in `connection'
activerecord (5.2.3) lib/active_record/migration.rb:554:in `call'
actionpack (5.2.3) lib/action_dispatch/middleware/callbacks.rb:28:in `block in call'
activesupport (5.2.3) lib/active_support/callbacks.rb:98:in `run_callbacks'
actionpack (5.2.3) lib/action_dispatch/middleware/callbacks.rb:26:in `call'
actionpack (5.2.3) lib/action_dispatch/middleware/executor.rb:14:in `call'
actionpack (5.2.3) lib/action_dispatch/middleware/debug_exceptions.rb:61:in `call'
web-console (3.7.0) lib/web_console/middleware.rb:135:in `call_app'
web-console (3.7.0) lib/web_console/middleware.rb:30:in `block in call'
web-console (3.7.0) lib/web_console/middleware.rb:20:in `catch'
web-console (3.7.0) lib/web_console/middleware.rb:20:in `call'
actionpack (5.2.3) lib/action_dispatch/middleware/show_exceptions.rb:33:in `call'
railties (5.2.3) lib/rails/rack/logger.rb:38:in `call_app'
railties (5.2.3) lib/rails/rack/logger.rb:26:in `block in call'
activesupport (5.2.3) lib/active_support/tagged_logging.rb:71:in `block in tagged'
activesupport (5.2.3) lib/active_support/tagged_logging.rb:28:in `tagged'
activesupport (5.2.3) lib/active_support/tagged_logging.rb:71:in `tagged'
railties (5.2.3) lib/rails/rack/logger.rb:26:in `call'
sprockets-rails (3.2.1) lib/sprockets/rails/quiet_assets.rb:13:in `call'
actionpack (5.2.3) lib/action_dispatch/middleware/remote_ip.rb:81:in `call'
actionpack (5.2.3) lib/action_dispatch/middleware/request_id.rb:27:in `call'
rack (2.0.7) lib/rack/method_override.rb:22:in `call'
rack (2.0.7) lib/rack/runtime.rb:22:in `call'
activesupport (5.2.3) lib/active_support/cache/strategy/local_cache_middleware.rb:29:in `call'
actionpack (5.2.3) lib/action_dispatch/middleware/executor.rb:14:in `call'
actionpack (5.2.3) lib/action_dispatch/middleware/static.rb:127:in `call'
rack (2.0.7) lib/rack/sendfile.rb:111:in `call'
railties (5.2.3) lib/rails/engine.rb:524:in `call'
puma (3.12.1) lib/puma/configuration.rb:227:in `call'
puma (3.12.1) lib/puma/server.rb:660:in `handle_request'
puma (3.12.1) lib/puma/server.rb:474:in `process_client'
puma (3.12.1) lib/puma/server.rb:334:in `block in run'
puma (3.12.1) lib/puma/thread_pool.rb:135:in `block in spawn_thread'
  [1m[35m (373.9ms)[0m  [1m[35mCREATE DATABASE "kopi-tracker_development" ENCODING = 'unicode'[0m
  ↳ bin/rails:9
  [1m[35m (398.5ms)[0m  [1m[35mCREATE DATABASE "kopi-tracker_test" ENCODING = 'unicode'[0m
  ↳ bin/rails:9
  [1m[35m (4.6ms)[0m  [1m[35mCREATE TABLE "schema_migrations" ("version" character varying NOT NULL PRIMARY KEY)[0m
  ↳ bin/rails:9
  [1m[35m (4.2ms)[0m  [1m[35mCREATE TABLE "ar_internal_metadata" ("key" character varying NOT NULL PRIMARY KEY, "value" character varying, "created_at" timestamp NOT NULL, "updated_at" timestamp NOT NULL)[0m
  ↳ bin/rails:9
  [1m[35m (0.2ms)[0m  [1m[34mSELECT pg_try_advisory_lock(415529116733845485)[0m
  ↳ bin/rails:9
  [1m[35m (0.5ms)[0m  [1m[34mSELECT "schema_migrations"."version" FROM "schema_migrations" ORDER BY "schema_migrations"."version" ASC[0m
  ↳ bin/rails:9
  [1m[36mActiveRecord::InternalMetadata Load (0.5ms)[0m  [1m[34mSELECT  "ar_internal_metadata".* FROM "ar_internal_metadata" WHERE "ar_internal_metadata"."key" = $1 LIMIT $2[0m  [["key", "environment"], ["LIMIT", 1]]
  ↳ bin/rails:9
  [1m[35m (0.1ms)[0m  [1m[35mBEGIN[0m
  ↳ bin/rails:9
  [1m[36mActiveRecord::InternalMetadata Create (0.4ms)[0m  [1m[32mINSERT INTO "ar_internal_metadata" ("key", "value", "created_at", "updated_at") VALUES ($1, $2, $3, $4) RETURNING "key"[0m  [["key", "environment"], ["value", "development"], ["created_at", "2019-11-04 09:03:58.630339"], ["updated_at", "2019-11-04 09:03:58.630339"]]
  ↳ bin/rails:9
  [1m[35m (0.4ms)[0m  [1m[35mCOMMIT[0m
  ↳ bin/rails:9
  [1m[35m (0.2ms)[0m  [1m[34mSELECT pg_advisory_unlock(415529116733845485)[0m
  ↳ bin/rails:9
  [1m[35m (0.2ms)[0m  [1m[34mSELECT "schema_migrations"."version" FROM "schema_migrations" ORDER BY "schema_migrations"."version" ASC[0m
  ↳ bin/rails:9
Started GET "/" for ::1 at 2019-11-04 17:04:07 +0800
Processing by KopisController#index as HTML
Completed 500 Internal Server Error in 3ms (ActiveRecord: 0.0ms)


  
NameError (uninitialized constant KopisController::Kopi):
  
app/controllers/kopis_controller.rb:3:in `index'
Started GET "/" for ::1 at 2019-11-04 17:13:47 +0800
  [1m[35m (0.8ms)[0m  [1m[34mSELECT "schema_migrations"."version" FROM "schema_migrations" ORDER BY "schema_migrations"."version" ASC[0m
  ↳ /Users/sirron/.rbenv/versions/2.5.1/lib/ruby/gems/2.5.0/gems/activerecord-5.2.3/lib/active_record/log_subscriber.rb:98
  
ActiveRecord::PendingMigrationError (

Migrations are pending. To resolve this issue, run:

        bin/rails db:migrate RAILS_ENV=development

):
  
activerecord (5.2.3) lib/active_record/migration.rb:579:in `check_pending!'
activerecord (5.2.3) lib/active_record/migration.rb:556:in `call'
actionpack (5.2.3) lib/action_dispatch/middleware/callbacks.rb:28:in `block in call'
activesupport (5.2.3) lib/active_support/callbacks.rb:98:in `run_callbacks'
actionpack (5.2.3) lib/action_dispatch/middleware/callbacks.rb:26:in `call'
actionpack (5.2.3) lib/action_dispatch/middleware/executor.rb:14:in `call'
actionpack (5.2.3) lib/action_dispatch/middleware/debug_exceptions.rb:61:in `call'
web-console (3.7.0) lib/web_console/middleware.rb:135:in `call_app'
web-console (3.7.0) lib/web_console/middleware.rb:30:in `block in call'
web-console (3.7.0) lib/web_console/middleware.rb:20:in `catch'
web-console (3.7.0) lib/web_console/middleware.rb:20:in `call'
actionpack (5.2.3) lib/action_dispatch/middleware/show_exceptions.rb:33:in `call'
railties (5.2.3) lib/rails/rack/logger.rb:38:in `call_app'
railties (5.2.3) lib/rails/rack/logger.rb:26:in `block in call'
activesupport (5.2.3) lib/active_support/tagged_logging.rb:71:in `block in tagged'
activesupport (5.2.3) lib/active_support/tagged_logging.rb:28:in `tagged'
activesupport (5.2.3) lib/active_support/tagged_logging.rb:71:in `tagged'
railties (5.2.3) lib/rails/rack/logger.rb:26:in `call'
sprockets-rails (3.2.1) lib/sprockets/rails/quiet_assets.rb:13:in `call'
actionpack (5.2.3) lib/action_dispatch/middleware/remote_ip.rb:81:in `call'
actionpack (5.2.3) lib/action_dispatch/middleware/request_id.rb:27:in `call'
rack (2.0.7) lib/rack/method_override.rb:22:in `call'
rack (2.0.7) lib/rack/runtime.rb:22:in `call'
activesupport (5.2.3) lib/active_support/cache/strategy/local_cache_middleware.rb:29:in `call'
actionpack (5.2.3) lib/action_dispatch/middleware/executor.rb:14:in `call'
actionpack (5.2.3) lib/action_dispatch/middleware/static.rb:127:in `call'
rack (2.0.7) lib/rack/sendfile.rb:111:in `call'
railties (5.2.3) lib/rails/engine.rb:524:in `call'
puma (3.12.1) lib/puma/configuration.rb:227:in `call'
puma (3.12.1) lib/puma/server.rb:660:in `handle_request'
puma (3.12.1) lib/puma/server.rb:474:in `process_client'
puma (3.12.1) lib/puma/server.rb:334:in `block in run'
puma (3.12.1) lib/puma/thread_pool.rb:135:in `block in spawn_thread'
  [1m[35m (0.5ms)[0m  [1m[35mCREATE DATABASE "kopi-tracker_development" ENCODING = 'unicode'[0m
  ↳ bin/rails:9
  [1m[35m (0.6ms)[0m  [1m[35mCREATE DATABASE "kopi-tracker_test" ENCODING = 'unicode'[0m
  ↳ bin/rails:9
  [1m[35m (0.6ms)[0m  [1m[34mSELECT pg_try_advisory_lock(415529116733845485)[0m
  ↳ bin/rails:9
  [1m[35m (1.8ms)[0m  [1m[34mSELECT "schema_migrations"."version" FROM "schema_migrations" ORDER BY "schema_migrations"."version" ASC[0m
  ↳ bin/rails:9
Migrating to Kopis (20191104090532)
  [1m[35m (0.1ms)[0m  [1m[35mBEGIN[0m
  ↳ bin/rails:9
  [1m[35m (19.1ms)[0m  [1m[35mCREATE TABLE "parks" ("id" bigserial primary key, "name" character varying, "roast" text, "origin" text)[0m
  ↳ db/migrate/20191104090532_kopis.rb:4
  [1m[36mActiveRecord::SchemaMigration Create (0.5ms)[0m  [1m[32mINSERT INTO "schema_migrations" ("version") VALUES ($1) RETURNING "version"[0m  [["version", "20191104090532"]]
  ↳ bin/rails:9
  [1m[35m (0.5ms)[0m  [1m[35mCOMMIT[0m
  ↳ bin/rails:9
Migrating to Origins (20191104091001)
  [1m[35m (0.3ms)[0m  [1m[35mBEGIN[0m
  ↳ bin/rails:9
  [1m[35m (3.4ms)[0m  [1m[35mCREATE TABLE "origins" ("id" bigserial primary key, "location" character varying, "phone" integer)[0m
  ↳ db/migrate/20191104091001_origins.rb:3
  [1m[36mActiveRecord::SchemaMigration Create (0.3ms)[0m  [1m[32mINSERT INTO "schema_migrations" ("version") VALUES ($1) RETURNING "version"[0m  [["version", "20191104091001"]]
  ↳ bin/rails:9
  [1m[35m (0.3ms)[0m  [1m[35mCOMMIT[0m
  ↳ bin/rails:9
  [1m[36mActiveRecord::InternalMetadata Load (1.2ms)[0m  [1m[34mSELECT  "ar_internal_metadata".* FROM "ar_internal_metadata" WHERE "ar_internal_metadata"."key" = $1 LIMIT $2[0m  [["key", "environment"], ["LIMIT", 1]]
  ↳ bin/rails:9
  [1m[35m (0.4ms)[0m  [1m[35mBEGIN[0m
  ↳ bin/rails:9
  [1m[35m (0.3ms)[0m  [1m[35mCOMMIT[0m
  ↳ bin/rails:9
  [1m[35m (0.2ms)[0m  [1m[34mSELECT pg_advisory_unlock(415529116733845485)[0m
  ↳ bin/rails:9
  [1m[35m (0.2ms)[0m  [1m[34mSELECT "schema_migrations"."version" FROM "schema_migrations" ORDER BY "schema_migrations"."version" ASC[0m
  ↳ bin/rails:9
Started GET "/" for ::1 at 2019-11-04 17:17:07 +0800
  [1m[35m (0.9ms)[0m  [1m[34mSELECT "schema_migrations"."version" FROM "schema_migrations" ORDER BY "schema_migrations"."version" ASC[0m
  ↳ /Users/sirron/.rbenv/versions/2.5.1/lib/ruby/gems/2.5.0/gems/activerecord-5.2.3/lib/active_record/log_subscriber.rb:98
Processing by KopisController#index as HTML
Completed 500 Internal Server Error in 1ms (ActiveRecord: 0.0ms)


  
NameError (uninitialized constant KopisController::Kopi):
  
app/controllers/kopis_controller.rb:3:in `index'
Started GET "/" for ::1 at 2019-11-04 17:17:46 +0800
Processing by KopisController#index as HTML
Completed 500 Internal Server Error in 3ms (ActiveRecord: 0.0ms)


  
NameError (uninitialized constant KopisController::Kopi):
  
app/controllers/kopis_controller.rb:3:in `index'
Started GET "/" for ::1 at 2019-11-04 17:18:15 +0800
Processing by KopisController#index as HTML
Completed 500 Internal Server Error in 2ms (ActiveRecord: 0.0ms)


  
NameError (uninitialized constant KopisController::Kopi):
  
app/controllers/kopis_controller.rb:3:in `index'
Started GET "/" for ::1 at 2019-11-04 17:26:39 +0800
Processing by KopisController#index as HTML
Completed 500 Internal Server Error in 10ms (ActiveRecord: 0.0ms)


  
NoMethodError (undefined method `All' for Kopi(Table doesn't exist):Class):
  
app/controllers/kopis_controller.rb:3:in `index'
  [1m[35m (0.1ms)[0m  [1m[34mSELECT pg_try_advisory_lock(415529116733845485)[0m
  ↳ bin/rails:9
  [1m[35m (0.5ms)[0m  [1m[34mSELECT "schema_migrations"."version" FROM "schema_migrations" ORDER BY "schema_migrations"."version" ASC[0m
  ↳ bin/rails:9
  [1m[36mActiveRecord::InternalMetadata Load (0.3ms)[0m  [1m[34mSELECT  "ar_internal_metadata".* FROM "ar_internal_metadata" WHERE "ar_internal_metadata"."key" = $1 LIMIT $2[0m  [["key", "environment"], ["LIMIT", 1]]
  ↳ bin/rails:9
  [1m[35m (0.1ms)[0m  [1m[35mBEGIN[0m
  ↳ bin/rails:9
  [1m[35m (0.1ms)[0m  [1m[35mCOMMIT[0m
  ↳ bin/rails:9
  [1m[35m (0.2ms)[0m  [1m[34mSELECT pg_advisory_unlock(415529116733845485)[0m
  ↳ bin/rails:9
  [1m[35m (0.2ms)[0m  [1m[34mSELECT "schema_migrations"."version" FROM "schema_migrations" ORDER BY "schema_migrations"."version" ASC[0m
  ↳ bin/rails:9
Started GET "/" for ::1 at 2019-11-04 17:45:48 +0800
Processing by KopisController#index as HTML
Completed 500 Internal Server Error in 8ms (ActiveRecord: 0.0ms)


  
NoMethodError (undefined method `All' for Kopi(Table doesn't exist):Class):
  
app/controllers/kopis_controller.rb:3:in `index'
  [1m[35m (335.1ms)[0m  [1m[35mCREATE DATABASE "kopi-tracker_development" ENCODING = 'unicode'[0m
  ↳ bin/rails:9
  [1m[35m (0.9ms)[0m  [1m[35mCREATE DATABASE "kopi-tracker_test" ENCODING = 'unicode'[0m
  ↳ bin/rails:9
  [1m[35m (4.6ms)[0m  [1m[35mCREATE TABLE "schema_migrations" ("version" character varying NOT NULL PRIMARY KEY)[0m
  ↳ bin/rails:9
  [1m[35m (2.9ms)[0m  [1m[35mCREATE TABLE "ar_internal_metadata" ("key" character varying NOT NULL PRIMARY KEY, "value" character varying, "created_at" timestamp NOT NULL, "updated_at" timestamp NOT NULL)[0m
  ↳ bin/rails:9
  [1m[35m (0.3ms)[0m  [1m[34mSELECT pg_try_advisory_lock(415529116733845485)[0m
  ↳ bin/rails:9
  [1m[35m (0.5ms)[0m  [1m[34mSELECT "schema_migrations"."version" FROM "schema_migrations" ORDER BY "schema_migrations"."version" ASC[0m
  ↳ bin/rails:9
Migrating to Kopis (20191104090532)
  [1m[35m (0.2ms)[0m  [1m[35mBEGIN[0m
  ↳ bin/rails:9
  [1m[35m (4.2ms)[0m  [1m[35mCREATE TABLE "kopis" ("id" bigserial primary key, "name" character varying, "roast" text, "origins_id" bigint)[0m
  ↳ db/migrate/20191104090532_kopis.rb:4
  [1m[35m (0.9ms)[0m  [1m[35mCREATE  INDEX  "index_kopis_on_origins_id" ON "kopis"  ("origins_id")[0m
  ↳ db/migrate/20191104090532_kopis.rb:4
  [1m[36mActiveRecord::SchemaMigration Create (0.5ms)[0m  [1m[32mINSERT INTO "schema_migrations" ("version") VALUES ($1) RETURNING "version"[0m  [["version", "20191104090532"]]
  ↳ bin/rails:9
  [1m[35m (0.4ms)[0m  [1m[35mCOMMIT[0m
  ↳ bin/rails:9
Migrating to Origins (20191104091001)
  [1m[35m (0.2ms)[0m  [1m[35mBEGIN[0m
  ↳ bin/rails:9
  [1m[35m (3.6ms)[0m  [1m[35mCREATE TABLE "origins" ("id" bigserial primary key, "location" character varying, "phone" integer)[0m
  ↳ db/migrate/20191104091001_origins.rb:3
  [1m[36mActiveRecord::SchemaMigration Create (0.4ms)[0m  [1m[32mINSERT INTO "schema_migrations" ("version") VALUES ($1) RETURNING "version"[0m  [["version", "20191104091001"]]
  ↳ bin/rails:9
  [1m[35m (0.3ms)[0m  [1m[35mCOMMIT[0m
  ↳ bin/rails:9
  [1m[36mActiveRecord::InternalMetadata Load (0.5ms)[0m  [1m[34mSELECT  "ar_internal_metadata".* FROM "ar_internal_metadata" WHERE "ar_internal_metadata"."key" = $1 LIMIT $2[0m  [["key", "environment"], ["LIMIT", 1]]
  ↳ bin/rails:9
  [1m[35m (0.3ms)[0m  [1m[35mBEGIN[0m
  ↳ bin/rails:9
  [1m[36mActiveRecord::InternalMetadata Create (0.6ms)[0m  [1m[32mINSERT INTO "ar_internal_metadata" ("key", "value", "created_at", "updated_at") VALUES ($1, $2, $3, $4) RETURNING "key"[0m  [["key", "environment"], ["value", "development"], ["created_at", "2019-11-04 10:18:25.418210"], ["updated_at", "2019-11-04 10:18:25.418210"]]
  ↳ bin/rails:9
  [1m[35m (0.3ms)[0m  [1m[35mCOMMIT[0m
  ↳ bin/rails:9
  [1m[35m (0.2ms)[0m  [1m[34mSELECT pg_advisory_unlock(415529116733845485)[0m
  ↳ bin/rails:9
  [1m[35m (0.3ms)[0m  [1m[34mSELECT "schema_migrations"."version" FROM "schema_migrations" ORDER BY "schema_migrations"."version" ASC[0m
  ↳ bin/rails:9
Started GET "/" for ::1 at 2019-11-04 18:22:32 +0800
  [1m[35m (0.8ms)[0m  [1m[34mSELECT "schema_migrations"."version" FROM "schema_migrations" ORDER BY "schema_migrations"."version" ASC[0m
  ↳ /Users/sirron/.rbenv/versions/2.5.1/lib/ruby/gems/2.5.0/gems/activerecord-5.2.3/lib/active_record/log_subscriber.rb:98
Processing by KopisController#index as HTML
Completed 500 Internal Server Error in 11ms (ActiveRecord: 0.0ms)


  
NoMethodError (undefined method `All' for Kopi(id: integer, name: string, roast: text, origins_id: integer):Class):
  
app/controllers/kopis_controller.rb:3:in `index'
Started GET "/" for ::1 at 2019-11-04 18:22:33 +0800
Processing by KopisController#index as HTML
Completed 500 Internal Server Error in 5ms (ActiveRecord: 0.0ms)


  
NoMethodError (undefined method `All' for Kopi(id: integer, name: string, roast: text, origins_id: integer):Class):
  
app/controllers/kopis_controller.rb:3:in `index'
Started GET "/" for ::1 at 2019-11-04 18:24:33 +0800
Processing by KopisController#index as HTML
Completed 500 Internal Server Error in 6ms (ActiveRecord: 0.0ms)


  
NoMethodError (undefined method `All' for Kopi(id: integer, name: string, roast: text, origins_id: integer):Class):
  
app/controllers/kopis_controller.rb:3:in `index'
Started GET "/" for ::1 at 2019-11-04 18:25:03 +0800
Processing by KopisController#index as HTML
Completed 500 Internal Server Error in 5ms (ActiveRecord: 0.0ms)


  
NoMethodError (undefined method `All' for Kopi(id: integer, name: string, roast: text, origins_id: integer):Class):
  
app/controllers/kopis_controller.rb:3:in `index'
Started GET "/" for ::1 at 2019-11-04 18:26:25 +0800
Processing by KopisController#index as HTML
Completed 500 Internal Server Error in 6ms (ActiveRecord: 0.0ms)


  
NoMethodError (undefined method `All' for Kopi(id: integer, name: string, roast: text, origins_id: integer):Class):
  
app/controllers/kopis_controller.rb:3:in `index'
Started GET "/" for ::1 at 2019-11-04 18:26:52 +0800
Processing by KopisController#index as HTML
Completed 500 Internal Server Error in 9ms (ActiveRecord: 0.0ms)


  
NoMethodError (undefined method `All' for Kopi(id: integer, name: string, roast: text, origins_id: integer):Class):
  
app/controllers/kopis_controller.rb:3:in `index'
Started GET "/" for ::1 at 2019-11-04 18:27:43 +0800
Processing by KopisController#index as HTML
Completed 500 Internal Server Error in 10ms (ActiveRecord: 0.0ms)


  
NoMethodError (undefined method `All' for Kopi(id: integer, name: string, roast: text, origins_id: integer):Class):
  
app/controllers/kopis_controller.rb:3:in `index'
Started GET "/" for ::1 at 2019-11-04 18:28:07 +0800
Processing by KopisController#index as HTML
  Rendering kopis/index.html.erb within layouts/application
  Rendered kopis/index.html.erb within layouts/application (0.3ms)
Completed 200 OK in 234ms (Views: 230.1ms | ActiveRecord: 0.0ms)


Started GET "/" for ::1 at 2019-11-04 18:28:31 +0800
Processing by KopisController#index as HTML
  Rendering kopis/index.html.erb within layouts/application
  [1m[36mKopi Load (0.5ms)[0m  [1m[34mSELECT  "kopis".* FROM "kopis" LIMIT $1[0m  [["LIMIT", 11]]
  ↳ /Users/sirron/.rbenv/versions/2.5.1/lib/ruby/gems/2.5.0/gems/activerecord-5.2.3/lib/active_record/log_subscriber.rb:98
  [1m[36mCACHE Kopi Load (0.0ms)[0m  [1m[34mSELECT  "kopis".* FROM "kopis" LIMIT $1[0m  [["LIMIT", 11]]
  ↳ /Users/sirron/.rbenv/versions/2.5.1/lib/ruby/gems/2.5.0/gems/activerecord-5.2.3/lib/active_record/log_subscriber.rb:98
  [1m[36mCACHE Kopi Load (0.0ms)[0m  [1m[34mSELECT  "kopis".* FROM "kopis" LIMIT $1[0m  [["LIMIT", 11]]
  ↳ /Users/sirron/.rbenv/versions/2.5.1/lib/ruby/gems/2.5.0/gems/activerecord-5.2.3/lib/active_record/log_subscriber.rb:98
  [1m[36mCACHE Kopi Load (0.0ms)[0m  [1m[34mSELECT  "kopis".* FROM "kopis" LIMIT $1[0m  [["LIMIT", 11]]
  ↳ /Users/sirron/.rbenv/versions/2.5.1/lib/ruby/gems/2.5.0/gems/activerecord-5.2.3/lib/active_record/log_subscriber.rb:98
  [1m[36mCACHE Kopi Load (0.0ms)[0m  [1m[34mSELECT  "kopis".* FROM "kopis" LIMIT $1[0m  [["LIMIT", 11]]
  ↳ /Users/sirron/.rbenv/versions/2.5.1/lib/ruby/gems/2.5.0/gems/activerecord-5.2.3/lib/active_record/log_subscriber.rb:98
  [1m[36mCACHE Kopi Load (0.0ms)[0m  [1m[34mSELECT  "kopis".* FROM "kopis" LIMIT $1[0m  [["LIMIT", 11]]
  ↳ /Users/sirron/.rbenv/versions/2.5.1/lib/ruby/gems/2.5.0/gems/activerecord-5.2.3/lib/active_record/log_subscriber.rb:98
  [1m[36mCACHE Kopi Load (0.0ms)[0m  [1m[34mSELECT  "kopis".* FROM "kopis" LIMIT $1[0m  [["LIMIT", 11]]
  ↳ /Users/sirron/.rbenv/versions/2.5.1/lib/ruby/gems/2.5.0/gems/activerecord-5.2.3/lib/active_record/log_subscriber.rb:98
  [1m[36mCACHE Kopi Load (0.0ms)[0m  [1m[34mSELECT  "kopis".* FROM "kopis" LIMIT $1[0m  [["LIMIT", 11]]
  ↳ /Users/sirron/.rbenv/versions/2.5.1/lib/ruby/gems/2.5.0/gems/activerecord-5.2.3/lib/active_record/log_subscriber.rb:98
  Rendered kopis/index.html.erb within layouts/application (223.7ms)
Completed 500 Internal Server Error in 233ms (ActiveRecord: 2.9ms)


  
ActionView::Template::Error (undefined local variable or method `kopis_path' for #<#<Class:0x00007f96a0ae2868>:0x00007f96a0f4c548>):
    1: <%= form_with scope: :kopi, url: kopis_path, local: true do |form| %>
    2: 
    3:     <p>
    4:       <%= form.label :name %><br>
  
app/views/kopis/index.html.erb:1:in `_app_views_kopis_index_html_erb__1979403841627923664_70142461110060'
Started GET "/" for ::1 at 2019-11-04 18:28:59 +0800
Processing by KopisController#index as HTML
  Rendering kopis/index.html.erb within layouts/application
  Rendered kopis/index.html.erb within layouts/application (20.4ms)
Completed 200 OK in 46ms (Views: 41.9ms | ActiveRecord: 0.0ms)


Started GET "/" for ::1 at 2019-11-04 18:33:57 +0800
Processing by KopisController#index as HTML
  Rendering kopis/index.html.erb within layouts/application
  Rendered kopis/index.html.erb within layouts/application (3.4ms)
Completed 200 OK in 29ms (Views: 25.7ms | ActiveRecord: 0.0ms)


Started POST "/kopis" for ::1 at 2019-11-04 18:46:53 +0800
  
ActionController::RoutingError (No route matches [POST] "/kopis"):
  
actionpack (5.2.3) lib/action_dispatch/middleware/debug_exceptions.rb:65:in `call'
web-console (3.7.0) lib/web_console/middleware.rb:135:in `call_app'
web-console (3.7.0) lib/web_console/middleware.rb:30:in `block in call'
web-console (3.7.0) lib/web_console/middleware.rb:20:in `catch'
web-console (3.7.0) lib/web_console/middleware.rb:20:in `call'
actionpack (5.2.3) lib/action_dispatch/middleware/show_exceptions.rb:33:in `call'
railties (5.2.3) lib/rails/rack/logger.rb:38:in `call_app'
railties (5.2.3) lib/rails/rack/logger.rb:26:in `block in call'
activesupport (5.2.3) lib/active_support/tagged_logging.rb:71:in `block in tagged'
activesupport (5.2.3) lib/active_support/tagged_logging.rb:28:in `tagged'
activesupport (5.2.3) lib/active_support/tagged_logging.rb:71:in `tagged'
railties (5.2.3) lib/rails/rack/logger.rb:26:in `call'
sprockets-rails (3.2.1) lib/sprockets/rails/quiet_assets.rb:13:in `call'
actionpack (5.2.3) lib/action_dispatch/middleware/remote_ip.rb:81:in `call'
actionpack (5.2.3) lib/action_dispatch/middleware/request_id.rb:27:in `call'
rack (2.0.7) lib/rack/method_override.rb:22:in `call'
rack (2.0.7) lib/rack/runtime.rb:22:in `call'
activesupport (5.2.3) lib/active_support/cache/strategy/local_cache_middleware.rb:29:in `call'
actionpack (5.2.3) lib/action_dispatch/middleware/executor.rb:14:in `call'
actionpack (5.2.3) lib/action_dispatch/middleware/static.rb:127:in `call'
rack (2.0.7) lib/rack/sendfile.rb:111:in `call'
railties (5.2.3) lib/rails/engine.rb:524:in `call'
puma (3.12.1) lib/puma/configuration.rb:227:in `call'
puma (3.12.1) lib/puma/server.rb:660:in `handle_request'
puma (3.12.1) lib/puma/server.rb:474:in `process_client'
puma (3.12.1) lib/puma/server.rb:334:in `block in run'
puma (3.12.1) lib/puma/thread_pool.rb:135:in `block in spawn_thread'
Started GET "/" for ::1 at 2019-11-04 18:47:29 +0800
Processing by KopisController#index as HTML
  Rendering kopis/index.html.erb within layouts/application
  [1m[36mKopi Load (0.5ms)[0m  [1m[34mSELECT  "kopis".* FROM "kopis" LIMIT $1[0m  [["LIMIT", 11]]
  ↳ /Users/sirron/.rbenv/versions/2.5.1/lib/ruby/gems/2.5.0/gems/activerecord-5.2.3/lib/active_record/log_subscriber.rb:98
  [1m[36mCACHE Kopi Load (0.0ms)[0m  [1m[34mSELECT  "kopis".* FROM "kopis" LIMIT $1[0m  [["LIMIT", 11]]
  ↳ /Users/sirron/.rbenv/versions/2.5.1/lib/ruby/gems/2.5.0/gems/activerecord-5.2.3/lib/active_record/log_subscriber.rb:98
  [1m[36mCACHE Kopi Load (0.0ms)[0m  [1m[34mSELECT  "kopis".* FROM "kopis" LIMIT $1[0m  [["LIMIT", 11]]
  ↳ /Users/sirron/.rbenv/versions/2.5.1/lib/ruby/gems/2.5.0/gems/activerecord-5.2.3/lib/active_record/log_subscriber.rb:98
  [1m[36mCACHE Kopi Load (0.1ms)[0m  [1m[34mSELECT  "kopis".* FROM "kopis" LIMIT $1[0m  [["LIMIT", 11]]
  ↳ /Users/sirron/.rbenv/versions/2.5.1/lib/ruby/gems/2.5.0/gems/activerecord-5.2.3/lib/active_record/log_subscriber.rb:98
  Rendered kopis/index.html.erb within layouts/application (111.9ms)
Completed 500 Internal Server Error in 123ms (ActiveRecord: 5.0ms)


  
ActionView::Template::Error (undefined method `submit=' for #<ActionView::Helpers::FormBuilder:0x00007f96a693b7e8>
Did you mean?  submit):
    11:     </p>
    12:   
    13:     <p>
    14:       <%= form.submit="kopi" %>
    15:     </p>
    16:   <% end %>
  
app/views/kopis/index.html.erb:14:in `block in _app_views_kopis_index_html_erb__1979403841627923664_70142508304020'
app/views/kopis/index.html.erb:1:in `_app_views_kopis_index_html_erb__1979403841627923664_70142508304020'
Started GET "/" for ::1 at 2019-11-04 18:47:36 +0800
Processing by KopisController#index as HTML
  Rendering kopis/index.html.erb within layouts/application
  Rendered kopis/index.html.erb within layouts/application (3.6ms)
Completed 200 OK in 30ms (Views: 26.9ms | ActiveRecord: 0.0ms)


Started GET "/kopi/new" for ::1 at 2019-11-04 18:53:17 +0800
  
ActionController::RoutingError (No route matches [GET] "/kopi/new"):
  
actionpack (5.2.3) lib/action_dispatch/middleware/debug_exceptions.rb:65:in `call'
web-console (3.7.0) lib/web_console/middleware.rb:135:in `call_app'
web-console (3.7.0) lib/web_console/middleware.rb:30:in `block in call'
web-console (3.7.0) lib/web_console/middleware.rb:20:in `catch'
web-console (3.7.0) lib/web_console/middleware.rb:20:in `call'
actionpack (5.2.3) lib/action_dispatch/middleware/show_exceptions.rb:33:in `call'
railties (5.2.3) lib/rails/rack/logger.rb:38:in `call_app'
railties (5.2.3) lib/rails/rack/logger.rb:26:in `block in call'
activesupport (5.2.3) lib/active_support/tagged_logging.rb:71:in `block in tagged'
activesupport (5.2.3) lib/active_support/tagged_logging.rb:28:in `tagged'
activesupport (5.2.3) lib/active_support/tagged_logging.rb:71:in `tagged'
railties (5.2.3) lib/rails/rack/logger.rb:26:in `call'
sprockets-rails (3.2.1) lib/sprockets/rails/quiet_assets.rb:13:in `call'
actionpack (5.2.3) lib/action_dispatch/middleware/remote_ip.rb:81:in `call'
actionpack (5.2.3) lib/action_dispatch/middleware/request_id.rb:27:in `call'
rack (2.0.7) lib/rack/method_override.rb:22:in `call'
rack (2.0.7) lib/rack/runtime.rb:22:in `call'
activesupport (5.2.3) lib/active_support/cache/strategy/local_cache_middleware.rb:29:in `call'
actionpack (5.2.3) lib/action_dispatch/middleware/executor.rb:14:in `call'
actionpack (5.2.3) lib/action_dispatch/middleware/static.rb:127:in `call'
rack (2.0.7) lib/rack/sendfile.rb:111:in `call'
railties (5.2.3) lib/rails/engine.rb:524:in `call'
puma (3.12.1) lib/puma/configuration.rb:227:in `call'
puma (3.12.1) lib/puma/server.rb:660:in `handle_request'
puma (3.12.1) lib/puma/server.rb:474:in `process_client'
puma (3.12.1) lib/puma/server.rb:334:in `block in run'
puma (3.12.1) lib/puma/thread_pool.rb:135:in `block in spawn_thread'
Started GET "/kopisnew" for ::1 at 2019-11-04 18:53:27 +0800
  
ActionController::RoutingError (No route matches [GET] "/kopisnew"):
  
actionpack (5.2.3) lib/action_dispatch/middleware/debug_exceptions.rb:65:in `call'
web-console (3.7.0) lib/web_console/middleware.rb:135:in `call_app'
web-console (3.7.0) lib/web_console/middleware.rb:30:in `block in call'
web-console (3.7.0) lib/web_console/middleware.rb:20:in `catch'
web-console (3.7.0) lib/web_console/middleware.rb:20:in `call'
actionpack (5.2.3) lib/action_dispatch/middleware/show_exceptions.rb:33:in `call'
railties (5.2.3) lib/rails/rack/logger.rb:38:in `call_app'
railties (5.2.3) lib/rails/rack/logger.rb:26:in `block in call'
activesupport (5.2.3) lib/active_support/tagged_logging.rb:71:in `block in tagged'
activesupport (5.2.3) lib/active_support/tagged_logging.rb:28:in `tagged'
activesupport (5.2.3) lib/active_support/tagged_logging.rb:71:in `tagged'
railties (5.2.3) lib/rails/rack/logger.rb:26:in `call'
sprockets-rails (3.2.1) lib/sprockets/rails/quiet_assets.rb:13:in `call'
actionpack (5.2.3) lib/action_dispatch/middleware/remote_ip.rb:81:in `call'
actionpack (5.2.3) lib/action_dispatch/middleware/request_id.rb:27:in `call'
rack (2.0.7) lib/rack/method_override.rb:22:in `call'
rack (2.0.7) lib/rack/runtime.rb:22:in `call'
activesupport (5.2.3) lib/active_support/cache/strategy/local_cache_middleware.rb:29:in `call'
actionpack (5.2.3) lib/action_dispatch/middleware/executor.rb:14:in `call'
actionpack (5.2.3) lib/action_dispatch/middleware/static.rb:127:in `call'
rack (2.0.7) lib/rack/sendfile.rb:111:in `call'
railties (5.2.3) lib/rails/engine.rb:524:in `call'
puma (3.12.1) lib/puma/configuration.rb:227:in `call'
puma (3.12.1) lib/puma/server.rb:660:in `handle_request'
puma (3.12.1) lib/puma/server.rb:474:in `process_client'
puma (3.12.1) lib/puma/server.rb:334:in `block in run'
puma (3.12.1) lib/puma/thread_pool.rb:135:in `block in spawn_thread'
Started GET "/kopis/new" for ::1 at 2019-11-04 18:53:33 +0800
Processing by KopisController#new as HTML
Completed 406 Not Acceptable in 103ms (ActiveRecord: 0.0ms)


  
ActionController::UnknownFormat (KopisController#new is missing a template for this request format and variant.

request.formats: ["text/html"]
request.variant: []

NOTE! For XHR/Ajax or API requests, this action would normally respond with 204 No Content: an empty white screen. Since you're loading it in a web browser, we assume that you expected to actually render a template, not nothing, so we're showing an error to be extra-clear. If you expect 204 No Content, carry on. That's what you'll get from an XHR or API request. Give it a shot.):
  
actionpack (5.2.3) lib/action_controller/metal/implicit_render.rb:55:in `default_render'
actionpack (5.2.3) lib/action_controller/metal/basic_implicit_render.rb:6:in `block in send_action'
actionpack (5.2.3) lib/action_controller/metal/basic_implicit_render.rb:6:in `tap'
actionpack (5.2.3) lib/action_controller/metal/basic_implicit_render.rb:6:in `send_action'
actionpack (5.2.3) lib/abstract_controller/base.rb:194:in `process_action'
actionpack (5.2.3) lib/action_controller/metal/rendering.rb:30:in `process_action'
actionpack (5.2.3) lib/abstract_controller/callbacks.rb:42:in `block in process_action'
activesupport (5.2.3) lib/active_support/callbacks.rb:132:in `run_callbacks'
actionpack (5.2.3) lib/abstract_controller/callbacks.rb:41:in `process_action'
actionpack (5.2.3) lib/action_controller/metal/rescue.rb:22:in `process_action'
actionpack (5.2.3) lib/action_controller/metal/instrumentation.rb:34:in `block in process_action'
activesupport (5.2.3) lib/active_support/notifications.rb:168:in `block in instrument'
activesupport (5.2.3) lib/active_support/notifications/instrumenter.rb:23:in `instrument'
activesupport (5.2.3) lib/active_support/notifications.rb:168:in `instrument'
actionpack (5.2.3) lib/action_controller/metal/instrumentation.rb:32:in `process_action'
actionpack (5.2.3) lib/action_controller/metal/params_wrapper.rb:256:in `process_action'
activerecord (5.2.3) lib/active_record/railties/controller_runtime.rb:24:in `process_action'
actionpack (5.2.3) lib/abstract_controller/base.rb:134:in `process'
actionview (5.2.3) lib/action_view/rendering.rb:32:in `process'
actionpack (5.2.3) lib/action_controller/metal.rb:191:in `dispatch'
actionpack (5.2.3) lib/action_controller/metal.rb:252:in `dispatch'
actionpack (5.2.3) lib/action_dispatch/routing/route_set.rb:52:in `dispatch'
actionpack (5.2.3) lib/action_dispatch/routing/route_set.rb:34:in `serve'
actionpack (5.2.3) lib/action_dispatch/journey/router.rb:52:in `block in serve'
actionpack (5.2.3) lib/action_dispatch/journey/router.rb:35:in `each'
actionpack (5.2.3) lib/action_dispatch/journey/router.rb:35:in `serve'
actionpack (5.2.3) lib/action_dispatch/routing/route_set.rb:840:in `call'
rack (2.0.7) lib/rack/tempfile_reaper.rb:15:in `call'
rack (2.0.7) lib/rack/etag.rb:25:in `call'
rack (2.0.7) lib/rack/conditional_get.rb:25:in `call'
rack (2.0.7) lib/rack/head.rb:12:in `call'
actionpack (5.2.3) lib/action_dispatch/http/content_security_policy.rb:18:in `call'
rack (2.0.7) lib/rack/session/abstract/id.rb:232:in `context'
rack (2.0.7) lib/rack/session/abstract/id.rb:226:in `call'
actionpack (5.2.3) lib/action_dispatch/middleware/cookies.rb:670:in `call'
activerecord (5.2.3) lib/active_record/migration.rb:559:in `call'
actionpack (5.2.3) lib/action_dispatch/middleware/callbacks.rb:28:in `block in call'
activesupport (5.2.3) lib/active_support/callbacks.rb:98:in `run_callbacks'
actionpack (5.2.3) lib/action_dispatch/middleware/callbacks.rb:26:in `call'
actionpack (5.2.3) lib/action_dispatch/middleware/executor.rb:14:in `call'
actionpack (5.2.3) lib/action_dispatch/middleware/debug_exceptions.rb:61:in `call'
web-console (3.7.0) lib/web_console/middleware.rb:135:in `call_app'
web-console (3.7.0) lib/web_console/middleware.rb:30:in `block in call'
web-console (3.7.0) lib/web_console/middleware.rb:20:in `catch'
web-console (3.7.0) lib/web_console/middleware.rb:20:in `call'
actionpack (5.2.3) lib/action_dispatch/middleware/show_exceptions.rb:33:in `call'
railties (5.2.3) lib/rails/rack/logger.rb:38:in `call_app'
railties (5.2.3) lib/rails/rack/logger.rb:26:in `block in call'
activesupport (5.2.3) lib/active_support/tagged_logging.rb:71:in `block in tagged'
activesupport (5.2.3) lib/active_support/tagged_logging.rb:28:in `tagged'
activesupport (5.2.3) lib/active_support/tagged_logging.rb:71:in `tagged'
railties (5.2.3) lib/rails/rack/logger.rb:26:in `call'
sprockets-rails (3.2.1) lib/sprockets/rails/quiet_assets.rb:13:in `call'
actionpack (5.2.3) lib/action_dispatch/middleware/remote_ip.rb:81:in `call'
actionpack (5.2.3) lib/action_dispatch/middleware/request_id.rb:27:in `call'
rack (2.0.7) lib/rack/method_override.rb:22:in `call'
rack (2.0.7) lib/rack/runtime.rb:22:in `call'
activesupport (5.2.3) lib/active_support/cache/strategy/local_cache_middleware.rb:29:in `call'
actionpack (5.2.3) lib/action_dispatch/middleware/executor.rb:14:in `call'
actionpack (5.2.3) lib/action_dispatch/middleware/static.rb:127:in `call'
rack (2.0.7) lib/rack/sendfile.rb:111:in `call'
railties (5.2.3) lib/rails/engine.rb:524:in `call'
puma (3.12.1) lib/puma/configuration.rb:227:in `call'
puma (3.12.1) lib/puma/server.rb:660:in `handle_request'
puma (3.12.1) lib/puma/server.rb:474:in `process_client'
puma (3.12.1) lib/puma/server.rb:334:in `block in run'
puma (3.12.1) lib/puma/thread_pool.rb:135:in `block in spawn_thread'
Started GET "/" for ::1 at 2019-11-04 18:56:24 +0800
Processing by KopisController#index as HTML
  Rendering kopis/index.html.erb within layouts/application
  Rendered kopis/index.html.erb within layouts/application (2.0ms)
Completed 200 OK in 61ms (Views: 37.8ms | ActiveRecord: 0.0ms)


Started GET "/" for ::1 at 2019-11-04 18:56:58 +0800
Processing by KopisController#index as HTML
  Rendering kopis/index.html.erb within layouts/application
  Rendered kopis/index.html.erb within layouts/application (1.8ms)
Completed 200 OK in 26ms (Views: 23.7ms | ActiveRecord: 0.0ms)


Started GET "/kopis/new" for ::1 at 2019-11-04 18:57:07 +0800
Processing by KopisController#new as HTML
  Rendering kopis/new.html.erb within layouts/application
  Rendered kopis/new.html.erb within layouts/application (2.7ms)
Completed 200 OK in 30ms (Views: 26.5ms | ActiveRecord: 0.0ms)


Started GET "/kopis/new" for ::1 at 2019-11-04 18:57:31 +0800
Processing by KopisController#new as HTML
  Rendering kopis/new.html.erb within layouts/application
  Rendered kopis/new.html.erb within layouts/application (1.6ms)
Completed 200 OK in 20ms (Views: 17.6ms | ActiveRecord: 0.0ms)


Started GET "/" for ::1 at 2019-11-04 18:57:34 +0800
Processing by KopisController#index as HTML
  Rendering kopis/index.html.erb within layouts/application
  Rendered kopis/index.html.erb within layouts/application (1.2ms)
Completed 500 Internal Server Error in 17ms (ActiveRecord: 0.0ms)


  
SyntaxError (/Users/sirron/projects/kopi-tracker/app/views/kopis/index.html.erb:7: syntax error, unexpected end-of-input, expecting keyword_end
          end
             ^):
  
app/views/kopis/index.html.erb:7: syntax error, unexpected end-of-input, expecting keyword_end
Started GET "/" for ::1 at 2019-11-04 18:57:46 +0800
Processing by KopisController#index as HTML
  Rendering kopis/index.html.erb within layouts/application
  Rendered kopis/index.html.erb within layouts/application (0.6ms)
Completed 500 Internal Server Error in 13ms (ActiveRecord: 0.0ms)


  
SyntaxError (/Users/sirron/projects/kopi-tracker/app/views/kopis/index.html.erb:7: syntax error, unexpected end-of-input, expecting keyword_end
          end
             ^):
  
app/views/kopis/index.html.erb:7: syntax error, unexpected end-of-input, expecting keyword_end
Started GET "/" for ::1 at 2019-11-04 18:58:08 +0800
Processing by KopisController#index as HTML
  Rendering kopis/index.html.erb within layouts/application
  Rendered kopis/index.html.erb within layouts/application (1.0ms)
Completed 200 OK in 23ms (Views: 19.4ms | ActiveRecord: 0.0ms)


Started GET "/kopis/new" for ::1 at 2019-11-04 18:58:14 +0800
Processing by KopisController#new as HTML
  Rendering kopis/new.html.erb within layouts/application
  Rendered kopis/new.html.erb within layouts/application (2.2ms)
Completed 200 OK in 27ms (Views: 23.7ms | ActiveRecord: 0.0ms)


Started POST "/kopis" for ::1 at 2019-11-04 18:58:18 +0800
  
ActionController::RoutingError (No route matches [POST] "/kopis"):
  
actionpack (5.2.3) lib/action_dispatch/middleware/debug_exceptions.rb:65:in `call'
web-console (3.7.0) lib/web_console/middleware.rb:135:in `call_app'
web-console (3.7.0) lib/web_console/middleware.rb:30:in `block in call'
web-console (3.7.0) lib/web_console/middleware.rb:20:in `catch'
web-console (3.7.0) lib/web_console/middleware.rb:20:in `call'
actionpack (5.2.3) lib/action_dispatch/middleware/show_exceptions.rb:33:in `call'
railties (5.2.3) lib/rails/rack/logger.rb:38:in `call_app'
railties (5.2.3) lib/rails/rack/logger.rb:26:in `block in call'
activesupport (5.2.3) lib/active_support/tagged_logging.rb:71:in `block in tagged'
activesupport (5.2.3) lib/active_support/tagged_logging.rb:28:in `tagged'
activesupport (5.2.3) lib/active_support/tagged_logging.rb:71:in `tagged'
railties (5.2.3) lib/rails/rack/logger.rb:26:in `call'
sprockets-rails (3.2.1) lib/sprockets/rails/quiet_assets.rb:13:in `call'
actionpack (5.2.3) lib/action_dispatch/middleware/remote_ip.rb:81:in `call'
actionpack (5.2.3) lib/action_dispatch/middleware/request_id.rb:27:in `call'
rack (2.0.7) lib/rack/method_override.rb:22:in `call'
rack (2.0.7) lib/rack/runtime.rb:22:in `call'
activesupport (5.2.3) lib/active_support/cache/strategy/local_cache_middleware.rb:29:in `call'
actionpack (5.2.3) lib/action_dispatch/middleware/executor.rb:14:in `call'
actionpack (5.2.3) lib/action_dispatch/middleware/static.rb:127:in `call'
rack (2.0.7) lib/rack/sendfile.rb:111:in `call'
railties (5.2.3) lib/rails/engine.rb:524:in `call'
puma (3.12.1) lib/puma/configuration.rb:227:in `call'
puma (3.12.1) lib/puma/server.rb:660:in `handle_request'
puma (3.12.1) lib/puma/server.rb:474:in `process_client'
puma (3.12.1) lib/puma/server.rb:334:in `block in run'
puma (3.12.1) lib/puma/thread_pool.rb:135:in `block in spawn_thread'
Started GET "/kopis/new" for ::1 at 2019-11-04 19:00:00 +0800
Processing by KopisController#new as HTML
  Rendering kopis/new.html.erb within layouts/application
  Rendered kopis/new.html.erb within layouts/application (1.6ms)
Completed 200 OK in 23ms (Views: 21.5ms | ActiveRecord: 0.0ms)


Started POST "/kopis" for ::1 at 2019-11-04 19:00:08 +0800
  
ActionController::RoutingError (No route matches [POST] "/kopis"):
  
actionpack (5.2.3) lib/action_dispatch/middleware/debug_exceptions.rb:65:in `call'
web-console (3.7.0) lib/web_console/middleware.rb:135:in `call_app'
web-console (3.7.0) lib/web_console/middleware.rb:30:in `block in call'
web-console (3.7.0) lib/web_console/middleware.rb:20:in `catch'
web-console (3.7.0) lib/web_console/middleware.rb:20:in `call'
actionpack (5.2.3) lib/action_dispatch/middleware/show_exceptions.rb:33:in `call'
railties (5.2.3) lib/rails/rack/logger.rb:38:in `call_app'
railties (5.2.3) lib/rails/rack/logger.rb:26:in `block in call'
activesupport (5.2.3) lib/active_support/tagged_logging.rb:71:in `block in tagged'
activesupport (5.2.3) lib/active_support/tagged_logging.rb:28:in `tagged'
activesupport (5.2.3) lib/active_support/tagged_logging.rb:71:in `tagged'
railties (5.2.3) lib/rails/rack/logger.rb:26:in `call'
sprockets-rails (3.2.1) lib/sprockets/rails/quiet_assets.rb:13:in `call'
actionpack (5.2.3) lib/action_dispatch/middleware/remote_ip.rb:81:in `call'
actionpack (5.2.3) lib/action_dispatch/middleware/request_id.rb:27:in `call'
rack (2.0.7) lib/rack/method_override.rb:22:in `call'
rack (2.0.7) lib/rack/runtime.rb:22:in `call'
activesupport (5.2.3) lib/active_support/cache/strategy/local_cache_middleware.rb:29:in `call'
actionpack (5.2.3) lib/action_dispatch/middleware/executor.rb:14:in `call'
actionpack (5.2.3) lib/action_dispatch/middleware/static.rb:127:in `call'
rack (2.0.7) lib/rack/sendfile.rb:111:in `call'
railties (5.2.3) lib/rails/engine.rb:524:in `call'
puma (3.12.1) lib/puma/configuration.rb:227:in `call'
puma (3.12.1) lib/puma/server.rb:660:in `handle_request'
puma (3.12.1) lib/puma/server.rb:474:in `process_client'
puma (3.12.1) lib/puma/server.rb:334:in `block in run'
puma (3.12.1) lib/puma/thread_pool.rb:135:in `block in spawn_thread'
Started GET "/kopis/new" for ::1 at 2019-11-04 19:00:44 +0800
Processing by KopisController#new as HTML
  Rendering kopis/new.html.erb within layouts/application
  Rendered kopis/new.html.erb within layouts/application (2.2ms)
Completed 200 OK in 21ms (Views: 18.6ms | ActiveRecord: 0.0ms)


Started POST "/kopis" for ::1 at 2019-11-04 19:00:54 +0800
Processing by KopisController#create as HTML
  Parameters: {"utf8"=>"✓", "authenticity_token"=>"UKUsA0xu8XCmA40NBI4cwJeXf+bphmzvcSdOcy/bIWuyqdq7OxL2Sp8gnNCxaHfCIvm4ja9xb4W/DvLfEPO2iQ==", "kopi"=>{"name"=>"kopi", "description"=>"kopi"}, "commit"=>"Save Kopi"}
Completed 500 Internal Server Error in 135ms (ActiveRecord: 0.0ms)


  
NameError (undefined local variable or method `kopi_params' for #<KopisController:0x00007f969f694c30>
Did you mean?  kopis_path):
  
app/controllers/kopis_controller.rb:17:in `create'
Started POST "/kopis" for ::1 at 2019-11-04 19:03:52 +0800
Processing by KopisController#create as HTML
  Parameters: {"utf8"=>"✓", "authenticity_token"=>"UKUsA0xu8XCmA40NBI4cwJeXf+bphmzvcSdOcy/bIWuyqdq7OxL2Sp8gnNCxaHfCIvm4ja9xb4W/DvLfEPO2iQ==", "kopi"=>{"name"=>"kopi", "description"=>"kopi"}, "commit"=>"Save Kopi"}
Unpermitted parameter: :description
  [1m[35m (0.2ms)[0m  [1m[35mBEGIN[0m
  ↳ app/controllers/kopis_controller.rb:19
  [1m[35m (0.2ms)[0m  [1m[31mROLLBACK[0m
  ↳ app/controllers/kopis_controller.rb:19
Redirected to http://localhost:3000/kopis
Completed 302 Found in 27ms (ActiveRecord: 8.4ms)


Started GET "/kopis" for ::1 at 2019-11-04 19:03:52 +0800
Processing by KopisController#index as HTML
  Rendering kopis/index.html.erb within layouts/application
  Rendered kopis/index.html.erb within layouts/application (1.2ms)
Completed 200 OK in 22ms (Views: 19.1ms | ActiveRecord: 0.0ms)


Started GET "/kopis/new" for ::1 at 2019-11-04 19:03:56 +0800
Processing by KopisController#new as HTML
  Rendering kopis/new.html.erb within layouts/application
  Rendered kopis/new.html.erb within layouts/application (2.1ms)
Completed 200 OK in 34ms (Views: 31.5ms | ActiveRecord: 0.0ms)


Started POST "/kopis" for ::1 at 2019-11-04 19:04:01 +0800
Processing by KopisController#create as HTML
  Parameters: {"utf8"=>"✓", "authenticity_token"=>"dnl/O49eZDYZULdcOO4mNcyFZLMaCEMM3/pPI6KXMZOUdYmD+CJjDCBzpoGNCE03eeuj2Fz/QGYR0/OPnb+mcQ==", "kopi"=>{"name"=>"abc", "description"=>"abc"}, "commit"=>"Save Kopi"}
Unpermitted parameter: :description
  [1m[35m (0.2ms)[0m  [1m[35mBEGIN[0m
  ↳ app/controllers/kopis_controller.rb:19
  [1m[35m (0.2ms)[0m  [1m[31mROLLBACK[0m
  ↳ app/controllers/kopis_controller.rb:19
Redirected to http://localhost:3000/kopis
Completed 302 Found in 5ms (ActiveRecord: 0.4ms)


Started GET "/kopis" for ::1 at 2019-11-04 19:04:01 +0800
Processing by KopisController#index as HTML
  Rendering kopis/index.html.erb within layouts/application
  Rendered kopis/index.html.erb within layouts/application (2.3ms)
Completed 200 OK in 28ms (Views: 25.3ms | ActiveRecord: 0.0ms)


Started GET "/kopis/new" for ::1 at 2019-11-04 19:04:50 +0800
Processing by KopisController#new as HTML
  Rendering kopis/new.html.erb within layouts/application
  Rendered kopis/new.html.erb within layouts/application (2.0ms)
Completed 200 OK in 31ms (Views: 27.8ms | ActiveRecord: 0.0ms)


Started POST "/kopis" for ::1 at 2019-11-04 19:04:54 +0800
Processing by KopisController#create as HTML
  Parameters: {"utf8"=>"✓", "authenticity_token"=>"zzbCsKutt46HDcV69ABMpVg+QsILv8Op+k/4wMBymm8tOjQI3NGwtL4u1KdB5ien7VCFqU1IwMM0ZkRs/1oNjQ==", "kopi"=>{"name"=>"asdasd", "description"=>"adada"}, "commit"=>"Save Kopi"}
Unpermitted parameter: :description
  [1m[35m (0.2ms)[0m  [1m[35mBEGIN[0m
  ↳ app/controllers/kopis_controller.rb:19
  [1m[35m (0.2ms)[0m  [1m[31mROLLBACK[0m
  ↳ app/controllers/kopis_controller.rb:19
Redirected to http://localhost:3000/kopis
Completed 302 Found in 4ms (ActiveRecord: 0.4ms)


Started GET "/kopis" for ::1 at 2019-11-04 19:04:54 +0800
Processing by KopisController#index as HTML
  Rendering kopis/index.html.erb within layouts/application
  Rendered kopis/index.html.erb within layouts/application (1.2ms)
Completed 200 OK in 23ms (Views: 20.3ms | ActiveRecord: 0.0ms)


Started GET "/kopis/new" for ::1 at 2019-11-04 19:07:56 +0800
Processing by KopisController#new as HTML
  Rendering kopis/new.html.erb within layouts/application
  Rendered kopis/new.html.erb within layouts/application (18.7ms)
Completed 500 Internal Server Error in 30ms (ActiveRecord: 0.0ms)


  
ActionView::Template::Error (undefined method `map' for nil:NilClass):
    1: <%= form_with scope: :kopi, url: kopis_path, local: true do |form| %>
    2: 
    3:     <%= form.collection_select :origin_id, @origins, :id, :location %>
    4: 
    5:     <p>
    6:       <%= form.label :name %><br>
  
app/views/kopis/new.html.erb:3:in `block in _app_views_kopis_new_html_erb___1773423274268386866_70142460580280'
app/views/kopis/new.html.erb:1:in `_app_views_kopis_new_html_erb___1773423274268386866_70142460580280'
Started GET "/kopis/new" for ::1 at 2019-11-04 19:08:50 +0800
Processing by KopisController#new as HTML
  Rendering kopis/new.html.erb within layouts/application
  Rendered kopis/new.html.erb within layouts/application (3.9ms)
Completed 500 Internal Server Error in 15ms (ActiveRecord: 0.0ms)


  
ActionView::Template::Error (undefined method `map' for nil:NilClass):
    1: <%= form_with scope: :kopi, url: kopis_path, local: true do |form| %>
    2: 
    3:     <%= form.collection_select :origin_id, @origins, :id, :location %>
    4: 
    5:     <p>
    6:       <%= form.label :name %><br>
  
app/views/kopis/new.html.erb:3:in `block in _app_views_kopis_new_html_erb___1773423274268386866_70142444633900'
app/views/kopis/new.html.erb:1:in `_app_views_kopis_new_html_erb___1773423274268386866_70142444633900'
Started GET "/kopis/new" for ::1 at 2019-11-04 19:09:54 +0800
Processing by KopisController#new as HTML
  Rendering kopis/new.html.erb within layouts/application
  Rendered kopis/new.html.erb within layouts/application (3.6ms)
Completed 500 Internal Server Error in 14ms (ActiveRecord: 0.0ms)


  
ActionView::Template::Error (undefined method `map' for nil:NilClass):
    1: <%= form_with scope: :kopi, url: kopis_path, local: true do |form| %>
    2: 
    3:     <%= form.collection_select :origin_id, @origins, :id, :location %>
    4: 
    5:     <p>
    6:       <%= form.label :name %><br>
  
app/views/kopis/new.html.erb:3:in `block in _app_views_kopis_new_html_erb___1773423274268386866_70142447380240'
app/views/kopis/new.html.erb:1:in `_app_views_kopis_new_html_erb___1773423274268386866_70142447380240'
Started GET "/kopis" for ::1 at 2019-11-04 19:17:09 +0800
Processing by KopisController#index as HTML
  Rendering kopis/index.html.erb within layouts/application
  Rendered kopis/index.html.erb within layouts/application (1.4ms)
Completed 200 OK in 30ms (Views: 25.7ms | ActiveRecord: 0.0ms)


Started GET "/" for ::1 at 2019-11-04 19:17:13 +0800
Processing by KopisController#index as HTML
  Rendering kopis/index.html.erb within layouts/application
  Rendered kopis/index.html.erb within layouts/application (1.1ms)
Completed 200 OK in 37ms (Views: 32.4ms | ActiveRecord: 0.0ms)


Started GET "/origins" for ::1 at 2019-11-04 19:17:19 +0800
Processing by OriginsController#index as HTML
Completed 500 Internal Server Error in 12ms (ActiveRecord: 0.0ms)


  
NoMethodError (undefined method `All' for Kopi(id: integer, name: string, roast: text, origins_id: integer):Class):
  
app/controllers/origins_controller.rb:3:in `index'
Started GET "/origins" for ::1 at 2019-11-04 19:17:58 +0800
Processing by OriginsController#index as HTML
Completed 500 Internal Server Error in 2ms (ActiveRecord: 0.0ms)


  
NameError (uninitialized constant OriginsController::Origin):
  
app/controllers/origins_controller.rb:3:in `index'
Started GET "/origins" for ::1 at 2019-11-04 19:19:48 +0800
Processing by OriginsController#index as HTML
Completed 500 Internal Server Error in 1ms (ActiveRecord: 0.0ms)


  
NameError (uninitialized constant OriginsController::Origin):
  
app/controllers/origins_controller.rb:3:in `index'
Started GET "/" for ::1 at 2019-11-04 19:19:57 +0800
Processing by KopisController#index as HTML
  Rendering kopis/index.html.erb within layouts/application
  Rendered kopis/index.html.erb within layouts/application (1.7ms)
Completed 200 OK in 30ms (Views: 23.1ms | ActiveRecord: 0.0ms)


Started GET "/origins" for ::1 at 2019-11-04 19:20:03 +0800
Processing by OriginsController#index as HTML
Completed 500 Internal Server Error in 2ms (ActiveRecord: 0.0ms)


  
NameError (uninitialized constant OriginsController::Origin):
  
app/controllers/origins_controller.rb:3:in `index'
Started GET "/" for ::1 at 2019-11-04 19:23:08 +0800
Processing by KopisController#index as HTML
  Rendering kopis/index.html.erb within layouts/application
  Rendered kopis/index.html.erb within layouts/application (1.7ms)
Completed 200 OK in 29ms (Views: 25.1ms | ActiveRecord: 0.0ms)


Started GET "/kopis" for ::1 at 2019-11-04 19:23:11 +0800
Processing by KopisController#index as HTML
  Rendering kopis/index.html.erb within layouts/application
  Rendered kopis/index.html.erb within layouts/application (2.3ms)
Completed 200 OK in 26ms (Views: 22.7ms | ActiveRecord: 0.0ms)


Started GET "/origins" for ::1 at 2019-11-04 19:23:18 +0800
Processing by OriginsController#index as HTML
Completed 500 Internal Server Error in 6ms (ActiveRecord: 0.0ms)


  
NameError (uninitialized constant OriginsController::Origin):
  
app/controllers/origins_controller.rb:3:in `index'
Started GET "/origins/new" for ::1 at 2019-11-04 19:25:31 +0800
  
ActionController::RoutingError (No route matches [GET] "/origins/new"):
  
actionpack (5.2.3) lib/action_dispatch/middleware/debug_exceptions.rb:65:in `call'
web-console (3.7.0) lib/web_console/middleware.rb:135:in `call_app'
web-console (3.7.0) lib/web_console/middleware.rb:30:in `block in call'
web-console (3.7.0) lib/web_console/middleware.rb:20:in `catch'
web-console (3.7.0) lib/web_console/middleware.rb:20:in `call'
actionpack (5.2.3) lib/action_dispatch/middleware/show_exceptions.rb:33:in `call'
railties (5.2.3) lib/rails/rack/logger.rb:38:in `call_app'
railties (5.2.3) lib/rails/rack/logger.rb:26:in `block in call'
activesupport (5.2.3) lib/active_support/tagged_logging.rb:71:in `block in tagged'
activesupport (5.2.3) lib/active_support/tagged_logging.rb:28:in `tagged'
activesupport (5.2.3) lib/active_support/tagged_logging.rb:71:in `tagged'
railties (5.2.3) lib/rails/rack/logger.rb:26:in `call'
sprockets-rails (3.2.1) lib/sprockets/rails/quiet_assets.rb:13:in `call'
actionpack (5.2.3) lib/action_dispatch/middleware/remote_ip.rb:81:in `call'
actionpack (5.2.3) lib/action_dispatch/middleware/request_id.rb:27:in `call'
rack (2.0.7) lib/rack/method_override.rb:22:in `call'
rack (2.0.7) lib/rack/runtime.rb:22:in `call'
activesupport (5.2.3) lib/active_support/cache/strategy/local_cache_middleware.rb:29:in `call'
actionpack (5.2.3) lib/action_dispatch/middleware/executor.rb:14:in `call'
actionpack (5.2.3) lib/action_dispatch/middleware/static.rb:127:in `call'
rack (2.0.7) lib/rack/sendfile.rb:111:in `call'
railties (5.2.3) lib/rails/engine.rb:524:in `call'
puma (3.12.1) lib/puma/configuration.rb:227:in `call'
puma (3.12.1) lib/puma/server.rb:660:in `handle_request'
puma (3.12.1) lib/puma/server.rb:474:in `process_client'
puma (3.12.1) lib/puma/server.rb:334:in `block in run'
puma (3.12.1) lib/puma/thread_pool.rb:135:in `block in spawn_thread'
Started GET "/origins/new" for ::1 at 2019-11-04 19:26:07 +0800
  
ArgumentError (Invalid route name, already in use: 'new_kopi' 
You may have defined two routes with the same name using the `:as` option, or you may be overriding a route already defined by a resource with the same naming. For the latter, you can restrict the routes created with `resources` as explained here: 
http://guides.rubyonrails.org/routing.html#restricting-the-routes-created):
  
config/routes.rb:14:in `block in <top (required)>'
config/routes.rb:1:in `<top (required)>'
Started GET "/origins/new" for ::1 at 2019-11-04 19:26:46 +0800
Processing by OriginsController#new as HTML
  Rendering origins/new.html.erb within layouts/application
  Rendered origins/new.html.erb within layouts/application (3.0ms)
Completed 500 Internal Server Error in 11ms (ActiveRecord: 0.0ms)


  
ActionView::Template::Error (undefined method `map' for nil:NilClass):
    1: <%= form_with scope: :origin, url: origins_path, local: true do |form| %>
    2: 
    3:     <%= form.collection_select :origin_id, @origins, :id, :location %>
    4: 
    5:     <p>
    6:       <%= form.label :location %><br>
  
app/views/origins/new.html.erb:3:in `block in _app_views_origins_new_html_erb__2978462828314824114_70142446108260'
app/views/origins/new.html.erb:1:in `_app_views_origins_new_html_erb__2978462828314824114_70142446108260'
Started GET "/origins/new" for ::1 at 2019-11-04 19:26:48 +0800
Processing by OriginsController#new as HTML
  Rendering origins/new.html.erb within layouts/application
  Rendered origins/new.html.erb within layouts/application (9.9ms)
Completed 500 Internal Server Error in 21ms (ActiveRecord: 0.0ms)


  
ActionView::Template::Error (undefined method `map' for nil:NilClass):
    1: <%= form_with scope: :origin, url: origins_path, local: true do |form| %>
    2: 
    3:     <%= form.collection_select :origin_id, @origins, :id, :location %>
    4: 
    5:     <p>
    6:       <%= form.label :location %><br>
  
app/views/origins/new.html.erb:3:in `block in _app_views_origins_new_html_erb__2978462828314824114_70142454091300'
app/views/origins/new.html.erb:1:in `_app_views_origins_new_html_erb__2978462828314824114_70142454091300'
Started GET "/origins/new" for ::1 at 2019-11-04 19:26:49 +0800
Started GET "/origins/new" for ::1 at 2019-11-04 19:26:49 +0800
Processing by OriginsController#new as HTML
  Rendering origins/new.html.erb within layouts/application
  Rendered origins/new.html.erb within layouts/application (43.0ms)
Completed 500 Internal Server Error in 92ms (ActiveRecord: 0.0ms)


  
ActionView::Template::Error (undefined method `map' for nil:NilClass):
    1: <%= form_with scope: :origin, url: origins_path, local: true do |form| %>
    2: 
    3:     <%= form.collection_select :origin_id, @origins, :id, :location %>
    4: 
    5:     <p>
    6:       <%= form.label :location %><br>
  
app/views/origins/new.html.erb:3:in `block in _app_views_origins_new_html_erb__2978462828314824114_70142476540640'
app/views/origins/new.html.erb:1:in `_app_views_origins_new_html_erb__2978462828314824114_70142476540640'
Processing by OriginsController#new as HTML
  Rendering origins/new.html.erb within layouts/application
  Rendered origins/new.html.erb within layouts/application (3.7ms)
Completed 500 Internal Server Error in 14ms (ActiveRecord: 0.0ms)


  
ActionView::Template::Error (undefined method `map' for nil:NilClass):
    1: <%= form_with scope: :origin, url: origins_path, local: true do |form| %>
    2: 
    3:     <%= form.collection_select :origin_id, @origins, :id, :location %>
    4: 
    5:     <p>
    6:       <%= form.label :location %><br>
  
app/views/origins/new.html.erb:3:in `block in _app_views_origins_new_html_erb__2978462828314824114_70142476540640'
app/views/origins/new.html.erb:1:in `_app_views_origins_new_html_erb__2978462828314824114_70142476540640'
Started GET "/origins/new" for ::1 at 2019-11-04 19:27:23 +0800
Processing by OriginsController#new as HTML
  Rendering origins/new.html.erb within layouts/application
  Rendered origins/new.html.erb within layouts/application (4.2ms)
Completed 500 Internal Server Error in 14ms (ActiveRecord: 0.0ms)


  
ActionView::Template::Error (undefined method `map' for nil:NilClass):
    1: <%= form_with scope: :origin, url: origins_path, local: true do |form| %>
    2: 
    3:     <%= form.collection_select :origin_id, @origins, :location, :phone %>
    4: 
    5:     <p>
    6:       <%= form.label :location %><br>
  
app/views/origins/new.html.erb:3:in `block in _app_views_origins_new_html_erb__2978462828314824114_70142495066920'
app/views/origins/new.html.erb:1:in `_app_views_origins_new_html_erb__2978462828314824114_70142495066920'
Started GET "/origins/new" for ::1 at 2019-11-04 19:28:38 +0800
Processing by OriginsController#new as HTML
  Rendering origins/new.html.erb within layouts/application
  Rendered origins/new.html.erb within layouts/application (2.3ms)
Completed 200 OK in 29ms (Views: 25.9ms | ActiveRecord: 0.0ms)


Started POST "/origins" for ::1 at 2019-11-04 19:28:47 +0800
Processing by OriginsController#create as HTML
  Parameters: {"utf8"=>"✓", "authenticity_token"=>"EYq+zWsSzTDN28EoRfPWn/RTi+YwNqW81QIn7CKuKGXzhkh1HG7KCvT40PXwFb2dQT1MjXbBptYbK5tAHYa/hw==", "origin"=>{"location"=>"singapore", "phone"=>"123"}, "commit"=>"Save Origin"}
Completed 500 Internal Server Error in 4ms (ActiveRecord: 0.0ms)


  
NameError (uninitialized constant OriginsController::Origin):
  
app/controllers/origins_controller.rb:17:in `create'
Started POST "/origins" for ::1 at 2019-11-04 19:29:50 +0800
Processing by OriginsController#create as HTML
  Parameters: {"utf8"=>"✓", "authenticity_token"=>"EYq+zWsSzTDN28EoRfPWn/RTi+YwNqW81QIn7CKuKGXzhkh1HG7KCvT40PXwFb2dQT1MjXbBptYbK5tAHYa/hw==", "origin"=>{"location"=>"singapore", "phone"=>"123"}, "commit"=>"Save Origin"}
Completed 500 Internal Server Error in 2ms (ActiveRecord: 0.0ms)


  
NameError (uninitialized constant OriginsController::Origin):
  
app/controllers/origins_controller.rb:17:in `create'
Started GET "/origins" for ::1 at 2019-11-04 19:29:52 +0800
Processing by OriginsController#index as HTML
Completed 500 Internal Server Error in 2ms (ActiveRecord: 0.0ms)


  
NameError (uninitialized constant OriginsController::Origin):
  
app/controllers/origins_controller.rb:3:in `index'
Started GET "/origins/new" for ::1 at 2019-11-04 19:29:56 +0800
Processing by OriginsController#new as HTML
  Rendering origins/new.html.erb within layouts/application
  Rendered origins/new.html.erb within layouts/application (2.4ms)
Completed 200 OK in 28ms (Views: 25.1ms | ActiveRecord: 0.0ms)


Started POST "/origins" for ::1 at 2019-11-04 19:30:02 +0800
Processing by OriginsController#create as HTML
  Parameters: {"utf8"=>"✓", "authenticity_token"=>"LDJCH5g0Y90oQXHehq464QNvRDe9b1778Hq1krb9/sjOPrSn70hk5xFiYAMzSFHjtgGDXPuYXZE+Uwk+idVpKg==", "origin"=>{"location"=>"singapore", "phone"=>"123"}, "commit"=>"Save Origin"}
Completed 500 Internal Server Error in 3ms (ActiveRecord: 0.0ms)


  
NameError (uninitialized constant OriginsController::Origin):
  
app/controllers/origins_controller.rb:17:in `create'
Started GET "/origins/new" for ::1 at 2019-11-04 19:33:45 +0800
Processing by OriginsController#new as HTML
  Rendering origins/new.html.erb within layouts/application
  Rendered origins/new.html.erb within layouts/application (3.5ms)
Completed 200 OK in 34ms (Views: 31.5ms | ActiveRecord: 0.0ms)


Started POST "/origins" for ::1 at 2019-11-04 19:33:51 +0800
Processing by OriginsController#create as HTML
  Parameters: {"utf8"=>"✓", "authenticity_token"=>"EWkVQ7HP/0gF37WP1+QEYEiluAGWxHS95K5a+kvv3lXzZeP7xrP4cjz8pFJiAm9i/ct/atAzd9cqh+ZWdMdJtw==", "origin"=>{"location"=>"singapore", "phone"=>"123"}, "commit"=>"Save Origin"}
  [1m[35m (0.3ms)[0m  [1m[35mBEGIN[0m
  ↳ app/controllers/origins_controller.rb:19
  [1m[36mOrigin Create (2.6ms)[0m  [1m[32mINSERT INTO "origins" ("location", "phone") VALUES ($1, $2) RETURNING "id"[0m  [["location", "singapore"], ["phone", 123]]
  ↳ app/controllers/origins_controller.rb:19
  [1m[35m (0.4ms)[0m  [1m[35mCOMMIT[0m
  ↳ app/controllers/origins_controller.rb:19
Redirected to 
Completed 500 Internal Server Error in 153ms (ActiveRecord: 16.9ms)


  
NoMethodError (undefined method `origin_url' for #<OriginsController:0x00007f96a2c95208>
Did you mean?  origins_url):
  
app/controllers/origins_controller.rb:20:in `create'
Started POST "/origins" for ::1 at 2019-11-04 19:36:46 +0800
Processing by OriginsController#create as HTML
  Parameters: {"utf8"=>"✓", "authenticity_token"=>"EWkVQ7HP/0gF37WP1+QEYEiluAGWxHS95K5a+kvv3lXzZeP7xrP4cjz8pFJiAm9i/ct/atAzd9cqh+ZWdMdJtw==", "origin"=>{"location"=>"singapore", "phone"=>"123"}, "commit"=>"Save Origin"}
  [1m[35m (0.1ms)[0m  [1m[35mBEGIN[0m
  ↳ app/controllers/origins_controller.rb:19
  [1m[36mOrigin Create (0.3ms)[0m  [1m[32mINSERT INTO "origins" ("location", "phone") VALUES ($1, $2) RETURNING "id"[0m  [["location", "singapore"], ["phone", 123]]
  ↳ app/controllers/origins_controller.rb:19
  [1m[35m (0.4ms)[0m  [1m[35mCOMMIT[0m
  ↳ app/controllers/origins_controller.rb:19
Redirected to 
Completed 500 Internal Server Error in 135ms (ActiveRecord: 5.4ms)


  
NoMethodError (undefined method `origin_url' for #<OriginsController:0x00007f96a2c36528>
Did you mean?  origins_url):
  
app/controllers/origins_controller.rb:20:in `create'
Started GET "/origins/new" for ::1 at 2019-11-04 19:36:49 +0800
Processing by OriginsController#new as HTML
  Rendering origins/new.html.erb within layouts/application
  Rendered origins/new.html.erb within layouts/application (2.4ms)
Completed 200 OK in 32ms (Views: 28.8ms | ActiveRecord: 0.0ms)


Started POST "/origins" for ::1 at 2019-11-04 19:36:55 +0800
Processing by OriginsController#create as HTML
  Parameters: {"utf8"=>"✓", "authenticity_token"=>"YvwdfdCPQf+wfHdaLtGs53hAPsZu2rF0+HuhM+wjKUuA8OvFp/NGxYlfZoebN8flzS75rSgtsh42Uh2f0wu+qQ==", "origin"=>{"location"=>"singapore", "phone"=>"123"}, "commit"=>"Save Origin"}
  [1m[35m (0.2ms)[0m  [1m[35mBEGIN[0m
  ↳ app/controllers/origins_controller.rb:19
  [1m[36mOrigin Create (0.4ms)[0m  [1m[32mINSERT INTO "origins" ("location", "phone") VALUES ($1, $2) RETURNING "id"[0m  [["location", "singapore"], ["phone", 123]]
  ↳ app/controllers/origins_controller.rb:19
  [1m[35m (0.5ms)[0m  [1m[35mCOMMIT[0m
  ↳ app/controllers/origins_controller.rb:19
Redirected to 
Completed 500 Internal Server Error in 136ms (ActiveRecord: 1.1ms)


  
NoMethodError (undefined method `origin_url' for #<OriginsController:0x00007f96a0f258a8>
Did you mean?  origins_url):
  
app/controllers/origins_controller.rb:20:in `create'
Started GET "/origins/new" for ::1 at 2019-11-04 19:41:26 +0800
Processing by OriginsController#new as HTML
  Rendering origins/new.html.erb within layouts/application
  Rendered origins/new.html.erb within layouts/application (1.6ms)
Completed 200 OK in 29ms (Views: 26.4ms | ActiveRecord: 0.0ms)


Started POST "/origins" for ::1 at 2019-11-04 19:41:35 +0800
Processing by OriginsController#create as HTML
  Parameters: {"utf8"=>"✓", "authenticity_token"=>"ySWLpoFGCfnE0mJvBJmDFkAP8BLmvNjyt+r52wGC3KorKX0e9joOw/3xc7Kxf+gU9WE3eaBL25h5w0V3PqpLSA==", "origin"=>{"location"=>"eded", "phone"=>"455545"}, "commit"=>"Save Origin"}
  [1m[35m (0.2ms)[0m  [1m[35mBEGIN[0m
  ↳ app/controllers/origins_controller.rb:19
  [1m[36mOrigin Create (0.4ms)[0m  [1m[32mINSERT INTO "origins" ("location", "phone") VALUES ($1, $2) RETURNING "id"[0m  [["location", "eded"], ["phone", 455545]]
  ↳ app/controllers/origins_controller.rb:19
  [1m[35m (0.6ms)[0m  [1m[35mCOMMIT[0m
  ↳ app/controllers/origins_controller.rb:19
Redirected to 
Completed 500 Internal Server Error in 143ms (ActiveRecord: 8.9ms)


  
NoMethodError (undefined method `origin_url' for #<OriginsController:0x00007f96a6883940>
Did you mean?  origins_url):
  
app/controllers/origins_controller.rb:20:in `create'
Started GET "/kopis/new" for ::1 at 2019-11-04 19:42:28 +0800
Processing by KopisController#new as HTML
  Rendering kopis/new.html.erb within layouts/application
  Rendered kopis/new.html.erb within layouts/application (3.1ms)
Completed 500 Internal Server Error in 12ms (ActiveRecord: 0.0ms)


  
ActionView::Template::Error (undefined method `map' for nil:NilClass):
    1: <%= form_with scope: :kopi, url: kopis_path, local: true do |form| %>
    2: 
    3:     <%= form.collection_select :origin_id, @origins, :id, :location %>
    4: 
    5:     <p>
    6:       <%= form.label :name %><br>
  
app/views/kopis/new.html.erb:3:in `block in _app_views_kopis_new_html_erb___1773423274268386866_70142508156480'
app/views/kopis/new.html.erb:1:in `_app_views_kopis_new_html_erb___1773423274268386866_70142508156480'
Started GET "/kopis/new" for ::1 at 2019-11-04 19:42:33 +0800
Processing by KopisController#new as HTML
  Rendering kopis/new.html.erb within layouts/application
  Rendered kopis/new.html.erb within layouts/application (5.8ms)
Completed 500 Internal Server Error in 17ms (ActiveRecord: 0.0ms)


  
ActionView::Template::Error (undefined method `map' for nil:NilClass):
    1: <%= form_with scope: :kopi, url: kopis_path, local: true do |form| %>
    2: 
    3:     <%= form.collection_select :origin_id, @origins, :id, :location %>
    4: 
    5:     <p>
    6:       <%= form.label :name %><br>
  
app/views/kopis/new.html.erb:3:in `block in _app_views_kopis_new_html_erb___1773423274268386866_70142508401700'
app/views/kopis/new.html.erb:1:in `_app_views_kopis_new_html_erb___1773423274268386866_70142508401700'
Started GET "/kopis/" for ::1 at 2019-11-04 19:42:37 +0800
Processing by KopisController#index as HTML
  Rendering kopis/index.html.erb within layouts/application
  Rendered kopis/index.html.erb within layouts/application (1.4ms)
Completed 200 OK in 38ms (Views: 31.4ms | ActiveRecord: 0.0ms)


Started GET "/kopis/new" for ::1 at 2019-11-04 19:42:45 +0800
Processing by KopisController#new as HTML
  Rendering kopis/new.html.erb within layouts/application
  Rendered kopis/new.html.erb within layouts/application (5.0ms)
Completed 500 Internal Server Error in 17ms (ActiveRecord: 0.0ms)


  
ActionView::Template::Error (undefined method `map' for nil:NilClass):
    1: <%= form_with scope: :kopi, url: kopis_path, local: true do |form| %>
    2: 
    3:     <%= form.collection_select :origin_id, @origins, :id, :location %>
    4: 
    5:     <p>
    6:       <%= form.label :name %><br>
  
app/views/kopis/new.html.erb:3:in `block in _app_views_kopis_new_html_erb___1773423274268386866_70142448037120'
app/views/kopis/new.html.erb:1:in `_app_views_kopis_new_html_erb___1773423274268386866_70142448037120'
Started GET "/kopis/new" for ::1 at 2019-11-04 19:44:03 +0800
Processing by KopisController#new as HTML
  Rendering kopis/new.html.erb within layouts/application
  Rendered kopis/new.html.erb within layouts/application (4.5ms)
Completed 500 Internal Server Error in 16ms (ActiveRecord: 0.0ms)


  
ActionView::Template::Error (undefined method `map' for nil:NilClass):
    1: <%= form_with scope: :kopi, url: kopis_path, local: true do |form| %>
    2: 
    3:     <%= form.collection_select :origin_id, @origins, :id, :location %>
    4: 
    5:     <p>
    6:       <%= form.label :name %><br>
  
app/views/kopis/new.html.erb:3:in `block in _app_views_kopis_new_html_erb___1773423274268386866_70142509037700'
app/views/kopis/new.html.erb:1:in `_app_views_kopis_new_html_erb___1773423274268386866_70142509037700'
Started GET "/kopis/new" for ::1 at 2019-11-04 19:46:43 +0800
Processing by KopisController#new as HTML
  Rendering kopis/new.html.erb within layouts/application
  Rendered kopis/new.html.erb within layouts/application (4.5ms)
Completed 500 Internal Server Error in 14ms (ActiveRecord: 0.0ms)


  
ActionView::Template::Error (undefined method `map' for nil:NilClass):
    1: <%= form_with scope: :kopi, url: kopis_path, local: true do |form| %>
    2: 
    3:     <%= form.collection_select :origin_id, @origins, :id, :location %>
    4: 
    5:     <p>
    6:       <%= form.label :name %><br>
  
app/views/kopis/new.html.erb:3:in `block in _app_views_kopis_new_html_erb___1773423274268386866_70142508074260'
app/views/kopis/new.html.erb:1:in `_app_views_kopis_new_html_erb___1773423274268386866_70142508074260'
Started GET "/kopis/new" for ::1 at 2019-11-04 19:49:47 +0800
Processing by KopisController#new as HTML
  Rendering kopis/new.html.erb within layouts/application
  [1m[36mOrigin Load (0.3ms)[0m  [1m[34mSELECT "origins".* FROM "origins"[0m
  ↳ app/views/kopis/new.html.erb:3
  Rendered kopis/new.html.erb within layouts/application (12.6ms)
Completed 200 OK in 42ms (Views: 32.5ms | ActiveRecord: 4.9ms)


Started POST "/kopis" for ::1 at 2019-11-04 19:51:13 +0800
Processing by KopisController#create as HTML
  Parameters: {"utf8"=>"✓", "authenticity_token"=>"xMXkuuD+wjLSPmfQ6pDoMnp5c41A2hn5yGuOAVbSVlQmyRICl4LFCOsddg1fdoMwzxe05gYtGpMGQjKtafrBtg==", "kopi"=>{"origin_id"=>"1", "name"=>"Kopi Beans", "roast"=>"light"}, "commit"=>"Save Kopi"}
Completed 500 Internal Server Error in 30ms (ActiveRecord: 6.3ms)


  
ActiveRecord::AssociationTypeMismatch (Roast(#70142476364800) expected, got "light" which is an instance of String(#70142440881700)):
  
app/controllers/kopis_controller.rb:19:in `create'
Started GET "/kopis/new" for ::1 at 2019-11-04 19:51:45 +0800
Processing by KopisController#new as HTML
  Rendering kopis/new.html.erb within layouts/application
  [1m[36mOrigin Load (0.4ms)[0m  [1m[34mSELECT "origins".* FROM "origins"[0m
  ↳ app/views/kopis/new.html.erb:3
  Rendered kopis/new.html.erb within layouts/application (3.3ms)
Completed 200 OK in 27ms (Views: 22.6ms | ActiveRecord: 0.4ms)


Started POST "/kopis" for ::1 at 2019-11-04 19:52:01 +0800
Processing by KopisController#create as HTML
  Parameters: {"utf8"=>"✓", "authenticity_token"=>"E9Bm2We5tn6MON7iPNz+b1v54kab+y/nvLgr+6gHCrvx3JBhEMWxRLUbzz+JOpVt7pclLd0MLI1ykZdXly+dWQ==", "kopi"=>{"origin_id"=>"1", "name"=>"kopi beans", "roast"=>"light"}, "commit"=>"Save Kopi"}
Completed 500 Internal Server Error in 1ms (ActiveRecord: 0.0ms)


  
ActiveRecord::AssociationTypeMismatch (Roast(#70142476364800) expected, got "light" which is an instance of String(#70142440881700)):
  
app/controllers/kopis_controller.rb:19:in `create'
Started GET "/kopis/new" for ::1 at 2019-11-04 19:54:03 +0800
Processing by KopisController#new as HTML
  Rendering kopis/new.html.erb within layouts/application
  [1m[36mOrigin Load (1.1ms)[0m  [1m[34mSELECT "origins".* FROM "origins"[0m
  ↳ app/views/kopis/new.html.erb:3
  Rendered kopis/new.html.erb within layouts/application (13.3ms)
Completed 200 OK in 33ms (Views: 22.8ms | ActiveRecord: 6.0ms)


Started POST "/kopis" for ::1 at 2019-11-04 19:54:44 +0800
Processing by KopisController#create as HTML
  Parameters: {"utf8"=>"✓", "authenticity_token"=>"pfMH/AFBVbkhBaSvELEt2Q8JtpjndUpuLQWeDyM81WVH//FEdj1SgxgmtXKlV0bbumdx86GCSQTjLCKjHBRChw==", "kopi"=>{"origin_id"=>"2", "name"=>"kopi", "roast"=>"light"}, "commit"=>"Save Kopi"}
Completed 500 Internal Server Error in 30ms (ActiveRecord: 5.8ms)


  
ActiveRecord::AssociationTypeMismatch (Roast(#70142510594460) expected, got "light" which is an instance of String(#70142440881700)):
  
app/controllers/kopis_controller.rb:19:in `create'
Started GET "/kopis/new" for ::1 at 2019-11-04 19:57:50 +0800
Processing by KopisController#new as HTML
  Rendering kopis/new.html.erb within layouts/application
  [1m[36mOrigin Load (0.3ms)[0m  [1m[34mSELECT "origins".* FROM "origins"[0m
  ↳ app/views/kopis/new.html.erb:3
  Rendered kopis/new.html.erb within layouts/application (12.1ms)
Completed 200 OK in 33ms (Views: 24.4ms | ActiveRecord: 5.0ms)


Started POST "/kopis" for ::1 at 2019-11-04 19:58:07 +0800
Processing by KopisController#create as HTML
  Parameters: {"utf8"=>"✓", "authenticity_token"=>"zM0lP7pbdr6eY9LkMUVA/tCPkNFuT/F+l0sCmmwYNaEuwdOHzSdxhKdAwzmEoyv8ZeFXuii48hRZYr42UzCiQw==", "kopi"=>{"origin_id"=>"1", "name"=>"Highland Beans", "roast"=>"light"}, "commit"=>"Save Kopi"}
Unpermitted parameter: :origin_id
Completed 500 Internal Server Error in 17ms (ActiveRecord: 6.5ms)


  
ActiveRecord::AssociationTypeMismatch (Roast(#70142512513040) expected, got "light" which is an instance of String(#70142440881700)):
  
app/controllers/kopis_controller.rb:19:in `create'
Started GET "/kopis/new" for ::1 at 2019-11-04 20:00:25 +0800
Processing by KopisController#new as HTML
  Rendering kopis/new.html.erb within layouts/application
  [1m[36mOrigin Load (0.6ms)[0m  [1m[34mSELECT "origins".* FROM "origins"[0m
  ↳ app/views/kopis/new.html.erb:14
  Rendered kopis/new.html.erb within layouts/application (10.2ms)
Completed 200 OK in 33ms (Views: 24.8ms | ActiveRecord: 4.5ms)


Started POST "/kopis" for ::1 at 2019-11-04 20:00:35 +0800
Processing by KopisController#create as HTML
  Parameters: {"utf8"=>"✓", "authenticity_token"=>"sHhwicxWk87u1LMocCi/tagc4JLeHOkg6lDIP1LaQ8tSdIYxuyqU9Nf3ovXFztS3HXIn+Zjr6kokeXSTbfLUKQ==", "kopi"=>{"name"=>"highland", "roast"=>"light", "origin_id"=>"1"}, "commit"=>"Save Kopi"}
Unpermitted parameter: :origin_id
Completed 500 Internal Server Error in 19ms (ActiveRecord: 5.8ms)


  
ActiveRecord::AssociationTypeMismatch (Roast(#70142445727380) expected, got "light" which is an instance of String(#70142440881700)):
  
app/controllers/kopis_controller.rb:19:in `create'
Started GET "/kopis/new" for ::1 at 2019-11-04 20:01:07 +0800
Processing by KopisController#new as HTML
  Rendering kopis/new.html.erb within layouts/application
  [1m[36mOrigin Load (0.5ms)[0m  [1m[34mSELECT "origins".* FROM "origins"[0m
  ↳ app/views/kopis/new.html.erb:14
  Rendered kopis/new.html.erb within layouts/application (3.5ms)
Completed 200 OK in 22ms (Views: 19.6ms | ActiveRecord: 0.5ms)


Started POST "/kopis" for ::1 at 2019-11-04 20:01:30 +0800
Processing by KopisController#create as HTML
  Parameters: {"utf8"=>"✓", "authenticity_token"=>"cTRm2ZpZk/yaN83mhoLm00zv0wXT58vZGsKzw0FQp7qTOJBh7SWUxqMU3DszZI3R+YEUbpUQyLPU6w9vfngwWA==", "kopi"=>{"name"=>"highland", "roast"=>"happy", "origin_id"=>"1"}, "commit"=>"Save Kopi"}
Unpermitted parameter: :origin_id
Completed 500 Internal Server Error in 1ms (ActiveRecord: 0.0ms)


  
ActiveRecord::AssociationTypeMismatch (Roast(#70142445727380) expected, got "happy" which is an instance of String(#70142440881700)):
  
app/controllers/kopis_controller.rb:19:in `create'
Started GET "/" for ::1 at 2019-11-05 09:18:48 +0800
Processing by KopisController#index as HTML
  Rendering kopis/index.html.erb within layouts/application
  Rendered kopis/index.html.erb within layouts/application (10.3ms)
Completed 200 OK in 62ms (Views: 52.8ms | ActiveRecord: 0.0ms)


Started GET "/kopis/new" for ::1 at 2019-11-05 09:18:54 +0800
Processing by KopisController#new as HTML
  Rendering kopis/new.html.erb within layouts/application
  [1m[36mOrigin Load (1.6ms)[0m  [1m[34mSELECT "origins".* FROM "origins"[0m
  ↳ app/views/kopis/new.html.erb:14
  Rendered kopis/new.html.erb within layouts/application (10.3ms)
Completed 200 OK in 42ms (Views: 36.1ms | ActiveRecord: 1.6ms)


Started POST "/kopis" for ::1 at 2019-11-05 09:19:08 +0800
Processing by KopisController#create as HTML
  Parameters: {"utf8"=>"✓", "authenticity_token"=>"jyxgFAt8KKWFblW73aKO8fPV9WcNWViM5zM9TkMPPLltIJasfAAvn7xNRGZoROXzRrsyDEuuW+YpGoHifCerWw==", "kopi"=>{"name"=>"teh c", "roast"=>"light", "origin_id"=>"1"}, "commit"=>"Save Kopi"}
Unpermitted parameter: :origin_id
Completed 500 Internal Server Error in 9ms (ActiveRecord: 0.0ms)


  
ActiveRecord::AssociationTypeMismatch (Roast(#70142445727380) expected, got "light" which is an instance of String(#70142440881700)):
  
app/controllers/kopis_controller.rb:19:in `create'
Started GET "/origins/new" for ::1 at 2019-11-05 09:19:25 +0800
Processing by OriginsController#new as HTML
  Rendering origins/new.html.erb within layouts/application
  Rendered origins/new.html.erb within layouts/application (2.0ms)
Completed 200 OK in 22ms (Views: 20.3ms | ActiveRecord: 0.0ms)


Started POST "/origins" for ::1 at 2019-11-05 09:19:39 +0800
Processing by OriginsController#create as HTML
  Parameters: {"utf8"=>"✓", "authenticity_token"=>"jM2rMdFUjN/NQkRHN3GnV0hKEtpbCbfJ33ZVgn03pwBuwV2JpiiL5fRhVZqCl8xV/STVsR3+tKMRX+kuQh8w4g==", "origin"=>{"location"=>"malaysia", "phone"=>"1234566"}, "commit"=>"Save Origin"}
  [1m[35m (0.8ms)[0m  [1m[35mBEGIN[0m
  ↳ app/controllers/origins_controller.rb:19
  [1m[36mOrigin Create (7.3ms)[0m  [1m[32mINSERT INTO "origins" ("location", "phone") VALUES ($1, $2) RETURNING "id"[0m  [["location", "malaysia"], ["phone", 1234566]]
  ↳ app/controllers/origins_controller.rb:19
  [1m[35m (2.2ms)[0m  [1m[35mCOMMIT[0m
  ↳ app/controllers/origins_controller.rb:19
Redirected to 
Completed 500 Internal Server Error in 178ms (ActiveRecord: 10.2ms)


  
NoMethodError (undefined method `origin_url' for #<OriginsController:0x00007f96a2f49f30>
Did you mean?  origins_url):
  
app/controllers/origins_controller.rb:20:in `create'
