  [1m[35m (582.5ms)[0m  [1m[35mCREATE DATABASE "part_three_development" ENCODING = 'unicode'[0m
  ↳ bin/rails:9
  [1m[35m (488.0ms)[0m  [1m[35mCREATE DATABASE "part_three_test" ENCODING = 'unicode'[0m
  ↳ bin/rails:9
  [1m[35m (20.0ms)[0m  [1m[35mCREATE TABLE "schema_migrations" ("version" character varying NOT NULL PRIMARY KEY)[0m
  ↳ bin/rails:9
  [1m[35m (40.2ms)[0m  [1m[35mCREATE TABLE "ar_internal_metadata" ("key" character varying NOT NULL PRIMARY KEY, "value" character varying, "created_at" timestamp NOT NULL, "updated_at" timestamp NOT NULL)[0m
  ↳ bin/rails:9
  [1m[35m (0.5ms)[0m  [1m[34mSELECT pg_try_advisory_lock(2349140255713794165)[0m
  ↳ bin/rails:9
  [1m[35m (1.0ms)[0m  [1m[34mSELECT "schema_migrations"."version" FROM "schema_migrations" ORDER BY "schema_migrations"."version" ASC[0m
  ↳ bin/rails:9
Migrating to Kopis (20190815085259)
  [1m[35m (0.2ms)[0m  [1m[35mBEGIN[0m
  ↳ bin/rails:9
  [1m[35m (30.1ms)[0m  [1m[35mCREATE TABLE "kopis" ("id" bigserial primary key, "name" character varying, "created_at" timestamp NOT NULL, "updated_at" timestamp NOT NULL)[0m
  ↳ db/migrate/20190815085259_kopis.rb:3
  [1m[36mActiveRecord::SchemaMigration Create (0.6ms)[0m  [1m[32mINSERT INTO "schema_migrations" ("version") VALUES ($1) RETURNING "version"[0m  [["version", "20190815085259"]]
  ↳ bin/rails:9
  [1m[35m (0.7ms)[0m  [1m[35mCOMMIT[0m
  ↳ bin/rails:9
Migrating to Customers (20190815085314)
  [1m[35m (39.9ms)[0m  [1m[35mBEGIN[0m
  ↳ bin/rails:9
  [1m[35m (5.3ms)[0m  [1m[35mCREATE TABLE "customers" ("id" bigserial primary key, "name" character varying, "created_at" timestamp NOT NULL, "updated_at" timestamp NOT NULL)[0m
  ↳ db/migrate/20190815085314_customers.rb:3
  [1m[36mActiveRecord::SchemaMigration Create (0.3ms)[0m  [1m[32mINSERT INTO "schema_migrations" ("version") VALUES ($1) RETURNING "version"[0m  [["version", "20190815085314"]]
  ↳ bin/rails:9
  [1m[35m (0.5ms)[0m  [1m[35mCOMMIT[0m
  ↳ bin/rails:9
Migrating to CustomersKopis (20190815085737)
  [1m[35m (33.4ms)[0m  [1m[35mBEGIN[0m
  ↳ bin/rails:9
  [1m[35m (4.6ms)[0m  [1m[35mCREATE TABLE "customers_kopis" ("id" bigserial primary key, "customer_id" bigint, "kopi_id" bigint, "created_at" timestamp NOT NULL, "updated_at" timestamp NOT NULL)[0m
  ↳ db/migrate/20190815085737_customers_kopis.rb:3
  [1m[35m (1.4ms)[0m  [1m[35mCREATE  INDEX  "index_customers_kopis_on_customer_id" ON "customers_kopis"  ("customer_id")[0m
  ↳ db/migrate/20190815085737_customers_kopis.rb:3
  [1m[35m (1.3ms)[0m  [1m[35mCREATE  INDEX  "index_customers_kopis_on_kopi_id" ON "customers_kopis"  ("kopi_id")[0m
  ↳ db/migrate/20190815085737_customers_kopis.rb:3
  [1m[36mActiveRecord::SchemaMigration Create (0.4ms)[0m  [1m[32mINSERT INTO "schema_migrations" ("version") VALUES ($1) RETURNING "version"[0m  [["version", "20190815085737"]]
  ↳ bin/rails:9
  [1m[35m (0.6ms)[0m  [1m[35mCOMMIT[0m
  ↳ bin/rails:9
  [1m[36mActiveRecord::InternalMetadata Load (0.7ms)[0m  [1m[34mSELECT  "ar_internal_metadata".* FROM "ar_internal_metadata" WHERE "ar_internal_metadata"."key" = $1 LIMIT $2[0m  [["key", "environment"], ["LIMIT", 1]]
  ↳ bin/rails:9
  [1m[35m (0.2ms)[0m  [1m[35mBEGIN[0m
  ↳ bin/rails:9
  [1m[36mActiveRecord::InternalMetadata Create (0.7ms)[0m  [1m[32mINSERT INTO "ar_internal_metadata" ("key", "value", "created_at", "updated_at") VALUES ($1, $2, $3, $4) RETURNING "key"[0m  [["key", "environment"], ["value", "development"], ["created_at", "2019-08-15 09:03:47.436373"], ["updated_at", "2019-08-15 09:03:47.436373"]]
  ↳ bin/rails:9
  [1m[35m (0.4ms)[0m  [1m[35mCOMMIT[0m
  ↳ bin/rails:9
  [1m[35m (0.3ms)[0m  [1m[34mSELECT pg_advisory_unlock(2349140255713794165)[0m
  ↳ bin/rails:9
  [1m[35m (0.4ms)[0m  [1m[34mSELECT "schema_migrations"."version" FROM "schema_migrations" ORDER BY "schema_migrations"."version" ASC[0m
  ↳ bin/rails:9
  [1m[35m (0.2ms)[0m  [1m[35mBEGIN[0m
  [1m[36mKopi Create (42.6ms)[0m  [1m[32mINSERT INTO "kopis" ("name", "created_at", "updated_at") VALUES ($1, $2, $3) RETURNING "id"[0m  [["name", "latte"], ["created_at", "2019-08-15 09:16:30.506204"], ["updated_at", "2019-08-15 09:16:30.506204"]]
  [1m[35m (39.8ms)[0m  [1m[35mCOMMIT[0m
  [1m[35m (0.2ms)[0m  [1m[35mBEGIN[0m
  [1m[36mCustomer Create (2.6ms)[0m  [1m[32mINSERT INTO "customers" ("name", "created_at", "updated_at") VALUES ($1, $2, $3) RETURNING "id"[0m  [["name", "roger"], ["created_at", "2019-08-15 09:17:48.490342"], ["updated_at", "2019-08-15 09:17:48.490342"]]
  [1m[35m (39.8ms)[0m  [1m[35mCOMMIT[0m
  [1m[35m (0.2ms)[0m  [1m[35mBEGIN[0m
  [1m[36mKopi Create (0.4ms)[0m  [1m[32mINSERT INTO "kopis" ("name", "created_at", "updated_at") VALUES ($1, $2, $3) RETURNING "id"[0m  [["name", "americano"], ["created_at", "2019-08-15 09:24:43.713010"], ["updated_at", "2019-08-15 09:24:43.713010"]]
  [1m[35m (40.3ms)[0m  [1m[35mCOMMIT[0m
  [1m[35m (0.2ms)[0m  [1m[35mBEGIN[0m
  [1m[36mKopi Create (0.5ms)[0m  [1m[32mINSERT INTO "kopis" ("name", "created_at", "updated_at") VALUES ($1, $2, $3) RETURNING "id"[0m  [["name", "cuppuccino"], ["created_at", "2019-08-15 09:26:31.002632"], ["updated_at", "2019-08-15 09:26:31.002632"]]
  [1m[35m (0.5ms)[0m  [1m[35mCOMMIT[0m
  [1m[35m (0.2ms)[0m  [1m[35mBEGIN[0m
  [1m[36mKopi Create (0.6ms)[0m  [1m[32mINSERT INTO "kopis" ("name", "created_at", "updated_at") VALUES ($1, $2, $3) RETURNING "id"[0m  [["name", "macchiato"], ["created_at", "2019-08-15 09:27:23.984891"], ["updated_at", "2019-08-15 09:27:23.984891"]]
  [1m[35m (0.6ms)[0m  [1m[35mCOMMIT[0m
  [1m[35m (0.2ms)[0m  [1m[35mBEGIN[0m
  [1m[36mKopi Create (0.5ms)[0m  [1m[32mINSERT INTO "kopis" ("name", "created_at", "updated_at") VALUES ($1, $2, $3) RETURNING "id"[0m  [["name", "affogato"], ["created_at", "2019-08-15 09:28:04.112085"], ["updated_at", "2019-08-15 09:28:04.112085"]]
  [1m[35m (4.5ms)[0m  [1m[35mCOMMIT[0m
  [1m[35m (0.2ms)[0m  [1m[35mBEGIN[0m
  [1m[36mKopi Create (0.5ms)[0m  [1m[32mINSERT INTO "kopis" ("name", "created_at", "updated_at") VALUES ($1, $2, $3) RETURNING "id"[0m  [["name", "vienna"], ["created_at", "2019-08-15 09:28:38.990550"], ["updated_at", "2019-08-15 09:28:38.990550"]]
  [1m[35m (4.6ms)[0m  [1m[35mCOMMIT[0m
Started GET "/" for ::1 at 2019-08-15 18:27:42 +0800
  [1m[35m (69.6ms)[0m  [1m[34mSELECT "schema_migrations"."version" FROM "schema_migrations" ORDER BY "schema_migrations"."version" ASC[0m
  ↳ /Users/KWAN/.rbenv/versions/2.6.3/lib/ruby/gems/2.6.0/gems/activerecord-5.2.3/lib/active_record/log_subscriber.rb:98
Processing by CustomersController#index as HTML
Completed 500 Internal Server Error in 2ms (ActiveRecord: 0.0ms)


  
NameError (uninitialized constant CustomersController::Customers):
  
app/controllers/customers_controller.rb:4:in `index'
Started GET "/customers/new" for ::1 at 2019-08-15 18:27:47 +0800
Processing by CustomersController#new as HTML
Completed 406 Not Acceptable in 22ms (ActiveRecord: 0.0ms)


  
ActionController::UnknownFormat (CustomersController#new is missing a template for this request format and variant.

request.formats: ["text/html"]
request.variant: []

NOTE! For XHR/Ajax or API requests, this action would normally respond with 204 No Content: an empty white screen. Since you're loading it in a web browser, we assume that you expected to actually render a template, not nothing, so we're showing an error to be extra-clear. If you expect 204 No Content, carry on. That's what you'll get from an XHR or API request. Give it a shot.):
  
actionpack (5.2.3) lib/action_controller/metal/implicit_render.rb:55:in `default_render'
actionpack (5.2.3) lib/action_controller/metal/basic_implicit_render.rb:6:in `block in send_action'
actionpack (5.2.3) lib/action_controller/metal/basic_implicit_render.rb:6:in `tap'
actionpack (5.2.3) lib/action_controller/metal/basic_implicit_render.rb:6:in `send_action'
actionpack (5.2.3) lib/abstract_controller/base.rb:194:in `process_action'
actionpack (5.2.3) lib/action_controller/metal/rendering.rb:30:in `process_action'
actionpack (5.2.3) lib/abstract_controller/callbacks.rb:42:in `block in process_action'
activesupport (5.2.3) lib/active_support/callbacks.rb:132:in `run_callbacks'
actionpack (5.2.3) lib/abstract_controller/callbacks.rb:41:in `process_action'
actionpack (5.2.3) lib/action_controller/metal/rescue.rb:22:in `process_action'
actionpack (5.2.3) lib/action_controller/metal/instrumentation.rb:34:in `block in process_action'
activesupport (5.2.3) lib/active_support/notifications.rb:168:in `block in instrument'
activesupport (5.2.3) lib/active_support/notifications/instrumenter.rb:23:in `instrument'
activesupport (5.2.3) lib/active_support/notifications.rb:168:in `instrument'
actionpack (5.2.3) lib/action_controller/metal/instrumentation.rb:32:in `process_action'
actionpack (5.2.3) lib/action_controller/metal/params_wrapper.rb:256:in `process_action'
activerecord (5.2.3) lib/active_record/railties/controller_runtime.rb:24:in `process_action'
actionpack (5.2.3) lib/abstract_controller/base.rb:134:in `process'
actionview (5.2.3) lib/action_view/rendering.rb:32:in `process'
actionpack (5.2.3) lib/action_controller/metal.rb:191:in `dispatch'
actionpack (5.2.3) lib/action_controller/metal.rb:252:in `dispatch'
actionpack (5.2.3) lib/action_dispatch/routing/route_set.rb:52:in `dispatch'
actionpack (5.2.3) lib/action_dispatch/routing/route_set.rb:34:in `serve'
actionpack (5.2.3) lib/action_dispatch/journey/router.rb:52:in `block in serve'
actionpack (5.2.3) lib/action_dispatch/journey/router.rb:35:in `each'
actionpack (5.2.3) lib/action_dispatch/journey/router.rb:35:in `serve'
actionpack (5.2.3) lib/action_dispatch/routing/route_set.rb:840:in `call'
rack (2.0.7) lib/rack/tempfile_reaper.rb:15:in `call'
rack (2.0.7) lib/rack/etag.rb:25:in `call'
rack (2.0.7) lib/rack/conditional_get.rb:25:in `call'
rack (2.0.7) lib/rack/head.rb:12:in `call'
actionpack (5.2.3) lib/action_dispatch/http/content_security_policy.rb:18:in `call'
rack (2.0.7) lib/rack/session/abstract/id.rb:232:in `context'
rack (2.0.7) lib/rack/session/abstract/id.rb:226:in `call'
actionpack (5.2.3) lib/action_dispatch/middleware/cookies.rb:670:in `call'
activerecord (5.2.3) lib/active_record/migration.rb:559:in `call'
actionpack (5.2.3) lib/action_dispatch/middleware/callbacks.rb:28:in `block in call'
activesupport (5.2.3) lib/active_support/callbacks.rb:98:in `run_callbacks'
actionpack (5.2.3) lib/action_dispatch/middleware/callbacks.rb:26:in `call'
actionpack (5.2.3) lib/action_dispatch/middleware/executor.rb:14:in `call'
actionpack (5.2.3) lib/action_dispatch/middleware/debug_exceptions.rb:61:in `call'
web-console (3.7.0) lib/web_console/middleware.rb:135:in `call_app'
web-console (3.7.0) lib/web_console/middleware.rb:30:in `block in call'
web-console (3.7.0) lib/web_console/middleware.rb:20:in `catch'
web-console (3.7.0) lib/web_console/middleware.rb:20:in `call'
actionpack (5.2.3) lib/action_dispatch/middleware/show_exceptions.rb:33:in `call'
railties (5.2.3) lib/rails/rack/logger.rb:38:in `call_app'
railties (5.2.3) lib/rails/rack/logger.rb:26:in `block in call'
activesupport (5.2.3) lib/active_support/tagged_logging.rb:71:in `block in tagged'
activesupport (5.2.3) lib/active_support/tagged_logging.rb:28:in `tagged'
activesupport (5.2.3) lib/active_support/tagged_logging.rb:71:in `tagged'
railties (5.2.3) lib/rails/rack/logger.rb:26:in `call'
sprockets-rails (3.2.1) lib/sprockets/rails/quiet_assets.rb:13:in `call'
actionpack (5.2.3) lib/action_dispatch/middleware/remote_ip.rb:81:in `call'
actionpack (5.2.3) lib/action_dispatch/middleware/request_id.rb:27:in `call'
rack (2.0.7) lib/rack/method_override.rb:22:in `call'
rack (2.0.7) lib/rack/runtime.rb:22:in `call'
activesupport (5.2.3) lib/active_support/cache/strategy/local_cache_middleware.rb:29:in `call'
actionpack (5.2.3) lib/action_dispatch/middleware/executor.rb:14:in `call'
actionpack (5.2.3) lib/action_dispatch/middleware/static.rb:127:in `call'
rack (2.0.7) lib/rack/sendfile.rb:111:in `call'
railties (5.2.3) lib/rails/engine.rb:524:in `call'
puma (3.12.1) lib/puma/configuration.rb:227:in `call'
puma (3.12.1) lib/puma/server.rb:660:in `handle_request'
puma (3.12.1) lib/puma/server.rb:474:in `process_client'
puma (3.12.1) lib/puma/server.rb:334:in `block in run'
puma (3.12.1) lib/puma/thread_pool.rb:135:in `block in spawn_thread'
Started GET "/customers/new" for ::1 at 2019-08-15 18:29:34 +0800
Processing by CustomersController#new as HTML
Completed 406 Not Acceptable in 3ms (ActiveRecord: 0.0ms)


  
ActionController::UnknownFormat (CustomersController#new is missing a template for this request format and variant.

request.formats: ["text/html"]
request.variant: []

NOTE! For XHR/Ajax or API requests, this action would normally respond with 204 No Content: an empty white screen. Since you're loading it in a web browser, we assume that you expected to actually render a template, not nothing, so we're showing an error to be extra-clear. If you expect 204 No Content, carry on. That's what you'll get from an XHR or API request. Give it a shot.):
  
actionpack (5.2.3) lib/action_controller/metal/implicit_render.rb:55:in `default_render'
actionpack (5.2.3) lib/action_controller/metal/basic_implicit_render.rb:6:in `block in send_action'
actionpack (5.2.3) lib/action_controller/metal/basic_implicit_render.rb:6:in `tap'
actionpack (5.2.3) lib/action_controller/metal/basic_implicit_render.rb:6:in `send_action'
actionpack (5.2.3) lib/abstract_controller/base.rb:194:in `process_action'
actionpack (5.2.3) lib/action_controller/metal/rendering.rb:30:in `process_action'
actionpack (5.2.3) lib/abstract_controller/callbacks.rb:42:in `block in process_action'
activesupport (5.2.3) lib/active_support/callbacks.rb:132:in `run_callbacks'
actionpack (5.2.3) lib/abstract_controller/callbacks.rb:41:in `process_action'
actionpack (5.2.3) lib/action_controller/metal/rescue.rb:22:in `process_action'
actionpack (5.2.3) lib/action_controller/metal/instrumentation.rb:34:in `block in process_action'
activesupport (5.2.3) lib/active_support/notifications.rb:168:in `block in instrument'
activesupport (5.2.3) lib/active_support/notifications/instrumenter.rb:23:in `instrument'
activesupport (5.2.3) lib/active_support/notifications.rb:168:in `instrument'
actionpack (5.2.3) lib/action_controller/metal/instrumentation.rb:32:in `process_action'
actionpack (5.2.3) lib/action_controller/metal/params_wrapper.rb:256:in `process_action'
activerecord (5.2.3) lib/active_record/railties/controller_runtime.rb:24:in `process_action'
actionpack (5.2.3) lib/abstract_controller/base.rb:134:in `process'
actionview (5.2.3) lib/action_view/rendering.rb:32:in `process'
actionpack (5.2.3) lib/action_controller/metal.rb:191:in `dispatch'
actionpack (5.2.3) lib/action_controller/metal.rb:252:in `dispatch'
actionpack (5.2.3) lib/action_dispatch/routing/route_set.rb:52:in `dispatch'
actionpack (5.2.3) lib/action_dispatch/routing/route_set.rb:34:in `serve'
actionpack (5.2.3) lib/action_dispatch/journey/router.rb:52:in `block in serve'
actionpack (5.2.3) lib/action_dispatch/journey/router.rb:35:in `each'
actionpack (5.2.3) lib/action_dispatch/journey/router.rb:35:in `serve'
actionpack (5.2.3) lib/action_dispatch/routing/route_set.rb:840:in `call'
rack (2.0.7) lib/rack/tempfile_reaper.rb:15:in `call'
rack (2.0.7) lib/rack/etag.rb:25:in `call'
rack (2.0.7) lib/rack/conditional_get.rb:25:in `call'
rack (2.0.7) lib/rack/head.rb:12:in `call'
actionpack (5.2.3) lib/action_dispatch/http/content_security_policy.rb:18:in `call'
rack (2.0.7) lib/rack/session/abstract/id.rb:232:in `context'
rack (2.0.7) lib/rack/session/abstract/id.rb:226:in `call'
actionpack (5.2.3) lib/action_dispatch/middleware/cookies.rb:670:in `call'
activerecord (5.2.3) lib/active_record/migration.rb:559:in `call'
actionpack (5.2.3) lib/action_dispatch/middleware/callbacks.rb:28:in `block in call'
activesupport (5.2.3) lib/active_support/callbacks.rb:98:in `run_callbacks'
actionpack (5.2.3) lib/action_dispatch/middleware/callbacks.rb:26:in `call'
actionpack (5.2.3) lib/action_dispatch/middleware/executor.rb:14:in `call'
actionpack (5.2.3) lib/action_dispatch/middleware/debug_exceptions.rb:61:in `call'
web-console (3.7.0) lib/web_console/middleware.rb:135:in `call_app'
web-console (3.7.0) lib/web_console/middleware.rb:30:in `block in call'
web-console (3.7.0) lib/web_console/middleware.rb:20:in `catch'
web-console (3.7.0) lib/web_console/middleware.rb:20:in `call'
actionpack (5.2.3) lib/action_dispatch/middleware/show_exceptions.rb:33:in `call'
railties (5.2.3) lib/rails/rack/logger.rb:38:in `call_app'
railties (5.2.3) lib/rails/rack/logger.rb:26:in `block in call'
activesupport (5.2.3) lib/active_support/tagged_logging.rb:71:in `block in tagged'
activesupport (5.2.3) lib/active_support/tagged_logging.rb:28:in `tagged'
activesupport (5.2.3) lib/active_support/tagged_logging.rb:71:in `tagged'
railties (5.2.3) lib/rails/rack/logger.rb:26:in `call'
sprockets-rails (3.2.1) lib/sprockets/rails/quiet_assets.rb:13:in `call'
actionpack (5.2.3) lib/action_dispatch/middleware/remote_ip.rb:81:in `call'
actionpack (5.2.3) lib/action_dispatch/middleware/request_id.rb:27:in `call'
rack (2.0.7) lib/rack/method_override.rb:22:in `call'
rack (2.0.7) lib/rack/runtime.rb:22:in `call'
activesupport (5.2.3) lib/active_support/cache/strategy/local_cache_middleware.rb:29:in `call'
actionpack (5.2.3) lib/action_dispatch/middleware/executor.rb:14:in `call'
actionpack (5.2.3) lib/action_dispatch/middleware/static.rb:127:in `call'
rack (2.0.7) lib/rack/sendfile.rb:111:in `call'
railties (5.2.3) lib/rails/engine.rb:524:in `call'
puma (3.12.1) lib/puma/configuration.rb:227:in `call'
puma (3.12.1) lib/puma/server.rb:660:in `handle_request'
puma (3.12.1) lib/puma/server.rb:474:in `process_client'
puma (3.12.1) lib/puma/server.rb:334:in `block in run'
puma (3.12.1) lib/puma/thread_pool.rb:135:in `block in spawn_thread'
Started GET "/customers/new" for ::1 at 2019-08-15 18:29:37 +0800
Processing by CustomersController#new as HTML
Completed 406 Not Acceptable in 4ms (ActiveRecord: 0.0ms)


  
ActionController::UnknownFormat (CustomersController#new is missing a template for this request format and variant.

request.formats: ["text/html"]
request.variant: []

NOTE! For XHR/Ajax or API requests, this action would normally respond with 204 No Content: an empty white screen. Since you're loading it in a web browser, we assume that you expected to actually render a template, not nothing, so we're showing an error to be extra-clear. If you expect 204 No Content, carry on. That's what you'll get from an XHR or API request. Give it a shot.):
  
actionpack (5.2.3) lib/action_controller/metal/implicit_render.rb:55:in `default_render'
actionpack (5.2.3) lib/action_controller/metal/basic_implicit_render.rb:6:in `block in send_action'
actionpack (5.2.3) lib/action_controller/metal/basic_implicit_render.rb:6:in `tap'
actionpack (5.2.3) lib/action_controller/metal/basic_implicit_render.rb:6:in `send_action'
actionpack (5.2.3) lib/abstract_controller/base.rb:194:in `process_action'
actionpack (5.2.3) lib/action_controller/metal/rendering.rb:30:in `process_action'
actionpack (5.2.3) lib/abstract_controller/callbacks.rb:42:in `block in process_action'
activesupport (5.2.3) lib/active_support/callbacks.rb:132:in `run_callbacks'
actionpack (5.2.3) lib/abstract_controller/callbacks.rb:41:in `process_action'
actionpack (5.2.3) lib/action_controller/metal/rescue.rb:22:in `process_action'
actionpack (5.2.3) lib/action_controller/metal/instrumentation.rb:34:in `block in process_action'
activesupport (5.2.3) lib/active_support/notifications.rb:168:in `block in instrument'
activesupport (5.2.3) lib/active_support/notifications/instrumenter.rb:23:in `instrument'
activesupport (5.2.3) lib/active_support/notifications.rb:168:in `instrument'
actionpack (5.2.3) lib/action_controller/metal/instrumentation.rb:32:in `process_action'
actionpack (5.2.3) lib/action_controller/metal/params_wrapper.rb:256:in `process_action'
activerecord (5.2.3) lib/active_record/railties/controller_runtime.rb:24:in `process_action'
actionpack (5.2.3) lib/abstract_controller/base.rb:134:in `process'
actionview (5.2.3) lib/action_view/rendering.rb:32:in `process'
actionpack (5.2.3) lib/action_controller/metal.rb:191:in `dispatch'
actionpack (5.2.3) lib/action_controller/metal.rb:252:in `dispatch'
actionpack (5.2.3) lib/action_dispatch/routing/route_set.rb:52:in `dispatch'
actionpack (5.2.3) lib/action_dispatch/routing/route_set.rb:34:in `serve'
actionpack (5.2.3) lib/action_dispatch/journey/router.rb:52:in `block in serve'
actionpack (5.2.3) lib/action_dispatch/journey/router.rb:35:in `each'
actionpack (5.2.3) lib/action_dispatch/journey/router.rb:35:in `serve'
actionpack (5.2.3) lib/action_dispatch/routing/route_set.rb:840:in `call'
rack (2.0.7) lib/rack/tempfile_reaper.rb:15:in `call'
rack (2.0.7) lib/rack/etag.rb:25:in `call'
rack (2.0.7) lib/rack/conditional_get.rb:25:in `call'
rack (2.0.7) lib/rack/head.rb:12:in `call'
actionpack (5.2.3) lib/action_dispatch/http/content_security_policy.rb:18:in `call'
rack (2.0.7) lib/rack/session/abstract/id.rb:232:in `context'
rack (2.0.7) lib/rack/session/abstract/id.rb:226:in `call'
actionpack (5.2.3) lib/action_dispatch/middleware/cookies.rb:670:in `call'
activerecord (5.2.3) lib/active_record/migration.rb:559:in `call'
actionpack (5.2.3) lib/action_dispatch/middleware/callbacks.rb:28:in `block in call'
activesupport (5.2.3) lib/active_support/callbacks.rb:98:in `run_callbacks'
actionpack (5.2.3) lib/action_dispatch/middleware/callbacks.rb:26:in `call'
actionpack (5.2.3) lib/action_dispatch/middleware/executor.rb:14:in `call'
actionpack (5.2.3) lib/action_dispatch/middleware/debug_exceptions.rb:61:in `call'
web-console (3.7.0) lib/web_console/middleware.rb:135:in `call_app'
web-console (3.7.0) lib/web_console/middleware.rb:30:in `block in call'
web-console (3.7.0) lib/web_console/middleware.rb:20:in `catch'
web-console (3.7.0) lib/web_console/middleware.rb:20:in `call'
actionpack (5.2.3) lib/action_dispatch/middleware/show_exceptions.rb:33:in `call'
railties (5.2.3) lib/rails/rack/logger.rb:38:in `call_app'
railties (5.2.3) lib/rails/rack/logger.rb:26:in `block in call'
activesupport (5.2.3) lib/active_support/tagged_logging.rb:71:in `block in tagged'
activesupport (5.2.3) lib/active_support/tagged_logging.rb:28:in `tagged'
activesupport (5.2.3) lib/active_support/tagged_logging.rb:71:in `tagged'
railties (5.2.3) lib/rails/rack/logger.rb:26:in `call'
sprockets-rails (3.2.1) lib/sprockets/rails/quiet_assets.rb:13:in `call'
actionpack (5.2.3) lib/action_dispatch/middleware/remote_ip.rb:81:in `call'
actionpack (5.2.3) lib/action_dispatch/middleware/request_id.rb:27:in `call'
rack (2.0.7) lib/rack/method_override.rb:22:in `call'
rack (2.0.7) lib/rack/runtime.rb:22:in `call'
activesupport (5.2.3) lib/active_support/cache/strategy/local_cache_middleware.rb:29:in `call'
actionpack (5.2.3) lib/action_dispatch/middleware/executor.rb:14:in `call'
actionpack (5.2.3) lib/action_dispatch/middleware/static.rb:127:in `call'
rack (2.0.7) lib/rack/sendfile.rb:111:in `call'
railties (5.2.3) lib/rails/engine.rb:524:in `call'
puma (3.12.1) lib/puma/configuration.rb:227:in `call'
puma (3.12.1) lib/puma/server.rb:660:in `handle_request'
puma (3.12.1) lib/puma/server.rb:474:in `process_client'
puma (3.12.1) lib/puma/server.rb:334:in `block in run'
puma (3.12.1) lib/puma/thread_pool.rb:135:in `block in spawn_thread'
Started GET "/customers/new" for ::1 at 2019-08-15 18:30:42 +0800
Processing by CustomersController#new as HTML
Completed 406 Not Acceptable in 4ms (ActiveRecord: 0.0ms)


  
ActionController::UnknownFormat (CustomersController#new is missing a template for this request format and variant.

request.formats: ["text/html"]
request.variant: []

NOTE! For XHR/Ajax or API requests, this action would normally respond with 204 No Content: an empty white screen. Since you're loading it in a web browser, we assume that you expected to actually render a template, not nothing, so we're showing an error to be extra-clear. If you expect 204 No Content, carry on. That's what you'll get from an XHR or API request. Give it a shot.):
  
actionpack (5.2.3) lib/action_controller/metal/implicit_render.rb:55:in `default_render'
actionpack (5.2.3) lib/action_controller/metal/basic_implicit_render.rb:6:in `block in send_action'
actionpack (5.2.3) lib/action_controller/metal/basic_implicit_render.rb:6:in `tap'
actionpack (5.2.3) lib/action_controller/metal/basic_implicit_render.rb:6:in `send_action'
actionpack (5.2.3) lib/abstract_controller/base.rb:194:in `process_action'
actionpack (5.2.3) lib/action_controller/metal/rendering.rb:30:in `process_action'
actionpack (5.2.3) lib/abstract_controller/callbacks.rb:42:in `block in process_action'
activesupport (5.2.3) lib/active_support/callbacks.rb:132:in `run_callbacks'
actionpack (5.2.3) lib/abstract_controller/callbacks.rb:41:in `process_action'
actionpack (5.2.3) lib/action_controller/metal/rescue.rb:22:in `process_action'
actionpack (5.2.3) lib/action_controller/metal/instrumentation.rb:34:in `block in process_action'
activesupport (5.2.3) lib/active_support/notifications.rb:168:in `block in instrument'
activesupport (5.2.3) lib/active_support/notifications/instrumenter.rb:23:in `instrument'
activesupport (5.2.3) lib/active_support/notifications.rb:168:in `instrument'
actionpack (5.2.3) lib/action_controller/metal/instrumentation.rb:32:in `process_action'
actionpack (5.2.3) lib/action_controller/metal/params_wrapper.rb:256:in `process_action'
activerecord (5.2.3) lib/active_record/railties/controller_runtime.rb:24:in `process_action'
actionpack (5.2.3) lib/abstract_controller/base.rb:134:in `process'
actionview (5.2.3) lib/action_view/rendering.rb:32:in `process'
actionpack (5.2.3) lib/action_controller/metal.rb:191:in `dispatch'
actionpack (5.2.3) lib/action_controller/metal.rb:252:in `dispatch'
actionpack (5.2.3) lib/action_dispatch/routing/route_set.rb:52:in `dispatch'
actionpack (5.2.3) lib/action_dispatch/routing/route_set.rb:34:in `serve'
actionpack (5.2.3) lib/action_dispatch/journey/router.rb:52:in `block in serve'
actionpack (5.2.3) lib/action_dispatch/journey/router.rb:35:in `each'
actionpack (5.2.3) lib/action_dispatch/journey/router.rb:35:in `serve'
actionpack (5.2.3) lib/action_dispatch/routing/route_set.rb:840:in `call'
rack (2.0.7) lib/rack/tempfile_reaper.rb:15:in `call'
rack (2.0.7) lib/rack/etag.rb:25:in `call'
rack (2.0.7) lib/rack/conditional_get.rb:25:in `call'
rack (2.0.7) lib/rack/head.rb:12:in `call'
actionpack (5.2.3) lib/action_dispatch/http/content_security_policy.rb:18:in `call'
rack (2.0.7) lib/rack/session/abstract/id.rb:232:in `context'
rack (2.0.7) lib/rack/session/abstract/id.rb:226:in `call'
actionpack (5.2.3) lib/action_dispatch/middleware/cookies.rb:670:in `call'
activerecord (5.2.3) lib/active_record/migration.rb:559:in `call'
actionpack (5.2.3) lib/action_dispatch/middleware/callbacks.rb:28:in `block in call'
activesupport (5.2.3) lib/active_support/callbacks.rb:98:in `run_callbacks'
actionpack (5.2.3) lib/action_dispatch/middleware/callbacks.rb:26:in `call'
actionpack (5.2.3) lib/action_dispatch/middleware/executor.rb:14:in `call'
actionpack (5.2.3) lib/action_dispatch/middleware/debug_exceptions.rb:61:in `call'
web-console (3.7.0) lib/web_console/middleware.rb:135:in `call_app'
web-console (3.7.0) lib/web_console/middleware.rb:30:in `block in call'
web-console (3.7.0) lib/web_console/middleware.rb:20:in `catch'
web-console (3.7.0) lib/web_console/middleware.rb:20:in `call'
actionpack (5.2.3) lib/action_dispatch/middleware/show_exceptions.rb:33:in `call'
railties (5.2.3) lib/rails/rack/logger.rb:38:in `call_app'
railties (5.2.3) lib/rails/rack/logger.rb:26:in `block in call'
activesupport (5.2.3) lib/active_support/tagged_logging.rb:71:in `block in tagged'
activesupport (5.2.3) lib/active_support/tagged_logging.rb:28:in `tagged'
activesupport (5.2.3) lib/active_support/tagged_logging.rb:71:in `tagged'
railties (5.2.3) lib/rails/rack/logger.rb:26:in `call'
sprockets-rails (3.2.1) lib/sprockets/rails/quiet_assets.rb:13:in `call'
actionpack (5.2.3) lib/action_dispatch/middleware/remote_ip.rb:81:in `call'
actionpack (5.2.3) lib/action_dispatch/middleware/request_id.rb:27:in `call'
rack (2.0.7) lib/rack/method_override.rb:22:in `call'
rack (2.0.7) lib/rack/runtime.rb:22:in `call'
activesupport (5.2.3) lib/active_support/cache/strategy/local_cache_middleware.rb:29:in `call'
actionpack (5.2.3) lib/action_dispatch/middleware/executor.rb:14:in `call'
actionpack (5.2.3) lib/action_dispatch/middleware/static.rb:127:in `call'
rack (2.0.7) lib/rack/sendfile.rb:111:in `call'
railties (5.2.3) lib/rails/engine.rb:524:in `call'
puma (3.12.1) lib/puma/configuration.rb:227:in `call'
puma (3.12.1) lib/puma/server.rb:660:in `handle_request'
puma (3.12.1) lib/puma/server.rb:474:in `process_client'
puma (3.12.1) lib/puma/server.rb:334:in `block in run'
puma (3.12.1) lib/puma/thread_pool.rb:135:in `block in spawn_thread'
Started GET "/customers/new" for ::1 at 2019-08-15 18:30:53 +0800
Processing by CustomersController#new as HTML
Completed 406 Not Acceptable in 5ms (ActiveRecord: 0.0ms)


  
ActionController::UnknownFormat (CustomersController#new is missing a template for this request format and variant.

request.formats: ["text/html"]
request.variant: []

NOTE! For XHR/Ajax or API requests, this action would normally respond with 204 No Content: an empty white screen. Since you're loading it in a web browser, we assume that you expected to actually render a template, not nothing, so we're showing an error to be extra-clear. If you expect 204 No Content, carry on. That's what you'll get from an XHR or API request. Give it a shot.):
  
actionpack (5.2.3) lib/action_controller/metal/implicit_render.rb:55:in `default_render'
actionpack (5.2.3) lib/action_controller/metal/basic_implicit_render.rb:6:in `block in send_action'
actionpack (5.2.3) lib/action_controller/metal/basic_implicit_render.rb:6:in `tap'
actionpack (5.2.3) lib/action_controller/metal/basic_implicit_render.rb:6:in `send_action'
actionpack (5.2.3) lib/abstract_controller/base.rb:194:in `process_action'
actionpack (5.2.3) lib/action_controller/metal/rendering.rb:30:in `process_action'
actionpack (5.2.3) lib/abstract_controller/callbacks.rb:42:in `block in process_action'
activesupport (5.2.3) lib/active_support/callbacks.rb:132:in `run_callbacks'
actionpack (5.2.3) lib/abstract_controller/callbacks.rb:41:in `process_action'
actionpack (5.2.3) lib/action_controller/metal/rescue.rb:22:in `process_action'
actionpack (5.2.3) lib/action_controller/metal/instrumentation.rb:34:in `block in process_action'
activesupport (5.2.3) lib/active_support/notifications.rb:168:in `block in instrument'
activesupport (5.2.3) lib/active_support/notifications/instrumenter.rb:23:in `instrument'
activesupport (5.2.3) lib/active_support/notifications.rb:168:in `instrument'
actionpack (5.2.3) lib/action_controller/metal/instrumentation.rb:32:in `process_action'
actionpack (5.2.3) lib/action_controller/metal/params_wrapper.rb:256:in `process_action'
activerecord (5.2.3) lib/active_record/railties/controller_runtime.rb:24:in `process_action'
actionpack (5.2.3) lib/abstract_controller/base.rb:134:in `process'
actionview (5.2.3) lib/action_view/rendering.rb:32:in `process'
actionpack (5.2.3) lib/action_controller/metal.rb:191:in `dispatch'
actionpack (5.2.3) lib/action_controller/metal.rb:252:in `dispatch'
actionpack (5.2.3) lib/action_dispatch/routing/route_set.rb:52:in `dispatch'
actionpack (5.2.3) lib/action_dispatch/routing/route_set.rb:34:in `serve'
actionpack (5.2.3) lib/action_dispatch/journey/router.rb:52:in `block in serve'
actionpack (5.2.3) lib/action_dispatch/journey/router.rb:35:in `each'
actionpack (5.2.3) lib/action_dispatch/journey/router.rb:35:in `serve'
actionpack (5.2.3) lib/action_dispatch/routing/route_set.rb:840:in `call'
rack (2.0.7) lib/rack/tempfile_reaper.rb:15:in `call'
rack (2.0.7) lib/rack/etag.rb:25:in `call'
rack (2.0.7) lib/rack/conditional_get.rb:25:in `call'
rack (2.0.7) lib/rack/head.rb:12:in `call'
actionpack (5.2.3) lib/action_dispatch/http/content_security_policy.rb:18:in `call'
rack (2.0.7) lib/rack/session/abstract/id.rb:232:in `context'
rack (2.0.7) lib/rack/session/abstract/id.rb:226:in `call'
actionpack (5.2.3) lib/action_dispatch/middleware/cookies.rb:670:in `call'
activerecord (5.2.3) lib/active_record/migration.rb:559:in `call'
actionpack (5.2.3) lib/action_dispatch/middleware/callbacks.rb:28:in `block in call'
activesupport (5.2.3) lib/active_support/callbacks.rb:98:in `run_callbacks'
actionpack (5.2.3) lib/action_dispatch/middleware/callbacks.rb:26:in `call'
actionpack (5.2.3) lib/action_dispatch/middleware/executor.rb:14:in `call'
actionpack (5.2.3) lib/action_dispatch/middleware/debug_exceptions.rb:61:in `call'
web-console (3.7.0) lib/web_console/middleware.rb:135:in `call_app'
web-console (3.7.0) lib/web_console/middleware.rb:30:in `block in call'
web-console (3.7.0) lib/web_console/middleware.rb:20:in `catch'
web-console (3.7.0) lib/web_console/middleware.rb:20:in `call'
actionpack (5.2.3) lib/action_dispatch/middleware/show_exceptions.rb:33:in `call'
railties (5.2.3) lib/rails/rack/logger.rb:38:in `call_app'
railties (5.2.3) lib/rails/rack/logger.rb:26:in `block in call'
activesupport (5.2.3) lib/active_support/tagged_logging.rb:71:in `block in tagged'
activesupport (5.2.3) lib/active_support/tagged_logging.rb:28:in `tagged'
activesupport (5.2.3) lib/active_support/tagged_logging.rb:71:in `tagged'
railties (5.2.3) lib/rails/rack/logger.rb:26:in `call'
sprockets-rails (3.2.1) lib/sprockets/rails/quiet_assets.rb:13:in `call'
actionpack (5.2.3) lib/action_dispatch/middleware/remote_ip.rb:81:in `call'
actionpack (5.2.3) lib/action_dispatch/middleware/request_id.rb:27:in `call'
rack (2.0.7) lib/rack/method_override.rb:22:in `call'
rack (2.0.7) lib/rack/runtime.rb:22:in `call'
activesupport (5.2.3) lib/active_support/cache/strategy/local_cache_middleware.rb:29:in `call'
actionpack (5.2.3) lib/action_dispatch/middleware/executor.rb:14:in `call'
actionpack (5.2.3) lib/action_dispatch/middleware/static.rb:127:in `call'
rack (2.0.7) lib/rack/sendfile.rb:111:in `call'
railties (5.2.3) lib/rails/engine.rb:524:in `call'
puma (3.12.1) lib/puma/configuration.rb:227:in `call'
puma (3.12.1) lib/puma/server.rb:660:in `handle_request'
puma (3.12.1) lib/puma/server.rb:474:in `process_client'
puma (3.12.1) lib/puma/server.rb:334:in `block in run'
puma (3.12.1) lib/puma/thread_pool.rb:135:in `block in spawn_thread'
Started GET "/customers/new" for ::1 at 2019-08-15 18:32:07 +0800
Processing by CustomersController#new as HTML
  Rendering customers/new.html.erb within layouts/application
  [1m[36mKopi Load (0.9ms)[0m  [1m[34mSELECT "kopis".* FROM "kopis"[0m
  ↳ app/views/customers/new.html.erb:5
  Rendered customers/new.html.erb within layouts/application (119.3ms)
Completed 200 OK in 394ms (Views: 384.8ms | ActiveRecord: 8.1ms)


Started GET "/customers/new" for ::1 at 2019-08-15 18:34:39 +0800
Processing by CustomersController#new as HTML
  Rendering customers/new.html.erb within layouts/application
  [1m[36mKopi Load (0.5ms)[0m  [1m[34mSELECT "kopis".* FROM "kopis"[0m
  ↳ app/views/customers/new.html.erb:5
  Rendered customers/new.html.erb within layouts/application (4.3ms)
Completed 200 OK in 18ms (Views: 17.0ms | ActiveRecord: 0.5ms)


Started GET "/customers/new" for ::1 at 2019-08-15 18:35:14 +0800
Processing by CustomersController#new as HTML
  Rendering customers/new.html.erb within layouts/application
  [1m[36mKopi Load (0.5ms)[0m  [1m[34mSELECT "kopis".* FROM "kopis"[0m
  ↳ app/views/customers/new.html.erb:5
  Rendered customers/new.html.erb within layouts/application (4.3ms)
Completed 200 OK in 18ms (Views: 16.5ms | ActiveRecord: 0.5ms)


Started GET "/customers/new" for ::1 at 2019-08-15 18:36:25 +0800
Processing by CustomersController#new as HTML
  Rendering customers/new.html.erb within layouts/application
  Rendered customers/new.html.erb within layouts/application (0.6ms)
Completed 500 Internal Server Error in 3ms (ActiveRecord: 0.0ms)


  
SyntaxError (/Users/KWAN/pokedex-html/Homework/kopi-tracker/part_three/app/views/customers/new.html.erb:8: syntax error, unexpected tIDENTIFIER, expecting ')'
...er.append=( form.label :Name is );@output_buffer.safe_append...
...                             ^~):
  
app/views/customers/new.html.erb:8: syntax error, unexpected tIDENTIFIER, expecting ')'
Started GET "/customers/new" for ::1 at 2019-08-15 18:36:39 +0800
Processing by CustomersController#new as HTML
  Rendering customers/new.html.erb within layouts/application
  [1m[36mKopi Load (0.4ms)[0m  [1m[34mSELECT "kopis".* FROM "kopis"[0m
  ↳ app/views/customers/new.html.erb:5
  Rendered customers/new.html.erb within layouts/application (3.5ms)
Completed 200 OK in 17ms (Views: 15.9ms | ActiveRecord: 0.4ms)


Started GET "/customers/new" for ::1 at 2019-08-15 18:59:53 +0800
Processing by CustomersController#new as HTML
  Rendering customers/new.html.erb within layouts/application
  [1m[36mKopi Load (1.0ms)[0m  [1m[34mSELECT "kopis".* FROM "kopis"[0m
  ↳ app/views/customers/new.html.erb:5
  Rendered customers/new.html.erb within layouts/application (20.6ms)
Completed 200 OK in 40ms (Views: 23.3ms | ActiveRecord: 12.3ms)


Started POST "/customers" for ::1 at 2019-08-15 19:00:05 +0800
Processing by CustomersController#create as HTML
  Parameters: {"utf8"=>"✓", "authenticity_token"=>"+bTTeaKGdIU2LvvC0W4pgLm4ghlHnj5dI3lM8L+r+AAeYM1i0OhQT+wKmwMrAOW6VI0bYaCohHGKwVjxbok9ag==", "customer"=>{"kopi_ids"=>["", "1", "3"], "name"=>"Keith"}, "commit"=>"Save Customer"}
Completed 500 Internal Server Error in 159ms (ActiveRecord: 0.0ms)


  
NameError (undefined local variable or method `customer_params' for #<CustomersController:0x00007fa09fd467e0>
Did you mean?  customer_path):
  
app/controllers/customers_controller.rb:12:in `create'
Started POST "/customers" for ::1 at 2019-08-15 19:03:01 +0800
Processing by CustomersController#create as HTML
  Parameters: {"utf8"=>"✓", "authenticity_token"=>"+bTTeaKGdIU2LvvC0W4pgLm4ghlHnj5dI3lM8L+r+AAeYM1i0OhQT+wKmwMrAOW6VI0bYaCohHGKwVjxbok9ag==", "customer"=>{"kopi_ids"=>["", "1", "3"], "name"=>"Keith"}, "commit"=>"Save Customer"}
  [1m[36mKopi Load (0.9ms)[0m  [1m[34mSELECT "kopis".* FROM "kopis" WHERE "kopis"."id" IN ($1, $2)[0m  [["id", 1], ["id", 3]]
  ↳ app/controllers/customers_controller.rb:12
  [1m[35m (0.2ms)[0m  [1m[35mBEGIN[0m
  ↳ app/controllers/customers_controller.rb:14
  [1m[36mCustomer Create (40.7ms)[0m  [1m[32mINSERT INTO "customers" ("name", "created_at", "updated_at") VALUES ($1, $2, $3) RETURNING "id"[0m  [["name", "Keith"], ["created_at", "2019-08-15 11:03:01.657856"], ["updated_at", "2019-08-15 11:03:01.657856"]]
  ↳ app/controllers/customers_controller.rb:14
  [1m[36mCustomer::HABTM_Kopis Create (3.6ms)[0m  [1m[32mINSERT INTO "customers_kopis" ("customer_id", "kopi_id", "created_at", "updated_at") VALUES ($1, $2, $3, $4) RETURNING "id"[0m  [["customer_id", 2], ["kopi_id", 1], ["created_at", "2019-08-15 11:03:01.699803"], ["updated_at", "2019-08-15 11:03:01.699803"]]
  ↳ app/controllers/customers_controller.rb:14
  [1m[36mCustomer::HABTM_Kopis Create (0.3ms)[0m  [1m[32mINSERT INTO "customers_kopis" ("customer_id", "kopi_id", "created_at", "updated_at") VALUES ($1, $2, $3, $4) RETURNING "id"[0m  [["customer_id", 2], ["kopi_id", 3], ["created_at", "2019-08-15 11:03:01.704343"], ["updated_at", "2019-08-15 11:03:01.704343"]]
  ↳ app/controllers/customers_controller.rb:14
  [1m[35m (0.4ms)[0m  [1m[35mCOMMIT[0m
  ↳ app/controllers/customers_controller.rb:14
Redirected to http://localhost:3000/customers/2
Completed 302 Found in 156ms (ActiveRecord: 64.6ms)


Started GET "/customers/2" for ::1 at 2019-08-15 19:03:01 +0800
Processing by CustomersController#show as HTML
  Parameters: {"id"=>"2"}
Completed 406 Not Acceptable in 25ms (ActiveRecord: 0.0ms)


  
ActionController::UnknownFormat (CustomersController#show is missing a template for this request format and variant.

request.formats: ["text/html"]
request.variant: []

NOTE! For XHR/Ajax or API requests, this action would normally respond with 204 No Content: an empty white screen. Since you're loading it in a web browser, we assume that you expected to actually render a template, not nothing, so we're showing an error to be extra-clear. If you expect 204 No Content, carry on. That's what you'll get from an XHR or API request. Give it a shot.):
  
actionpack (5.2.3) lib/action_controller/metal/implicit_render.rb:55:in `default_render'
actionpack (5.2.3) lib/action_controller/metal/basic_implicit_render.rb:6:in `block in send_action'
actionpack (5.2.3) lib/action_controller/metal/basic_implicit_render.rb:6:in `tap'
actionpack (5.2.3) lib/action_controller/metal/basic_implicit_render.rb:6:in `send_action'
actionpack (5.2.3) lib/abstract_controller/base.rb:194:in `process_action'
actionpack (5.2.3) lib/action_controller/metal/rendering.rb:30:in `process_action'
actionpack (5.2.3) lib/abstract_controller/callbacks.rb:42:in `block in process_action'
activesupport (5.2.3) lib/active_support/callbacks.rb:132:in `run_callbacks'
actionpack (5.2.3) lib/abstract_controller/callbacks.rb:41:in `process_action'
actionpack (5.2.3) lib/action_controller/metal/rescue.rb:22:in `process_action'
actionpack (5.2.3) lib/action_controller/metal/instrumentation.rb:34:in `block in process_action'
activesupport (5.2.3) lib/active_support/notifications.rb:168:in `block in instrument'
activesupport (5.2.3) lib/active_support/notifications/instrumenter.rb:23:in `instrument'
activesupport (5.2.3) lib/active_support/notifications.rb:168:in `instrument'
actionpack (5.2.3) lib/action_controller/metal/instrumentation.rb:32:in `process_action'
actionpack (5.2.3) lib/action_controller/metal/params_wrapper.rb:256:in `process_action'
activerecord (5.2.3) lib/active_record/railties/controller_runtime.rb:24:in `process_action'
actionpack (5.2.3) lib/abstract_controller/base.rb:134:in `process'
actionview (5.2.3) lib/action_view/rendering.rb:32:in `process'
actionpack (5.2.3) lib/action_controller/metal.rb:191:in `dispatch'
actionpack (5.2.3) lib/action_controller/metal.rb:252:in `dispatch'
actionpack (5.2.3) lib/action_dispatch/routing/route_set.rb:52:in `dispatch'
actionpack (5.2.3) lib/action_dispatch/routing/route_set.rb:34:in `serve'
actionpack (5.2.3) lib/action_dispatch/journey/router.rb:52:in `block in serve'
actionpack (5.2.3) lib/action_dispatch/journey/router.rb:35:in `each'
actionpack (5.2.3) lib/action_dispatch/journey/router.rb:35:in `serve'
actionpack (5.2.3) lib/action_dispatch/routing/route_set.rb:840:in `call'
rack (2.0.7) lib/rack/tempfile_reaper.rb:15:in `call'
rack (2.0.7) lib/rack/etag.rb:25:in `call'
rack (2.0.7) lib/rack/conditional_get.rb:25:in `call'
rack (2.0.7) lib/rack/head.rb:12:in `call'
actionpack (5.2.3) lib/action_dispatch/http/content_security_policy.rb:18:in `call'
rack (2.0.7) lib/rack/session/abstract/id.rb:232:in `context'
rack (2.0.7) lib/rack/session/abstract/id.rb:226:in `call'
actionpack (5.2.3) lib/action_dispatch/middleware/cookies.rb:670:in `call'
activerecord (5.2.3) lib/active_record/migration.rb:559:in `call'
actionpack (5.2.3) lib/action_dispatch/middleware/callbacks.rb:28:in `block in call'
activesupport (5.2.3) lib/active_support/callbacks.rb:98:in `run_callbacks'
actionpack (5.2.3) lib/action_dispatch/middleware/callbacks.rb:26:in `call'
actionpack (5.2.3) lib/action_dispatch/middleware/executor.rb:14:in `call'
actionpack (5.2.3) lib/action_dispatch/middleware/debug_exceptions.rb:61:in `call'
web-console (3.7.0) lib/web_console/middleware.rb:135:in `call_app'
web-console (3.7.0) lib/web_console/middleware.rb:30:in `block in call'
web-console (3.7.0) lib/web_console/middleware.rb:20:in `catch'
web-console (3.7.0) lib/web_console/middleware.rb:20:in `call'
actionpack (5.2.3) lib/action_dispatch/middleware/show_exceptions.rb:33:in `call'
railties (5.2.3) lib/rails/rack/logger.rb:38:in `call_app'
railties (5.2.3) lib/rails/rack/logger.rb:26:in `block in call'
activesupport (5.2.3) lib/active_support/tagged_logging.rb:71:in `block in tagged'
activesupport (5.2.3) lib/active_support/tagged_logging.rb:28:in `tagged'
activesupport (5.2.3) lib/active_support/tagged_logging.rb:71:in `tagged'
railties (5.2.3) lib/rails/rack/logger.rb:26:in `call'
sprockets-rails (3.2.1) lib/sprockets/rails/quiet_assets.rb:13:in `call'
actionpack (5.2.3) lib/action_dispatch/middleware/remote_ip.rb:81:in `call'
actionpack (5.2.3) lib/action_dispatch/middleware/request_id.rb:27:in `call'
rack (2.0.7) lib/rack/method_override.rb:22:in `call'
rack (2.0.7) lib/rack/runtime.rb:22:in `call'
activesupport (5.2.3) lib/active_support/cache/strategy/local_cache_middleware.rb:29:in `call'
actionpack (5.2.3) lib/action_dispatch/middleware/executor.rb:14:in `call'
actionpack (5.2.3) lib/action_dispatch/middleware/static.rb:127:in `call'
rack (2.0.7) lib/rack/sendfile.rb:111:in `call'
railties (5.2.3) lib/rails/engine.rb:524:in `call'
puma (3.12.1) lib/puma/configuration.rb:227:in `call'
puma (3.12.1) lib/puma/server.rb:660:in `handle_request'
puma (3.12.1) lib/puma/server.rb:474:in `process_client'
puma (3.12.1) lib/puma/server.rb:334:in `block in run'
puma (3.12.1) lib/puma/thread_pool.rb:135:in `block in spawn_thread'
Started GET "/customers/2" for ::1 at 2019-08-15 19:06:48 +0800
Processing by CustomersController#show as HTML
  Parameters: {"id"=>"2"}
  Rendering customers/show.html.erb within layouts/application
  Rendered customers/show.html.erb within layouts/application (2.4ms)
Completed 500 Internal Server Error in 12ms (ActiveRecord: 0.0ms)


  
ActionView::Template::Error (undefined method `name' for nil:NilClass):
    1: <p>
    2:   <strong>Name:</strong>
    3:   <%= @customer.name %>
    4: </p>
    5: 
    6: <p>
  
app/views/customers/show.html.erb:3:in `_app_views_customers_show_html_erb__3555787634453718134_70163925270920'
Started GET "/customers/2" for ::1 at 2019-08-15 19:08:30 +0800
Processing by CustomersController#show as HTML
  Parameters: {"id"=>"2"}
  [1m[36mCustomer Load (0.4ms)[0m  [1m[34mSELECT  "customers".* FROM "customers" WHERE "customers"."id" = $1 LIMIT $2[0m  [["id", 2], ["LIMIT", 1]]
  ↳ app/controllers/customers_controller.rb:20
  Rendering customers/show.html.erb within layouts/application
  Rendered customers/show.html.erb within layouts/application (2.0ms)
Completed 500 Internal Server Error in 21ms (ActiveRecord: 7.0ms)


  
ActionView::Template::Error (undefined method `name' for nil:NilClass):
     5: 
     6: <p>
     7:   <strong>Kopi:</strong>
     8:   <%= @kopi.name %>
     9: </p>
    10: 
    11: <%= link_to 'Back to Origins Index', root_path %>
  
app/views/customers/show.html.erb:8:in `_app_views_customers_show_html_erb__3555787634453718134_70163987698420'
Started GET "/customers/2" for ::1 at 2019-08-15 19:09:07 +0800
Processing by CustomersController#show as HTML
  Parameters: {"id"=>"2"}
  [1m[36mCustomer Load (0.3ms)[0m  [1m[34mSELECT  "customers".* FROM "customers" WHERE "customers"."id" = $1 LIMIT $2[0m  [["id", 2], ["LIMIT", 1]]
  ↳ app/controllers/customers_controller.rb:20
  Rendering customers/show.html.erb within layouts/application
  Rendered customers/show.html.erb within layouts/application (1.6ms)
Completed 500 Internal Server Error in 5ms (ActiveRecord: 0.3ms)


  
ActionView::Template::Error (undefined method `name' for nil:NilClass):
     5: 
     6: <!-- <p>
     7:   <strong>Kopi:</strong>
     8:   <%= @kopi.name %>
     9: </p> -->
    10: 
    11: <%= link_to 'Back to Origins Index', root_path %>
  
app/views/customers/show.html.erb:8:in `_app_views_customers_show_html_erb__3555787634453718134_70163930943560'
Started GET "/customers/2" for ::1 at 2019-08-15 19:09:24 +0800
Processing by CustomersController#show as HTML
  Parameters: {"id"=>"2"}
  [1m[36mCustomer Load (0.4ms)[0m  [1m[34mSELECT  "customers".* FROM "customers" WHERE "customers"."id" = $1 LIMIT $2[0m  [["id", 2], ["LIMIT", 1]]
  ↳ app/controllers/customers_controller.rb:20
  Rendering customers/show.html.erb within layouts/application
  Rendered customers/show.html.erb within layouts/application (1.9ms)
Completed 500 Internal Server Error in 5ms (ActiveRecord: 0.4ms)


  
ActionView::Template::Error (undefined method `name' for nil:NilClass):
     5: 
     6: <!-- <p>
     7:   <strong>Kopi:</strong>
     8:   <%= @kopi.name %>
     9: </p> -->
    10: 
    11: <%= link_to 'Back to Origins Index', root_path %>
  
app/views/customers/show.html.erb:8:in `_app_views_customers_show_html_erb__3555787634453718134_70163930483000'
Started GET "/customers/2" for ::1 at 2019-08-15 19:09:42 +0800
Processing by CustomersController#show as HTML
  Parameters: {"id"=>"2"}
  [1m[36mCustomer Load (0.4ms)[0m  [1m[34mSELECT  "customers".* FROM "customers" WHERE "customers"."id" = $1 LIMIT $2[0m  [["id", 2], ["LIMIT", 1]]
  ↳ app/controllers/customers_controller.rb:20
  Rendering customers/show.html.erb within layouts/application
  Rendered customers/show.html.erb within layouts/application (0.5ms)
Completed 200 OK in 20ms (Views: 18.2ms | ActiveRecord: 0.4ms)


Started GET "/customers/2" for ::1 at 2019-08-15 19:10:49 +0800
Processing by CustomersController#show as HTML
  Parameters: {"id"=>"2"}
  [1m[36mCustomer Load (0.6ms)[0m  [1m[34mSELECT  "customers".* FROM "customers" WHERE "customers"."id" = $1 LIMIT $2[0m  [["id", 2], ["LIMIT", 1]]
  ↳ app/controllers/customers_controller.rb:20
  Rendering customers/show.html.erb within layouts/application
  Rendered customers/show.html.erb within layouts/application (0.5ms)
Completed 200 OK in 15ms (Views: 13.2ms | ActiveRecord: 0.6ms)


Started GET "/customers/2" for ::1 at 2019-08-15 19:16:48 +0800
Processing by CustomersController#show as HTML
  Parameters: {"id"=>"2"}
  [1m[36mCustomer Load (0.8ms)[0m  [1m[34mSELECT  "customers".* FROM "customers" WHERE "customers"."id" = $1 LIMIT $2[0m  [["id", 2], ["LIMIT", 1]]
  ↳ app/controllers/customers_controller.rb:20
  Rendering customers/show.html.erb within layouts/application
  [1m[36mKopi Load (1.0ms)[0m  [1m[34mSELECT "kopis".* FROM "kopis" INNER JOIN "customers_kopis" ON "kopis"."id" = "customers_kopis"."kopi_id" WHERE "customers_kopis"."customer_id" = $1[0m  [["customer_id", 2]]
  ↳ app/views/customers/show.html.erb:7
  Rendered customers/show.html.erb within layouts/application (38.5ms)
Completed 200 OK in 55ms (Views: 40.6ms | ActiveRecord: 12.5ms)


Started GET "/customers/2" for ::1 at 2019-08-15 19:17:58 +0800
Processing by CustomersController#show as HTML
  Parameters: {"id"=>"2"}
  [1m[36mCustomer Load (0.5ms)[0m  [1m[34mSELECT  "customers".* FROM "customers" WHERE "customers"."id" = $1 LIMIT $2[0m  [["id", 2], ["LIMIT", 1]]
  ↳ app/controllers/customers_controller.rb:20
  Rendering customers/show.html.erb within layouts/application
  [1m[36mKopi Load (0.6ms)[0m  [1m[34mSELECT "kopis".* FROM "kopis" INNER JOIN "customers_kopis" ON "kopis"."id" = "customers_kopis"."kopi_id" WHERE "customers_kopis"."customer_id" = $1[0m  [["customer_id", 2]]
  ↳ app/views/customers/show.html.erb:8
  Rendered customers/show.html.erb within layouts/application (2.3ms)
Completed 200 OK in 14ms (Views: 11.6ms | ActiveRecord: 1.1ms)


Started GET "/customers/2" for ::1 at 2019-08-15 19:18:20 +0800
Processing by CustomersController#show as HTML
  Parameters: {"id"=>"2"}
  [1m[36mCustomer Load (0.4ms)[0m  [1m[34mSELECT  "customers".* FROM "customers" WHERE "customers"."id" = $1 LIMIT $2[0m  [["id", 2], ["LIMIT", 1]]
  ↳ app/controllers/customers_controller.rb:20
  Rendering customers/show.html.erb within layouts/application
  [1m[36mKopi Load (0.8ms)[0m  [1m[34mSELECT "kopis".* FROM "kopis" INNER JOIN "customers_kopis" ON "kopis"."id" = "customers_kopis"."kopi_id" WHERE "customers_kopis"."customer_id" = $1[0m  [["customer_id", 2]]
  ↳ app/views/customers/show.html.erb:8
  Rendered customers/show.html.erb within layouts/application (2.4ms)
Completed 200 OK in 15ms (Views: 12.3ms | ActiveRecord: 1.2ms)


Started GET "/customers/2" for ::1 at 2019-08-15 19:41:21 +0800
Processing by CustomersController#show as HTML
  Parameters: {"id"=>"2"}
  [1m[36mCustomer Load (0.6ms)[0m  [1m[34mSELECT  "customers".* FROM "customers" WHERE "customers"."id" = $1 LIMIT $2[0m  [["id", 2], ["LIMIT", 1]]
  ↳ app/controllers/customers_controller.rb:20
  Rendering customers/show.html.erb within layouts/application
  [1m[36mKopi Load (1.0ms)[0m  [1m[34mSELECT "kopis".* FROM "kopis" INNER JOIN "customers_kopis" ON "kopis"."id" = "customers_kopis"."kopi_id" WHERE "customers_kopis"."customer_id" = $1[0m  [["customer_id", 2]]
  ↳ app/views/customers/show.html.erb:8
  Rendered customers/show.html.erb within layouts/application (19.5ms)
Completed 200 OK in 98ms (Views: 63.5ms | ActiveRecord: 16.7ms)


Started GET "/" for ::1 at 2019-08-15 19:41:24 +0800
Processing by CustomersController#index as HTML
Completed 500 Internal Server Error in 2ms (ActiveRecord: 0.0ms)


  
NameError (uninitialized constant CustomersController::Customers):
  
app/controllers/customers_controller.rb:4:in `index'
Started GET "/" for ::1 at 2019-08-15 19:42:20 +0800
Processing by CustomersController#index as HTML
Completed 500 Internal Server Error in 2ms (ActiveRecord: 0.0ms)


  
NameError (uninitialized constant CustomersController::Customers):
  
app/controllers/customers_controller.rb:4:in `index'
Started GET "/" for ::1 at 2019-08-15 19:43:43 +0800
Processing by CustomersController#index as HTML
  Rendering customers/index.html.erb within layouts/application
  Rendered customers/index.html.erb within layouts/application (0.3ms)
Completed 200 OK in 17ms (Views: 12.5ms | ActiveRecord: 0.0ms)


Started GET "/customers/:id/edit" for ::1 at 2019-08-15 19:46:24 +0800
Processing by CustomersController#edit as HTML
  Parameters: {"id"=>":id"}
  [1m[36mCustomer Load (0.2ms)[0m  [1m[34mSELECT  "customers".* FROM "customers" WHERE "customers"."id" = $1 LIMIT $2[0m  [["id", 0], ["LIMIT", 1]]
  ↳ app/controllers/customers_controller.rb:24
Completed 404 Not Found in 10ms (ActiveRecord: 5.7ms)


  
ActiveRecord::RecordNotFound (Couldn't find Customer with 'id'=:id):
  
app/controllers/customers_controller.rb:24:in `edit'
Started GET "/customers/2/edit" for ::1 at 2019-08-15 19:46:44 +0800
Processing by CustomersController#edit as HTML
  Parameters: {"id"=>"2"}
  [1m[36mCustomer Load (0.4ms)[0m  [1m[34mSELECT  "customers".* FROM "customers" WHERE "customers"."id" = $1 LIMIT $2[0m  [["id", 2], ["LIMIT", 1]]
  ↳ app/controllers/customers_controller.rb:24
  Rendering customers/edit.html.erb within layouts/application
  Rendered customers/edit.html.erb within layouts/application (2.9ms)
Completed 500 Internal Server Error in 11ms (ActiveRecord: 0.4ms)


  
ActionView::Template::Error (undefined method `map' for nil:NilClass):
    2: 
    3: <%= form_with scope: :customer, model: @customer, local: true do |form| %>
    4: 
    5: <%= form.collection_check_boxes :kopi_ids, @kopis, :id, :name %>
    6: 
    7: 	<p>
    8: 		<%= form.label :Name %><br>
  
app/views/customers/edit.html.erb:5:in `block in _app_views_customers_edit_html_erb__1348788313661439962_70163995165320'
app/views/customers/edit.html.erb:3:in `_app_views_customers_edit_html_erb__1348788313661439962_70163995165320'
Started GET "/customers/2/edit" for ::1 at 2019-08-15 19:51:05 +0800
Processing by CustomersController#edit as HTML
  Parameters: {"id"=>"2"}
  [1m[36mCustomer Load (0.4ms)[0m  [1m[34mSELECT  "customers".* FROM "customers" WHERE "customers"."id" = $1 LIMIT $2[0m  [["id", 2], ["LIMIT", 1]]
  ↳ app/controllers/customers_controller.rb:24
  Rendering customers/edit.html.erb within layouts/application
  Rendered customers/edit.html.erb within layouts/application (0.4ms)
Completed 200 OK in 15ms (Views: 13.1ms | ActiveRecord: 0.4ms)


Started GET "/customers/2/edit" for ::1 at 2019-08-15 19:51:40 +0800
Processing by CustomersController#edit as HTML
  Parameters: {"id"=>"2"}
  [1m[36mCustomer Load (0.3ms)[0m  [1m[34mSELECT  "customers".* FROM "customers" WHERE "customers"."id" = $1 LIMIT $2[0m  [["id", 2], ["LIMIT", 1]]
  ↳ app/controllers/customers_controller.rb:24
  Rendering customers/edit.html.erb within layouts/application
  Rendered customers/edit.html.erb within layouts/application (2.5ms)
Completed 200 OK in 18ms (Views: 16.2ms | ActiveRecord: 0.3ms)


Started GET "/customers/2/edit" for ::1 at 2019-08-15 19:54:27 +0800
Processing by CustomersController#edit as HTML
  Parameters: {"id"=>"2"}
  [1m[36mCustomer Load (0.3ms)[0m  [1m[34mSELECT  "customers".* FROM "customers" WHERE "customers"."id" = $1 LIMIT $2[0m  [["id", 2], ["LIMIT", 1]]
  ↳ app/controllers/customers_controller.rb:24
  Rendering customers/edit.html.erb within layouts/application
  [1m[36mKopi Load (0.4ms)[0m  [1m[34mSELECT "kopis".* FROM "kopis"[0m
  ↳ app/views/customers/edit.html.erb:5
  [1m[35m (0.6ms)[0m  [1m[34mSELECT "kopis"."id" FROM "kopis" INNER JOIN "customers_kopis" ON "kopis"."id" = "customers_kopis"."kopi_id" WHERE "customers_kopis"."customer_id" = $1[0m  [["customer_id", 2]]
  ↳ app/views/customers/edit.html.erb:5
  Rendered customers/edit.html.erb within layouts/application (21.2ms)
Completed 200 OK in 86ms (Views: 51.6ms | ActiveRecord: 17.7ms)


Started GET "/customers/2/edit" for ::1 at 2019-08-15 20:00:38 +0800
Processing by CustomersController#edit as HTML
  Parameters: {"id"=>"2"}
  [1m[36mCustomer Load (0.5ms)[0m  [1m[34mSELECT  "customers".* FROM "customers" WHERE "customers"."id" = $1 LIMIT $2[0m  [["id", 2], ["LIMIT", 1]]
  ↳ app/controllers/customers_controller.rb:23
  Rendering customers/edit.html.erb within layouts/application
  [1m[36mKopi Load (0.6ms)[0m  [1m[34mSELECT "kopis".* FROM "kopis"[0m
  ↳ app/views/customers/edit.html.erb:5
  [1m[35m (0.8ms)[0m  [1m[34mSELECT "kopis"."id" FROM "kopis" INNER JOIN "customers_kopis" ON "kopis"."id" = "customers_kopis"."kopi_id" WHERE "customers_kopis"."customer_id" = $1[0m  [["customer_id", 2]]
  ↳ app/views/customers/edit.html.erb:5
  Rendered customers/edit.html.erb within layouts/application (17.9ms)
Completed 200 OK in 57ms (Views: 25.2ms | ActiveRecord: 17.7ms)


Started PATCH "/customers/2" for ::1 at 2019-08-15 20:00:51 +0800
Processing by CustomersController#update as HTML
  Parameters: {"utf8"=>"✓", "authenticity_token"=>"TezVgg9BNstOJrAK0F6QJXWuw8atb+XsIxO+kHyIQTCqOMuZfS8SAZQC0MsqMFwfmJtavkpZX8CKq6qRraqEWg==", "customer"=>{"kopi_ids"=>["", "1", "2", "3", "4"], "name"=>"Keith"}, "commit"=>"Update Customer", "id"=>"2"}
  [1m[36mCustomer Load (0.5ms)[0m  [1m[34mSELECT  "customers".* FROM "customers" WHERE "customers"."id" = $1 LIMIT $2[0m  [["id", 2], ["LIMIT", 1]]
  ↳ app/controllers/customers_controller.rb:28
Completed 500 Internal Server Error in 129ms (ActiveRecord: 0.5ms)


  
NameError (undefined local variable or method `article_params' for #<CustomersController:0x00007fa0a724e330>):
  
app/controllers/customers_controller.rb:30:in `update'
Started PATCH "/customers/2" for ::1 at 2019-08-15 20:01:23 +0800
Processing by CustomersController#update as HTML
  Parameters: {"utf8"=>"✓", "authenticity_token"=>"TezVgg9BNstOJrAK0F6QJXWuw8atb+XsIxO+kHyIQTCqOMuZfS8SAZQC0MsqMFwfmJtavkpZX8CKq6qRraqEWg==", "customer"=>{"kopi_ids"=>["", "1", "2", "3", "4"], "name"=>"Keith"}, "commit"=>"Update Customer", "id"=>"2"}
  [1m[36mCustomer Load (0.2ms)[0m  [1m[34mSELECT  "customers".* FROM "customers" WHERE "customers"."id" = $1 LIMIT $2[0m  [["id", 2], ["LIMIT", 1]]
  ↳ app/controllers/customers_controller.rb:28
  [1m[35m (0.2ms)[0m  [1m[35mBEGIN[0m
  ↳ app/controllers/customers_controller.rb:30
  [1m[36mKopi Load (0.6ms)[0m  [1m[34mSELECT "kopis".* FROM "kopis" WHERE "kopis"."id" IN ($1, $2, $3, $4)[0m  [["id", 1], ["id", 2], ["id", 3], ["id", 4]]
  ↳ app/controllers/customers_controller.rb:30
  [1m[36mKopi Load (0.4ms)[0m  [1m[34mSELECT "kopis".* FROM "kopis" INNER JOIN "customers_kopis" ON "kopis"."id" = "customers_kopis"."kopi_id" WHERE "customers_kopis"."customer_id" = $1[0m  [["customer_id", 2]]
  ↳ app/controllers/customers_controller.rb:30
  [1m[36mCustomer::HABTM_Kopis Create (1.3ms)[0m  [1m[32mINSERT INTO "customers_kopis" ("customer_id", "kopi_id", "created_at", "updated_at") VALUES ($1, $2, $3, $4) RETURNING "id"[0m  [["customer_id", 2], ["kopi_id", 2], ["created_at", "2019-08-15 12:01:23.419789"], ["updated_at", "2019-08-15 12:01:23.419789"]]
  ↳ app/controllers/customers_controller.rb:30
  [1m[36mCustomer::HABTM_Kopis Create (0.3ms)[0m  [1m[32mINSERT INTO "customers_kopis" ("customer_id", "kopi_id", "created_at", "updated_at") VALUES ($1, $2, $3, $4) RETURNING "id"[0m  [["customer_id", 2], ["kopi_id", 4], ["created_at", "2019-08-15 12:01:23.422655"], ["updated_at", "2019-08-15 12:01:23.422655"]]
  ↳ app/controllers/customers_controller.rb:30
  [1m[35m (41.0ms)[0m  [1m[35mCOMMIT[0m
  ↳ app/controllers/customers_controller.rb:30
Redirected to http://localhost:3000/customers/2
Completed 302 Found in 92ms (ActiveRecord: 59.9ms)


Started GET "/customers/2" for ::1 at 2019-08-15 20:01:23 +0800
Processing by CustomersController#show as HTML
  Parameters: {"id"=>"2"}
  [1m[36mCustomer Load (0.3ms)[0m  [1m[34mSELECT  "customers".* FROM "customers" WHERE "customers"."id" = $1 LIMIT $2[0m  [["id", 2], ["LIMIT", 1]]
  ↳ app/controllers/customers_controller.rb:19
  Rendering customers/show.html.erb within layouts/application
  [1m[36mKopi Load (0.6ms)[0m  [1m[34mSELECT "kopis".* FROM "kopis" INNER JOIN "customers_kopis" ON "kopis"."id" = "customers_kopis"."kopi_id" WHERE "customers_kopis"."customer_id" = $1[0m  [["customer_id", 2]]
  ↳ app/views/customers/show.html.erb:8
  Rendered customers/show.html.erb within layouts/application (2.4ms)
Completed 200 OK in 17ms (Views: 15.0ms | ActiveRecord: 0.9ms)


Started GET "/customers/2/edit" for ::1 at 2019-08-15 20:01:44 +0800
Processing by CustomersController#edit as HTML
  Parameters: {"id"=>"2"}
  [1m[36mCustomer Load (0.3ms)[0m  [1m[34mSELECT  "customers".* FROM "customers" WHERE "customers"."id" = $1 LIMIT $2[0m  [["id", 2], ["LIMIT", 1]]
  ↳ app/controllers/customers_controller.rb:23
  Rendering customers/edit.html.erb within layouts/application
  [1m[36mKopi Load (0.4ms)[0m  [1m[34mSELECT "kopis".* FROM "kopis"[0m
  ↳ app/views/customers/edit.html.erb:5
  [1m[35m (0.5ms)[0m  [1m[34mSELECT "kopis"."id" FROM "kopis" INNER JOIN "customers_kopis" ON "kopis"."id" = "customers_kopis"."kopi_id" WHERE "customers_kopis"."customer_id" = $1[0m  [["customer_id", 2]]
  ↳ app/views/customers/edit.html.erb:5
  Rendered customers/edit.html.erb within layouts/application (6.2ms)
Completed 200 OK in 19ms (Views: 16.5ms | ActiveRecord: 1.2ms)


Started GET "/" for ::1 at 2019-08-15 20:01:46 +0800
Processing by CustomersController#index as HTML
  Rendering customers/index.html.erb within layouts/application
  [1m[36mCustomer Load (0.4ms)[0m  [1m[34mSELECT  "customers".* FROM "customers" LIMIT $1[0m  [["LIMIT", 11]]
  ↳ /Users/KWAN/.rbenv/versions/2.6.3/lib/ruby/gems/2.6.0/gems/activerecord-5.2.3/lib/active_record/log_subscriber.rb:98
  [1m[36mCACHE Customer Load (0.0ms)[0m  [1m[34mSELECT  "customers".* FROM "customers" LIMIT $1[0m  [["LIMIT", 11]]
  ↳ /Users/KWAN/.rbenv/versions/2.6.3/lib/ruby/gems/2.6.0/gems/activerecord-5.2.3/lib/active_record/log_subscriber.rb:98
  [1m[36mCACHE Customer Load (0.0ms)[0m  [1m[34mSELECT  "customers".* FROM "customers" LIMIT $1[0m  [["LIMIT", 11]]
  ↳ /Users/KWAN/.rbenv/versions/2.6.3/lib/ruby/gems/2.6.0/gems/activerecord-5.2.3/lib/active_record/log_subscriber.rb:98
  [1m[36mCACHE Customer Load (0.0ms)[0m  [1m[34mSELECT  "customers".* FROM "customers" LIMIT $1[0m  [["LIMIT", 11]]
  ↳ /Users/KWAN/.rbenv/versions/2.6.3/lib/ruby/gems/2.6.0/gems/activerecord-5.2.3/lib/active_record/log_subscriber.rb:98
  [1m[36mCACHE Customer Load (0.0ms)[0m  [1m[34mSELECT  "customers".* FROM "customers" LIMIT $1[0m  [["LIMIT", 11]]
  ↳ /Users/KWAN/.rbenv/versions/2.6.3/lib/ruby/gems/2.6.0/gems/activerecord-5.2.3/lib/active_record/log_subscriber.rb:98
  [1m[36mCACHE Customer Load (0.0ms)[0m  [1m[34mSELECT  "customers".* FROM "customers" LIMIT $1[0m  [["LIMIT", 11]]
  ↳ /Users/KWAN/.rbenv/versions/2.6.3/lib/ruby/gems/2.6.0/gems/activerecord-5.2.3/lib/active_record/log_subscriber.rb:98
  [1m[36mCACHE Customer Load (0.0ms)[0m  [1m[34mSELECT  "customers".* FROM "customers" LIMIT $1[0m  [["LIMIT", 11]]
  ↳ /Users/KWAN/.rbenv/versions/2.6.3/lib/ruby/gems/2.6.0/gems/activerecord-5.2.3/lib/active_record/log_subscriber.rb:98
  [1m[36mCACHE Customer Load (0.0ms)[0m  [1m[34mSELECT  "customers".* FROM "customers" LIMIT $1[0m  [["LIMIT", 11]]
  ↳ /Users/KWAN/.rbenv/versions/2.6.3/lib/ruby/gems/2.6.0/gems/activerecord-5.2.3/lib/active_record/log_subscriber.rb:98
  Rendered customers/index.html.erb within layouts/application (193.0ms)
Completed 500 Internal Server Error in 195ms (ActiveRecord: 0.5ms)


  
ActionView::Template::Error (undefined local variable or method `customer' for #<#<Class:0x00007fa0a65106c8>:0x00007fa0a724e128>
Did you mean?  @customers):
    1: <h1>index</h1>
    2: 
    3: <td><%= link_to 'Edit', edit_customer_path(customer) %></td>
  
app/views/customers/index.html.erb:3:in `_app_views_customers_index_html_erb___3639843617313457423_70163987855100'
Started GET "/" for ::1 at 2019-08-15 20:03:38 +0800
Processing by CustomersController#index as HTML
  Rendering customers/index.html.erb within layouts/application
  [1m[36mCustomer Load (0.4ms)[0m  [1m[34mSELECT  "customers".* FROM "customers" LIMIT $1[0m  [["LIMIT", 11]]
  ↳ /Users/KWAN/.rbenv/versions/2.6.3/lib/ruby/gems/2.6.0/gems/activerecord-5.2.3/lib/active_record/log_subscriber.rb:98
  [1m[36mCACHE Customer Load (0.0ms)[0m  [1m[34mSELECT  "customers".* FROM "customers" LIMIT $1[0m  [["LIMIT", 11]]
  ↳ /Users/KWAN/.rbenv/versions/2.6.3/lib/ruby/gems/2.6.0/gems/activerecord-5.2.3/lib/active_record/log_subscriber.rb:98
  [1m[36mCACHE Customer Load (0.0ms)[0m  [1m[34mSELECT  "customers".* FROM "customers" LIMIT $1[0m  [["LIMIT", 11]]
  ↳ /Users/KWAN/.rbenv/versions/2.6.3/lib/ruby/gems/2.6.0/gems/activerecord-5.2.3/lib/active_record/log_subscriber.rb:98
  [1m[36mCACHE Customer Load (0.0ms)[0m  [1m[34mSELECT  "customers".* FROM "customers" LIMIT $1[0m  [["LIMIT", 11]]
  ↳ /Users/KWAN/.rbenv/versions/2.6.3/lib/ruby/gems/2.6.0/gems/activerecord-5.2.3/lib/active_record/log_subscriber.rb:98
  [1m[36mCACHE Customer Load (0.0ms)[0m  [1m[34mSELECT  "customers".* FROM "customers" LIMIT $1[0m  [["LIMIT", 11]]
  ↳ /Users/KWAN/.rbenv/versions/2.6.3/lib/ruby/gems/2.6.0/gems/activerecord-5.2.3/lib/active_record/log_subscriber.rb:98
  [1m[36mCACHE Customer Load (0.0ms)[0m  [1m[34mSELECT  "customers".* FROM "customers" LIMIT $1[0m  [["LIMIT", 11]]
  ↳ /Users/KWAN/.rbenv/versions/2.6.3/lib/ruby/gems/2.6.0/gems/activerecord-5.2.3/lib/active_record/log_subscriber.rb:98
  [1m[36mCACHE Customer Load (0.0ms)[0m  [1m[34mSELECT  "customers".* FROM "customers" LIMIT $1[0m  [["LIMIT", 11]]
  ↳ /Users/KWAN/.rbenv/versions/2.6.3/lib/ruby/gems/2.6.0/gems/activerecord-5.2.3/lib/active_record/log_subscriber.rb:98
  [1m[36mCACHE Customer Load (0.0ms)[0m  [1m[34mSELECT  "customers".* FROM "customers" LIMIT $1[0m  [["LIMIT", 11]]
  ↳ /Users/KWAN/.rbenv/versions/2.6.3/lib/ruby/gems/2.6.0/gems/activerecord-5.2.3/lib/active_record/log_subscriber.rb:98
  Rendered customers/index.html.erb within layouts/application (202.9ms)
Completed 500 Internal Server Error in 206ms (ActiveRecord: 0.5ms)


  
ActionView::Template::Error (undefined local variable or method `customer' for #<#<Class:0x00007fa0a65106c8>:0x00007fa0a740d180>
Did you mean?  @customers):
    1: <h1>index</h1>
    2: 
    3: <td><%= link_to 'Edit', edit_customer_path(customer) %></td>
  
app/views/customers/index.html.erb:3:in `_app_views_customers_index_html_erb___3639843617313457423_70163988770200'
Started PATCH "/customers/2" for ::1 at 2019-08-15 20:03:55 +0800
Processing by CustomersController#update as HTML
  Parameters: {"utf8"=>"✓", "authenticity_token"=>"NtSuR19gjRwUM9ERvXjIEseCV2sSQ7jMSmBDwpqrO7DRALBcLQ6p1s4XsdBHFgQoKrfOE/V1AuDj2FfDS4n+2g==", "customer"=>{"kopi_ids"=>["", "1", "4", "5"], "name"=>"Keith"}, "commit"=>"Update Customer", "id"=>"2"}
  [1m[36mCustomer Load (0.4ms)[0m  [1m[34mSELECT  "customers".* FROM "customers" WHERE "customers"."id" = $1 LIMIT $2[0m  [["id", 2], ["LIMIT", 1]]
  ↳ app/controllers/customers_controller.rb:28
  [1m[35m (0.1ms)[0m  [1m[35mBEGIN[0m
  ↳ app/controllers/customers_controller.rb:30
  [1m[36mKopi Load (0.4ms)[0m  [1m[34mSELECT "kopis".* FROM "kopis" WHERE "kopis"."id" IN ($1, $2, $3)[0m  [["id", 1], ["id", 4], ["id", 5]]
  ↳ app/controllers/customers_controller.rb:30
  [1m[36mKopi Load (0.5ms)[0m  [1m[34mSELECT "kopis".* FROM "kopis" INNER JOIN "customers_kopis" ON "kopis"."id" = "customers_kopis"."kopi_id" WHERE "customers_kopis"."customer_id" = $1[0m  [["customer_id", 2]]
  ↳ app/controllers/customers_controller.rb:30
  [1m[36mCustomer::HABTM_Kopis Destroy (42.7ms)[0m  [1m[31mDELETE FROM "customers_kopis" WHERE "customers_kopis"."customer_id" = $1 AND "customers_kopis"."kopi_id" IN ($2, $3)[0m  [["customer_id", 2], ["kopi_id", 2], ["kopi_id", 3]]
  ↳ app/controllers/customers_controller.rb:30
  [1m[36mCustomer::HABTM_Kopis Create (0.6ms)[0m  [1m[32mINSERT INTO "customers_kopis" ("customer_id", "kopi_id", "created_at", "updated_at") VALUES ($1, $2, $3, $4) RETURNING "id"[0m  [["customer_id", 2], ["kopi_id", 5], ["created_at", "2019-08-15 12:03:55.987810"], ["updated_at", "2019-08-15 12:03:55.987810"]]
  ↳ app/controllers/customers_controller.rb:30
  [1m[35m (0.4ms)[0m  [1m[35mCOMMIT[0m
  ↳ app/controllers/customers_controller.rb:30
Redirected to http://localhost:3000/customers/2
Completed 302 Found in 58ms (ActiveRecord: 45.1ms)


Started GET "/customers/2" for ::1 at 2019-08-15 20:03:55 +0800
Processing by CustomersController#show as HTML
  Parameters: {"id"=>"2"}
  [1m[36mCustomer Load (0.3ms)[0m  [1m[34mSELECT  "customers".* FROM "customers" WHERE "customers"."id" = $1 LIMIT $2[0m  [["id", 2], ["LIMIT", 1]]
  ↳ app/controllers/customers_controller.rb:19
  Rendering customers/show.html.erb within layouts/application
  [1m[36mKopi Load (0.5ms)[0m  [1m[34mSELECT "kopis".* FROM "kopis" INNER JOIN "customers_kopis" ON "kopis"."id" = "customers_kopis"."kopi_id" WHERE "customers_kopis"."customer_id" = $1[0m  [["customer_id", 2]]
  ↳ app/views/customers/show.html.erb:8
  Rendered customers/show.html.erb within layouts/application (2.4ms)
Completed 200 OK in 25ms (Views: 22.8ms | ActiveRecord: 0.7ms)


Started GET "/customers/2/edit" for ::1 at 2019-08-15 20:04:28 +0800
Processing by CustomersController#edit as HTML
  Parameters: {"id"=>"2"}
  [1m[36mCustomer Load (0.6ms)[0m  [1m[34mSELECT  "customers".* FROM "customers" WHERE "customers"."id" = $1 LIMIT $2[0m  [["id", 2], ["LIMIT", 1]]
  ↳ app/controllers/customers_controller.rb:23
  Rendering customers/edit.html.erb within layouts/application
  [1m[36mKopi Load (0.9ms)[0m  [1m[34mSELECT "kopis".* FROM "kopis"[0m
  ↳ app/views/customers/edit.html.erb:5
  [1m[35m (0.9ms)[0m  [1m[34mSELECT "kopis"."id" FROM "kopis" INNER JOIN "customers_kopis" ON "kopis"."id" = "customers_kopis"."kopi_id" WHERE "customers_kopis"."customer_id" = $1[0m  [["customer_id", 2]]
  ↳ app/views/customers/edit.html.erb:5
  Rendered customers/edit.html.erb within layouts/application (14.3ms)
Completed 200 OK in 77ms (Views: 71.8ms | ActiveRecord: 2.4ms)


Started PATCH "/customers/2" for ::1 at 2019-08-15 20:04:33 +0800
Processing by CustomersController#update as HTML
  Parameters: {"utf8"=>"✓", "authenticity_token"=>"HkHuOS8R75CumS8rcMwJ8DfSbwAZuMeLsETmV2/sJvz5lfAiXX/LWnS9T+qKosXK2uf2eP6OfacZ/PJWvs7jlg==", "customer"=>{"kopi_ids"=>["", "1", "4", "5"], "name"=>"Keith"}, "commit"=>"Update Customer", "id"=>"2"}
  [1m[36mCustomer Load (0.4ms)[0m  [1m[34mSELECT  "customers".* FROM "customers" WHERE "customers"."id" = $1 LIMIT $2[0m  [["id", 2], ["LIMIT", 1]]
  ↳ app/controllers/customers_controller.rb:28
  [1m[35m (0.2ms)[0m  [1m[35mBEGIN[0m
  ↳ app/controllers/customers_controller.rb:30
  [1m[36mKopi Load (0.9ms)[0m  [1m[34mSELECT "kopis".* FROM "kopis" WHERE "kopis"."id" IN ($1, $2, $3)[0m  [["id", 1], ["id", 4], ["id", 5]]
  ↳ app/controllers/customers_controller.rb:30
  [1m[36mKopi Load (1.1ms)[0m  [1m[34mSELECT "kopis".* FROM "kopis" INNER JOIN "customers_kopis" ON "kopis"."id" = "customers_kopis"."kopi_id" WHERE "customers_kopis"."customer_id" = $1[0m  [["customer_id", 2]]
  ↳ app/controllers/customers_controller.rb:30
  [1m[35m (0.2ms)[0m  [1m[35mCOMMIT[0m
  ↳ app/controllers/customers_controller.rb:30
Redirected to http://localhost:3000/customers/2
Completed 302 Found in 11ms (ActiveRecord: 2.9ms)


Started GET "/customers/2" for ::1 at 2019-08-15 20:04:33 +0800
Processing by CustomersController#show as HTML
  Parameters: {"id"=>"2"}
  [1m[36mCustomer Load (0.4ms)[0m  [1m[34mSELECT  "customers".* FROM "customers" WHERE "customers"."id" = $1 LIMIT $2[0m  [["id", 2], ["LIMIT", 1]]
  ↳ app/controllers/customers_controller.rb:19
  Rendering customers/show.html.erb within layouts/application
  [1m[36mKopi Load (1.2ms)[0m  [1m[34mSELECT "kopis".* FROM "kopis" INNER JOIN "customers_kopis" ON "kopis"."id" = "customers_kopis"."kopi_id" WHERE "customers_kopis"."customer_id" = $1[0m  [["customer_id", 2]]
  ↳ app/views/customers/show.html.erb:8
  Rendered customers/show.html.erb within layouts/application (3.9ms)
Completed 200 OK in 26ms (Views: 22.5ms | ActiveRecord: 1.6ms)


Started GET "/" for ::1 at 2019-08-15 20:04:35 +0800
Processing by CustomersController#index as HTML
  Rendering customers/index.html.erb within layouts/application
  [1m[36mCustomer Load (0.3ms)[0m  [1m[34mSELECT  "customers".* FROM "customers" LIMIT $1[0m  [["LIMIT", 11]]
  ↳ /Users/KWAN/.rbenv/versions/2.6.3/lib/ruby/gems/2.6.0/gems/activerecord-5.2.3/lib/active_record/log_subscriber.rb:98
  [1m[36mCACHE Customer Load (0.0ms)[0m  [1m[34mSELECT  "customers".* FROM "customers" LIMIT $1[0m  [["LIMIT", 11]]
  ↳ /Users/KWAN/.rbenv/versions/2.6.3/lib/ruby/gems/2.6.0/gems/activerecord-5.2.3/lib/active_record/log_subscriber.rb:98
  [1m[36mCACHE Customer Load (0.0ms)[0m  [1m[34mSELECT  "customers".* FROM "customers" LIMIT $1[0m  [["LIMIT", 11]]
  ↳ /Users/KWAN/.rbenv/versions/2.6.3/lib/ruby/gems/2.6.0/gems/activerecord-5.2.3/lib/active_record/log_subscriber.rb:98
  [1m[36mCACHE Customer Load (0.0ms)[0m  [1m[34mSELECT  "customers".* FROM "customers" LIMIT $1[0m  [["LIMIT", 11]]
  ↳ /Users/KWAN/.rbenv/versions/2.6.3/lib/ruby/gems/2.6.0/gems/activerecord-5.2.3/lib/active_record/log_subscriber.rb:98
  [1m[36mCACHE Customer Load (0.0ms)[0m  [1m[34mSELECT  "customers".* FROM "customers" LIMIT $1[0m  [["LIMIT", 11]]
  ↳ /Users/KWAN/.rbenv/versions/2.6.3/lib/ruby/gems/2.6.0/gems/activerecord-5.2.3/lib/active_record/log_subscriber.rb:98
  [1m[36mCACHE Customer Load (0.0ms)[0m  [1m[34mSELECT  "customers".* FROM "customers" LIMIT $1[0m  [["LIMIT", 11]]
  ↳ /Users/KWAN/.rbenv/versions/2.6.3/lib/ruby/gems/2.6.0/gems/activerecord-5.2.3/lib/active_record/log_subscriber.rb:98
  [1m[36mCACHE Customer Load (0.0ms)[0m  [1m[34mSELECT  "customers".* FROM "customers" LIMIT $1[0m  [["LIMIT", 11]]
  ↳ /Users/KWAN/.rbenv/versions/2.6.3/lib/ruby/gems/2.6.0/gems/activerecord-5.2.3/lib/active_record/log_subscriber.rb:98
  [1m[36mCACHE Customer Load (0.0ms)[0m  [1m[34mSELECT  "customers".* FROM "customers" LIMIT $1[0m  [["LIMIT", 11]]
  ↳ /Users/KWAN/.rbenv/versions/2.6.3/lib/ruby/gems/2.6.0/gems/activerecord-5.2.3/lib/active_record/log_subscriber.rb:98
  Rendered customers/index.html.erb within layouts/application (187.5ms)
Completed 500 Internal Server Error in 191ms (ActiveRecord: 0.4ms)


  
ActionView::Template::Error (undefined local variable or method `customer' for #<#<Class:0x00007fa0a65106c8>:0x00007fa0a70fb6e0>
Did you mean?  @customers):
    1: <h1>index</h1>
    2: 
    3: <td><%= link_to 'Edit', edit_customer_path(customer) %></td>
  
app/views/customers/index.html.erb:3:in `_app_views_customers_index_html_erb___3639843617313457423_70163987138480'
Started GET "/" for ::1 at 2019-08-15 20:05:42 +0800
Processing by CustomersController#index as HTML
  Rendering customers/index.html.erb within layouts/application
  Rendered customers/index.html.erb within layouts/application (0.5ms)
Completed 200 OK in 22ms (Views: 20.6ms | ActiveRecord: 0.0ms)


Started GET "/customers/2/edit" for ::1 at 2019-08-15 20:05:53 +0800
Processing by CustomersController#edit as HTML
  Parameters: {"id"=>"2"}
  [1m[36mCustomer Load (0.3ms)[0m  [1m[34mSELECT  "customers".* FROM "customers" WHERE "customers"."id" = $1 LIMIT $2[0m  [["id", 2], ["LIMIT", 1]]
  ↳ app/controllers/customers_controller.rb:23
  Rendering customers/edit.html.erb within layouts/application
  [1m[36mKopi Load (0.4ms)[0m  [1m[34mSELECT "kopis".* FROM "kopis"[0m
  ↳ app/views/customers/edit.html.erb:5
  [1m[35m (0.5ms)[0m  [1m[34mSELECT "kopis"."id" FROM "kopis" INNER JOIN "customers_kopis" ON "kopis"."id" = "customers_kopis"."kopi_id" WHERE "customers_kopis"."customer_id" = $1[0m  [["customer_id", 2]]
  ↳ app/views/customers/edit.html.erb:5
  Rendered customers/edit.html.erb within layouts/application (22.4ms)
Completed 200 OK in 35ms (Views: 32.6ms | ActiveRecord: 1.2ms)


Started PATCH "/customers/2" for ::1 at 2019-08-15 20:05:56 +0800
Processing by CustomersController#update as HTML
  Parameters: {"utf8"=>"✓", "authenticity_token"=>"+5oKpXUYMte4JZSNLxzcIAdftVuo6WBjtDNvNCL4CZUcThS+B3YWHWIB9EzVchAa6mosI0/f2k8di3s189rM/w==", "customer"=>{"kopi_ids"=>["", "1", "4", "5"], "name"=>"Keith"}, "commit"=>"Update Customer", "id"=>"2"}
  [1m[36mCustomer Load (0.3ms)[0m  [1m[34mSELECT  "customers".* FROM "customers" WHERE "customers"."id" = $1 LIMIT $2[0m  [["id", 2], ["LIMIT", 1]]
  ↳ app/controllers/customers_controller.rb:28
  [1m[35m (0.1ms)[0m  [1m[35mBEGIN[0m
  ↳ app/controllers/customers_controller.rb:30
  [1m[36mKopi Load (0.4ms)[0m  [1m[34mSELECT "kopis".* FROM "kopis" WHERE "kopis"."id" IN ($1, $2, $3)[0m  [["id", 1], ["id", 4], ["id", 5]]
  ↳ app/controllers/customers_controller.rb:30
  [1m[36mKopi Load (0.3ms)[0m  [1m[34mSELECT "kopis".* FROM "kopis" INNER JOIN "customers_kopis" ON "kopis"."id" = "customers_kopis"."kopi_id" WHERE "customers_kopis"."customer_id" = $1[0m  [["customer_id", 2]]
  ↳ app/controllers/customers_controller.rb:30
  [1m[35m (0.2ms)[0m  [1m[35mCOMMIT[0m
  ↳ app/controllers/customers_controller.rb:30
Redirected to http://localhost:3000/customers/2
Completed 302 Found in 6ms (ActiveRecord: 1.2ms)


Started GET "/customers/2" for ::1 at 2019-08-15 20:05:56 +0800
Processing by CustomersController#show as HTML
  Parameters: {"id"=>"2"}
  [1m[36mCustomer Load (0.3ms)[0m  [1m[34mSELECT  "customers".* FROM "customers" WHERE "customers"."id" = $1 LIMIT $2[0m  [["id", 2], ["LIMIT", 1]]
  ↳ app/controllers/customers_controller.rb:19
  Rendering customers/show.html.erb within layouts/application
  [1m[36mKopi Load (0.4ms)[0m  [1m[34mSELECT "kopis".* FROM "kopis" INNER JOIN "customers_kopis" ON "kopis"."id" = "customers_kopis"."kopi_id" WHERE "customers_kopis"."customer_id" = $1[0m  [["customer_id", 2]]
  ↳ app/views/customers/show.html.erb:8
  Rendered customers/show.html.erb within layouts/application (2.1ms)
Completed 200 OK in 15ms (Views: 12.4ms | ActiveRecord: 0.7ms)


Started GET "/" for ::1 at 2019-08-15 20:08:00 +0800
Processing by CustomersController#index as HTML
  Rendering customers/index.html.erb within layouts/application
  Rendered customers/index.html.erb within layouts/application (0.5ms)
Completed 200 OK in 15ms (Views: 13.8ms | ActiveRecord: 0.0ms)


Started GET "/" for ::1 at 2019-08-15 20:09:57 +0800
Processing by CustomersController#index as HTML
  Rendering customers/index.html.erb within layouts/application
  Rendered customers/index.html.erb within layouts/application (0.5ms)
Completed 200 OK in 14ms (Views: 12.8ms | ActiveRecord: 0.0ms)


Started GET "/customers/new" for ::1 at 2019-08-15 20:09:59 +0800
Processing by CustomersController#new as HTML
  Rendering customers/new.html.erb within layouts/application
  [1m[36mKopi Load (0.4ms)[0m  [1m[34mSELECT "kopis".* FROM "kopis"[0m
  ↳ app/views/customers/new.html.erb:5
  Rendered customers/new.html.erb within layouts/application (3.8ms)
Completed 200 OK in 15ms (Views: 13.4ms | ActiveRecord: 0.4ms)


Started GET "/customers/new" for ::1 at 2019-08-15 20:21:38 +0800
Processing by CustomersController#new as HTML
  Rendering customers/new.html.erb within layouts/application
  [1m[36mKopi Load (0.9ms)[0m  [1m[34mSELECT "kopis".* FROM "kopis"[0m
  ↳ app/views/customers/new.html.erb:5
  Rendered customers/new.html.erb within layouts/application (18.5ms)
Completed 200 OK in 42ms (Views: 27.1ms | ActiveRecord: 10.3ms)


Started GET "/kopis" for ::1 at 2019-08-15 20:21:45 +0800
Processing by KopisController#index as HTML
  Rendering kopis/index.html.erb within layouts/application
  [1m[36mKopi Load (0.4ms)[0m  [1m[34mSELECT  "kopis".* FROM "kopis" LIMIT $1[0m  [["LIMIT", 11]]
  ↳ /Users/KWAN/.rbenv/versions/2.6.3/lib/ruby/gems/2.6.0/gems/activerecord-5.2.3/lib/active_record/log_subscriber.rb:98
  [1m[36mCACHE Kopi Load (0.0ms)[0m  [1m[34mSELECT  "kopis".* FROM "kopis" LIMIT $1[0m  [["LIMIT", 11]]
  ↳ /Users/KWAN/.rbenv/versions/2.6.3/lib/ruby/gems/2.6.0/gems/activerecord-5.2.3/lib/active_record/log_subscriber.rb:98
  [1m[36mCACHE Kopi Load (0.0ms)[0m  [1m[34mSELECT  "kopis".* FROM "kopis" LIMIT $1[0m  [["LIMIT", 11]]
  ↳ /Users/KWAN/.rbenv/versions/2.6.3/lib/ruby/gems/2.6.0/gems/activerecord-5.2.3/lib/active_record/log_subscriber.rb:98
  [1m[36mCACHE Kopi Load (0.0ms)[0m  [1m[34mSELECT  "kopis".* FROM "kopis" LIMIT $1[0m  [["LIMIT", 11]]
  ↳ /Users/KWAN/.rbenv/versions/2.6.3/lib/ruby/gems/2.6.0/gems/activerecord-5.2.3/lib/active_record/log_subscriber.rb:98
  [1m[36mCACHE Kopi Load (0.0ms)[0m  [1m[34mSELECT  "kopis".* FROM "kopis" LIMIT $1[0m  [["LIMIT", 11]]
  ↳ /Users/KWAN/.rbenv/versions/2.6.3/lib/ruby/gems/2.6.0/gems/activerecord-5.2.3/lib/active_record/log_subscriber.rb:98
  [1m[36mCACHE Kopi Load (0.0ms)[0m  [1m[34mSELECT  "kopis".* FROM "kopis" LIMIT $1[0m  [["LIMIT", 11]]
  ↳ /Users/KWAN/.rbenv/versions/2.6.3/lib/ruby/gems/2.6.0/gems/activerecord-5.2.3/lib/active_record/log_subscriber.rb:98
  [1m[36mCACHE Kopi Load (0.0ms)[0m  [1m[34mSELECT  "kopis".* FROM "kopis" LIMIT $1[0m  [["LIMIT", 11]]
  ↳ /Users/KWAN/.rbenv/versions/2.6.3/lib/ruby/gems/2.6.0/gems/activerecord-5.2.3/lib/active_record/log_subscriber.rb:98
  [1m[36mCACHE Kopi Load (0.0ms)[0m  [1m[34mSELECT  "kopis".* FROM "kopis" LIMIT $1[0m  [["LIMIT", 11]]
  ↳ /Users/KWAN/.rbenv/versions/2.6.3/lib/ruby/gems/2.6.0/gems/activerecord-5.2.3/lib/active_record/log_subscriber.rb:98
  Rendered kopis/index.html.erb within layouts/application (196.1ms)
Completed 500 Internal Server Error in 199ms (ActiveRecord: 0.8ms)


  
ActionView::Template::Error (undefined local variable or method `kopi' for #<#<Class:0x00007fa09fda4e80>:0x00007fa09fdae688>
Did you mean?  @kopis):
    5:     <th>Kopi</th>
    6:   </tr>
    7:   <tr>
    8:       <td><%= kopi.name %></td>
    9: </table>
  
app/views/kopis/index.html.erb:8:in `_app_views_kopis_index_html_erb__2965355672770324321_70163926690540'
Started GET "/kopis" for ::1 at 2019-08-15 20:22:17 +0800
Processing by KopisController#index as HTML
  Rendering kopis/index.html.erb within layouts/application
  [1m[36mKopi Load (0.4ms)[0m  [1m[34mSELECT  "kopis".* FROM "kopis" LIMIT $1[0m  [["LIMIT", 11]]
  ↳ /Users/KWAN/.rbenv/versions/2.6.3/lib/ruby/gems/2.6.0/gems/activerecord-5.2.3/lib/active_record/log_subscriber.rb:98
  [1m[36mCACHE Kopi Load (0.0ms)[0m  [1m[34mSELECT  "kopis".* FROM "kopis" LIMIT $1[0m  [["LIMIT", 11]]
  ↳ /Users/KWAN/.rbenv/versions/2.6.3/lib/ruby/gems/2.6.0/gems/activerecord-5.2.3/lib/active_record/log_subscriber.rb:98
  [1m[36mCACHE Kopi Load (0.0ms)[0m  [1m[34mSELECT  "kopis".* FROM "kopis" LIMIT $1[0m  [["LIMIT", 11]]
  ↳ /Users/KWAN/.rbenv/versions/2.6.3/lib/ruby/gems/2.6.0/gems/activerecord-5.2.3/lib/active_record/log_subscriber.rb:98
  [1m[36mCACHE Kopi Load (0.0ms)[0m  [1m[34mSELECT  "kopis".* FROM "kopis" LIMIT $1[0m  [["LIMIT", 11]]
  ↳ /Users/KWAN/.rbenv/versions/2.6.3/lib/ruby/gems/2.6.0/gems/activerecord-5.2.3/lib/active_record/log_subscriber.rb:98
  [1m[36mCACHE Kopi Load (0.0ms)[0m  [1m[34mSELECT  "kopis".* FROM "kopis" LIMIT $1[0m  [["LIMIT", 11]]
  ↳ /Users/KWAN/.rbenv/versions/2.6.3/lib/ruby/gems/2.6.0/gems/activerecord-5.2.3/lib/active_record/log_subscriber.rb:98
  [1m[36mCACHE Kopi Load (0.0ms)[0m  [1m[34mSELECT  "kopis".* FROM "kopis" LIMIT $1[0m  [["LIMIT", 11]]
  ↳ /Users/KWAN/.rbenv/versions/2.6.3/lib/ruby/gems/2.6.0/gems/activerecord-5.2.3/lib/active_record/log_subscriber.rb:98
  [1m[36mCACHE Kopi Load (0.0ms)[0m  [1m[34mSELECT  "kopis".* FROM "kopis" LIMIT $1[0m  [["LIMIT", 11]]
  ↳ /Users/KWAN/.rbenv/versions/2.6.3/lib/ruby/gems/2.6.0/gems/activerecord-5.2.3/lib/active_record/log_subscriber.rb:98
  [1m[36mCACHE Kopi Load (0.0ms)[0m  [1m[34mSELECT  "kopis".* FROM "kopis" LIMIT $1[0m  [["LIMIT", 11]]
  ↳ /Users/KWAN/.rbenv/versions/2.6.3/lib/ruby/gems/2.6.0/gems/activerecord-5.2.3/lib/active_record/log_subscriber.rb:98
  Rendered kopis/index.html.erb within layouts/application (190.8ms)
Completed 500 Internal Server Error in 194ms (ActiveRecord: 0.5ms)


  
ActionView::Template::Error (undefined local variable or method `kopis' for #<#<Class:0x00007fa09fda4e80>:0x00007fa0a67a3868>
Did you mean?  @kopis):
    5:     <th>Kopi</th>
    6:   </tr>
    7:   <tr>
    8:       <td><%= kopis.name %></td>
    9: </table>
  
app/views/kopis/index.html.erb:8:in `_app_views_kopis_index_html_erb__2965355672770324321_70163982238500'
Started GET "/kopis" for ::1 at 2019-08-15 20:27:57 +0800
Processing by KopisController#index as HTML
  Rendering kopis/index.html.erb within layouts/application
  [1m[36mKopi Load (0.8ms)[0m  [1m[34mSELECT "kopis".* FROM "kopis"[0m
  ↳ app/views/kopis/index.html.erb:8
  Rendered kopis/index.html.erb within layouts/application (2.0ms)
Completed 200 OK in 18ms (Views: 15.8ms | ActiveRecord: 0.8ms)


Started GET "/kopis" for ::1 at 2019-08-15 20:30:16 +0800
Processing by KopisController#index as HTML
  Rendering kopis/index.html.erb within layouts/application
  [1m[36mKopi Load (0.7ms)[0m  [1m[34mSELECT "kopis".* FROM "kopis"[0m
  ↳ app/views/kopis/index.html.erb:8
  Rendered kopis/index.html.erb within layouts/application (2.9ms)
Completed 200 OK in 26ms (Views: 24.1ms | ActiveRecord: 0.7ms)


Started GET "/kopis" for ::1 at 2019-08-15 20:30:33 +0800
Processing by KopisController#index as HTML
  Rendering kopis/index.html.erb within layouts/application
  [1m[36mKopi Load (0.4ms)[0m  [1m[34mSELECT "kopis".* FROM "kopis"[0m
  ↳ app/views/kopis/index.html.erb:8
  Rendered kopis/index.html.erb within layouts/application (1.8ms)
Completed 200 OK in 19ms (Views: 18.3ms | ActiveRecord: 0.4ms)


Started GET "/customers/new" for ::1 at 2019-08-15 20:30:37 +0800
Processing by CustomersController#new as HTML
  Rendering customers/new.html.erb within layouts/application
  [1m[36mKopi Load (0.5ms)[0m  [1m[34mSELECT "kopis".* FROM "kopis"[0m
  ↳ app/views/customers/new.html.erb:5
  Rendered customers/new.html.erb within layouts/application (5.5ms)
Completed 200 OK in 19ms (Views: 17.5ms | ActiveRecord: 0.5ms)


Started GET "/kopis" for ::1 at 2019-08-15 20:33:11 +0800
Processing by KopisController#index as HTML
  Rendering kopis/index.html.erb within layouts/application
  [1m[36mKopi Load (0.6ms)[0m  [1m[34mSELECT "kopis".* FROM "kopis"[0m
  ↳ app/views/kopis/index.html.erb:8
  Rendered kopis/index.html.erb within layouts/application (3.0ms)
Completed 200 OK in 26ms (Views: 24.4ms | ActiveRecord: 0.6ms)


Started GET "/kopis/1" for ::1 at 2019-08-15 20:33:16 +0800
  
AbstractController::ActionNotFound (The action 'show' could not be found for KopisController):
  
actionpack (5.2.3) lib/abstract_controller/base.rb:129:in `process'
actionview (5.2.3) lib/action_view/rendering.rb:32:in `process'
actionpack (5.2.3) lib/action_controller/metal.rb:191:in `dispatch'
actionpack (5.2.3) lib/action_controller/metal.rb:252:in `dispatch'
actionpack (5.2.3) lib/action_dispatch/routing/route_set.rb:52:in `dispatch'
actionpack (5.2.3) lib/action_dispatch/routing/route_set.rb:34:in `serve'
actionpack (5.2.3) lib/action_dispatch/journey/router.rb:52:in `block in serve'
actionpack (5.2.3) lib/action_dispatch/journey/router.rb:35:in `each'
actionpack (5.2.3) lib/action_dispatch/journey/router.rb:35:in `serve'
actionpack (5.2.3) lib/action_dispatch/routing/route_set.rb:840:in `call'
rack (2.0.7) lib/rack/tempfile_reaper.rb:15:in `call'
rack (2.0.7) lib/rack/etag.rb:25:in `call'
rack (2.0.7) lib/rack/conditional_get.rb:25:in `call'
rack (2.0.7) lib/rack/head.rb:12:in `call'
actionpack (5.2.3) lib/action_dispatch/http/content_security_policy.rb:18:in `call'
rack (2.0.7) lib/rack/session/abstract/id.rb:232:in `context'
rack (2.0.7) lib/rack/session/abstract/id.rb:226:in `call'
actionpack (5.2.3) lib/action_dispatch/middleware/cookies.rb:670:in `call'
activerecord (5.2.3) lib/active_record/migration.rb:559:in `call'
actionpack (5.2.3) lib/action_dispatch/middleware/callbacks.rb:28:in `block in call'
activesupport (5.2.3) lib/active_support/callbacks.rb:98:in `run_callbacks'
actionpack (5.2.3) lib/action_dispatch/middleware/callbacks.rb:26:in `call'
actionpack (5.2.3) lib/action_dispatch/middleware/executor.rb:14:in `call'
actionpack (5.2.3) lib/action_dispatch/middleware/debug_exceptions.rb:61:in `call'
web-console (3.7.0) lib/web_console/middleware.rb:135:in `call_app'
web-console (3.7.0) lib/web_console/middleware.rb:30:in `block in call'
web-console (3.7.0) lib/web_console/middleware.rb:20:in `catch'
web-console (3.7.0) lib/web_console/middleware.rb:20:in `call'
actionpack (5.2.3) lib/action_dispatch/middleware/show_exceptions.rb:33:in `call'
railties (5.2.3) lib/rails/rack/logger.rb:38:in `call_app'
railties (5.2.3) lib/rails/rack/logger.rb:26:in `block in call'
activesupport (5.2.3) lib/active_support/tagged_logging.rb:71:in `block in tagged'
activesupport (5.2.3) lib/active_support/tagged_logging.rb:28:in `tagged'
activesupport (5.2.3) lib/active_support/tagged_logging.rb:71:in `tagged'
railties (5.2.3) lib/rails/rack/logger.rb:26:in `call'
sprockets-rails (3.2.1) lib/sprockets/rails/quiet_assets.rb:13:in `call'
actionpack (5.2.3) lib/action_dispatch/middleware/remote_ip.rb:81:in `call'
actionpack (5.2.3) lib/action_dispatch/middleware/request_id.rb:27:in `call'
rack (2.0.7) lib/rack/method_override.rb:22:in `call'
rack (2.0.7) lib/rack/runtime.rb:22:in `call'
activesupport (5.2.3) lib/active_support/cache/strategy/local_cache_middleware.rb:29:in `call'
actionpack (5.2.3) lib/action_dispatch/middleware/executor.rb:14:in `call'
actionpack (5.2.3) lib/action_dispatch/middleware/static.rb:127:in `call'
rack (2.0.7) lib/rack/sendfile.rb:111:in `call'
railties (5.2.3) lib/rails/engine.rb:524:in `call'
puma (3.12.1) lib/puma/configuration.rb:227:in `call'
puma (3.12.1) lib/puma/server.rb:660:in `handle_request'
puma (3.12.1) lib/puma/server.rb:474:in `process_client'
puma (3.12.1) lib/puma/server.rb:334:in `block in run'
puma (3.12.1) lib/puma/thread_pool.rb:135:in `block in spawn_thread'
