  [1m[35m (533.9ms)[0m  [1m[35mCREATE DATABASE "coffeelist_development" ENCODING = 'unicode'[0m
  ↳ bin/rails:9
  [1m[35m (454.3ms)[0m  [1m[35mCREATE DATABASE "coffeelist_test" ENCODING = 'unicode'[0m
  ↳ bin/rails:9
  [1m[35m (25.1ms)[0m  [1m[35mCREATE TABLE "schema_migrations" ("version" character varying NOT NULL PRIMARY KEY)[0m
  ↳ bin/rails:9
  [1m[35m (23.1ms)[0m  [1m[35mCREATE TABLE "ar_internal_metadata" ("key" character varying NOT NULL PRIMARY KEY, "value" character varying, "created_at" timestamp NOT NULL, "updated_at" timestamp NOT NULL)[0m
  ↳ bin/rails:9
  [1m[35m (0.6ms)[0m  [1m[34mSELECT pg_try_advisory_lock(4629875201885876145)[0m
  ↳ bin/rails:9
  [1m[35m (0.7ms)[0m  [1m[34mSELECT "schema_migrations"."version" FROM "schema_migrations" ORDER BY "schema_migrations"."version" ASC[0m
  ↳ bin/rails:9
Migrating to Farms (20190128112505)
  [1m[35m (0.2ms)[0m  [1m[35mBEGIN[0m
  ↳ bin/rails:9
  [1m[35m (17.9ms)[0m  [1m[35mCREATE TABLE "parks" ("id" bigserial primary key, "location" text, "phone" integer, "created_at" timestamp NOT NULL, "updated_at" timestamp NOT NULL)[0m
  ↳ db/migrate/20190128112505_farms.rb:3
  [1m[36mActiveRecord::SchemaMigration Create (1.4ms)[0m  [1m[32mINSERT INTO "schema_migrations" ("version") VALUES ($1) RETURNING "version"[0m  [["version", "20190128112505"]]
  ↳ bin/rails:9
  [1m[35m (1.5ms)[0m  [1m[35mCOMMIT[0m
  ↳ bin/rails:9
Migrating to Cups (20190128112656)
  [1m[35m (6.2ms)[0m  [1m[35mBEGIN[0m
  ↳ bin/rails:9
  [1m[35m (19.4ms)[0m  [1m[35mCREATE TABLE "cups" ("id" bigserial primary key, "roastedness" character varying, "farm_id" bigint, "created_at" timestamp NOT NULL, "updated_at" timestamp NOT NULL)[0m
  ↳ db/migrate/20190128112656_cups.rb:3
  [1m[35m (2.7ms)[0m  [1m[35mCREATE  INDEX  "index_cups_on_farm_id" ON "cups"  ("farm_id")[0m
  ↳ db/migrate/20190128112656_cups.rb:3
  [1m[36mActiveRecord::SchemaMigration Create (0.8ms)[0m  [1m[32mINSERT INTO "schema_migrations" ("version") VALUES ($1) RETURNING "version"[0m  [["version", "20190128112656"]]
  ↳ bin/rails:9
  [1m[35m (1.6ms)[0m  [1m[35mCOMMIT[0m
  ↳ bin/rails:9
  [1m[36mActiveRecord::InternalMetadata Load (0.8ms)[0m  [1m[34mSELECT  "ar_internal_metadata".* FROM "ar_internal_metadata" WHERE "ar_internal_metadata"."key" = $1 LIMIT $2[0m  [["key", "environment"], ["LIMIT", 1]]
  ↳ bin/rails:9
  [1m[35m (0.2ms)[0m  [1m[35mBEGIN[0m
  ↳ bin/rails:9
  [1m[36mActiveRecord::InternalMetadata Create (0.5ms)[0m  [1m[32mINSERT INTO "ar_internal_metadata" ("key", "value", "created_at", "updated_at") VALUES ($1, $2, $3, $4) RETURNING "key"[0m  [["key", "environment"], ["value", "development"], ["created_at", "2019-01-28 11:32:32.071447"], ["updated_at", "2019-01-28 11:32:32.071447"]]
  ↳ bin/rails:9
  [1m[35m (5.9ms)[0m  [1m[35mCOMMIT[0m
  ↳ bin/rails:9
  [1m[35m (0.3ms)[0m  [1m[34mSELECT pg_advisory_unlock(4629875201885876145)[0m
  ↳ bin/rails:9
  [1m[35m (0.3ms)[0m  [1m[34mSELECT "schema_migrations"."version" FROM "schema_migrations" ORDER BY "schema_migrations"."version" ASC[0m
  ↳ bin/rails:9
  [1m[35m (1.0ms)[0m  [1m[34mSELECT "schema_migrations"."version" FROM "schema_migrations" ORDER BY "schema_migrations"."version" ASC[0m
  ↳ bin/rails:9
  [1m[35m (0.4ms)[0m  [1m[34mSELECT "ar_internal_metadata"."value" FROM "ar_internal_metadata" WHERE "ar_internal_metadata"."key" = $1[0m  [["key", "environment"]]
  ↳ bin/rails:9
  [1m[35m (0.3ms)[0m  [1m[34mSELECT "schema_migrations"."version" FROM "schema_migrations" ORDER BY "schema_migrations"."version" ASC[0m
  ↳ bin/rails:9
  [1m[35m (0.3ms)[0m  [1m[34mSELECT "ar_internal_metadata"."value" FROM "ar_internal_metadata" WHERE "ar_internal_metadata"."key" = $1[0m  [["key", "environment"]]
  ↳ bin/rails:9
  [1m[35m (0.3ms)[0m  [1m[34mSELECT "schema_migrations"."version" FROM "schema_migrations" ORDER BY "schema_migrations"."version" ASC[0m
  ↳ bin/rails:9
  [1m[35m (0.3ms)[0m  [1m[34mSELECT "ar_internal_metadata"."value" FROM "ar_internal_metadata" WHERE "ar_internal_metadata"."key" = $1[0m  [["key", "environment"]]
  ↳ bin/rails:9
  [1m[35m (217.9ms)[0m  [1m[35mDROP DATABASE IF EXISTS "coffeelist_development"[0m
  ↳ bin/rails:9
  [1m[35m (222.5ms)[0m  [1m[35mDROP DATABASE IF EXISTS "coffeelist_test"[0m
  ↳ bin/rails:9
  [1m[35m (507.0ms)[0m  [1m[35mCREATE DATABASE "coffeelist_development" ENCODING = 'unicode'[0m
  ↳ bin/rails:9
  [1m[35m (564.8ms)[0m  [1m[35mCREATE DATABASE "coffeelist_test" ENCODING = 'unicode'[0m
  ↳ bin/rails:9
  [1m[35m (10.5ms)[0m  [1m[35mCREATE TABLE "schema_migrations" ("version" character varying NOT NULL PRIMARY KEY)[0m
  ↳ bin/rails:9
  [1m[35m (6.0ms)[0m  [1m[35mCREATE TABLE "ar_internal_metadata" ("key" character varying NOT NULL PRIMARY KEY, "value" character varying, "created_at" timestamp NOT NULL, "updated_at" timestamp NOT NULL)[0m
  ↳ bin/rails:9
  [1m[35m (0.3ms)[0m  [1m[34mSELECT pg_try_advisory_lock(4629875201885876145)[0m
  ↳ bin/rails:9
  [1m[35m (0.9ms)[0m  [1m[34mSELECT "schema_migrations"."version" FROM "schema_migrations" ORDER BY "schema_migrations"."version" ASC[0m
  ↳ bin/rails:9
Migrating to Farms (20190128112505)
  [1m[35m (0.2ms)[0m  [1m[35mBEGIN[0m
  ↳ bin/rails:9
  [1m[35m (19.2ms)[0m  [1m[35mCREATE TABLE "farms" ("id" bigserial primary key, "location" text, "phone" integer, "created_at" timestamp NOT NULL, "updated_at" timestamp NOT NULL)[0m
  ↳ db/migrate/20190128112505_farms.rb:3
  [1m[36mActiveRecord::SchemaMigration Create (1.3ms)[0m  [1m[32mINSERT INTO "schema_migrations" ("version") VALUES ($1) RETURNING "version"[0m  [["version", "20190128112505"]]
  ↳ bin/rails:9
  [1m[35m (1.5ms)[0m  [1m[35mCOMMIT[0m
  ↳ bin/rails:9
Migrating to Cups (20190128112656)
  [1m[35m (0.6ms)[0m  [1m[35mBEGIN[0m
  ↳ bin/rails:9
  [1m[35m (13.2ms)[0m  [1m[35mCREATE TABLE "cups" ("id" bigserial primary key, "roastedness" character varying, "farm_id" bigint, "created_at" timestamp NOT NULL, "updated_at" timestamp NOT NULL)[0m
  ↳ db/migrate/20190128112656_cups.rb:3
  [1m[35m (2.5ms)[0m  [1m[35mCREATE  INDEX  "index_cups_on_farm_id" ON "cups"  ("farm_id")[0m
  ↳ db/migrate/20190128112656_cups.rb:3
  [1m[36mActiveRecord::SchemaMigration Create (0.4ms)[0m  [1m[32mINSERT INTO "schema_migrations" ("version") VALUES ($1) RETURNING "version"[0m  [["version", "20190128112656"]]
  ↳ bin/rails:9
  [1m[35m (1.4ms)[0m  [1m[35mCOMMIT[0m
  ↳ bin/rails:9
  [1m[36mActiveRecord::InternalMetadata Load (0.4ms)[0m  [1m[34mSELECT  "ar_internal_metadata".* FROM "ar_internal_metadata" WHERE "ar_internal_metadata"."key" = $1 LIMIT $2[0m  [["key", "environment"], ["LIMIT", 1]]
  ↳ bin/rails:9
  [1m[35m (0.2ms)[0m  [1m[35mBEGIN[0m
  ↳ bin/rails:9
  [1m[36mActiveRecord::InternalMetadata Create (0.5ms)[0m  [1m[32mINSERT INTO "ar_internal_metadata" ("key", "value", "created_at", "updated_at") VALUES ($1, $2, $3, $4) RETURNING "key"[0m  [["key", "environment"], ["value", "development"], ["created_at", "2019-01-28 11:35:53.312792"], ["updated_at", "2019-01-28 11:35:53.312792"]]
  ↳ bin/rails:9
  [1m[35m (1.5ms)[0m  [1m[35mCOMMIT[0m
  ↳ bin/rails:9
  [1m[35m (0.5ms)[0m  [1m[34mSELECT pg_advisory_unlock(4629875201885876145)[0m
  ↳ bin/rails:9
  [1m[35m (0.4ms)[0m  [1m[34mSELECT "schema_migrations"."version" FROM "schema_migrations" ORDER BY "schema_migrations"."version" ASC[0m
  ↳ bin/rails:9
  [1m[35m (2.8ms)[0m  [1m[35mCREATE DATABASE "coffeelist_development" ENCODING = 'unicode'[0m
  ↳ bin/rails:9
  [1m[35m (0.6ms)[0m  [1m[35mCREATE DATABASE "coffeelist_test" ENCODING = 'unicode'[0m
  ↳ bin/rails:9
  [1m[35m (0.8ms)[0m  [1m[34mSELECT "schema_migrations"."version" FROM "schema_migrations" ORDER BY "schema_migrations"."version" ASC[0m
  ↳ bin/rails:9
  [1m[35m (0.4ms)[0m  [1m[34mSELECT "ar_internal_metadata"."value" FROM "ar_internal_metadata" WHERE "ar_internal_metadata"."key" = $1[0m  [["key", "environment"]]
  ↳ bin/rails:9
  [1m[35m (0.3ms)[0m  [1m[34mSELECT "schema_migrations"."version" FROM "schema_migrations" ORDER BY "schema_migrations"."version" ASC[0m
  ↳ bin/rails:9
  [1m[35m (0.3ms)[0m  [1m[34mSELECT "ar_internal_metadata"."value" FROM "ar_internal_metadata" WHERE "ar_internal_metadata"."key" = $1[0m  [["key", "environment"]]
  ↳ bin/rails:9
  [1m[35m (0.3ms)[0m  [1m[34mSELECT "schema_migrations"."version" FROM "schema_migrations" ORDER BY "schema_migrations"."version" ASC[0m
  ↳ bin/rails:9
  [1m[35m (0.2ms)[0m  [1m[34mSELECT "ar_internal_metadata"."value" FROM "ar_internal_metadata" WHERE "ar_internal_metadata"."key" = $1[0m  [["key", "environment"]]
  ↳ bin/rails:9
  [1m[35m (221.9ms)[0m  [1m[35mDROP DATABASE IF EXISTS "coffeelist_development"[0m
  ↳ bin/rails:9
  [1m[35m (221.2ms)[0m  [1m[35mDROP DATABASE IF EXISTS "coffeelist_test"[0m
  ↳ bin/rails:9
  [1m[35m (620.6ms)[0m  [1m[35mCREATE DATABASE "coffeelist_development" ENCODING = 'unicode'[0m
  ↳ bin/rails:9
  [1m[35m (473.9ms)[0m  [1m[35mCREATE DATABASE "coffeelist_test" ENCODING = 'unicode'[0m
  ↳ bin/rails:9
  [1m[35m (9.0ms)[0m  [1m[35mCREATE TABLE "schema_migrations" ("version" character varying NOT NULL PRIMARY KEY)[0m
  ↳ bin/rails:9
  [1m[35m (10.0ms)[0m  [1m[35mCREATE TABLE "ar_internal_metadata" ("key" character varying NOT NULL PRIMARY KEY, "value" character varying, "created_at" timestamp NOT NULL, "updated_at" timestamp NOT NULL)[0m
  ↳ bin/rails:9
  [1m[35m (0.4ms)[0m  [1m[34mSELECT pg_try_advisory_lock(4629875201885876145)[0m
  ↳ bin/rails:9
  [1m[35m (1.2ms)[0m  [1m[34mSELECT "schema_migrations"."version" FROM "schema_migrations" ORDER BY "schema_migrations"."version" ASC[0m
  ↳ bin/rails:9
Migrating to Farms (20190128112505)
  [1m[35m (0.2ms)[0m  [1m[35mBEGIN[0m
  ↳ bin/rails:9
  [1m[35m (27.8ms)[0m  [1m[35mCREATE TABLE "farms" ("id" bigserial primary key, "location" text, "phone" integer, "created_at" timestamp NOT NULL, "updated_at" timestamp NOT NULL)[0m
  ↳ db/migrate/20190128112505_farms.rb:3
  [1m[36mActiveRecord::SchemaMigration Create (0.7ms)[0m  [1m[32mINSERT INTO "schema_migrations" ("version") VALUES ($1) RETURNING "version"[0m  [["version", "20190128112505"]]
  ↳ bin/rails:9
  [1m[35m (1.2ms)[0m  [1m[35mCOMMIT[0m
  ↳ bin/rails:9
Migrating to Cups (20190128112656)
  [1m[35m (5.6ms)[0m  [1m[35mBEGIN[0m
  ↳ bin/rails:9
  [1m[35m (22.8ms)[0m  [1m[35mCREATE TABLE "cups" ("id" bigserial primary key, "roastedness" character varying, "farm_id" bigint, "created_at" timestamp NOT NULL, "updated_at" timestamp NOT NULL)[0m
  ↳ db/migrate/20190128112656_cups.rb:3
  [1m[35m (5.3ms)[0m  [1m[35mCREATE  INDEX  "index_cups_on_farm_id" ON "cups"  ("farm_id")[0m
  ↳ db/migrate/20190128112656_cups.rb:3
  [1m[36mActiveRecord::SchemaMigration Create (1.5ms)[0m  [1m[32mINSERT INTO "schema_migrations" ("version") VALUES ($1) RETURNING "version"[0m  [["version", "20190128112656"]]
  ↳ bin/rails:9
  [1m[35m (1.3ms)[0m  [1m[35mCOMMIT[0m
  ↳ bin/rails:9
  [1m[36mActiveRecord::InternalMetadata Load (1.3ms)[0m  [1m[34mSELECT  "ar_internal_metadata".* FROM "ar_internal_metadata" WHERE "ar_internal_metadata"."key" = $1 LIMIT $2[0m  [["key", "environment"], ["LIMIT", 1]]
  ↳ bin/rails:9
  [1m[35m (0.2ms)[0m  [1m[35mBEGIN[0m
  ↳ bin/rails:9
  [1m[36mActiveRecord::InternalMetadata Create (0.5ms)[0m  [1m[32mINSERT INTO "ar_internal_metadata" ("key", "value", "created_at", "updated_at") VALUES ($1, $2, $3, $4) RETURNING "key"[0m  [["key", "environment"], ["value", "development"], ["created_at", "2019-01-28 11:56:35.292175"], ["updated_at", "2019-01-28 11:56:35.292175"]]
  ↳ bin/rails:9
  [1m[35m (1.3ms)[0m  [1m[35mCOMMIT[0m
  ↳ bin/rails:9
  [1m[35m (0.4ms)[0m  [1m[34mSELECT pg_advisory_unlock(4629875201885876145)[0m
  ↳ bin/rails:9
  [1m[35m (0.3ms)[0m  [1m[34mSELECT "schema_migrations"."version" FROM "schema_migrations" ORDER BY "schema_migrations"."version" ASC[0m
  ↳ bin/rails:9
  [1m[35m (0.9ms)[0m  [1m[34mSELECT "schema_migrations"."version" FROM "schema_migrations" ORDER BY "schema_migrations"."version" ASC[0m
  ↳ bin/rails:9
  [1m[35m (0.4ms)[0m  [1m[34mSELECT "ar_internal_metadata"."value" FROM "ar_internal_metadata" WHERE "ar_internal_metadata"."key" = $1[0m  [["key", "environment"]]
  ↳ bin/rails:9
  [1m[35m (0.3ms)[0m  [1m[34mSELECT "schema_migrations"."version" FROM "schema_migrations" ORDER BY "schema_migrations"."version" ASC[0m
  ↳ bin/rails:9
  [1m[35m (0.4ms)[0m  [1m[34mSELECT "ar_internal_metadata"."value" FROM "ar_internal_metadata" WHERE "ar_internal_metadata"."key" = $1[0m  [["key", "environment"]]
  ↳ bin/rails:9
  [1m[35m (0.3ms)[0m  [1m[34mSELECT "schema_migrations"."version" FROM "schema_migrations" ORDER BY "schema_migrations"."version" ASC[0m
  ↳ bin/rails:9
  [1m[35m (0.3ms)[0m  [1m[34mSELECT "ar_internal_metadata"."value" FROM "ar_internal_metadata" WHERE "ar_internal_metadata"."key" = $1[0m  [["key", "environment"]]
  ↳ bin/rails:9
  [1m[35m (222.4ms)[0m  [1m[35mDROP DATABASE IF EXISTS "coffeelist_development"[0m
  ↳ bin/rails:9
  [1m[35m (218.5ms)[0m  [1m[35mDROP DATABASE IF EXISTS "coffeelist_test"[0m
  ↳ bin/rails:9
  [1m[35m (520.6ms)[0m  [1m[35mCREATE DATABASE "coffeelist_development" ENCODING = 'unicode'[0m
  ↳ bin/rails:9
  [1m[35m (474.3ms)[0m  [1m[35mCREATE DATABASE "coffeelist_test" ENCODING = 'unicode'[0m
  ↳ bin/rails:9
  [1m[35m (10.5ms)[0m  [1m[35mCREATE TABLE "schema_migrations" ("version" character varying NOT NULL PRIMARY KEY)[0m
  ↳ bin/rails:9
  [1m[35m (7.1ms)[0m  [1m[35mCREATE TABLE "ar_internal_metadata" ("key" character varying NOT NULL PRIMARY KEY, "value" character varying, "created_at" timestamp NOT NULL, "updated_at" timestamp NOT NULL)[0m
  ↳ bin/rails:9
  [1m[35m (0.8ms)[0m  [1m[34mSELECT pg_try_advisory_lock(4629875201885876145)[0m
  ↳ bin/rails:9
  [1m[35m (1.0ms)[0m  [1m[34mSELECT "schema_migrations"."version" FROM "schema_migrations" ORDER BY "schema_migrations"."version" ASC[0m
  ↳ bin/rails:9
Migrating to Farms (20190128112505)
  [1m[35m (0.2ms)[0m  [1m[35mBEGIN[0m
  ↳ bin/rails:9
  [1m[35m (19.2ms)[0m  [1m[35mCREATE TABLE "farms" ("id" bigserial primary key, "location" text, "phone" integer, "created_at" timestamp NOT NULL, "updated_at" timestamp NOT NULL)[0m
  ↳ db/migrate/20190128112505_farms.rb:3
  [1m[36mActiveRecord::SchemaMigration Create (0.9ms)[0m  [1m[32mINSERT INTO "schema_migrations" ("version") VALUES ($1) RETURNING "version"[0m  [["version", "20190128112505"]]
  ↳ bin/rails:9
  [1m[35m (1.3ms)[0m  [1m[35mCOMMIT[0m
  ↳ bin/rails:9
Migrating to Cups (20190128112656)
  [1m[35m (6.3ms)[0m  [1m[35mBEGIN[0m
  ↳ bin/rails:9
  [1m[35m (19.1ms)[0m  [1m[35mCREATE TABLE "cups" ("id" bigserial primary key, "roastedness" character varying, "farm_id" bigint, "created_at" timestamp NOT NULL, "updated_at" timestamp NOT NULL)[0m
  ↳ db/migrate/20190128112656_cups.rb:3
  [1m[35m (3.3ms)[0m  [1m[35mCREATE  INDEX  "index_cups_on_farm_id" ON "cups"  ("farm_id")[0m
  ↳ db/migrate/20190128112656_cups.rb:3
  [1m[36mActiveRecord::SchemaMigration Create (0.6ms)[0m  [1m[32mINSERT INTO "schema_migrations" ("version") VALUES ($1) RETURNING "version"[0m  [["version", "20190128112656"]]
  ↳ bin/rails:9
  [1m[35m (1.6ms)[0m  [1m[35mCOMMIT[0m
  ↳ bin/rails:9
  [1m[36mActiveRecord::InternalMetadata Load (1.1ms)[0m  [1m[34mSELECT  "ar_internal_metadata".* FROM "ar_internal_metadata" WHERE "ar_internal_metadata"."key" = $1 LIMIT $2[0m  [["key", "environment"], ["LIMIT", 1]]
  ↳ bin/rails:9
  [1m[35m (0.4ms)[0m  [1m[35mBEGIN[0m
  ↳ bin/rails:9
  [1m[36mActiveRecord::InternalMetadata Create (1.2ms)[0m  [1m[32mINSERT INTO "ar_internal_metadata" ("key", "value", "created_at", "updated_at") VALUES ($1, $2, $3, $4) RETURNING "key"[0m  [["key", "environment"], ["value", "development"], ["created_at", "2019-01-28 11:59:37.538351"], ["updated_at", "2019-01-28 11:59:37.538351"]]
  ↳ bin/rails:9
  [1m[35m (1.3ms)[0m  [1m[35mCOMMIT[0m
  ↳ bin/rails:9
  [1m[35m (0.4ms)[0m  [1m[34mSELECT pg_advisory_unlock(4629875201885876145)[0m
  ↳ bin/rails:9
  [1m[35m (0.4ms)[0m  [1m[34mSELECT "schema_migrations"."version" FROM "schema_migrations" ORDER BY "schema_migrations"."version" ASC[0m
  ↳ bin/rails:9
  [1m[35m (0.8ms)[0m  [1m[34mSELECT "schema_migrations"."version" FROM "schema_migrations" ORDER BY "schema_migrations"."version" ASC[0m
  ↳ bin/rails:9
  [1m[35m (0.5ms)[0m  [1m[34mSELECT "ar_internal_metadata"."value" FROM "ar_internal_metadata" WHERE "ar_internal_metadata"."key" = $1[0m  [["key", "environment"]]
  ↳ bin/rails:9
  [1m[35m (0.3ms)[0m  [1m[34mSELECT "schema_migrations"."version" FROM "schema_migrations" ORDER BY "schema_migrations"."version" ASC[0m
  ↳ bin/rails:9
  [1m[35m (0.3ms)[0m  [1m[34mSELECT "ar_internal_metadata"."value" FROM "ar_internal_metadata" WHERE "ar_internal_metadata"."key" = $1[0m  [["key", "environment"]]
  ↳ bin/rails:9
  [1m[35m (0.3ms)[0m  [1m[34mSELECT "schema_migrations"."version" FROM "schema_migrations" ORDER BY "schema_migrations"."version" ASC[0m
  ↳ bin/rails:9
  [1m[35m (0.3ms)[0m  [1m[34mSELECT "ar_internal_metadata"."value" FROM "ar_internal_metadata" WHERE "ar_internal_metadata"."key" = $1[0m  [["key", "environment"]]
  ↳ bin/rails:9
  [1m[35m (215.5ms)[0m  [1m[35mDROP DATABASE IF EXISTS "coffeelist_development"[0m
  ↳ bin/rails:9
  [1m[35m (211.1ms)[0m  [1m[35mDROP DATABASE IF EXISTS "coffeelist_test"[0m
  ↳ bin/rails:9
  [1m[35m (652.1ms)[0m  [1m[35mCREATE DATABASE "coffeelist_development" ENCODING = 'unicode'[0m
  ↳ bin/rails:9
  [1m[35m (680.6ms)[0m  [1m[35mCREATE DATABASE "coffeelist_test" ENCODING = 'unicode'[0m
  ↳ bin/rails:9
  [1m[35m (8.9ms)[0m  [1m[35mCREATE TABLE "schema_migrations" ("version" character varying NOT NULL PRIMARY KEY)[0m
  ↳ bin/rails:9
  [1m[35m (6.7ms)[0m  [1m[35mCREATE TABLE "ar_internal_metadata" ("key" character varying NOT NULL PRIMARY KEY, "value" character varying, "created_at" timestamp NOT NULL, "updated_at" timestamp NOT NULL)[0m
  ↳ bin/rails:9
  [1m[35m (0.3ms)[0m  [1m[34mSELECT pg_try_advisory_lock(4629875201885876145)[0m
  ↳ bin/rails:9
  [1m[35m (0.6ms)[0m  [1m[34mSELECT "schema_migrations"."version" FROM "schema_migrations" ORDER BY "schema_migrations"."version" ASC[0m
  ↳ bin/rails:9
Migrating to Farms (20190128112505)
  [1m[35m (0.2ms)[0m  [1m[35mBEGIN[0m
  ↳ bin/rails:9
  [1m[35m (6.8ms)[0m  [1m[35mCREATE TABLE "farms" ("id" bigserial primary key, "location" text, "phone" integer, "created_at" timestamp NOT NULL, "updated_at" timestamp NOT NULL)[0m
  ↳ db/migrate/20190128112505_farms.rb:3
  [1m[36mActiveRecord::SchemaMigration Create (0.8ms)[0m  [1m[32mINSERT INTO "schema_migrations" ("version") VALUES ($1) RETURNING "version"[0m  [["version", "20190128112505"]]
  ↳ bin/rails:9
  [1m[35m (1.3ms)[0m  [1m[35mCOMMIT[0m
  ↳ bin/rails:9
Migrating to Cups (20190128112656)
  [1m[35m (6.4ms)[0m  [1m[35mBEGIN[0m
  ↳ bin/rails:9
  [1m[35m (19.6ms)[0m  [1m[35mCREATE TABLE "cups" ("id" bigserial primary key, "roastedness" character varying, "farm_id" bigint, "created_at" timestamp NOT NULL, "updated_at" timestamp NOT NULL)[0m
  ↳ db/migrate/20190128112656_cups.rb:3
  [1m[35m (2.4ms)[0m  [1m[35mCREATE  INDEX  "index_cups_on_farm_id" ON "cups"  ("farm_id")[0m
  ↳ db/migrate/20190128112656_cups.rb:3
  [1m[36mActiveRecord::SchemaMigration Create (0.5ms)[0m  [1m[32mINSERT INTO "schema_migrations" ("version") VALUES ($1) RETURNING "version"[0m  [["version", "20190128112656"]]
  ↳ bin/rails:9
  [1m[35m (1.3ms)[0m  [1m[35mCOMMIT[0m
  ↳ bin/rails:9
  [1m[36mActiveRecord::InternalMetadata Load (0.9ms)[0m  [1m[34mSELECT  "ar_internal_metadata".* FROM "ar_internal_metadata" WHERE "ar_internal_metadata"."key" = $1 LIMIT $2[0m  [["key", "environment"], ["LIMIT", 1]]
  ↳ bin/rails:9
  [1m[35m (0.2ms)[0m  [1m[35mBEGIN[0m
  ↳ bin/rails:9
  [1m[36mActiveRecord::InternalMetadata Create (0.5ms)[0m  [1m[32mINSERT INTO "ar_internal_metadata" ("key", "value", "created_at", "updated_at") VALUES ($1, $2, $3, $4) RETURNING "key"[0m  [["key", "environment"], ["value", "development"], ["created_at", "2019-01-28 12:02:35.329418"], ["updated_at", "2019-01-28 12:02:35.329418"]]
  ↳ bin/rails:9
  [1m[35m (1.3ms)[0m  [1m[35mCOMMIT[0m
  ↳ bin/rails:9
  [1m[35m (0.4ms)[0m  [1m[34mSELECT pg_advisory_unlock(4629875201885876145)[0m
  ↳ bin/rails:9
  [1m[35m (0.3ms)[0m  [1m[34mSELECT "schema_migrations"."version" FROM "schema_migrations" ORDER BY "schema_migrations"."version" ASC[0m
  ↳ bin/rails:9
  [1m[35m (0.3ms)[0m  [1m[35mBEGIN[0m
  [1m[35m (0.5ms)[0m  [1m[31mROLLBACK[0m
  [1m[35m (0.3ms)[0m  [1m[35mBEGIN[0m
  [1m[35m (0.4ms)[0m  [1m[31mROLLBACK[0m
  [1m[35m (0.3ms)[0m  [1m[35mBEGIN[0m
  [1m[36mFarm Create (2.3ms)[0m  [1m[32mINSERT INTO "farms" ("location", "phone", "created_at", "updated_at") VALUES ($1, $2, $3, $4) RETURNING "id"[0m  [["location", "Singapore"], ["phone", 5144], ["created_at", "2019-01-28 12:03:48.368277"], ["updated_at", "2019-01-28 12:03:48.368277"]]
  [1m[35m (1.4ms)[0m  [1m[35mCOMMIT[0m
  [1m[35m (0.3ms)[0m  [1m[35mBEGIN[0m
  [1m[36mCup Create (2.0ms)[0m  [1m[32mINSERT INTO "cups" ("roastedness", "farm_id", "created_at", "updated_at") VALUES ($1, $2, $3, $4) RETURNING "id"[0m  [["roastedness", "Light"], ["farm_id", 1], ["created_at", "2019-01-28 12:05:09.410822"], ["updated_at", "2019-01-28 12:05:09.410822"]]
  [1m[35m (1.6ms)[0m  [1m[35mCOMMIT[0m
  [1m[35m (6.2ms)[0m  [1m[34mSELECT "schema_migrations"."version" FROM "schema_migrations" ORDER BY "schema_migrations"."version" ASC[0m
  ↳ bin/rails:9
  [1m[35m (3.0ms)[0m  [1m[34mSELECT "ar_internal_metadata"."value" FROM "ar_internal_metadata" WHERE "ar_internal_metadata"."key" = $1[0m  [["key", "environment"]]
  ↳ bin/rails:9
  [1m[35m (0.3ms)[0m  [1m[34mSELECT "schema_migrations"."version" FROM "schema_migrations" ORDER BY "schema_migrations"."version" ASC[0m
  ↳ bin/rails:9
  [1m[35m (0.3ms)[0m  [1m[34mSELECT "ar_internal_metadata"."value" FROM "ar_internal_metadata" WHERE "ar_internal_metadata"."key" = $1[0m  [["key", "environment"]]
  ↳ bin/rails:9
  [1m[35m (0.3ms)[0m  [1m[34mSELECT "schema_migrations"."version" FROM "schema_migrations" ORDER BY "schema_migrations"."version" ASC[0m
  ↳ bin/rails:9
  [1m[35m (0.3ms)[0m  [1m[34mSELECT "ar_internal_metadata"."value" FROM "ar_internal_metadata" WHERE "ar_internal_metadata"."key" = $1[0m  [["key", "environment"]]
  ↳ bin/rails:9
  [1m[35m (221.8ms)[0m  [1m[35mDROP DATABASE IF EXISTS "coffeelist_development"[0m
  ↳ bin/rails:9
  [1m[35m (240.2ms)[0m  [1m[35mDROP DATABASE IF EXISTS "coffeelist_test"[0m
  ↳ bin/rails:9
  [1m[35m (453.4ms)[0m  [1m[35mCREATE DATABASE "coffeelist_development" ENCODING = 'unicode'[0m
  ↳ bin/rails:9
  [1m[35m (702.4ms)[0m  [1m[35mCREATE DATABASE "coffeelist_test" ENCODING = 'unicode'[0m
  ↳ bin/rails:9
  [1m[35m (10.4ms)[0m  [1m[35mCREATE TABLE "schema_migrations" ("version" character varying NOT NULL PRIMARY KEY)[0m
  ↳ bin/rails:9
  [1m[35m (6.2ms)[0m  [1m[35mCREATE TABLE "ar_internal_metadata" ("key" character varying NOT NULL PRIMARY KEY, "value" character varying, "created_at" timestamp NOT NULL, "updated_at" timestamp NOT NULL)[0m
  ↳ bin/rails:9
  [1m[35m (0.3ms)[0m  [1m[34mSELECT pg_try_advisory_lock(4629875201885876145)[0m
  ↳ bin/rails:9
  [1m[35m (0.8ms)[0m  [1m[34mSELECT "schema_migrations"."version" FROM "schema_migrations" ORDER BY "schema_migrations"."version" ASC[0m
  ↳ bin/rails:9
Migrating to Customers (20190129082624)
  [1m[35m (0.3ms)[0m  [1m[35mBEGIN[0m
  ↳ bin/rails:9
  [1m[36mActiveRecord::SchemaMigration Create (1.0ms)[0m  [1m[32mINSERT INTO "schema_migrations" ("version") VALUES ($1) RETURNING "version"[0m  [["version", "20190129082624"]]
  ↳ bin/rails:9
  [1m[35m (1.5ms)[0m  [1m[35mCOMMIT[0m
  ↳ bin/rails:9
Migrating to Cups (20190129082758)
  [1m[35m (0.3ms)[0m  [1m[35mBEGIN[0m
  ↳ bin/rails:9
  [1m[36mActiveRecord::SchemaMigration Create (0.4ms)[0m  [1m[32mINSERT INTO "schema_migrations" ("version") VALUES ($1) RETURNING "version"[0m  [["version", "20190129082758"]]
  ↳ bin/rails:9
  [1m[35m (12.1ms)[0m  [1m[35mCOMMIT[0m
  ↳ bin/rails:9
  [1m[36mActiveRecord::InternalMetadata Load (0.7ms)[0m  [1m[34mSELECT  "ar_internal_metadata".* FROM "ar_internal_metadata" WHERE "ar_internal_metadata"."key" = $1 LIMIT $2[0m  [["key", "environment"], ["LIMIT", 1]]
  ↳ bin/rails:9
  [1m[35m (0.2ms)[0m  [1m[35mBEGIN[0m
  ↳ bin/rails:9
  [1m[36mActiveRecord::InternalMetadata Create (0.7ms)[0m  [1m[32mINSERT INTO "ar_internal_metadata" ("key", "value", "created_at", "updated_at") VALUES ($1, $2, $3, $4) RETURNING "key"[0m  [["key", "environment"], ["value", "development"], ["created_at", "2019-01-29 08:28:24.365672"], ["updated_at", "2019-01-29 08:28:24.365672"]]
  ↳ bin/rails:9
  [1m[35m (1.3ms)[0m  [1m[35mCOMMIT[0m
  ↳ bin/rails:9
  [1m[35m (0.4ms)[0m  [1m[34mSELECT pg_advisory_unlock(4629875201885876145)[0m
  ↳ bin/rails:9
  [1m[35m (0.3ms)[0m  [1m[34mSELECT "schema_migrations"."version" FROM "schema_migrations" ORDER BY "schema_migrations"."version" ASC[0m
  ↳ bin/rails:9
  [1m[35m (2.2ms)[0m  [1m[34mSELECT "schema_migrations"."version" FROM "schema_migrations" ORDER BY "schema_migrations"."version" ASC[0m
  ↳ bin/rails:9
  [1m[35m (6.8ms)[0m  [1m[34mSELECT "ar_internal_metadata"."value" FROM "ar_internal_metadata" WHERE "ar_internal_metadata"."key" = $1[0m  [["key", "environment"]]
  ↳ bin/rails:9
  [1m[35m (0.9ms)[0m  [1m[34mSELECT "schema_migrations"."version" FROM "schema_migrations" ORDER BY "schema_migrations"."version" ASC[0m
  ↳ bin/rails:9
  [1m[35m (0.5ms)[0m  [1m[34mSELECT "ar_internal_metadata"."value" FROM "ar_internal_metadata" WHERE "ar_internal_metadata"."key" = $1[0m  [["key", "environment"]]
  ↳ bin/rails:9
  [1m[35m (0.7ms)[0m  [1m[34mSELECT "schema_migrations"."version" FROM "schema_migrations" ORDER BY "schema_migrations"."version" ASC[0m
  ↳ bin/rails:9
  [1m[35m (0.5ms)[0m  [1m[34mSELECT "ar_internal_metadata"."value" FROM "ar_internal_metadata" WHERE "ar_internal_metadata"."key" = $1[0m  [["key", "environment"]]
  ↳ bin/rails:9
  [1m[35m (208.5ms)[0m  [1m[35mDROP DATABASE IF EXISTS "coffeelist_development"[0m
  ↳ bin/rails:9
  [1m[35m (175.9ms)[0m  [1m[35mDROP DATABASE IF EXISTS "coffeelist_test"[0m
  ↳ bin/rails:9
  [1m[35m (494.7ms)[0m  [1m[35mCREATE DATABASE "coffeelist_development" ENCODING = 'unicode'[0m
  ↳ bin/rails:9
  [1m[35m (494.5ms)[0m  [1m[35mCREATE DATABASE "coffeelist_test" ENCODING = 'unicode'[0m
  ↳ bin/rails:9
  [1m[35m (8.9ms)[0m  [1m[35mCREATE TABLE "schema_migrations" ("version" character varying NOT NULL PRIMARY KEY)[0m
  ↳ bin/rails:9
  [1m[35m (7.2ms)[0m  [1m[35mCREATE TABLE "ar_internal_metadata" ("key" character varying NOT NULL PRIMARY KEY, "value" character varying, "created_at" timestamp NOT NULL, "updated_at" timestamp NOT NULL)[0m
  ↳ bin/rails:9
  [1m[35m (0.4ms)[0m  [1m[34mSELECT pg_try_advisory_lock(4629875201885876145)[0m
  ↳ bin/rails:9
  [1m[35m (0.9ms)[0m  [1m[34mSELECT "schema_migrations"."version" FROM "schema_migrations" ORDER BY "schema_migrations"."version" ASC[0m
  ↳ bin/rails:9
Migrating to Customers (20190129082624)
  [1m[35m (0.2ms)[0m  [1m[35mBEGIN[0m
  ↳ bin/rails:9
  [1m[35m (17.9ms)[0m  [1m[35mCREATE TABLE "customers" ("id" bigserial primary key, "name" character varying, "phone" integer, "created_at" timestamp NOT NULL, "updated_at" timestamp NOT NULL)[0m
  ↳ db/migrate/20190129082624_customers.rb:3
  [1m[36mActiveRecord::SchemaMigration Create (1.2ms)[0m  [1m[32mINSERT INTO "schema_migrations" ("version") VALUES ($1) RETURNING "version"[0m  [["version", "20190129082624"]]
  ↳ bin/rails:9
  [1m[35m (1.3ms)[0m  [1m[35mCOMMIT[0m
  ↳ bin/rails:9
Migrating to Cups (20190129082758)
  [1m[35m (6.4ms)[0m  [1m[35mBEGIN[0m
  ↳ bin/rails:9
  [1m[35m (20.7ms)[0m  [1m[35mCREATE TABLE "cups" ("id" bigserial primary key, "name" character varying, "roastedness" text, "created_at" timestamp NOT NULL, "updated_at" timestamp NOT NULL)[0m
  ↳ db/migrate/20190129082758_cups.rb:3
  [1m[36mActiveRecord::SchemaMigration Create (0.5ms)[0m  [1m[32mINSERT INTO "schema_migrations" ("version") VALUES ($1) RETURNING "version"[0m  [["version", "20190129082758"]]
  ↳ bin/rails:9
  [1m[35m (1.5ms)[0m  [1m[35mCOMMIT[0m
  ↳ bin/rails:9
  [1m[36mActiveRecord::InternalMetadata Load (0.4ms)[0m  [1m[34mSELECT  "ar_internal_metadata".* FROM "ar_internal_metadata" WHERE "ar_internal_metadata"."key" = $1 LIMIT $2[0m  [["key", "environment"], ["LIMIT", 1]]
  ↳ bin/rails:9
  [1m[35m (0.2ms)[0m  [1m[35mBEGIN[0m
  ↳ bin/rails:9
  [1m[36mActiveRecord::InternalMetadata Create (0.8ms)[0m  [1m[32mINSERT INTO "ar_internal_metadata" ("key", "value", "created_at", "updated_at") VALUES ($1, $2, $3, $4) RETURNING "key"[0m  [["key", "environment"], ["value", "development"], ["created_at", "2019-01-29 08:31:18.023160"], ["updated_at", "2019-01-29 08:31:18.023160"]]
  ↳ bin/rails:9
  [1m[35m (1.1ms)[0m  [1m[35mCOMMIT[0m
  ↳ bin/rails:9
  [1m[35m (0.5ms)[0m  [1m[34mSELECT pg_advisory_unlock(4629875201885876145)[0m
  ↳ bin/rails:9
  [1m[35m (0.3ms)[0m  [1m[34mSELECT "schema_migrations"."version" FROM "schema_migrations" ORDER BY "schema_migrations"."version" ASC[0m
  ↳ bin/rails:9
  [1m[35m (0.2ms)[0m  [1m[35mBEGIN[0m
  [1m[35m (0.3ms)[0m  [1m[31mROLLBACK[0m
  [1m[35m (0.5ms)[0m  [1m[35mBEGIN[0m
  [1m[36mCustomer Create (2.1ms)[0m  [1m[32mINSERT INTO "customers" ("name", "phone", "created_at", "updated_at") VALUES ($1, $2, $3, $4) RETURNING "id"[0m  [["name", "seany"], ["phone", 552151], ["created_at", "2019-01-29 08:37:12.244415"], ["updated_at", "2019-01-29 08:37:12.244415"]]
  [1m[35m (1.6ms)[0m  [1m[35mCOMMIT[0m
  [1m[35m (0.8ms)[0m  [1m[34mSELECT "schema_migrations"."version" FROM "schema_migrations" ORDER BY "schema_migrations"."version" ASC[0m
  ↳ bin/rails:9
  [1m[35m (0.5ms)[0m  [1m[34mSELECT "ar_internal_metadata"."value" FROM "ar_internal_metadata" WHERE "ar_internal_metadata"."key" = $1[0m  [["key", "environment"]]
  ↳ bin/rails:9
  [1m[35m (0.3ms)[0m  [1m[34mSELECT "schema_migrations"."version" FROM "schema_migrations" ORDER BY "schema_migrations"."version" ASC[0m
  ↳ bin/rails:9
  [1m[35m (0.3ms)[0m  [1m[34mSELECT "ar_internal_metadata"."value" FROM "ar_internal_metadata" WHERE "ar_internal_metadata"."key" = $1[0m  [["key", "environment"]]
  ↳ bin/rails:9
  [1m[35m (0.2ms)[0m  [1m[34mSELECT "schema_migrations"."version" FROM "schema_migrations" ORDER BY "schema_migrations"."version" ASC[0m
  ↳ bin/rails:9
  [1m[35m (0.2ms)[0m  [1m[34mSELECT "ar_internal_metadata"."value" FROM "ar_internal_metadata" WHERE "ar_internal_metadata"."key" = $1[0m  [["key", "environment"]]
  ↳ bin/rails:9
  [1m[35m (7285.8ms)[0m  [1m[35mDROP DATABASE IF EXISTS "coffeelist_development"[0m
  ↳ bin/rails:9
  [1m[35m (0.8ms)[0m  [1m[34mSELECT "schema_migrations"."version" FROM "schema_migrations" ORDER BY "schema_migrations"."version" ASC[0m
  ↳ bin/rails:9
  [1m[35m (0.4ms)[0m  [1m[34mSELECT "ar_internal_metadata"."value" FROM "ar_internal_metadata" WHERE "ar_internal_metadata"."key" = $1[0m  [["key", "environment"]]
  ↳ bin/rails:9
  [1m[35m (0.3ms)[0m  [1m[34mSELECT "schema_migrations"."version" FROM "schema_migrations" ORDER BY "schema_migrations"."version" ASC[0m
  ↳ bin/rails:9
  [1m[35m (0.3ms)[0m  [1m[34mSELECT "ar_internal_metadata"."value" FROM "ar_internal_metadata" WHERE "ar_internal_metadata"."key" = $1[0m  [["key", "environment"]]
  ↳ bin/rails:9
  [1m[35m (0.2ms)[0m  [1m[34mSELECT "schema_migrations"."version" FROM "schema_migrations" ORDER BY "schema_migrations"."version" ASC[0m
  ↳ bin/rails:9
  [1m[35m (0.3ms)[0m  [1m[34mSELECT "ar_internal_metadata"."value" FROM "ar_internal_metadata" WHERE "ar_internal_metadata"."key" = $1[0m  [["key", "environment"]]
  ↳ bin/rails:9
  [1m[35m (7759.3ms)[0m  [1m[35mDROP DATABASE IF EXISTS "coffeelist_development"[0m
  ↳ bin/rails:9
  [1m[35m (0.8ms)[0m  [1m[34mSELECT "schema_migrations"."version" FROM "schema_migrations" ORDER BY "schema_migrations"."version" ASC[0m
  ↳ bin/rails:9
  [1m[35m (0.4ms)[0m  [1m[34mSELECT "ar_internal_metadata"."value" FROM "ar_internal_metadata" WHERE "ar_internal_metadata"."key" = $1[0m  [["key", "environment"]]
  ↳ bin/rails:9
  [1m[35m (0.3ms)[0m  [1m[34mSELECT "schema_migrations"."version" FROM "schema_migrations" ORDER BY "schema_migrations"."version" ASC[0m
  ↳ bin/rails:9
  [1m[35m (0.2ms)[0m  [1m[34mSELECT "ar_internal_metadata"."value" FROM "ar_internal_metadata" WHERE "ar_internal_metadata"."key" = $1[0m  [["key", "environment"]]
  ↳ bin/rails:9
  [1m[35m (0.3ms)[0m  [1m[34mSELECT "schema_migrations"."version" FROM "schema_migrations" ORDER BY "schema_migrations"."version" ASC[0m
  ↳ bin/rails:9
  [1m[35m (0.2ms)[0m  [1m[34mSELECT "ar_internal_metadata"."value" FROM "ar_internal_metadata" WHERE "ar_internal_metadata"."key" = $1[0m  [["key", "environment"]]
  ↳ bin/rails:9
  [1m[35m (211.5ms)[0m  [1m[35mDROP DATABASE IF EXISTS "coffeelist_development"[0m
  ↳ bin/rails:9
  [1m[35m (233.4ms)[0m  [1m[35mDROP DATABASE IF EXISTS "coffeelist_test"[0m
  ↳ bin/rails:9
  [1m[35m (455.1ms)[0m  [1m[35mCREATE DATABASE "coffeelist_development" ENCODING = 'unicode'[0m
  ↳ bin/rails:9
  [1m[35m (462.5ms)[0m  [1m[35mCREATE DATABASE "coffeelist_test" ENCODING = 'unicode'[0m
  ↳ bin/rails:9
  [1m[35m (10.6ms)[0m  [1m[35mCREATE TABLE "schema_migrations" ("version" character varying NOT NULL PRIMARY KEY)[0m
  ↳ bin/rails:9
  [1m[35m (6.9ms)[0m  [1m[35mCREATE TABLE "ar_internal_metadata" ("key" character varying NOT NULL PRIMARY KEY, "value" character varying, "created_at" timestamp NOT NULL, "updated_at" timestamp NOT NULL)[0m
  ↳ bin/rails:9
  [1m[35m (0.3ms)[0m  [1m[34mSELECT pg_try_advisory_lock(4629875201885876145)[0m
  ↳ bin/rails:9
  [1m[35m (1.2ms)[0m  [1m[34mSELECT "schema_migrations"."version" FROM "schema_migrations" ORDER BY "schema_migrations"."version" ASC[0m
  ↳ bin/rails:9
Migrating to Customers (20190129082624)
  [1m[35m (0.3ms)[0m  [1m[35mBEGIN[0m
  ↳ bin/rails:9
  [1m[35m (9.3ms)[0m  [1m[35mCREATE TABLE "customers" ("id" bigserial primary key, "name" character varying, "phone" integer, "created_at" timestamp NOT NULL, "updated_at" timestamp NOT NULL)[0m
  ↳ db/migrate/20190129082624_customers.rb:3
  [1m[36mActiveRecord::SchemaMigration Create (0.8ms)[0m  [1m[32mINSERT INTO "schema_migrations" ("version") VALUES ($1) RETURNING "version"[0m  [["version", "20190129082624"]]
  ↳ bin/rails:9
  [1m[35m (1.5ms)[0m  [1m[35mCOMMIT[0m
  ↳ bin/rails:9
Migrating to Cups (20190129082758)
  [1m[35m (0.5ms)[0m  [1m[35mBEGIN[0m
  ↳ bin/rails:9
  [1m[35m (8.0ms)[0m  [1m[35mCREATE TABLE "cups" ("id" bigserial primary key, "name" character varying, "roastedness" text, "created_at" timestamp NOT NULL, "updated_at" timestamp NOT NULL)[0m
  ↳ db/migrate/20190129082758_cups.rb:3
  [1m[36mActiveRecord::SchemaMigration Create (0.7ms)[0m  [1m[32mINSERT INTO "schema_migrations" ("version") VALUES ($1) RETURNING "version"[0m  [["version", "20190129082758"]]
  ↳ bin/rails:9
  [1m[35m (1.6ms)[0m  [1m[35mCOMMIT[0m
  ↳ bin/rails:9
Migrating to CustomersCups (20190129083256)
  [1m[35m (16.1ms)[0m  [1m[35mBEGIN[0m
  ↳ bin/rails:9
  [1m[35m (9.2ms)[0m  [1m[35mCREATE TABLE "customers_cups" ("id" bigserial primary key, "customer_id" bigint, "cup_id" bigint, "created_at" timestamp NOT NULL, "updated_at" timestamp NOT NULL)[0m
  ↳ db/migrate/20190129083256_customers_cups.rb:3
  [1m[35m (2.2ms)[0m  [1m[35mCREATE  INDEX  "index_customers_cups_on_customer_id" ON "customers_cups"  ("customer_id")[0m
  ↳ db/migrate/20190129083256_customers_cups.rb:3
  [1m[35m (2.3ms)[0m  [1m[35mCREATE  INDEX  "index_customers_cups_on_cup_id" ON "customers_cups"  ("cup_id")[0m
  ↳ db/migrate/20190129083256_customers_cups.rb:3
  [1m[36mActiveRecord::SchemaMigration Create (0.5ms)[0m  [1m[32mINSERT INTO "schema_migrations" ("version") VALUES ($1) RETURNING "version"[0m  [["version", "20190129083256"]]
  ↳ bin/rails:9
  [1m[35m (1.5ms)[0m  [1m[35mCOMMIT[0m
  ↳ bin/rails:9
  [1m[36mActiveRecord::InternalMetadata Load (0.7ms)[0m  [1m[34mSELECT  "ar_internal_metadata".* FROM "ar_internal_metadata" WHERE "ar_internal_metadata"."key" = $1 LIMIT $2[0m  [["key", "environment"], ["LIMIT", 1]]
  ↳ bin/rails:9
  [1m[35m (0.2ms)[0m  [1m[35mBEGIN[0m
  ↳ bin/rails:9
  [1m[36mActiveRecord::InternalMetadata Create (1.1ms)[0m  [1m[32mINSERT INTO "ar_internal_metadata" ("key", "value", "created_at", "updated_at") VALUES ($1, $2, $3, $4) RETURNING "key"[0m  [["key", "environment"], ["value", "development"], ["created_at", "2019-01-29 08:46:32.166359"], ["updated_at", "2019-01-29 08:46:32.166359"]]
  ↳ bin/rails:9
  [1m[35m (1.4ms)[0m  [1m[35mCOMMIT[0m
  ↳ bin/rails:9
  [1m[35m (0.4ms)[0m  [1m[34mSELECT pg_advisory_unlock(4629875201885876145)[0m
  ↳ bin/rails:9
  [1m[35m (0.5ms)[0m  [1m[34mSELECT "schema_migrations"."version" FROM "schema_migrations" ORDER BY "schema_migrations"."version" ASC[0m
  ↳ bin/rails:9
  [1m[35m (0.4ms)[0m  [1m[35mBEGIN[0m
  [1m[36mCustomer Create (1.1ms)[0m  [1m[32mINSERT INTO "customers" ("name", "phone", "created_at", "updated_at") VALUES ($1, $2, $3, $4) RETURNING "id"[0m  [["name", "seany"], ["phone", 213214], ["created_at", "2019-01-29 08:50:26.082932"], ["updated_at", "2019-01-29 08:50:26.082932"]]
  [1m[35m (1.7ms)[0m  [1m[35mCOMMIT[0m
  [1m[35m (0.3ms)[0m  [1m[35mBEGIN[0m
  [1m[36mCustomer Create (0.8ms)[0m  [1m[32mINSERT INTO "customers" ("name", "phone", "created_at", "updated_at") VALUES ($1, $2, $3, $4) RETURNING "id"[0m  [["name", "ishak"], ["phone", 999], ["created_at", "2019-01-29 08:50:49.162759"], ["updated_at", "2019-01-29 08:50:49.162759"]]
  [1m[35m (1.6ms)[0m  [1m[35mCOMMIT[0m
  [1m[35m (0.3ms)[0m  [1m[35mBEGIN[0m
  [1m[36mCup Create (1.9ms)[0m  [1m[32mINSERT INTO "cups" ("name", "roastedness", "created_at", "updated_at") VALUES ($1, $2, $3, $4) RETURNING "id"[0m  [["name", "white coffee"], ["roastedness", "white"], ["created_at", "2019-01-29 08:51:45.675856"], ["updated_at", "2019-01-29 08:51:45.675856"]]
  [1m[35m (1.5ms)[0m  [1m[35mCOMMIT[0m
  [1m[36mCustomer Load (0.7ms)[0m  [1m[34mSELECT  "customers".* FROM "customers" ORDER BY "customers"."id" ASC LIMIT $1[0m  [["LIMIT", 1]]
  [1m[36mCup Load (0.7ms)[0m  [1m[34mSELECT  "cups".* FROM "cups" ORDER BY "cups"."id" ASC LIMIT $1[0m  [["LIMIT", 1]]
  [1m[35m (0.2ms)[0m  [1m[35mBEGIN[0m
  [1m[35m (0.2ms)[0m  [1m[31mROLLBACK[0m
  [1m[35m (0.8ms)[0m  [1m[34mSELECT "schema_migrations"."version" FROM "schema_migrations" ORDER BY "schema_migrations"."version" ASC[0m
  ↳ bin/rails:9
  [1m[35m (0.5ms)[0m  [1m[34mSELECT "ar_internal_metadata"."value" FROM "ar_internal_metadata" WHERE "ar_internal_metadata"."key" = $1[0m  [["key", "environment"]]
  ↳ bin/rails:9
  [1m[35m (0.3ms)[0m  [1m[34mSELECT "schema_migrations"."version" FROM "schema_migrations" ORDER BY "schema_migrations"."version" ASC[0m
  ↳ bin/rails:9
  [1m[35m (0.2ms)[0m  [1m[34mSELECT "ar_internal_metadata"."value" FROM "ar_internal_metadata" WHERE "ar_internal_metadata"."key" = $1[0m  [["key", "environment"]]
  ↳ bin/rails:9
  [1m[35m (0.3ms)[0m  [1m[34mSELECT "schema_migrations"."version" FROM "schema_migrations" ORDER BY "schema_migrations"."version" ASC[0m
  ↳ bin/rails:9
  [1m[35m (0.2ms)[0m  [1m[34mSELECT "ar_internal_metadata"."value" FROM "ar_internal_metadata" WHERE "ar_internal_metadata"."key" = $1[0m  [["key", "environment"]]
  ↳ bin/rails:9
  [1m[35m (7396.0ms)[0m  [1m[35mDROP DATABASE IF EXISTS "coffeelist_development"[0m
  ↳ bin/rails:9
  [1m[35m (0.8ms)[0m  [1m[34mSELECT "schema_migrations"."version" FROM "schema_migrations" ORDER BY "schema_migrations"."version" ASC[0m
  ↳ bin/rails:9
  [1m[35m (0.4ms)[0m  [1m[34mSELECT "ar_internal_metadata"."value" FROM "ar_internal_metadata" WHERE "ar_internal_metadata"."key" = $1[0m  [["key", "environment"]]
  ↳ bin/rails:9
  [1m[35m (0.3ms)[0m  [1m[34mSELECT "schema_migrations"."version" FROM "schema_migrations" ORDER BY "schema_migrations"."version" ASC[0m
  ↳ bin/rails:9
  [1m[35m (0.2ms)[0m  [1m[34mSELECT "ar_internal_metadata"."value" FROM "ar_internal_metadata" WHERE "ar_internal_metadata"."key" = $1[0m  [["key", "environment"]]
  ↳ bin/rails:9
  [1m[35m (0.3ms)[0m  [1m[34mSELECT "schema_migrations"."version" FROM "schema_migrations" ORDER BY "schema_migrations"."version" ASC[0m
  ↳ bin/rails:9
  [1m[35m (0.3ms)[0m  [1m[34mSELECT "ar_internal_metadata"."value" FROM "ar_internal_metadata" WHERE "ar_internal_metadata"."key" = $1[0m  [["key", "environment"]]
  ↳ bin/rails:9
  [1m[35m (151.0ms)[0m  [1m[35mDROP DATABASE IF EXISTS "coffeelist_development"[0m
  ↳ bin/rails:9
  [1m[35m (214.0ms)[0m  [1m[35mDROP DATABASE IF EXISTS "coffeelist_test"[0m
  ↳ bin/rails:9
  [1m[35m (467.1ms)[0m  [1m[35mCREATE DATABASE "coffeelist_development" ENCODING = 'unicode'[0m
  ↳ bin/rails:9
  [1m[35m (431.2ms)[0m  [1m[35mCREATE DATABASE "coffeelist_test" ENCODING = 'unicode'[0m
  ↳ bin/rails:9
  [1m[35m (12.3ms)[0m  [1m[35mCREATE TABLE "schema_migrations" ("version" character varying NOT NULL PRIMARY KEY)[0m
  ↳ bin/rails:9
  [1m[35m (6.2ms)[0m  [1m[35mCREATE TABLE "ar_internal_metadata" ("key" character varying NOT NULL PRIMARY KEY, "value" character varying, "created_at" timestamp NOT NULL, "updated_at" timestamp NOT NULL)[0m
  ↳ bin/rails:9
  [1m[35m (0.4ms)[0m  [1m[34mSELECT pg_try_advisory_lock(4629875201885876145)[0m
  ↳ bin/rails:9
  [1m[35m (1.0ms)[0m  [1m[34mSELECT "schema_migrations"."version" FROM "schema_migrations" ORDER BY "schema_migrations"."version" ASC[0m
  ↳ bin/rails:9
Migrating to Customers (20190129082624)
  [1m[35m (0.3ms)[0m  [1m[35mBEGIN[0m
  ↳ bin/rails:9
  [1m[35m (9.4ms)[0m  [1m[35mCREATE TABLE "customers" ("id" bigserial primary key, "name" character varying, "phone" integer, "created_at" timestamp NOT NULL, "updated_at" timestamp NOT NULL)[0m
  ↳ db/migrate/20190129082624_customers.rb:3
  [1m[36mActiveRecord::SchemaMigration Create (0.9ms)[0m  [1m[32mINSERT INTO "schema_migrations" ("version") VALUES ($1) RETURNING "version"[0m  [["version", "20190129082624"]]
  ↳ bin/rails:9
  [1m[35m (1.4ms)[0m  [1m[35mCOMMIT[0m
  ↳ bin/rails:9
Migrating to Cups (20190129082758)
  [1m[35m (0.6ms)[0m  [1m[35mBEGIN[0m
  ↳ bin/rails:9
  [1m[35m (9.7ms)[0m  [1m[35mCREATE TABLE "cups" ("id" bigserial primary key, "name" character varying, "roastedness" text, "created_at" timestamp NOT NULL, "updated_at" timestamp NOT NULL)[0m
  ↳ db/migrate/20190129082758_cups.rb:3
  [1m[36mActiveRecord::SchemaMigration Create (8.7ms)[0m  [1m[32mINSERT INTO "schema_migrations" ("version") VALUES ($1) RETURNING "version"[0m  [["version", "20190129082758"]]
  ↳ bin/rails:9
  [1m[35m (1.4ms)[0m  [1m[35mCOMMIT[0m
  ↳ bin/rails:9
Migrating to CupsCustomers (20190129085713)
  [1m[35m (5.7ms)[0m  [1m[35mBEGIN[0m
  ↳ bin/rails:9
  [1m[36mActiveRecord::SchemaMigration Create (0.5ms)[0m  [1m[32mINSERT INTO "schema_migrations" ("version") VALUES ($1) RETURNING "version"[0m  [["version", "20190129085713"]]
  ↳ bin/rails:9
  [1m[35m (5.8ms)[0m  [1m[35mCOMMIT[0m
  ↳ bin/rails:9
  [1m[36mActiveRecord::InternalMetadata Load (1.0ms)[0m  [1m[34mSELECT  "ar_internal_metadata".* FROM "ar_internal_metadata" WHERE "ar_internal_metadata"."key" = $1 LIMIT $2[0m  [["key", "environment"], ["LIMIT", 1]]
  ↳ bin/rails:9
  [1m[35m (0.3ms)[0m  [1m[35mBEGIN[0m
  ↳ bin/rails:9
  [1m[36mActiveRecord::InternalMetadata Create (0.9ms)[0m  [1m[32mINSERT INTO "ar_internal_metadata" ("key", "value", "created_at", "updated_at") VALUES ($1, $2, $3, $4) RETURNING "key"[0m  [["key", "environment"], ["value", "development"], ["created_at", "2019-01-29 08:58:57.940259"], ["updated_at", "2019-01-29 08:58:57.940259"]]
  ↳ bin/rails:9
  [1m[35m (1.3ms)[0m  [1m[35mCOMMIT[0m
  ↳ bin/rails:9
  [1m[35m (0.4ms)[0m  [1m[34mSELECT pg_advisory_unlock(4629875201885876145)[0m
  ↳ bin/rails:9
  [1m[35m (0.7ms)[0m  [1m[34mSELECT "schema_migrations"."version" FROM "schema_migrations" ORDER BY "schema_migrations"."version" ASC[0m
  ↳ bin/rails:9
  [1m[35m (0.8ms)[0m  [1m[34mSELECT "schema_migrations"."version" FROM "schema_migrations" ORDER BY "schema_migrations"."version" ASC[0m
  ↳ bin/rails:9
  [1m[35m (0.4ms)[0m  [1m[34mSELECT "ar_internal_metadata"."value" FROM "ar_internal_metadata" WHERE "ar_internal_metadata"."key" = $1[0m  [["key", "environment"]]
  ↳ bin/rails:9
  [1m[35m (0.3ms)[0m  [1m[34mSELECT "schema_migrations"."version" FROM "schema_migrations" ORDER BY "schema_migrations"."version" ASC[0m
  ↳ bin/rails:9
  [1m[35m (0.3ms)[0m  [1m[34mSELECT "ar_internal_metadata"."value" FROM "ar_internal_metadata" WHERE "ar_internal_metadata"."key" = $1[0m  [["key", "environment"]]
  ↳ bin/rails:9
  [1m[35m (0.3ms)[0m  [1m[34mSELECT "schema_migrations"."version" FROM "schema_migrations" ORDER BY "schema_migrations"."version" ASC[0m
  ↳ bin/rails:9
  [1m[35m (0.2ms)[0m  [1m[34mSELECT "ar_internal_metadata"."value" FROM "ar_internal_metadata" WHERE "ar_internal_metadata"."key" = $1[0m  [["key", "environment"]]
  ↳ bin/rails:9
  [1m[35m (220.4ms)[0m  [1m[35mDROP DATABASE IF EXISTS "coffeelist_development"[0m
  ↳ bin/rails:9
  [1m[35m (212.5ms)[0m  [1m[35mDROP DATABASE IF EXISTS "coffeelist_test"[0m
  ↳ bin/rails:9
  [1m[35m (506.6ms)[0m  [1m[35mCREATE DATABASE "coffeelist_development" ENCODING = 'unicode'[0m
  ↳ bin/rails:9
  [1m[35m (510.5ms)[0m  [1m[35mCREATE DATABASE "coffeelist_test" ENCODING = 'unicode'[0m
  ↳ bin/rails:9
  [1m[35m (11.9ms)[0m  [1m[35mCREATE TABLE "schema_migrations" ("version" character varying NOT NULL PRIMARY KEY)[0m
  ↳ bin/rails:9
  [1m[35m (6.8ms)[0m  [1m[35mCREATE TABLE "ar_internal_metadata" ("key" character varying NOT NULL PRIMARY KEY, "value" character varying, "created_at" timestamp NOT NULL, "updated_at" timestamp NOT NULL)[0m
  ↳ bin/rails:9
  [1m[35m (0.5ms)[0m  [1m[34mSELECT pg_try_advisory_lock(4629875201885876145)[0m
  ↳ bin/rails:9
  [1m[35m (1.5ms)[0m  [1m[34mSELECT "schema_migrations"."version" FROM "schema_migrations" ORDER BY "schema_migrations"."version" ASC[0m
  ↳ bin/rails:9
Migrating to Customers (20190129082624)
  [1m[35m (0.3ms)[0m  [1m[35mBEGIN[0m
  ↳ bin/rails:9
  [1m[35m (9.1ms)[0m  [1m[35mCREATE TABLE "customers" ("id" bigserial primary key, "name" character varying, "phone" integer, "created_at" timestamp NOT NULL, "updated_at" timestamp NOT NULL)[0m
  ↳ db/migrate/20190129082624_customers.rb:3
  [1m[36mActiveRecord::SchemaMigration Create (1.3ms)[0m  [1m[32mINSERT INTO "schema_migrations" ("version") VALUES ($1) RETURNING "version"[0m  [["version", "20190129082624"]]
  ↳ bin/rails:9
  [1m[35m (1.5ms)[0m  [1m[35mCOMMIT[0m
  ↳ bin/rails:9
Migrating to Cups (20190129082758)
  [1m[35m (0.6ms)[0m  [1m[35mBEGIN[0m
  ↳ bin/rails:9
  [1m[35m (9.9ms)[0m  [1m[35mCREATE TABLE "cups" ("id" bigserial primary key, "name" character varying, "roastedness" text, "created_at" timestamp NOT NULL, "updated_at" timestamp NOT NULL)[0m
  ↳ db/migrate/20190129082758_cups.rb:3
  [1m[36mActiveRecord::SchemaMigration Create (0.5ms)[0m  [1m[32mINSERT INTO "schema_migrations" ("version") VALUES ($1) RETURNING "version"[0m  [["version", "20190129082758"]]
  ↳ bin/rails:9
  [1m[35m (3.7ms)[0m  [1m[35mCOMMIT[0m
  ↳ bin/rails:9
Migrating to CupsCustomers (20190129085713)
  [1m[35m (6.3ms)[0m  [1m[35mBEGIN[0m
  ↳ bin/rails:9
  [1m[35m (11.7ms)[0m  [1m[35mCREATE TABLE "cups_customers" ("id" bigserial primary key, "cup_id" bigint, "customer_id" bigint, "created_at" timestamp NOT NULL, "updated_at" timestamp NOT NULL)[0m
  ↳ db/migrate/20190129085713_cups_customers.rb:3
  [1m[35m (2.4ms)[0m  [1m[35mCREATE  INDEX  "index_cups_customers_on_cup_id" ON "cups_customers"  ("cup_id")[0m
  ↳ db/migrate/20190129085713_cups_customers.rb:3
  [1m[35m (2.4ms)[0m  [1m[35mCREATE  INDEX  "index_cups_customers_on_customer_id" ON "cups_customers"  ("customer_id")[0m
  ↳ db/migrate/20190129085713_cups_customers.rb:3
  [1m[36mActiveRecord::SchemaMigration Create (0.4ms)[0m  [1m[32mINSERT INTO "schema_migrations" ("version") VALUES ($1) RETURNING "version"[0m  [["version", "20190129085713"]]
  ↳ bin/rails:9
  [1m[35m (0.9ms)[0m  [1m[35mCOMMIT[0m
  ↳ bin/rails:9
  [1m[36mActiveRecord::InternalMetadata Load (0.6ms)[0m  [1m[34mSELECT  "ar_internal_metadata".* FROM "ar_internal_metadata" WHERE "ar_internal_metadata"."key" = $1 LIMIT $2[0m  [["key", "environment"], ["LIMIT", 1]]
  ↳ bin/rails:9
  [1m[35m (0.3ms)[0m  [1m[35mBEGIN[0m
  ↳ bin/rails:9
  [1m[36mActiveRecord::InternalMetadata Create (1.1ms)[0m  [1m[32mINSERT INTO "ar_internal_metadata" ("key", "value", "created_at", "updated_at") VALUES ($1, $2, $3, $4) RETURNING "key"[0m  [["key", "environment"], ["value", "development"], ["created_at", "2019-01-29 09:03:21.821334"], ["updated_at", "2019-01-29 09:03:21.821334"]]
  ↳ bin/rails:9
  [1m[35m (1.3ms)[0m  [1m[35mCOMMIT[0m
  ↳ bin/rails:9
  [1m[35m (0.4ms)[0m  [1m[34mSELECT pg_advisory_unlock(4629875201885876145)[0m
  ↳ bin/rails:9
  [1m[35m (0.5ms)[0m  [1m[34mSELECT "schema_migrations"."version" FROM "schema_migrations" ORDER BY "schema_migrations"."version" ASC[0m
  ↳ bin/rails:9
  [1m[35m (0.3ms)[0m  [1m[35mBEGIN[0m
  [1m[36mCustomer Create (1.5ms)[0m  [1m[32mINSERT INTO "customers" ("name", "phone", "created_at", "updated_at") VALUES ($1, $2, $3, $4) RETURNING "id"[0m  [["name", "seany"], ["phone", 847248], ["created_at", "2019-01-29 09:07:59.985766"], ["updated_at", "2019-01-29 09:07:59.985766"]]
  [1m[35m (0.5ms)[0m  [1m[35mCOMMIT[0m
  [1m[35m (0.3ms)[0m  [1m[35mBEGIN[0m
  [1m[36mCustomer Create (0.8ms)[0m  [1m[32mINSERT INTO "customers" ("name", "phone", "created_at", "updated_at") VALUES ($1, $2, $3, $4) RETURNING "id"[0m  [["name", "ishak"], ["phone", 999], ["created_at", "2019-01-29 09:08:30.731577"], ["updated_at", "2019-01-29 09:08:30.731577"]]
  [1m[35m (1.6ms)[0m  [1m[35mCOMMIT[0m
  [1m[35m (0.3ms)[0m  [1m[35mBEGIN[0m
  [1m[36mCup Create (1.7ms)[0m  [1m[32mINSERT INTO "cups" ("name", "roastedness", "created_at", "updated_at") VALUES ($1, $2, $3, $4) RETURNING "id"[0m  [["name", "white coffee"], ["roastedness", "white"], ["created_at", "2019-01-29 09:09:47.128883"], ["updated_at", "2019-01-29 09:09:47.128883"]]
  [1m[36mCup::HABTM_Customers Create (2.1ms)[0m  [1m[32mINSERT INTO "cups_customers" ("cup_id", "customer_id", "created_at", "updated_at") VALUES ($1, $2, $3, $4) RETURNING "id"[0m  [["cup_id", 1], ["customer_id", 1], ["created_at", "2019-01-29 09:09:47.133356"], ["updated_at", "2019-01-29 09:09:47.133356"]]
  [1m[36mCup::HABTM_Customers Create (0.5ms)[0m  [1m[32mINSERT INTO "cups_customers" ("cup_id", "customer_id", "created_at", "updated_at") VALUES ($1, $2, $3, $4) RETURNING "id"[0m  [["cup_id", 1], ["customer_id", 2], ["created_at", "2019-01-29 09:09:47.137688"], ["updated_at", "2019-01-29 09:09:47.137688"]]
  [1m[35m (1.3ms)[0m  [1m[35mCOMMIT[0m
Started GET "/cups/1" for 127.0.0.1 at 2019-01-29 17:45:34 +0800
  [1m[35m (0.9ms)[0m  [1m[34mSELECT "schema_migrations"."version" FROM "schema_migrations" ORDER BY "schema_migrations"."version" ASC[0m
  ↳ /Users/ronniechua/.rbenv/versions/2.5.1/lib/ruby/gems/2.5.0/gems/activerecord-5.2.2/lib/active_record/log_subscriber.rb:98
  
ActionController::RoutingError (uninitialized constant CupsController):
  
bootsnap (1.3.2) lib/bootsnap/load_path_cache/core_ext/active_support.rb:74:in `block in load_missing_constant'
bootsnap (1.3.2) lib/bootsnap/load_path_cache/core_ext/active_support.rb:8:in `without_bootsnap_cache'
bootsnap (1.3.2) lib/bootsnap/load_path_cache/core_ext/active_support.rb:74:in `rescue in load_missing_constant'
bootsnap (1.3.2) lib/bootsnap/load_path_cache/core_ext/active_support.rb:56:in `load_missing_constant'
activesupport (5.2.2) lib/active_support/inflector/methods.rb:283:in `const_get'
activesupport (5.2.2) lib/active_support/inflector/methods.rb:283:in `block in constantize'
activesupport (5.2.2) lib/active_support/inflector/methods.rb:281:in `each'
activesupport (5.2.2) lib/active_support/inflector/methods.rb:281:in `inject'
activesupport (5.2.2) lib/active_support/inflector/methods.rb:281:in `constantize'
actionpack (5.2.2) lib/action_dispatch/http/request.rb:88:in `controller_class_for'
actionpack (5.2.2) lib/action_dispatch/http/request.rb:81:in `controller_class'
actionpack (5.2.2) lib/action_dispatch/routing/route_set.rb:46:in `controller'
actionpack (5.2.2) lib/action_dispatch/routing/route_set.rb:32:in `serve'
actionpack (5.2.2) lib/action_dispatch/journey/router.rb:52:in `block in serve'
actionpack (5.2.2) lib/action_dispatch/journey/router.rb:35:in `each'
actionpack (5.2.2) lib/action_dispatch/journey/router.rb:35:in `serve'
actionpack (5.2.2) lib/action_dispatch/routing/route_set.rb:840:in `call'
rack (2.0.6) lib/rack/tempfile_reaper.rb:15:in `call'
rack (2.0.6) lib/rack/etag.rb:25:in `call'
rack (2.0.6) lib/rack/conditional_get.rb:25:in `call'
rack (2.0.6) lib/rack/head.rb:12:in `call'
actionpack (5.2.2) lib/action_dispatch/http/content_security_policy.rb:18:in `call'
rack (2.0.6) lib/rack/session/abstract/id.rb:232:in `context'
rack (2.0.6) lib/rack/session/abstract/id.rb:226:in `call'
actionpack (5.2.2) lib/action_dispatch/middleware/cookies.rb:670:in `call'
activerecord (5.2.2) lib/active_record/migration.rb:559:in `call'
actionpack (5.2.2) lib/action_dispatch/middleware/callbacks.rb:28:in `block in call'
activesupport (5.2.2) lib/active_support/callbacks.rb:98:in `run_callbacks'
actionpack (5.2.2) lib/action_dispatch/middleware/callbacks.rb:26:in `call'
actionpack (5.2.2) lib/action_dispatch/middleware/executor.rb:14:in `call'
actionpack (5.2.2) lib/action_dispatch/middleware/debug_exceptions.rb:61:in `call'
web-console (3.7.0) lib/web_console/middleware.rb:135:in `call_app'
web-console (3.7.0) lib/web_console/middleware.rb:30:in `block in call'
web-console (3.7.0) lib/web_console/middleware.rb:20:in `catch'
web-console (3.7.0) lib/web_console/middleware.rb:20:in `call'
actionpack (5.2.2) lib/action_dispatch/middleware/show_exceptions.rb:33:in `call'
railties (5.2.2) lib/rails/rack/logger.rb:38:in `call_app'
railties (5.2.2) lib/rails/rack/logger.rb:26:in `block in call'
activesupport (5.2.2) lib/active_support/tagged_logging.rb:71:in `block in tagged'
activesupport (5.2.2) lib/active_support/tagged_logging.rb:28:in `tagged'
activesupport (5.2.2) lib/active_support/tagged_logging.rb:71:in `tagged'
railties (5.2.2) lib/rails/rack/logger.rb:26:in `call'
sprockets-rails (3.2.1) lib/sprockets/rails/quiet_assets.rb:13:in `call'
actionpack (5.2.2) lib/action_dispatch/middleware/remote_ip.rb:81:in `call'
actionpack (5.2.2) lib/action_dispatch/middleware/request_id.rb:27:in `call'
rack (2.0.6) lib/rack/method_override.rb:22:in `call'
rack (2.0.6) lib/rack/runtime.rb:22:in `call'
activesupport (5.2.2) lib/active_support/cache/strategy/local_cache_middleware.rb:29:in `call'
actionpack (5.2.2) lib/action_dispatch/middleware/executor.rb:14:in `call'
actionpack (5.2.2) lib/action_dispatch/middleware/static.rb:127:in `call'
rack (2.0.6) lib/rack/sendfile.rb:111:in `call'
railties (5.2.2) lib/rails/engine.rb:524:in `call'
puma (3.12.0) lib/puma/configuration.rb:225:in `call'
puma (3.12.0) lib/puma/server.rb:658:in `handle_request'
puma (3.12.0) lib/puma/server.rb:472:in `process_client'
puma (3.12.0) lib/puma/server.rb:332:in `block in run'
puma (3.12.0) lib/puma/thread_pool.rb:133:in `block in spawn_thread'
Started GET "/cups/1" for 127.0.0.1 at 2019-01-29 17:48:58 +0800
Processing by CupsController#show as HTML
  Parameters: {"id"=>"1"}
  [1m[36mCup Load (0.7ms)[0m  [1m[34mSELECT  "cups".* FROM "cups" WHERE "cups"."id" = $1 LIMIT $2[0m  [["id", 1], ["LIMIT", 1]]
  ↳ app/controllers/cups_controller.rb:18
  Rendering cups/show.html.erb within layouts/application
  [1m[36mCustomer Load (1.8ms)[0m  [1m[34mSELECT "customers".* FROM "customers" INNER JOIN "cups_customers" ON "customers"."id" = "cups_customers"."customer_id" WHERE "cups_customers"."cup_id" = $1[0m  [["cup_id", 1]]
  ↳ app/views/cups/show.html.erb:4
  Rendered cups/show.html.erb within layouts/application (57.1ms)
Completed 200 OK in 436ms (Views: 406.4ms | ActiveRecord: 13.0ms)


Started GET "/cups/1" for 127.0.0.1 at 2019-01-29 17:49:01 +0800
Processing by CupsController#show as HTML
  Parameters: {"id"=>"1"}
  [1m[36mCup Load (0.5ms)[0m  [1m[34mSELECT  "cups".* FROM "cups" WHERE "cups"."id" = $1 LIMIT $2[0m  [["id", 1], ["LIMIT", 1]]
  ↳ app/controllers/cups_controller.rb:18
  Rendering cups/show.html.erb within layouts/application
  [1m[36mCustomer Load (0.5ms)[0m  [1m[34mSELECT "customers".* FROM "customers" INNER JOIN "cups_customers" ON "customers"."id" = "cups_customers"."customer_id" WHERE "cups_customers"."cup_id" = $1[0m  [["cup_id", 1]]
  ↳ app/views/cups/show.html.erb:4
  Rendered cups/show.html.erb within layouts/application (2.1ms)
Completed 200 OK in 33ms (Views: 27.8ms | ActiveRecord: 1.0ms)


Started GET "/cups/1" for 127.0.0.1 at 2019-01-29 17:51:36 +0800
Processing by CupsController#show as HTML
  Parameters: {"id"=>"1"}
  [1m[36mCup Load (0.6ms)[0m  [1m[34mSELECT  "cups".* FROM "cups" WHERE "cups"."id" = $1 LIMIT $2[0m  [["id", 1], ["LIMIT", 1]]
  ↳ app/controllers/cups_controller.rb:18
  Rendering cups/show.html.erb within layouts/application
  [1m[36mCustomer Load (0.5ms)[0m  [1m[34mSELECT "customers".* FROM "customers" INNER JOIN "cups_customers" ON "customers"."id" = "cups_customers"."customer_id" WHERE "cups_customers"."cup_id" = $1[0m  [["cup_id", 1]]
  ↳ app/views/cups/show.html.erb:14
  Rendered cups/show.html.erb within layouts/application (2.0ms)
Completed 200 OK in 34ms (Views: 27.1ms | ActiveRecord: 1.1ms)


Started GET "/cups/1" for 127.0.0.1 at 2019-01-29 17:52:12 +0800
Processing by CupsController#show as HTML
  Parameters: {"id"=>"1"}
  [1m[36mCup Load (0.7ms)[0m  [1m[34mSELECT  "cups".* FROM "cups" WHERE "cups"."id" = $1 LIMIT $2[0m  [["id", 1], ["LIMIT", 1]]
  ↳ app/controllers/cups_controller.rb:18
  Rendering cups/show.html.erb within layouts/application
  [1m[36mCustomer Load (0.5ms)[0m  [1m[34mSELECT "customers".* FROM "customers" INNER JOIN "cups_customers" ON "customers"."id" = "cups_customers"."customer_id" WHERE "cups_customers"."cup_id" = $1[0m  [["cup_id", 1]]
  ↳ app/views/cups/show.html.erb:14
  Rendered cups/show.html.erb within layouts/application (2.0ms)
Completed 200 OK in 29ms (Views: 23.7ms | ActiveRecord: 1.2ms)


Started GET "/customer/1" for 127.0.0.1 at 2019-01-29 17:57:01 +0800
  
ActionController::RoutingError (No route matches [GET] "/customer/1"):
  
actionpack (5.2.2) lib/action_dispatch/middleware/debug_exceptions.rb:65:in `call'
web-console (3.7.0) lib/web_console/middleware.rb:135:in `call_app'
web-console (3.7.0) lib/web_console/middleware.rb:30:in `block in call'
web-console (3.7.0) lib/web_console/middleware.rb:20:in `catch'
web-console (3.7.0) lib/web_console/middleware.rb:20:in `call'
actionpack (5.2.2) lib/action_dispatch/middleware/show_exceptions.rb:33:in `call'
railties (5.2.2) lib/rails/rack/logger.rb:38:in `call_app'
railties (5.2.2) lib/rails/rack/logger.rb:26:in `block in call'
activesupport (5.2.2) lib/active_support/tagged_logging.rb:71:in `block in tagged'
activesupport (5.2.2) lib/active_support/tagged_logging.rb:28:in `tagged'
activesupport (5.2.2) lib/active_support/tagged_logging.rb:71:in `tagged'
railties (5.2.2) lib/rails/rack/logger.rb:26:in `call'
sprockets-rails (3.2.1) lib/sprockets/rails/quiet_assets.rb:13:in `call'
actionpack (5.2.2) lib/action_dispatch/middleware/remote_ip.rb:81:in `call'
actionpack (5.2.2) lib/action_dispatch/middleware/request_id.rb:27:in `call'
rack (2.0.6) lib/rack/method_override.rb:22:in `call'
rack (2.0.6) lib/rack/runtime.rb:22:in `call'
activesupport (5.2.2) lib/active_support/cache/strategy/local_cache_middleware.rb:29:in `call'
actionpack (5.2.2) lib/action_dispatch/middleware/executor.rb:14:in `call'
actionpack (5.2.2) lib/action_dispatch/middleware/static.rb:127:in `call'
rack (2.0.6) lib/rack/sendfile.rb:111:in `call'
railties (5.2.2) lib/rails/engine.rb:524:in `call'
puma (3.12.0) lib/puma/configuration.rb:225:in `call'
puma (3.12.0) lib/puma/server.rb:658:in `handle_request'
puma (3.12.0) lib/puma/server.rb:472:in `process_client'
puma (3.12.0) lib/puma/server.rb:332:in `block in run'
puma (3.12.0) lib/puma/thread_pool.rb:133:in `block in spawn_thread'
Started GET "/customers1" for 127.0.0.1 at 2019-01-29 17:57:05 +0800
  
ActionController::RoutingError (No route matches [GET] "/customers1"):
  
actionpack (5.2.2) lib/action_dispatch/middleware/debug_exceptions.rb:65:in `call'
web-console (3.7.0) lib/web_console/middleware.rb:135:in `call_app'
web-console (3.7.0) lib/web_console/middleware.rb:30:in `block in call'
web-console (3.7.0) lib/web_console/middleware.rb:20:in `catch'
web-console (3.7.0) lib/web_console/middleware.rb:20:in `call'
actionpack (5.2.2) lib/action_dispatch/middleware/show_exceptions.rb:33:in `call'
railties (5.2.2) lib/rails/rack/logger.rb:38:in `call_app'
railties (5.2.2) lib/rails/rack/logger.rb:26:in `block in call'
activesupport (5.2.2) lib/active_support/tagged_logging.rb:71:in `block in tagged'
activesupport (5.2.2) lib/active_support/tagged_logging.rb:28:in `tagged'
activesupport (5.2.2) lib/active_support/tagged_logging.rb:71:in `tagged'
railties (5.2.2) lib/rails/rack/logger.rb:26:in `call'
sprockets-rails (3.2.1) lib/sprockets/rails/quiet_assets.rb:13:in `call'
actionpack (5.2.2) lib/action_dispatch/middleware/remote_ip.rb:81:in `call'
actionpack (5.2.2) lib/action_dispatch/middleware/request_id.rb:27:in `call'
rack (2.0.6) lib/rack/method_override.rb:22:in `call'
rack (2.0.6) lib/rack/runtime.rb:22:in `call'
activesupport (5.2.2) lib/active_support/cache/strategy/local_cache_middleware.rb:29:in `call'
actionpack (5.2.2) lib/action_dispatch/middleware/executor.rb:14:in `call'
actionpack (5.2.2) lib/action_dispatch/middleware/static.rb:127:in `call'
rack (2.0.6) lib/rack/sendfile.rb:111:in `call'
railties (5.2.2) lib/rails/engine.rb:524:in `call'
puma (3.12.0) lib/puma/configuration.rb:225:in `call'
puma (3.12.0) lib/puma/server.rb:658:in `handle_request'
puma (3.12.0) lib/puma/server.rb:472:in `process_client'
puma (3.12.0) lib/puma/server.rb:332:in `block in run'
puma (3.12.0) lib/puma/thread_pool.rb:133:in `block in spawn_thread'
Started GET "/customers/1" for 127.0.0.1 at 2019-01-29 17:57:08 +0800
Processing by CustomersController#show as HTML
  Parameters: {"id"=>"1"}
  [1m[36mCustomer Load (0.4ms)[0m  [1m[34mSELECT  "customers".* FROM "customers" WHERE "customers"."id" = $1 LIMIT $2[0m  [["id", 1], ["LIMIT", 1]]
  ↳ app/controllers/customers_controller.rb:13
  Rendering customers/show.html.erb within layouts/application
  [1m[36mCup Load (0.5ms)[0m  [1m[34mSELECT "cups".* FROM "cups" INNER JOIN "cups_customers" ON "cups"."id" = "cups_customers"."cup_id" WHERE "cups_customers"."customer_id" = $1[0m  [["customer_id", 1]]
  ↳ app/views/customers/show.html.erb:14
  Rendered customers/show.html.erb within layouts/application (21.6ms)
Completed 200 OK in 66ms (Views: 40.1ms | ActiveRecord: 12.3ms)


Started GET "/customers/2" for 127.0.0.1 at 2019-01-29 17:57:13 +0800
Processing by CustomersController#show as HTML
  Parameters: {"id"=>"2"}
  [1m[36mCustomer Load (1.6ms)[0m  [1m[34mSELECT  "customers".* FROM "customers" WHERE "customers"."id" = $1 LIMIT $2[0m  [["id", 2], ["LIMIT", 1]]
  ↳ app/controllers/customers_controller.rb:13
  Rendering customers/show.html.erb within layouts/application
  [1m[36mCup Load (0.5ms)[0m  [1m[34mSELECT "cups".* FROM "cups" INNER JOIN "cups_customers" ON "cups"."id" = "cups_customers"."cup_id" WHERE "cups_customers"."customer_id" = $1[0m  [["customer_id", 2]]
  ↳ app/views/customers/show.html.erb:14
  Rendered customers/show.html.erb within layouts/application (2.4ms)
Completed 200 OK in 40ms (Views: 30.3ms | ActiveRecord: 2.0ms)


Started GET "/customers/1" for 127.0.0.1 at 2019-01-29 17:57:30 +0800
Processing by CustomersController#show as HTML
  Parameters: {"id"=>"1"}
  [1m[36mCustomer Load (0.3ms)[0m  [1m[34mSELECT  "customers".* FROM "customers" WHERE "customers"."id" = $1 LIMIT $2[0m  [["id", 1], ["LIMIT", 1]]
  ↳ app/controllers/customers_controller.rb:13
  Rendering customers/show.html.erb within layouts/application
  [1m[36mCup Load (0.8ms)[0m  [1m[34mSELECT "cups".* FROM "cups" INNER JOIN "cups_customers" ON "cups"."id" = "cups_customers"."cup_id" WHERE "cups_customers"."customer_id" = $1[0m  [["customer_id", 1]]
  ↳ app/views/customers/show.html.erb:14
  Rendered customers/show.html.erb within layouts/application (4.2ms)
Completed 200 OK in 45ms (Views: 38.6ms | ActiveRecord: 1.2ms)


Started GET "/cu" for 127.0.0.1 at 2019-01-29 17:58:48 +0800
  
ActionController::RoutingError (No route matches [GET] "/cu"):
  
actionpack (5.2.2) lib/action_dispatch/middleware/debug_exceptions.rb:65:in `call'
web-console (3.7.0) lib/web_console/middleware.rb:135:in `call_app'
web-console (3.7.0) lib/web_console/middleware.rb:30:in `block in call'
web-console (3.7.0) lib/web_console/middleware.rb:20:in `catch'
web-console (3.7.0) lib/web_console/middleware.rb:20:in `call'
actionpack (5.2.2) lib/action_dispatch/middleware/show_exceptions.rb:33:in `call'
railties (5.2.2) lib/rails/rack/logger.rb:38:in `call_app'
railties (5.2.2) lib/rails/rack/logger.rb:26:in `block in call'
activesupport (5.2.2) lib/active_support/tagged_logging.rb:71:in `block in tagged'
activesupport (5.2.2) lib/active_support/tagged_logging.rb:28:in `tagged'
activesupport (5.2.2) lib/active_support/tagged_logging.rb:71:in `tagged'
railties (5.2.2) lib/rails/rack/logger.rb:26:in `call'
sprockets-rails (3.2.1) lib/sprockets/rails/quiet_assets.rb:13:in `call'
actionpack (5.2.2) lib/action_dispatch/middleware/remote_ip.rb:81:in `call'
actionpack (5.2.2) lib/action_dispatch/middleware/request_id.rb:27:in `call'
rack (2.0.6) lib/rack/method_override.rb:22:in `call'
rack (2.0.6) lib/rack/runtime.rb:22:in `call'
activesupport (5.2.2) lib/active_support/cache/strategy/local_cache_middleware.rb:29:in `call'
actionpack (5.2.2) lib/action_dispatch/middleware/executor.rb:14:in `call'
actionpack (5.2.2) lib/action_dispatch/middleware/static.rb:127:in `call'
rack (2.0.6) lib/rack/sendfile.rb:111:in `call'
railties (5.2.2) lib/rails/engine.rb:524:in `call'
puma (3.12.0) lib/puma/configuration.rb:225:in `call'
puma (3.12.0) lib/puma/server.rb:658:in `handle_request'
puma (3.12.0) lib/puma/server.rb:472:in `process_client'
puma (3.12.0) lib/puma/server.rb:332:in `block in run'
puma (3.12.0) lib/puma/thread_pool.rb:133:in `block in spawn_thread'
Started GET "/customers/1" for 127.0.0.1 at 2019-01-29 17:58:54 +0800
Processing by CustomersController#show as HTML
  Parameters: {"id"=>"1"}
  [1m[36mCustomer Load (0.6ms)[0m  [1m[34mSELECT  "customers".* FROM "customers" WHERE "customers"."id" = $1 LIMIT $2[0m  [["id", 1], ["LIMIT", 1]]
  ↳ app/controllers/customers_controller.rb:13
  Rendering customers/show.html.erb within layouts/application
  [1m[36mCup Load (2.1ms)[0m  [1m[34mSELECT "cups".* FROM "cups" INNER JOIN "cups_customers" ON "cups"."id" = "cups_customers"."cup_id" WHERE "cups_customers"."customer_id" = $1[0m  [["customer_id", 1]]
  ↳ app/views/customers/show.html.erb:14
  Rendered customers/show.html.erb within layouts/application (5.1ms)
Completed 200 OK in 39ms (Views: 30.3ms | ActiveRecord: 2.7ms)


Started GET "/customers/new" for 127.0.0.1 at 2019-01-29 18:15:04 +0800
Processing by CustomersController#new as HTML
  Rendering customers/new.html.erb within layouts/application
  [1m[36mCup Load (1.3ms)[0m  [1m[34mSELECT "cups".* FROM "cups"[0m
  ↳ app/views/customers/new.html.erb:3
  Rendered customers/new.html.erb within layouts/application (237.7ms)
Completed 200 OK in 273ms (Views: 251.0ms | ActiveRecord: 13.0ms)


  [1m[35m (0.3ms)[0m  [1m[35mBEGIN[0m
  [1m[36mCup Create (1.0ms)[0m  [1m[32mINSERT INTO "cups" ("name", "roastedness", "created_at", "updated_at") VALUES ($1, $2, $3, $4) RETURNING "id"[0m  [["name", "black coffee"], ["roastedness", "black"], ["created_at", "2019-01-29 10:17:26.432565"], ["updated_at", "2019-01-29 10:17:26.432565"]]
  [1m[35m (1.9ms)[0m  [1m[35mCOMMIT[0m
  [1m[35m (0.3ms)[0m  [1m[35mBEGIN[0m
  [1m[36mCup Create (0.9ms)[0m  [1m[32mINSERT INTO "cups" ("name", "roastedness", "created_at", "updated_at") VALUES ($1, $2, $3, $4) RETURNING "id"[0m  [["name", "expresso"], ["roastedness", "black"], ["created_at", "2019-01-29 10:18:03.498624"], ["updated_at", "2019-01-29 10:18:03.498624"]]
  [1m[35m (1.4ms)[0m  [1m[35mCOMMIT[0m
  [1m[35m (0.3ms)[0m  [1m[35mBEGIN[0m
  [1m[36mCup Create (0.7ms)[0m  [1m[32mINSERT INTO "cups" ("name", "roastedness", "created_at", "updated_at") VALUES ($1, $2, $3, $4) RETURNING "id"[0m  [["name", "test123"], ["roastedness", "123"], ["created_at", "2019-01-29 10:18:22.674588"], ["updated_at", "2019-01-29 10:18:22.674588"]]
  [1m[35m (1.5ms)[0m  [1m[35mCOMMIT[0m
  [1m[35m (0.3ms)[0m  [1m[35mBEGIN[0m
  [1m[36mCup Create (0.9ms)[0m  [1m[32mINSERT INTO "cups" ("name", "roastedness", "created_at", "updated_at") VALUES ($1, $2, $3, $4) RETURNING "id"[0m  [["name", "pokemon"], ["roastedness", "321"], ["created_at", "2019-01-29 10:18:45.210012"], ["updated_at", "2019-01-29 10:18:45.210012"]]
  [1m[35m (1.4ms)[0m  [1m[35mCOMMIT[0m
Started GET "/customers/new" for 127.0.0.1 at 2019-01-29 18:19:18 +0800
Processing by CustomersController#new as HTML
  Rendering customers/new.html.erb within layouts/application
  [1m[36mCup Load (0.4ms)[0m  [1m[34mSELECT "cups".* FROM "cups"[0m
  ↳ app/views/customers/new.html.erb:3
  Rendered customers/new.html.erb within layouts/application (3.0ms)
Completed 200 OK in 31ms (Views: 26.9ms | ActiveRecord: 0.4ms)


Started GET "/customers/new" for 127.0.0.1 at 2019-01-29 18:21:33 +0800
Processing by CustomersController#new as HTML
  Rendering customers/new.html.erb within layouts/application
  [1m[36mCup Load (0.4ms)[0m  [1m[34mSELECT "cups".* FROM "cups"[0m
  ↳ app/views/customers/new.html.erb:3
  Rendered customers/new.html.erb within layouts/application (2.8ms)
Completed 200 OK in 30ms (Views: 25.8ms | ActiveRecord: 0.4ms)


Started POST "/customers" for 127.0.0.1 at 2019-01-29 18:22:42 +0800
Processing by CustomersController#create as HTML
  Parameters: {"utf8"=>"✓", "authenticity_token"=>"ch8u21AFcosQm2fbInKb/PRSRm631hj/zEMgr37GVqSE8C4TiLVC/OKl2TwZN3uOQ4xyPjZpV2QZEvIRoPWMGg==", "customer"=>{"cup_ids"=>["", "2", "3"], "name"=>"Ronnie", "phone"=>"123123"}, "commit"=>"Save Customer"}
Completed 500 Internal Server Error in 135ms (ActiveRecord: 0.0ms)


  
NameError (undefined local variable or method `customer_params' for #<CustomersController:0x00007fc6dd3c9848>
Did you mean?  customer_path):
  
app/controllers/customers_controller.rb:8:in `create'
Started GET "/customers/new" for 127.0.0.1 at 2019-01-29 18:24:34 +0800
Processing by CustomersController#new as HTML
  Rendering customers/new.html.erb within layouts/application
  [1m[36mCup Load (0.4ms)[0m  [1m[34mSELECT "cups".* FROM "cups"[0m
  ↳ app/views/customers/new.html.erb:3
  Rendered customers/new.html.erb within layouts/application (13.5ms)
Completed 200 OK in 51ms (Views: 34.2ms | ActiveRecord: 5.9ms)


Started POST "/customers" for 127.0.0.1 at 2019-01-29 18:24:50 +0800
Processing by CustomersController#create as HTML
  Parameters: {"utf8"=>"✓", "authenticity_token"=>"1R2FEKASGKQvWkVZo80HlszzeyLLb6wv2yg4DXdBxu4j8oXYeKIo091k+76YiOfkey1PckrQ47QOeeqzqXIcUA==", "customer"=>{"cup_ids"=>["", "2", "3", "5"], "name"=>"Ronnie", "phone"=>"09099"}, "commit"=>"Save Customer"}
Completed 500 Internal Server Error in 142ms (ActiveRecord: 0.0ms)


  
NameError (undefined local variable or method `customer_params' for #<CustomersController:0x00007fc6e18f7280>
Did you mean?  customer_path):
  
app/controllers/customers_controller.rb:8:in `create'
Started GET "/customers/new" for 127.0.0.1 at 2019-01-29 18:25:54 +0800
Processing by CustomersController#new as HTML
  Rendering customers/new.html.erb within layouts/application
  [1m[36mCup Load (0.4ms)[0m  [1m[34mSELECT "cups".* FROM "cups"[0m
  ↳ app/views/customers/new.html.erb:3
  Rendered customers/new.html.erb within layouts/application (12.9ms)
Completed 200 OK in 41ms (Views: 28.7ms | ActiveRecord: 5.2ms)


Started POST "/customers" for 127.0.0.1 at 2019-01-29 18:26:08 +0800
Processing by CustomersController#create as HTML
  Parameters: {"utf8"=>"✓", "authenticity_token"=>"YEREAu03n7XiS3i5d6Kw9dMDK3XKFoBXmriK7EsISIiWq0TKNYevwhB1xl5M51CHZN0fJUupz8xP6VhSlTuSNg==", "customer"=>{"cup_ids"=>["", "2", "3", "5"], "name"=>"Ronnie", "phone"=>"09099"}, "commit"=>"Save Customer"}
  [1m[36mCup Load (0.7ms)[0m  [1m[34mSELECT "cups".* FROM "cups" WHERE "cups"."id" IN ($1, $2, $3)[0m  [["id", 2], ["id", 3], ["id", 5]]
  ↳ app/controllers/customers_controller.rb:8
  [1m[35m (0.2ms)[0m  [1m[35mBEGIN[0m
  ↳ app/controllers/customers_controller.rb:9
  [1m[36mCustomer Create (0.7ms)[0m  [1m[32mINSERT INTO "customers" ("name", "phone", "created_at", "updated_at") VALUES ($1, $2, $3, $4) RETURNING "id"[0m  [["name", "Ronnie"], ["phone", 9099], ["created_at", "2019-01-29 10:26:08.395227"], ["updated_at", "2019-01-29 10:26:08.395227"]]
  ↳ app/controllers/customers_controller.rb:9
  [1m[36mCustomer::HABTM_Cups Create (0.6ms)[0m  [1m[32mINSERT INTO "cups_customers" ("cup_id", "customer_id", "created_at", "updated_at") VALUES ($1, $2, $3, $4) RETURNING "id"[0m  [["cup_id", 2], ["customer_id", 3], ["created_at", "2019-01-29 10:26:08.397235"], ["updated_at", "2019-01-29 10:26:08.397235"]]
  ↳ app/controllers/customers_controller.rb:9
  [1m[36mCustomer::HABTM_Cups Create (0.3ms)[0m  [1m[32mINSERT INTO "cups_customers" ("cup_id", "customer_id", "created_at", "updated_at") VALUES ($1, $2, $3, $4) RETURNING "id"[0m  [["cup_id", 3], ["customer_id", 3], ["created_at", "2019-01-29 10:26:08.398888"], ["updated_at", "2019-01-29 10:26:08.398888"]]
  ↳ app/controllers/customers_controller.rb:9
  [1m[36mCustomer::HABTM_Cups Create (0.4ms)[0m  [1m[32mINSERT INTO "cups_customers" ("cup_id", "customer_id", "created_at", "updated_at") VALUES ($1, $2, $3, $4) RETURNING "id"[0m  [["cup_id", 5], ["customer_id", 3], ["created_at", "2019-01-29 10:26:08.400176"], ["updated_at", "2019-01-29 10:26:08.400176"]]
  ↳ app/controllers/customers_controller.rb:9
  [1m[35m (1.4ms)[0m  [1m[35mCOMMIT[0m
  ↳ app/controllers/customers_controller.rb:9
Redirected to http://localhost:3000/customers/3
Completed 302 Found in 51ms (ActiveRecord: 19.4ms)


Started GET "/customers/3" for 127.0.0.1 at 2019-01-29 18:26:08 +0800
Processing by CustomersController#show as HTML
  Parameters: {"id"=>"3"}
  [1m[36mCustomer Load (0.4ms)[0m  [1m[34mSELECT  "customers".* FROM "customers" WHERE "customers"."id" = $1 LIMIT $2[0m  [["id", 3], ["LIMIT", 1]]
  ↳ app/controllers/customers_controller.rb:13
  Rendering customers/show.html.erb within layouts/application
  [1m[36mCup Load (0.6ms)[0m  [1m[34mSELECT "cups".* FROM "cups" INNER JOIN "cups_customers" ON "cups"."id" = "cups_customers"."cup_id" WHERE "cups_customers"."customer_id" = $1[0m  [["customer_id", 3]]
  ↳ app/views/customers/show.html.erb:14
  Rendered customers/show.html.erb within layouts/application (2.9ms)
Completed 200 OK in 30ms (Views: 25.7ms | ActiveRecord: 1.2ms)


Started GET "/customers/new" for 127.0.0.1 at 2019-01-29 18:26:50 +0800
Processing by CustomersController#new as HTML
  Rendering customers/new.html.erb within layouts/application
  [1m[36mCup Load (0.4ms)[0m  [1m[34mSELECT "cups".* FROM "cups"[0m
  ↳ app/views/customers/new.html.erb:3
  Rendered customers/new.html.erb within layouts/application (2.8ms)
Completed 200 OK in 32ms (Views: 26.4ms | ActiveRecord: 0.4ms)


Started GET "/customers/" for 127.0.0.1 at 2019-01-29 18:33:49 +0800
Processing by CustomersController#index as HTML
  Rendering customers/index.html.erb within layouts/application
  [1m[36mCustomer Load (1.4ms)[0m  [1m[34mSELECT "customers".* FROM "customers"[0m
  ↳ app/views/customers/index.html.erb:9
  [1m[36mCup Load (0.9ms)[0m  [1m[34mSELECT  "cups".* FROM "cups" LIMIT $1[0m  [["LIMIT", 11]]
  ↳ /Users/ronniechua/.rbenv/versions/2.5.1/lib/ruby/gems/2.5.0/gems/activerecord-5.2.2/lib/active_record/log_subscriber.rb:98
  [1m[36mCACHE Cup Load (0.0ms)[0m  [1m[34mSELECT  "cups".* FROM "cups" LIMIT $1[0m  [["LIMIT", 11]]
  ↳ /Users/ronniechua/.rbenv/versions/2.5.1/lib/ruby/gems/2.5.0/gems/activerecord-5.2.2/lib/active_record/log_subscriber.rb:98
  [1m[36mCACHE Cup Load (0.1ms)[0m  [1m[34mSELECT  "cups".* FROM "cups" LIMIT $1[0m  [["LIMIT", 11]]
  ↳ /Users/ronniechua/.rbenv/versions/2.5.1/lib/ruby/gems/2.5.0/gems/activerecord-5.2.2/lib/active_record/log_subscriber.rb:98
  [1m[36mCACHE Cup Load (0.0ms)[0m  [1m[34mSELECT  "cups".* FROM "cups" LIMIT $1[0m  [["LIMIT", 11]]
  ↳ /Users/ronniechua/.rbenv/versions/2.5.1/lib/ruby/gems/2.5.0/gems/activerecord-5.2.2/lib/active_record/log_subscriber.rb:98
  [1m[36mCACHE Cup Load (0.0ms)[0m  [1m[34mSELECT  "cups".* FROM "cups" LIMIT $1[0m  [["LIMIT", 11]]
  ↳ /Users/ronniechua/.rbenv/versions/2.5.1/lib/ruby/gems/2.5.0/gems/activerecord-5.2.2/lib/active_record/log_subscriber.rb:98
  [1m[36mCACHE Cup Load (0.0ms)[0m  [1m[34mSELECT  "cups".* FROM "cups" LIMIT $1[0m  [["LIMIT", 11]]
  ↳ /Users/ronniechua/.rbenv/versions/2.5.1/lib/ruby/gems/2.5.0/gems/activerecord-5.2.2/lib/active_record/log_subscriber.rb:98
  [1m[36mCACHE Cup Load (0.0ms)[0m  [1m[34mSELECT  "cups".* FROM "cups" LIMIT $1[0m  [["LIMIT", 11]]
  ↳ /Users/ronniechua/.rbenv/versions/2.5.1/lib/ruby/gems/2.5.0/gems/activerecord-5.2.2/lib/active_record/log_subscriber.rb:98
  [1m[36mCACHE Cup Load (0.0ms)[0m  [1m[34mSELECT  "cups".* FROM "cups" LIMIT $1[0m  [["LIMIT", 11]]
  ↳ /Users/ronniechua/.rbenv/versions/2.5.1/lib/ruby/gems/2.5.0/gems/activerecord-5.2.2/lib/active_record/log_subscriber.rb:98
  Rendered customers/index.html.erb within layouts/application (248.2ms)
Completed 500 Internal Server Error in 266ms (ActiveRecord: 15.7ms)


  
ActionView::Template::Error (undefined local variable or method `customer' for #<#<Class:0x00007fc6e0aa4db8>:0x00007fc6e0a9ccf8>
Did you mean?  @customers):
     8: 
     9:   <% @customers.each do |park| %>
    10:     <tr>
    11:       <td><%= customer.name %></td>
    12:       <td><%= customer.id %></td>
    13:       <td><% customer.cups.each do |cup| %>
    14:       <%= cup.name %>
  
app/views/customers/index.html.erb:11:in `block in _app_views_customers_index_html_erb___1553438255628949154_70246074757300'
app/views/customers/index.html.erb:9:in `_app_views_customers_index_html_erb___1553438255628949154_70246074757300'
Started GET "/customers/" for 127.0.0.1 at 2019-01-29 18:35:04 +0800
Processing by CustomersController#index as HTML
  Rendering customers/index.html.erb within layouts/application
  [1m[36mCustomer Load (0.4ms)[0m  [1m[34mSELECT "customers".* FROM "customers"[0m
  ↳ app/views/customers/index.html.erb:9
  [1m[36mCup Load (0.7ms)[0m  [1m[34mSELECT "cups".* FROM "cups" INNER JOIN "cups_customers" ON "cups"."id" = "cups_customers"."cup_id" WHERE "cups_customers"."customer_id" = $1[0m  [["customer_id", 1]]
  ↳ app/views/customers/index.html.erb:13
  [1m[36mCup Load (0.6ms)[0m  [1m[34mSELECT "cups".* FROM "cups" INNER JOIN "cups_customers" ON "cups"."id" = "cups_customers"."cup_id" WHERE "cups_customers"."customer_id" = $1[0m  [["customer_id", 2]]
  ↳ app/views/customers/index.html.erb:13
  [1m[36mCup Load (0.9ms)[0m  [1m[34mSELECT "cups".* FROM "cups" INNER JOIN "cups_customers" ON "cups"."id" = "cups_customers"."cup_id" WHERE "cups_customers"."customer_id" = $1[0m  [["customer_id", 3]]
  ↳ app/views/customers/index.html.erb:13
  Rendered customers/index.html.erb within layouts/application (14.9ms)
Completed 200 OK in 45ms (Views: 36.6ms | ActiveRecord: 4.4ms)


