  [1m[35m (4425.4ms)[0m  [1m[35mCREATE DATABASE "jitpuay_development" ENCODING = 'unicode'[0m
  ↳ bin/rails:9
  [1m[35m (2803.0ms)[0m  [1m[35mCREATE DATABASE "jitpuay_test" ENCODING = 'unicode'[0m
  ↳ bin/rails:9
  [1m[35m (44.1ms)[0m  [1m[35mCREATE TABLE "schema_migrations" ("version" character varying NOT NULL PRIMARY KEY)[0m
  ↳ bin/rails:9
  [1m[35m (26.8ms)[0m  [1m[35mCREATE TABLE "ar_internal_metadata" ("key" character varying NOT NULL PRIMARY KEY, "value" character varying, "created_at" timestamp NOT NULL, "updated_at" timestamp NOT NULL)[0m
  ↳ bin/rails:9
  [1m[35m (0.5ms)[0m  [1m[34mSELECT pg_try_advisory_lock(7969833790371877200)[0m
  ↳ bin/rails:9
  [1m[35m (1.2ms)[0m  [1m[34mSELECT "schema_migrations"."version" FROM "schema_migrations" ORDER BY "schema_migrations"."version" ASC[0m
  ↳ bin/rails:9
Migrating to Farms (20190814113554)
  [1m[35m (0.3ms)[0m  [1m[35mBEGIN[0m
  ↳ bin/rails:9
  [1m[35m (35.0ms)[0m  [1m[35mCREATE TABLE "farms" ("id" bigserial primary key, "location" character varying, "phone_number" character varying, "created_at" timestamp NOT NULL, "updated_at" timestamp NOT NULL)[0m
  ↳ db/migrate/20190814113554_farms.rb:3
  [1m[36mActiveRecord::SchemaMigration Create (1.3ms)[0m  [1m[32mINSERT INTO "schema_migrations" ("version") VALUES ($1) RETURNING "version"[0m  [["version", "20190814113554"]]
  ↳ bin/rails:9
  [1m[35m (1.0ms)[0m  [1m[35mCOMMIT[0m
  ↳ bin/rails:9
Migrating to Kopis (20190814115658)
  [1m[35m (8.0ms)[0m  [1m[35mBEGIN[0m
  ↳ bin/rails:9
  [1m[35m (34.9ms)[0m  [1m[35mCREATE TABLE "kopis" ("id" bigserial primary key, "name" character varying, "roast" character varying, "farm_id" bigint, "created_at" timestamp NOT NULL, "updated_at" timestamp NOT NULL)[0m
  ↳ db/migrate/20190814115658_kopis.rb:3
  [1m[35m (13.2ms)[0m  [1m[35mCREATE  INDEX  "index_kopis_on_farm_id" ON "kopis"  ("farm_id")[0m
  ↳ db/migrate/20190814115658_kopis.rb:3
  [1m[36mActiveRecord::SchemaMigration Create (0.6ms)[0m  [1m[32mINSERT INTO "schema_migrations" ("version") VALUES ($1) RETURNING "version"[0m  [["version", "20190814115658"]]
  ↳ bin/rails:9
  [1m[35m (0.9ms)[0m  [1m[35mCOMMIT[0m
  ↳ bin/rails:9
  [1m[36mActiveRecord::InternalMetadata Load (1.0ms)[0m  [1m[34mSELECT  "ar_internal_metadata".* FROM "ar_internal_metadata" WHERE "ar_internal_metadata"."key" = $1 LIMIT $2[0m  [["key", "environment"], ["LIMIT", 1]]
  ↳ bin/rails:9
  [1m[35m (0.3ms)[0m  [1m[35mBEGIN[0m
  ↳ bin/rails:9
  [1m[36mActiveRecord::InternalMetadata Create (1.3ms)[0m  [1m[32mINSERT INTO "ar_internal_metadata" ("key", "value", "created_at", "updated_at") VALUES ($1, $2, $3, $4) RETURNING "key"[0m  [["key", "environment"], ["value", "development"], ["created_at", "2019-08-14 12:11:52.484109"], ["updated_at", "2019-08-14 12:11:52.484109"]]
  ↳ bin/rails:9
  [1m[35m (0.7ms)[0m  [1m[35mCOMMIT[0m
  ↳ bin/rails:9
  [1m[35m (0.5ms)[0m  [1m[34mSELECT pg_advisory_unlock(7969833790371877200)[0m
  ↳ bin/rails:9
  [1m[35m (0.8ms)[0m  [1m[34mSELECT "schema_migrations"."version" FROM "schema_migrations" ORDER BY "schema_migrations"."version" ASC[0m
  ↳ bin/rails:9
  [1m[35m (0.3ms)[0m  [1m[35mBEGIN[0m
  [1m[36mFarm Create (2.0ms)[0m  [1m[32mINSERT INTO "farms" ("location", "phone_number", "created_at", "updated_at") VALUES ($1, $2, $3, $4) RETURNING "id"[0m  [["location", "utown"], ["phone_number", "86758584"], ["created_at", "2019-08-14 12:26:31.754390"], ["updated_at", "2019-08-14 12:26:31.754390"]]
  [1m[35m (7.6ms)[0m  [1m[35mCOMMIT[0m
  [1m[35m (0.3ms)[0m  [1m[35mBEGIN[0m
  [1m[36mFarm Create (0.6ms)[0m  [1m[32mINSERT INTO "farms" ("location", "phone_number", "created_at", "updated_at") VALUES ($1, $2, $3, $4) RETURNING "id"[0m  [["location", "chinatown"], ["phone_number", "86876544"], ["created_at", "2019-08-14 12:26:31.800632"], ["updated_at", "2019-08-14 12:26:31.800632"]]
  [1m[35m (1.4ms)[0m  [1m[35mCOMMIT[0m
  [1m[35m (0.3ms)[0m  [1m[35mBEGIN[0m
  [1m[36mFarm Create (0.9ms)[0m  [1m[32mINSERT INTO "farms" ("location", "phone_number", "created_at", "updated_at") VALUES ($1, $2, $3, $4) RETURNING "id"[0m  [["location", "dover"], ["phone_number", "86879944"], ["created_at", "2019-08-14 12:26:31.816925"], ["updated_at", "2019-08-14 12:26:31.816925"]]
  [1m[35m (1.5ms)[0m  [1m[35mCOMMIT[0m
  [1m[35m (0.3ms)[0m  [1m[35mBEGIN[0m
  [1m[36mKopi Create (3.3ms)[0m  [1m[32mINSERT INTO "kopis" ("name", "roast", "farm_id", "created_at", "updated_at") VALUES ($1, $2, $3, $4, $5) RETURNING "id"[0m  [["name", "robusta"], ["roast", "light"], ["farm_id", 1], ["created_at", "2019-08-14 12:26:32.021428"], ["updated_at", "2019-08-14 12:26:32.021428"]]
  [1m[35m (1.1ms)[0m  [1m[35mCOMMIT[0m
  [1m[35m (3.8ms)[0m  [1m[35mBEGIN[0m
  [1m[36mKopi Create (0.6ms)[0m  [1m[32mINSERT INTO "kopis" ("name", "roast", "farm_id", "created_at", "updated_at") VALUES ($1, $2, $3, $4, $5) RETURNING "id"[0m  [["name", "oaklook"], ["roast", "dark"], ["farm_id", 1], ["created_at", "2019-08-14 12:26:32.044754"], ["updated_at", "2019-08-14 12:26:32.044754"]]
  [1m[35m (1.1ms)[0m  [1m[35mCOMMIT[0m
  [1m[35m (1.0ms)[0m  [1m[35mBEGIN[0m
  [1m[36mKopi Create (0.8ms)[0m  [1m[32mINSERT INTO "kopis" ("name", "roast", "farm_id", "created_at", "updated_at") VALUES ($1, $2, $3, $4, $5) RETURNING "id"[0m  [["name", "mystery"], ["roast", "French"], ["farm_id", 3], ["created_at", "2019-08-14 12:26:35.363252"], ["updated_at", "2019-08-14 12:26:35.363252"]]
  [1m[35m (0.9ms)[0m  [1m[35mCOMMIT[0m
  [1m[36mKopi Load (1.1ms)[0m  [1m[34mSELECT  "kopis".* FROM "kopis" ORDER BY "kopis"."id" ASC LIMIT $1[0m  [["LIMIT", 1]]
  [1m[36mFarm Load (1.2ms)[0m  [1m[34mSELECT  "farms".* FROM "farms" WHERE "farms"."id" = $1 LIMIT $2[0m  [["id", 1], ["LIMIT", 1]]
  [1m[36mKopi Load (0.9ms)[0m  [1m[34mSELECT  "kopis".* FROM "kopis" ORDER BY "kopis"."id" ASC LIMIT $1[0m  [["LIMIT", 1]]
  [1m[36mFarm Load (2.3ms)[0m  [1m[34mSELECT  "farms".* FROM "farms" WHERE "farms"."id" = $1 LIMIT $2[0m  [["id", 1], ["LIMIT", 1]]
Started GET "/" for ::1 at 2019-08-15 23:25:03 +0800
  [1m[35m (49.6ms)[0m  [1m[34mSELECT "schema_migrations"."version" FROM "schema_migrations" ORDER BY "schema_migrations"."version" ASC[0m
  ↳ /home/yoda14/.rbenv/versions/2.6.3/lib/ruby/gems/2.6.0/gems/activerecord-5.2.3/lib/active_record/log_subscriber.rb:98
Processing by FarmsController#index as HTML
Completed 406 Not Acceptable in 371ms (ActiveRecord: 0.0ms)


  
ActionController::UnknownFormat (FarmsController#index is missing a template for this request format and variant.

request.formats: ["text/html"]
request.variant: []

NOTE! For XHR/Ajax or API requests, this action would normally respond with 204 No Content: an empty white screen. Since you're loading it in a web browser, we assume that you expected to actually render a template, not nothing, so we're showing an error to be extra-clear. If you expect 204 No Content, carry on. That's what you'll get from an XHR or API request. Give it a shot.):
  
actionpack (5.2.3) lib/action_controller/metal/implicit_render.rb:55:in `default_render'
actionpack (5.2.3) lib/action_controller/metal/basic_implicit_render.rb:6:in `block in send_action'
actionpack (5.2.3) lib/action_controller/metal/basic_implicit_render.rb:6:in `tap'
actionpack (5.2.3) lib/action_controller/metal/basic_implicit_render.rb:6:in `send_action'
actionpack (5.2.3) lib/abstract_controller/base.rb:194:in `process_action'
actionpack (5.2.3) lib/action_controller/metal/rendering.rb:30:in `process_action'
actionpack (5.2.3) lib/abstract_controller/callbacks.rb:42:in `block in process_action'
activesupport (5.2.3) lib/active_support/callbacks.rb:132:in `run_callbacks'
actionpack (5.2.3) lib/abstract_controller/callbacks.rb:41:in `process_action'
actionpack (5.2.3) lib/action_controller/metal/rescue.rb:22:in `process_action'
actionpack (5.2.3) lib/action_controller/metal/instrumentation.rb:34:in `block in process_action'
activesupport (5.2.3) lib/active_support/notifications.rb:168:in `block in instrument'
activesupport (5.2.3) lib/active_support/notifications/instrumenter.rb:23:in `instrument'
activesupport (5.2.3) lib/active_support/notifications.rb:168:in `instrument'
actionpack (5.2.3) lib/action_controller/metal/instrumentation.rb:32:in `process_action'
actionpack (5.2.3) lib/action_controller/metal/params_wrapper.rb:256:in `process_action'
activerecord (5.2.3) lib/active_record/railties/controller_runtime.rb:24:in `process_action'
actionpack (5.2.3) lib/abstract_controller/base.rb:134:in `process'
actionview (5.2.3) lib/action_view/rendering.rb:32:in `process'
actionpack (5.2.3) lib/action_controller/metal.rb:191:in `dispatch'
actionpack (5.2.3) lib/action_controller/metal.rb:252:in `dispatch'
actionpack (5.2.3) lib/action_dispatch/routing/route_set.rb:52:in `dispatch'
actionpack (5.2.3) lib/action_dispatch/routing/route_set.rb:34:in `serve'
actionpack (5.2.3) lib/action_dispatch/journey/router.rb:52:in `block in serve'
actionpack (5.2.3) lib/action_dispatch/journey/router.rb:35:in `each'
actionpack (5.2.3) lib/action_dispatch/journey/router.rb:35:in `serve'
actionpack (5.2.3) lib/action_dispatch/routing/route_set.rb:840:in `call'
rack (2.0.7) lib/rack/tempfile_reaper.rb:15:in `call'
rack (2.0.7) lib/rack/etag.rb:25:in `call'
rack (2.0.7) lib/rack/conditional_get.rb:25:in `call'
rack (2.0.7) lib/rack/head.rb:12:in `call'
actionpack (5.2.3) lib/action_dispatch/http/content_security_policy.rb:18:in `call'
rack (2.0.7) lib/rack/session/abstract/id.rb:232:in `context'
rack (2.0.7) lib/rack/session/abstract/id.rb:226:in `call'
actionpack (5.2.3) lib/action_dispatch/middleware/cookies.rb:670:in `call'
activerecord (5.2.3) lib/active_record/migration.rb:559:in `call'
actionpack (5.2.3) lib/action_dispatch/middleware/callbacks.rb:28:in `block in call'
activesupport (5.2.3) lib/active_support/callbacks.rb:98:in `run_callbacks'
actionpack (5.2.3) lib/action_dispatch/middleware/callbacks.rb:26:in `call'
actionpack (5.2.3) lib/action_dispatch/middleware/executor.rb:14:in `call'
actionpack (5.2.3) lib/action_dispatch/middleware/debug_exceptions.rb:61:in `call'
web-console (3.7.0) lib/web_console/middleware.rb:135:in `call_app'
web-console (3.7.0) lib/web_console/middleware.rb:30:in `block in call'
web-console (3.7.0) lib/web_console/middleware.rb:20:in `catch'
web-console (3.7.0) lib/web_console/middleware.rb:20:in `call'
actionpack (5.2.3) lib/action_dispatch/middleware/show_exceptions.rb:33:in `call'
railties (5.2.3) lib/rails/rack/logger.rb:38:in `call_app'
railties (5.2.3) lib/rails/rack/logger.rb:26:in `block in call'
activesupport (5.2.3) lib/active_support/tagged_logging.rb:71:in `block in tagged'
activesupport (5.2.3) lib/active_support/tagged_logging.rb:28:in `tagged'
activesupport (5.2.3) lib/active_support/tagged_logging.rb:71:in `tagged'
railties (5.2.3) lib/rails/rack/logger.rb:26:in `call'
sprockets-rails (3.2.1) lib/sprockets/rails/quiet_assets.rb:13:in `call'
actionpack (5.2.3) lib/action_dispatch/middleware/remote_ip.rb:81:in `call'
actionpack (5.2.3) lib/action_dispatch/middleware/request_id.rb:27:in `call'
rack (2.0.7) lib/rack/method_override.rb:22:in `call'
rack (2.0.7) lib/rack/runtime.rb:22:in `call'
activesupport (5.2.3) lib/active_support/cache/strategy/local_cache_middleware.rb:29:in `call'
actionpack (5.2.3) lib/action_dispatch/middleware/executor.rb:14:in `call'
actionpack (5.2.3) lib/action_dispatch/middleware/static.rb:127:in `call'
rack (2.0.7) lib/rack/sendfile.rb:111:in `call'
railties (5.2.3) lib/rails/engine.rb:524:in `call'
puma (3.12.1) lib/puma/configuration.rb:227:in `call'
puma (3.12.1) lib/puma/server.rb:660:in `handle_request'
puma (3.12.1) lib/puma/server.rb:474:in `process_client'
puma (3.12.1) lib/puma/server.rb:334:in `block in run'
puma (3.12.1) lib/puma/thread_pool.rb:135:in `block in spawn_thread'
Started GET "/" for ::1 at 2019-08-15 23:25:05 +0800
Processing by FarmsController#index as HTML
Completed 406 Not Acceptable in 404ms (ActiveRecord: 0.0ms)


  
ActionController::UnknownFormat (FarmsController#index is missing a template for this request format and variant.

request.formats: ["text/html"]
request.variant: []

NOTE! For XHR/Ajax or API requests, this action would normally respond with 204 No Content: an empty white screen. Since you're loading it in a web browser, we assume that you expected to actually render a template, not nothing, so we're showing an error to be extra-clear. If you expect 204 No Content, carry on. That's what you'll get from an XHR or API request. Give it a shot.):
  
actionpack (5.2.3) lib/action_controller/metal/implicit_render.rb:55:in `default_render'
actionpack (5.2.3) lib/action_controller/metal/basic_implicit_render.rb:6:in `block in send_action'
actionpack (5.2.3) lib/action_controller/metal/basic_implicit_render.rb:6:in `tap'
actionpack (5.2.3) lib/action_controller/metal/basic_implicit_render.rb:6:in `send_action'
actionpack (5.2.3) lib/abstract_controller/base.rb:194:in `process_action'
actionpack (5.2.3) lib/action_controller/metal/rendering.rb:30:in `process_action'
actionpack (5.2.3) lib/abstract_controller/callbacks.rb:42:in `block in process_action'
activesupport (5.2.3) lib/active_support/callbacks.rb:132:in `run_callbacks'
actionpack (5.2.3) lib/abstract_controller/callbacks.rb:41:in `process_action'
actionpack (5.2.3) lib/action_controller/metal/rescue.rb:22:in `process_action'
actionpack (5.2.3) lib/action_controller/metal/instrumentation.rb:34:in `block in process_action'
activesupport (5.2.3) lib/active_support/notifications.rb:168:in `block in instrument'
activesupport (5.2.3) lib/active_support/notifications/instrumenter.rb:23:in `instrument'
activesupport (5.2.3) lib/active_support/notifications.rb:168:in `instrument'
actionpack (5.2.3) lib/action_controller/metal/instrumentation.rb:32:in `process_action'
actionpack (5.2.3) lib/action_controller/metal/params_wrapper.rb:256:in `process_action'
activerecord (5.2.3) lib/active_record/railties/controller_runtime.rb:24:in `process_action'
actionpack (5.2.3) lib/abstract_controller/base.rb:134:in `process'
actionview (5.2.3) lib/action_view/rendering.rb:32:in `process'
actionpack (5.2.3) lib/action_controller/metal.rb:191:in `dispatch'
actionpack (5.2.3) lib/action_controller/metal.rb:252:in `dispatch'
actionpack (5.2.3) lib/action_dispatch/routing/route_set.rb:52:in `dispatch'
actionpack (5.2.3) lib/action_dispatch/routing/route_set.rb:34:in `serve'
actionpack (5.2.3) lib/action_dispatch/journey/router.rb:52:in `block in serve'
actionpack (5.2.3) lib/action_dispatch/journey/router.rb:35:in `each'
actionpack (5.2.3) lib/action_dispatch/journey/router.rb:35:in `serve'
actionpack (5.2.3) lib/action_dispatch/routing/route_set.rb:840:in `call'
rack (2.0.7) lib/rack/tempfile_reaper.rb:15:in `call'
rack (2.0.7) lib/rack/etag.rb:25:in `call'
rack (2.0.7) lib/rack/conditional_get.rb:25:in `call'
rack (2.0.7) lib/rack/head.rb:12:in `call'
actionpack (5.2.3) lib/action_dispatch/http/content_security_policy.rb:18:in `call'
rack (2.0.7) lib/rack/session/abstract/id.rb:232:in `context'
rack (2.0.7) lib/rack/session/abstract/id.rb:226:in `call'
actionpack (5.2.3) lib/action_dispatch/middleware/cookies.rb:670:in `call'
activerecord (5.2.3) lib/active_record/migration.rb:559:in `call'
actionpack (5.2.3) lib/action_dispatch/middleware/callbacks.rb:28:in `block in call'
activesupport (5.2.3) lib/active_support/callbacks.rb:98:in `run_callbacks'
actionpack (5.2.3) lib/action_dispatch/middleware/callbacks.rb:26:in `call'
actionpack (5.2.3) lib/action_dispatch/middleware/executor.rb:14:in `call'
actionpack (5.2.3) lib/action_dispatch/middleware/debug_exceptions.rb:61:in `call'
web-console (3.7.0) lib/web_console/middleware.rb:135:in `call_app'
web-console (3.7.0) lib/web_console/middleware.rb:30:in `block in call'
web-console (3.7.0) lib/web_console/middleware.rb:20:in `catch'
web-console (3.7.0) lib/web_console/middleware.rb:20:in `call'
actionpack (5.2.3) lib/action_dispatch/middleware/show_exceptions.rb:33:in `call'
railties (5.2.3) lib/rails/rack/logger.rb:38:in `call_app'
railties (5.2.3) lib/rails/rack/logger.rb:26:in `block in call'
activesupport (5.2.3) lib/active_support/tagged_logging.rb:71:in `block in tagged'
activesupport (5.2.3) lib/active_support/tagged_logging.rb:28:in `tagged'
activesupport (5.2.3) lib/active_support/tagged_logging.rb:71:in `tagged'
railties (5.2.3) lib/rails/rack/logger.rb:26:in `call'
sprockets-rails (3.2.1) lib/sprockets/rails/quiet_assets.rb:13:in `call'
actionpack (5.2.3) lib/action_dispatch/middleware/remote_ip.rb:81:in `call'
actionpack (5.2.3) lib/action_dispatch/middleware/request_id.rb:27:in `call'
rack (2.0.7) lib/rack/method_override.rb:22:in `call'
rack (2.0.7) lib/rack/runtime.rb:22:in `call'
activesupport (5.2.3) lib/active_support/cache/strategy/local_cache_middleware.rb:29:in `call'
actionpack (5.2.3) lib/action_dispatch/middleware/executor.rb:14:in `call'
actionpack (5.2.3) lib/action_dispatch/middleware/static.rb:127:in `call'
rack (2.0.7) lib/rack/sendfile.rb:111:in `call'
railties (5.2.3) lib/rails/engine.rb:524:in `call'
puma (3.12.1) lib/puma/configuration.rb:227:in `call'
puma (3.12.1) lib/puma/server.rb:660:in `handle_request'
puma (3.12.1) lib/puma/server.rb:474:in `process_client'
puma (3.12.1) lib/puma/server.rb:334:in `block in run'
puma (3.12.1) lib/puma/thread_pool.rb:135:in `block in spawn_thread'
Started GET "/farms" for ::1 at 2019-08-15 23:25:13 +0800
Processing by FarmsController#index as HTML
Completed 406 Not Acceptable in 336ms (ActiveRecord: 0.0ms)


  
ActionController::UnknownFormat (FarmsController#index is missing a template for this request format and variant.

request.formats: ["text/html"]
request.variant: []

NOTE! For XHR/Ajax or API requests, this action would normally respond with 204 No Content: an empty white screen. Since you're loading it in a web browser, we assume that you expected to actually render a template, not nothing, so we're showing an error to be extra-clear. If you expect 204 No Content, carry on. That's what you'll get from an XHR or API request. Give it a shot.):
  
actionpack (5.2.3) lib/action_controller/metal/implicit_render.rb:55:in `default_render'
actionpack (5.2.3) lib/action_controller/metal/basic_implicit_render.rb:6:in `block in send_action'
actionpack (5.2.3) lib/action_controller/metal/basic_implicit_render.rb:6:in `tap'
actionpack (5.2.3) lib/action_controller/metal/basic_implicit_render.rb:6:in `send_action'
actionpack (5.2.3) lib/abstract_controller/base.rb:194:in `process_action'
actionpack (5.2.3) lib/action_controller/metal/rendering.rb:30:in `process_action'
actionpack (5.2.3) lib/abstract_controller/callbacks.rb:42:in `block in process_action'
activesupport (5.2.3) lib/active_support/callbacks.rb:132:in `run_callbacks'
actionpack (5.2.3) lib/abstract_controller/callbacks.rb:41:in `process_action'
actionpack (5.2.3) lib/action_controller/metal/rescue.rb:22:in `process_action'
actionpack (5.2.3) lib/action_controller/metal/instrumentation.rb:34:in `block in process_action'
activesupport (5.2.3) lib/active_support/notifications.rb:168:in `block in instrument'
activesupport (5.2.3) lib/active_support/notifications/instrumenter.rb:23:in `instrument'
activesupport (5.2.3) lib/active_support/notifications.rb:168:in `instrument'
actionpack (5.2.3) lib/action_controller/metal/instrumentation.rb:32:in `process_action'
actionpack (5.2.3) lib/action_controller/metal/params_wrapper.rb:256:in `process_action'
activerecord (5.2.3) lib/active_record/railties/controller_runtime.rb:24:in `process_action'
actionpack (5.2.3) lib/abstract_controller/base.rb:134:in `process'
actionview (5.2.3) lib/action_view/rendering.rb:32:in `process'
actionpack (5.2.3) lib/action_controller/metal.rb:191:in `dispatch'
actionpack (5.2.3) lib/action_controller/metal.rb:252:in `dispatch'
actionpack (5.2.3) lib/action_dispatch/routing/route_set.rb:52:in `dispatch'
actionpack (5.2.3) lib/action_dispatch/routing/route_set.rb:34:in `serve'
actionpack (5.2.3) lib/action_dispatch/journey/router.rb:52:in `block in serve'
actionpack (5.2.3) lib/action_dispatch/journey/router.rb:35:in `each'
actionpack (5.2.3) lib/action_dispatch/journey/router.rb:35:in `serve'
actionpack (5.2.3) lib/action_dispatch/routing/route_set.rb:840:in `call'
rack (2.0.7) lib/rack/tempfile_reaper.rb:15:in `call'
rack (2.0.7) lib/rack/etag.rb:25:in `call'
rack (2.0.7) lib/rack/conditional_get.rb:25:in `call'
rack (2.0.7) lib/rack/head.rb:12:in `call'
actionpack (5.2.3) lib/action_dispatch/http/content_security_policy.rb:18:in `call'
rack (2.0.7) lib/rack/session/abstract/id.rb:232:in `context'
rack (2.0.7) lib/rack/session/abstract/id.rb:226:in `call'
actionpack (5.2.3) lib/action_dispatch/middleware/cookies.rb:670:in `call'
activerecord (5.2.3) lib/active_record/migration.rb:559:in `call'
actionpack (5.2.3) lib/action_dispatch/middleware/callbacks.rb:28:in `block in call'
activesupport (5.2.3) lib/active_support/callbacks.rb:98:in `run_callbacks'
actionpack (5.2.3) lib/action_dispatch/middleware/callbacks.rb:26:in `call'
actionpack (5.2.3) lib/action_dispatch/middleware/executor.rb:14:in `call'
actionpack (5.2.3) lib/action_dispatch/middleware/debug_exceptions.rb:61:in `call'
web-console (3.7.0) lib/web_console/middleware.rb:135:in `call_app'
web-console (3.7.0) lib/web_console/middleware.rb:30:in `block in call'
web-console (3.7.0) lib/web_console/middleware.rb:20:in `catch'
web-console (3.7.0) lib/web_console/middleware.rb:20:in `call'
actionpack (5.2.3) lib/action_dispatch/middleware/show_exceptions.rb:33:in `call'
railties (5.2.3) lib/rails/rack/logger.rb:38:in `call_app'
railties (5.2.3) lib/rails/rack/logger.rb:26:in `block in call'
activesupport (5.2.3) lib/active_support/tagged_logging.rb:71:in `block in tagged'
activesupport (5.2.3) lib/active_support/tagged_logging.rb:28:in `tagged'
activesupport (5.2.3) lib/active_support/tagged_logging.rb:71:in `tagged'
railties (5.2.3) lib/rails/rack/logger.rb:26:in `call'
sprockets-rails (3.2.1) lib/sprockets/rails/quiet_assets.rb:13:in `call'
actionpack (5.2.3) lib/action_dispatch/middleware/remote_ip.rb:81:in `call'
actionpack (5.2.3) lib/action_dispatch/middleware/request_id.rb:27:in `call'
rack (2.0.7) lib/rack/method_override.rb:22:in `call'
rack (2.0.7) lib/rack/runtime.rb:22:in `call'
activesupport (5.2.3) lib/active_support/cache/strategy/local_cache_middleware.rb:29:in `call'
actionpack (5.2.3) lib/action_dispatch/middleware/executor.rb:14:in `call'
actionpack (5.2.3) lib/action_dispatch/middleware/static.rb:127:in `call'
rack (2.0.7) lib/rack/sendfile.rb:111:in `call'
railties (5.2.3) lib/rails/engine.rb:524:in `call'
puma (3.12.1) lib/puma/configuration.rb:227:in `call'
puma (3.12.1) lib/puma/server.rb:660:in `handle_request'
puma (3.12.1) lib/puma/server.rb:474:in `process_client'
puma (3.12.1) lib/puma/server.rb:334:in `block in run'
puma (3.12.1) lib/puma/thread_pool.rb:135:in `block in spawn_thread'
Started GET "/kopis" for ::1 at 2019-08-15 23:26:09 +0800
  
AbstractController::ActionNotFound (The action 'index' could not be found for KopisController):
  
actionpack (5.2.3) lib/abstract_controller/base.rb:129:in `process'
actionview (5.2.3) lib/action_view/rendering.rb:32:in `process'
actionpack (5.2.3) lib/action_controller/metal.rb:191:in `dispatch'
actionpack (5.2.3) lib/action_controller/metal.rb:252:in `dispatch'
actionpack (5.2.3) lib/action_dispatch/routing/route_set.rb:52:in `dispatch'
actionpack (5.2.3) lib/action_dispatch/routing/route_set.rb:34:in `serve'
actionpack (5.2.3) lib/action_dispatch/journey/router.rb:52:in `block in serve'
actionpack (5.2.3) lib/action_dispatch/journey/router.rb:35:in `each'
actionpack (5.2.3) lib/action_dispatch/journey/router.rb:35:in `serve'
actionpack (5.2.3) lib/action_dispatch/routing/route_set.rb:840:in `call'
rack (2.0.7) lib/rack/tempfile_reaper.rb:15:in `call'
rack (2.0.7) lib/rack/etag.rb:25:in `call'
rack (2.0.7) lib/rack/conditional_get.rb:25:in `call'
rack (2.0.7) lib/rack/head.rb:12:in `call'
actionpack (5.2.3) lib/action_dispatch/http/content_security_policy.rb:18:in `call'
rack (2.0.7) lib/rack/session/abstract/id.rb:232:in `context'
rack (2.0.7) lib/rack/session/abstract/id.rb:226:in `call'
actionpack (5.2.3) lib/action_dispatch/middleware/cookies.rb:670:in `call'
activerecord (5.2.3) lib/active_record/migration.rb:559:in `call'
actionpack (5.2.3) lib/action_dispatch/middleware/callbacks.rb:28:in `block in call'
activesupport (5.2.3) lib/active_support/callbacks.rb:98:in `run_callbacks'
actionpack (5.2.3) lib/action_dispatch/middleware/callbacks.rb:26:in `call'
actionpack (5.2.3) lib/action_dispatch/middleware/executor.rb:14:in `call'
actionpack (5.2.3) lib/action_dispatch/middleware/debug_exceptions.rb:61:in `call'
web-console (3.7.0) lib/web_console/middleware.rb:135:in `call_app'
web-console (3.7.0) lib/web_console/middleware.rb:30:in `block in call'
web-console (3.7.0) lib/web_console/middleware.rb:20:in `catch'
web-console (3.7.0) lib/web_console/middleware.rb:20:in `call'
actionpack (5.2.3) lib/action_dispatch/middleware/show_exceptions.rb:33:in `call'
railties (5.2.3) lib/rails/rack/logger.rb:38:in `call_app'
railties (5.2.3) lib/rails/rack/logger.rb:26:in `block in call'
activesupport (5.2.3) lib/active_support/tagged_logging.rb:71:in `block in tagged'
activesupport (5.2.3) lib/active_support/tagged_logging.rb:28:in `tagged'
activesupport (5.2.3) lib/active_support/tagged_logging.rb:71:in `tagged'
railties (5.2.3) lib/rails/rack/logger.rb:26:in `call'
sprockets-rails (3.2.1) lib/sprockets/rails/quiet_assets.rb:13:in `call'
actionpack (5.2.3) lib/action_dispatch/middleware/remote_ip.rb:81:in `call'
actionpack (5.2.3) lib/action_dispatch/middleware/request_id.rb:27:in `call'
rack (2.0.7) lib/rack/method_override.rb:22:in `call'
rack (2.0.7) lib/rack/runtime.rb:22:in `call'
activesupport (5.2.3) lib/active_support/cache/strategy/local_cache_middleware.rb:29:in `call'
actionpack (5.2.3) lib/action_dispatch/middleware/executor.rb:14:in `call'
actionpack (5.2.3) lib/action_dispatch/middleware/static.rb:127:in `call'
rack (2.0.7) lib/rack/sendfile.rb:111:in `call'
railties (5.2.3) lib/rails/engine.rb:524:in `call'
puma (3.12.1) lib/puma/configuration.rb:227:in `call'
puma (3.12.1) lib/puma/server.rb:660:in `handle_request'
puma (3.12.1) lib/puma/server.rb:474:in `process_client'
puma (3.12.1) lib/puma/server.rb:334:in `block in run'
puma (3.12.1) lib/puma/thread_pool.rb:135:in `block in spawn_thread'
Started GET "/kopis/new" for ::1 at 2019-08-15 23:26:22 +0800
Processing by KopisController#new as HTML
  Rendering kopis/new.html.erb within layouts/application
  [1m[36mFarm Load (1.2ms)[0m  [1m[34mSELECT "farms".* FROM "farms"[0m
  ↳ app/views/kopis/new.html.erb:3
  Rendered kopis/new.html.erb within layouts/application (275.0ms)
Completed 200 OK in 1278ms (Views: 1157.9ms | ActiveRecord: 57.6ms)


Started POST "/kopis" for ::1 at 2019-08-15 23:27:03 +0800
Processing by KopisController#create as HTML
  Parameters: {"utf8"=>"✓", "authenticity_token"=>"6nsH8GkGhapWBnZd2NrGfuiPXPyjL1sBgrUPyqM9fW0llgXasvgxllOuxyDHE9syDy5p3sTqjJoP/tXndesMiA==", "kopi"=>{"farm_id"=>"1", "name"=>"Bae", "roast"=>"Full City"}, "commit"=>"Save Kopi"}
  [1m[35m (0.3ms)[0m  [1m[35mBEGIN[0m
  ↳ app/controllers/kopis_controller.rb:10
  [1m[36mFarm Load (0.6ms)[0m  [1m[34mSELECT  "farms".* FROM "farms" WHERE "farms"."id" = $1 LIMIT $2[0m  [["id", 1], ["LIMIT", 1]]
  ↳ app/controllers/kopis_controller.rb:10
  [1m[36mKopi Create (1.2ms)[0m  [1m[32mINSERT INTO "kopis" ("name", "roast", "farm_id", "created_at", "updated_at") VALUES ($1, $2, $3, $4, $5) RETURNING "id"[0m  [["name", "Bae"], ["roast", "Full City"], ["farm_id", 1], ["created_at", "2019-08-15 15:27:03.599858"], ["updated_at", "2019-08-15 15:27:03.599858"]]
  ↳ app/controllers/kopis_controller.rb:10
  [1m[35m (7.8ms)[0m  [1m[35mCOMMIT[0m
  ↳ app/controllers/kopis_controller.rb:10
Redirected to http://localhost:3000/kopis/4
Completed 302 Found in 139ms (ActiveRecord: 15.3ms)


Started GET "/kopis/4" for ::1 at 2019-08-15 23:27:03 +0800
Processing by KopisController#show as HTML
  Parameters: {"id"=>"4"}
  [1m[36mKopi Load (0.8ms)[0m  [1m[34mSELECT  "kopis".* FROM "kopis" WHERE "kopis"."id" = $1 LIMIT $2[0m  [["id", 4], ["LIMIT", 1]]
  ↳ app/controllers/kopis_controller.rb:17
  [1m[36mFarm Load (1.6ms)[0m  [1m[34mSELECT  "farms".* FROM "farms" WHERE "farms"."id" = $1 LIMIT $2[0m  [["id", 1], ["LIMIT", 1]]
  ↳ app/controllers/kopis_controller.rb:19
Completed 406 Not Acceptable in 361ms (ActiveRecord: 2.5ms)


  
ActionController::UnknownFormat (KopisController#show is missing a template for this request format and variant.

request.formats: ["text/html"]
request.variant: []

NOTE! For XHR/Ajax or API requests, this action would normally respond with 204 No Content: an empty white screen. Since you're loading it in a web browser, we assume that you expected to actually render a template, not nothing, so we're showing an error to be extra-clear. If you expect 204 No Content, carry on. That's what you'll get from an XHR or API request. Give it a shot.):
  
actionpack (5.2.3) lib/action_controller/metal/implicit_render.rb:55:in `default_render'
actionpack (5.2.3) lib/action_controller/metal/basic_implicit_render.rb:6:in `block in send_action'
actionpack (5.2.3) lib/action_controller/metal/basic_implicit_render.rb:6:in `tap'
actionpack (5.2.3) lib/action_controller/metal/basic_implicit_render.rb:6:in `send_action'
actionpack (5.2.3) lib/abstract_controller/base.rb:194:in `process_action'
actionpack (5.2.3) lib/action_controller/metal/rendering.rb:30:in `process_action'
actionpack (5.2.3) lib/abstract_controller/callbacks.rb:42:in `block in process_action'
activesupport (5.2.3) lib/active_support/callbacks.rb:132:in `run_callbacks'
actionpack (5.2.3) lib/abstract_controller/callbacks.rb:41:in `process_action'
actionpack (5.2.3) lib/action_controller/metal/rescue.rb:22:in `process_action'
actionpack (5.2.3) lib/action_controller/metal/instrumentation.rb:34:in `block in process_action'
activesupport (5.2.3) lib/active_support/notifications.rb:168:in `block in instrument'
activesupport (5.2.3) lib/active_support/notifications/instrumenter.rb:23:in `instrument'
activesupport (5.2.3) lib/active_support/notifications.rb:168:in `instrument'
actionpack (5.2.3) lib/action_controller/metal/instrumentation.rb:32:in `process_action'
actionpack (5.2.3) lib/action_controller/metal/params_wrapper.rb:256:in `process_action'
activerecord (5.2.3) lib/active_record/railties/controller_runtime.rb:24:in `process_action'
actionpack (5.2.3) lib/abstract_controller/base.rb:134:in `process'
actionview (5.2.3) lib/action_view/rendering.rb:32:in `process'
actionpack (5.2.3) lib/action_controller/metal.rb:191:in `dispatch'
actionpack (5.2.3) lib/action_controller/metal.rb:252:in `dispatch'
actionpack (5.2.3) lib/action_dispatch/routing/route_set.rb:52:in `dispatch'
actionpack (5.2.3) lib/action_dispatch/routing/route_set.rb:34:in `serve'
actionpack (5.2.3) lib/action_dispatch/journey/router.rb:52:in `block in serve'
actionpack (5.2.3) lib/action_dispatch/journey/router.rb:35:in `each'
actionpack (5.2.3) lib/action_dispatch/journey/router.rb:35:in `serve'
actionpack (5.2.3) lib/action_dispatch/routing/route_set.rb:840:in `call'
rack (2.0.7) lib/rack/tempfile_reaper.rb:15:in `call'
rack (2.0.7) lib/rack/etag.rb:25:in `call'
rack (2.0.7) lib/rack/conditional_get.rb:25:in `call'
rack (2.0.7) lib/rack/head.rb:12:in `call'
actionpack (5.2.3) lib/action_dispatch/http/content_security_policy.rb:18:in `call'
rack (2.0.7) lib/rack/session/abstract/id.rb:232:in `context'
rack (2.0.7) lib/rack/session/abstract/id.rb:226:in `call'
actionpack (5.2.3) lib/action_dispatch/middleware/cookies.rb:670:in `call'
activerecord (5.2.3) lib/active_record/migration.rb:559:in `call'
actionpack (5.2.3) lib/action_dispatch/middleware/callbacks.rb:28:in `block in call'
activesupport (5.2.3) lib/active_support/callbacks.rb:98:in `run_callbacks'
actionpack (5.2.3) lib/action_dispatch/middleware/callbacks.rb:26:in `call'
actionpack (5.2.3) lib/action_dispatch/middleware/executor.rb:14:in `call'
actionpack (5.2.3) lib/action_dispatch/middleware/debug_exceptions.rb:61:in `call'
web-console (3.7.0) lib/web_console/middleware.rb:135:in `call_app'
web-console (3.7.0) lib/web_console/middleware.rb:30:in `block in call'
web-console (3.7.0) lib/web_console/middleware.rb:20:in `catch'
web-console (3.7.0) lib/web_console/middleware.rb:20:in `call'
actionpack (5.2.3) lib/action_dispatch/middleware/show_exceptions.rb:33:in `call'
railties (5.2.3) lib/rails/rack/logger.rb:38:in `call_app'
railties (5.2.3) lib/rails/rack/logger.rb:26:in `block in call'
activesupport (5.2.3) lib/active_support/tagged_logging.rb:71:in `block in tagged'
activesupport (5.2.3) lib/active_support/tagged_logging.rb:28:in `tagged'
activesupport (5.2.3) lib/active_support/tagged_logging.rb:71:in `tagged'
railties (5.2.3) lib/rails/rack/logger.rb:26:in `call'
sprockets-rails (3.2.1) lib/sprockets/rails/quiet_assets.rb:13:in `call'
actionpack (5.2.3) lib/action_dispatch/middleware/remote_ip.rb:81:in `call'
actionpack (5.2.3) lib/action_dispatch/middleware/request_id.rb:27:in `call'
rack (2.0.7) lib/rack/method_override.rb:22:in `call'
rack (2.0.7) lib/rack/runtime.rb:22:in `call'
activesupport (5.2.3) lib/active_support/cache/strategy/local_cache_middleware.rb:29:in `call'
actionpack (5.2.3) lib/action_dispatch/middleware/executor.rb:14:in `call'
actionpack (5.2.3) lib/action_dispatch/middleware/static.rb:127:in `call'
rack (2.0.7) lib/rack/sendfile.rb:111:in `call'
railties (5.2.3) lib/rails/engine.rb:524:in `call'
puma (3.12.1) lib/puma/configuration.rb:227:in `call'
puma (3.12.1) lib/puma/server.rb:660:in `handle_request'
puma (3.12.1) lib/puma/server.rb:474:in `process_client'
puma (3.12.1) lib/puma/server.rb:334:in `block in run'
puma (3.12.1) lib/puma/thread_pool.rb:135:in `block in spawn_thread'
Started GET "/farms/new" for ::1 at 2019-08-15 23:27:20 +0800
Processing by FarmsController#new as HTML
  Rendering farms/new.html.erb within layouts/application
  Rendered farms/new.html.erb within layouts/application (41.2ms)
Completed 200 OK in 123ms (Views: 113.0ms | ActiveRecord: 0.0ms)


Started POST "/farms" for ::1 at 2019-08-15 23:27:48 +0800
Processing by FarmsController#create as HTML
  Parameters: {"utf8"=>"✓", "authenticity_token"=>"SZ+o5U/RVkAmSuNRoWkx8VmVYCetE94/Ent7GymIuQ2GcqrPlC/ifCPiUiy+oCy9vjRVBcrWCaSfMKE2/17I6A==", "farm"=>{"location"=>"gombak", "phone_number"=>"99231234"}, "commit"=>"Save Farm"}
  [1m[35m (0.4ms)[0m  [1m[35mBEGIN[0m
  ↳ app/controllers/farms_controller.rb:20
  [1m[36mFarm Create (2.0ms)[0m  [1m[32mINSERT INTO "farms" ("location", "phone_number", "created_at", "updated_at") VALUES ($1, $2, $3, $4) RETURNING "id"[0m  [["location", "gombak"], ["phone_number", "99231234"], ["created_at", "2019-08-15 15:27:48.171990"], ["updated_at", "2019-08-15 15:27:48.171990"]]
  ↳ app/controllers/farms_controller.rb:20
  [1m[35m (0.7ms)[0m  [1m[35mCOMMIT[0m
  ↳ app/controllers/farms_controller.rb:20
Redirected to http://localhost:3000/farms/4
Completed 302 Found in 26ms (ActiveRecord: 3.1ms)


Started GET "/farms/4" for ::1 at 2019-08-15 23:27:48 +0800
Processing by FarmsController#show as HTML
  Parameters: {"id"=>"4"}
  [1m[36mFarm Load (0.6ms)[0m  [1m[34mSELECT  "farms".* FROM "farms" WHERE "farms"."id" = $1 LIMIT $2[0m  [["id", 4], ["LIMIT", 1]]
  ↳ app/controllers/farms_controller.rb:25
Completed 406 Not Acceptable in 375ms (ActiveRecord: 0.6ms)


  
ActionController::UnknownFormat (FarmsController#show is missing a template for this request format and variant.

request.formats: ["text/html"]
request.variant: []

NOTE! For XHR/Ajax or API requests, this action would normally respond with 204 No Content: an empty white screen. Since you're loading it in a web browser, we assume that you expected to actually render a template, not nothing, so we're showing an error to be extra-clear. If you expect 204 No Content, carry on. That's what you'll get from an XHR or API request. Give it a shot.):
  
actionpack (5.2.3) lib/action_controller/metal/implicit_render.rb:55:in `default_render'
actionpack (5.2.3) lib/action_controller/metal/basic_implicit_render.rb:6:in `block in send_action'
actionpack (5.2.3) lib/action_controller/metal/basic_implicit_render.rb:6:in `tap'
actionpack (5.2.3) lib/action_controller/metal/basic_implicit_render.rb:6:in `send_action'
actionpack (5.2.3) lib/abstract_controller/base.rb:194:in `process_action'
actionpack (5.2.3) lib/action_controller/metal/rendering.rb:30:in `process_action'
actionpack (5.2.3) lib/abstract_controller/callbacks.rb:42:in `block in process_action'
activesupport (5.2.3) lib/active_support/callbacks.rb:132:in `run_callbacks'
actionpack (5.2.3) lib/abstract_controller/callbacks.rb:41:in `process_action'
actionpack (5.2.3) lib/action_controller/metal/rescue.rb:22:in `process_action'
actionpack (5.2.3) lib/action_controller/metal/instrumentation.rb:34:in `block in process_action'
activesupport (5.2.3) lib/active_support/notifications.rb:168:in `block in instrument'
activesupport (5.2.3) lib/active_support/notifications/instrumenter.rb:23:in `instrument'
activesupport (5.2.3) lib/active_support/notifications.rb:168:in `instrument'
actionpack (5.2.3) lib/action_controller/metal/instrumentation.rb:32:in `process_action'
actionpack (5.2.3) lib/action_controller/metal/params_wrapper.rb:256:in `process_action'
activerecord (5.2.3) lib/active_record/railties/controller_runtime.rb:24:in `process_action'
actionpack (5.2.3) lib/abstract_controller/base.rb:134:in `process'
actionview (5.2.3) lib/action_view/rendering.rb:32:in `process'
actionpack (5.2.3) lib/action_controller/metal.rb:191:in `dispatch'
actionpack (5.2.3) lib/action_controller/metal.rb:252:in `dispatch'
actionpack (5.2.3) lib/action_dispatch/routing/route_set.rb:52:in `dispatch'
actionpack (5.2.3) lib/action_dispatch/routing/route_set.rb:34:in `serve'
actionpack (5.2.3) lib/action_dispatch/journey/router.rb:52:in `block in serve'
actionpack (5.2.3) lib/action_dispatch/journey/router.rb:35:in `each'
actionpack (5.2.3) lib/action_dispatch/journey/router.rb:35:in `serve'
actionpack (5.2.3) lib/action_dispatch/routing/route_set.rb:840:in `call'
rack (2.0.7) lib/rack/tempfile_reaper.rb:15:in `call'
rack (2.0.7) lib/rack/etag.rb:25:in `call'
rack (2.0.7) lib/rack/conditional_get.rb:25:in `call'
rack (2.0.7) lib/rack/head.rb:12:in `call'
actionpack (5.2.3) lib/action_dispatch/http/content_security_policy.rb:18:in `call'
rack (2.0.7) lib/rack/session/abstract/id.rb:232:in `context'
rack (2.0.7) lib/rack/session/abstract/id.rb:226:in `call'
actionpack (5.2.3) lib/action_dispatch/middleware/cookies.rb:670:in `call'
activerecord (5.2.3) lib/active_record/migration.rb:559:in `call'
actionpack (5.2.3) lib/action_dispatch/middleware/callbacks.rb:28:in `block in call'
activesupport (5.2.3) lib/active_support/callbacks.rb:98:in `run_callbacks'
actionpack (5.2.3) lib/action_dispatch/middleware/callbacks.rb:26:in `call'
actionpack (5.2.3) lib/action_dispatch/middleware/executor.rb:14:in `call'
actionpack (5.2.3) lib/action_dispatch/middleware/debug_exceptions.rb:61:in `call'
web-console (3.7.0) lib/web_console/middleware.rb:135:in `call_app'
web-console (3.7.0) lib/web_console/middleware.rb:30:in `block in call'
web-console (3.7.0) lib/web_console/middleware.rb:20:in `catch'
web-console (3.7.0) lib/web_console/middleware.rb:20:in `call'
actionpack (5.2.3) lib/action_dispatch/middleware/show_exceptions.rb:33:in `call'
railties (5.2.3) lib/rails/rack/logger.rb:38:in `call_app'
railties (5.2.3) lib/rails/rack/logger.rb:26:in `block in call'
activesupport (5.2.3) lib/active_support/tagged_logging.rb:71:in `block in tagged'
activesupport (5.2.3) lib/active_support/tagged_logging.rb:28:in `tagged'
activesupport (5.2.3) lib/active_support/tagged_logging.rb:71:in `tagged'
railties (5.2.3) lib/rails/rack/logger.rb:26:in `call'
sprockets-rails (3.2.1) lib/sprockets/rails/quiet_assets.rb:13:in `call'
actionpack (5.2.3) lib/action_dispatch/middleware/remote_ip.rb:81:in `call'
actionpack (5.2.3) lib/action_dispatch/middleware/request_id.rb:27:in `call'
rack (2.0.7) lib/rack/method_override.rb:22:in `call'
rack (2.0.7) lib/rack/runtime.rb:22:in `call'
activesupport (5.2.3) lib/active_support/cache/strategy/local_cache_middleware.rb:29:in `call'
actionpack (5.2.3) lib/action_dispatch/middleware/executor.rb:14:in `call'
actionpack (5.2.3) lib/action_dispatch/middleware/static.rb:127:in `call'
rack (2.0.7) lib/rack/sendfile.rb:111:in `call'
railties (5.2.3) lib/rails/engine.rb:524:in `call'
puma (3.12.1) lib/puma/configuration.rb:227:in `call'
puma (3.12.1) lib/puma/server.rb:660:in `handle_request'
puma (3.12.1) lib/puma/server.rb:474:in `process_client'
puma (3.12.1) lib/puma/server.rb:334:in `block in run'
puma (3.12.1) lib/puma/thread_pool.rb:135:in `block in spawn_thread'
Started GET "/kopis" for ::1 at 2019-08-15 23:56:41 +0800
  [1m[35m (1.7ms)[0m  [1m[34mSELECT "schema_migrations"."version" FROM "schema_migrations" ORDER BY "schema_migrations"."version" ASC[0m
  ↳ /home/yoda14/.rbenv/versions/2.6.3/lib/ruby/gems/2.6.0/gems/activerecord-5.2.3/lib/active_record/log_subscriber.rb:98
Processing by KopisController#index as HTML
  Rendering kopis/index.html.erb within layouts/application
  Rendered kopis/index.html.erb within layouts/application (1.9ms)
Completed 200 OK in 460ms (Views: 449.5ms | ActiveRecord: 0.0ms)


Started GET "/kopis" for ::1 at 2019-08-15 23:58:48 +0800
Processing by KopisController#index as HTML
  Rendering kopis/index.html.erb within layouts/application
  Rendered kopis/index.html.erb within layouts/application (23.2ms)
Completed 500 Internal Server Error in 62ms (ActiveRecord: 0.0ms)


  
ActionView::Template::Error (undefined method `each' for nil:NilClass):
    1: <html>
    2: <% @kopis.each do |coffee| %>
    3:     <p>
    4:         <%= coffee.name %>
    5:         <%= coffee.roast %>
  
app/views/kopis/index.html.erb:2:in `_app_views_kopis_index_html_erb___4348606574062761282_70298984563800'
Started GET "/kopis" for ::1 at 2019-08-16 00:00:35 +0800
Processing by KopisController#index as HTML
  Rendering kopis/index.html.erb within layouts/application
  [1m[36mKopi Load (1.2ms)[0m  [1m[34mSELECT "kopis".* FROM "kopis"[0m
  ↳ app/views/kopis/index.html.erb:2
  [1m[36mFarm Load (1.0ms)[0m  [1m[34mSELECT  "farms".* FROM "farms" WHERE "farms"."id" = $1 LIMIT $2[0m  [["id", 1], ["LIMIT", 1]]
  ↳ app/views/kopis/index.html.erb:6
  [1m[36mCACHE Farm Load (0.0ms)[0m  [1m[34mSELECT  "farms".* FROM "farms" WHERE "farms"."id" = $1 LIMIT $2[0m  [["id", 1], ["LIMIT", 1]]
  ↳ app/views/kopis/index.html.erb:6
  [1m[36mFarm Load (0.9ms)[0m  [1m[34mSELECT  "farms".* FROM "farms" WHERE "farms"."id" = $1 LIMIT $2[0m  [["id", 3], ["LIMIT", 1]]
  ↳ app/views/kopis/index.html.erb:6
  [1m[36mCACHE Farm Load (0.0ms)[0m  [1m[34mSELECT  "farms".* FROM "farms" WHERE "farms"."id" = $1 LIMIT $2[0m  [["id", 1], ["LIMIT", 1]]
  ↳ app/views/kopis/index.html.erb:6
  Rendered kopis/index.html.erb within layouts/application (61.4ms)
Completed 200 OK in 174ms (Views: 145.3ms | ActiveRecord: 14.9ms)


Started GET "/kopis" for ::1 at 2019-08-16 00:02:36 +0800
Processing by KopisController#index as HTML
  Rendering kopis/index.html.erb within layouts/application
  [1m[36mKopi Load (0.6ms)[0m  [1m[34mSELECT "kopis".* FROM "kopis"[0m
  ↳ app/views/kopis/index.html.erb:2
  [1m[36mFarm Load (0.9ms)[0m  [1m[34mSELECT  "farms".* FROM "farms" WHERE "farms"."id" = $1 LIMIT $2[0m  [["id", 1], ["LIMIT", 1]]
  ↳ app/views/kopis/index.html.erb:7
  [1m[36mCACHE Farm Load (0.0ms)[0m  [1m[34mSELECT  "farms".* FROM "farms" WHERE "farms"."id" = $1 LIMIT $2[0m  [["id", 1], ["LIMIT", 1]]
  ↳ app/views/kopis/index.html.erb:7
  [1m[36mFarm Load (0.9ms)[0m  [1m[34mSELECT  "farms".* FROM "farms" WHERE "farms"."id" = $1 LIMIT $2[0m  [["id", 3], ["LIMIT", 1]]
  ↳ app/views/kopis/index.html.erb:7
  [1m[36mCACHE Farm Load (0.0ms)[0m  [1m[34mSELECT  "farms".* FROM "farms" WHERE "farms"."id" = $1 LIMIT $2[0m  [["id", 1], ["LIMIT", 1]]
  ↳ app/views/kopis/index.html.erb:7
  Rendered kopis/index.html.erb within layouts/application (26.1ms)
Completed 200 OK in 98ms (Views: 87.5ms | ActiveRecord: 2.5ms)


Started GET "/kopis" for ::1 at 2019-08-16 00:04:30 +0800
Processing by KopisController#index as HTML
  Rendering kopis/index.html.erb within layouts/application
  [1m[36mKopi Load (0.6ms)[0m  [1m[34mSELECT "kopis".* FROM "kopis"[0m
  ↳ app/views/kopis/index.html.erb:2
  [1m[36mFarm Load (0.6ms)[0m  [1m[34mSELECT  "farms".* FROM "farms" WHERE "farms"."id" = $1 LIMIT $2[0m  [["id", 1], ["LIMIT", 1]]
  ↳ app/views/kopis/index.html.erb:7
  [1m[36mCACHE Farm Load (0.0ms)[0m  [1m[34mSELECT  "farms".* FROM "farms" WHERE "farms"."id" = $1 LIMIT $2[0m  [["id", 1], ["LIMIT", 1]]
  ↳ app/views/kopis/index.html.erb:7
  [1m[36mFarm Load (0.6ms)[0m  [1m[34mSELECT  "farms".* FROM "farms" WHERE "farms"."id" = $1 LIMIT $2[0m  [["id", 3], ["LIMIT", 1]]
  ↳ app/views/kopis/index.html.erb:7
  [1m[36mCACHE Farm Load (0.0ms)[0m  [1m[34mSELECT  "farms".* FROM "farms" WHERE "farms"."id" = $1 LIMIT $2[0m  [["id", 1], ["LIMIT", 1]]
  ↳ app/views/kopis/index.html.erb:7
  Rendered kopis/index.html.erb within layouts/application (30.4ms)
Completed 200 OK in 113ms (Views: 91.2ms | ActiveRecord: 1.8ms)


Started GET "/kopis/new" for ::1 at 2019-08-16 00:04:53 +0800
Processing by KopisController#new as HTML
  Rendering kopis/new.html.erb within layouts/application
  [1m[36mFarm Load (0.6ms)[0m  [1m[34mSELECT "farms".* FROM "farms"[0m
  ↳ app/views/kopis/new.html.erb:3
  Rendered kopis/new.html.erb within layouts/application (46.4ms)
Completed 200 OK in 133ms (Views: 125.0ms | ActiveRecord: 0.6ms)


Started POST "/kopis" for ::1 at 2019-08-16 00:05:26 +0800
Processing by KopisController#create as HTML
  Parameters: {"utf8"=>"✓", "authenticity_token"=>"z5UvE/7PxMSjM849Ip3iR6z8jxOGZAfm6Uf34UpEtSUAeC05JTFw+Kabf0A9VP8LS126MeGh0H1kDC3MnJLEwA==", "kopi"=>{"farm_id"=>"2", "name"=>"stirfry", "roast"=>"Italian"}, "commit"=>"Save Kopi"}
  [1m[35m (0.4ms)[0m  [1m[35mBEGIN[0m
  ↳ app/controllers/kopis_controller.rb:14
  [1m[36mFarm Load (0.4ms)[0m  [1m[34mSELECT  "farms".* FROM "farms" WHERE "farms"."id" = $1 LIMIT $2[0m  [["id", 2], ["LIMIT", 1]]
  ↳ app/controllers/kopis_controller.rb:14
  [1m[36mKopi Create (1.2ms)[0m  [1m[32mINSERT INTO "kopis" ("name", "roast", "farm_id", "created_at", "updated_at") VALUES ($1, $2, $3, $4, $5) RETURNING "id"[0m  [["name", "stirfry"], ["roast", "Italian"], ["farm_id", 2], ["created_at", "2019-08-15 16:05:26.609071"], ["updated_at", "2019-08-15 16:05:26.609071"]]
  ↳ app/controllers/kopis_controller.rb:14
  [1m[35m (14.0ms)[0m  [1m[35mCOMMIT[0m
  ↳ app/controllers/kopis_controller.rb:14
Redirected to http://localhost:3000/kopis/5
Completed 302 Found in 49ms (ActiveRecord: 16.0ms)


Started GET "/kopis/5" for ::1 at 2019-08-16 00:05:26 +0800
Processing by KopisController#show as HTML
  Parameters: {"id"=>"5"}
  [1m[36mKopi Load (0.5ms)[0m  [1m[34mSELECT  "kopis".* FROM "kopis" WHERE "kopis"."id" = $1 LIMIT $2[0m  [["id", 5], ["LIMIT", 1]]
  ↳ app/controllers/kopis_controller.rb:21
  [1m[36mFarm Load (0.4ms)[0m  [1m[34mSELECT  "farms".* FROM "farms" WHERE "farms"."id" = $1 LIMIT $2[0m  [["id", 2], ["LIMIT", 1]]
  ↳ app/controllers/kopis_controller.rb:23
  Rendering kopis/show.html.erb within layouts/application
  Rendered kopis/show.html.erb within layouts/application (0.5ms)
Completed 200 OK in 77ms (Views: 58.2ms | ActiveRecord: 0.9ms)


Started GET "/kopis/" for ::1 at 2019-08-16 00:05:31 +0800
Processing by KopisController#index as HTML
  Rendering kopis/index.html.erb within layouts/application
  [1m[36mKopi Load (0.6ms)[0m  [1m[34mSELECT "kopis".* FROM "kopis"[0m
  ↳ app/views/kopis/index.html.erb:2
  [1m[36mFarm Load (0.4ms)[0m  [1m[34mSELECT  "farms".* FROM "farms" WHERE "farms"."id" = $1 LIMIT $2[0m  [["id", 1], ["LIMIT", 1]]
  ↳ app/views/kopis/index.html.erb:7
  [1m[36mCACHE Farm Load (0.1ms)[0m  [1m[34mSELECT  "farms".* FROM "farms" WHERE "farms"."id" = $1 LIMIT $2[0m  [["id", 1], ["LIMIT", 1]]
  ↳ app/views/kopis/index.html.erb:7
  [1m[36mFarm Load (0.4ms)[0m  [1m[34mSELECT  "farms".* FROM "farms" WHERE "farms"."id" = $1 LIMIT $2[0m  [["id", 3], ["LIMIT", 1]]
  ↳ app/views/kopis/index.html.erb:7
  [1m[36mCACHE Farm Load (0.0ms)[0m  [1m[34mSELECT  "farms".* FROM "farms" WHERE "farms"."id" = $1 LIMIT $2[0m  [["id", 1], ["LIMIT", 1]]
  ↳ app/views/kopis/index.html.erb:7
  [1m[36mFarm Load (0.9ms)[0m  [1m[34mSELECT  "farms".* FROM "farms" WHERE "farms"."id" = $1 LIMIT $2[0m  [["id", 2], ["LIMIT", 1]]
  ↳ app/views/kopis/index.html.erb:7
  Rendered kopis/index.html.erb within layouts/application (32.2ms)
Completed 200 OK in 116ms (Views: 97.6ms | ActiveRecord: 2.5ms)


Started GET "/kopis/" for ::1 at 2019-08-16 01:41:24 +0800
  [1m[35m (1.6ms)[0m  [1m[34mSELECT "schema_migrations"."version" FROM "schema_migrations" ORDER BY "schema_migrations"."version" ASC[0m
  ↳ /home/yoda14/.rbenv/versions/2.6.3/lib/ruby/gems/2.6.0/gems/activerecord-5.2.3/lib/active_record/log_subscriber.rb:98
Processing by KopisController#index as HTML
  Rendering kopis/index.html.erb within layouts/application
  [1m[36mKopi Load (1.8ms)[0m  [1m[34mSELECT "kopis".* FROM "kopis"[0m
  ↳ app/views/kopis/index.html.erb:2
  [1m[36mFarm Load (1.3ms)[0m  [1m[34mSELECT  "farms".* FROM "farms" WHERE "farms"."id" = $1 LIMIT $2[0m  [["id", 1], ["LIMIT", 1]]
  ↳ app/views/kopis/index.html.erb:7
  [1m[36mCACHE Farm Load (0.0ms)[0m  [1m[34mSELECT  "farms".* FROM "farms" WHERE "farms"."id" = $1 LIMIT $2[0m  [["id", 1], ["LIMIT", 1]]
  ↳ app/views/kopis/index.html.erb:7
  [1m[36mFarm Load (0.7ms)[0m  [1m[34mSELECT  "farms".* FROM "farms" WHERE "farms"."id" = $1 LIMIT $2[0m  [["id", 3], ["LIMIT", 1]]
  ↳ app/views/kopis/index.html.erb:7
  [1m[36mCACHE Farm Load (0.0ms)[0m  [1m[34mSELECT  "farms".* FROM "farms" WHERE "farms"."id" = $1 LIMIT $2[0m  [["id", 1], ["LIMIT", 1]]
  ↳ app/views/kopis/index.html.erb:7
  [1m[36mFarm Load (0.7ms)[0m  [1m[34mSELECT  "farms".* FROM "farms" WHERE "farms"."id" = $1 LIMIT $2[0m  [["id", 2], ["LIMIT", 1]]
  ↳ app/views/kopis/index.html.erb:7
  Rendered kopis/index.html.erb within layouts/application (93.1ms)
Completed 200 OK in 986ms (Views: 927.1ms | ActiveRecord: 19.6ms)


Started GET "/kopis/" for ::1 at 2019-08-16 01:44:42 +0800
Processing by KopisController#index as HTML
  Rendering kopis/index.html.erb within layouts/application
  [1m[36mKopi Load (1.0ms)[0m  [1m[34mSELECT "kopis".* FROM "kopis"[0m
  ↳ app/views/kopis/index.html.erb:2
  [1m[36mFarm Load (1.6ms)[0m  [1m[34mSELECT  "farms".* FROM "farms" WHERE "farms"."id" = $1 LIMIT $2[0m  [["id", 1], ["LIMIT", 1]]
  ↳ app/views/kopis/index.html.erb:7
  [1m[36mCACHE Farm Load (0.0ms)[0m  [1m[34mSELECT  "farms".* FROM "farms" WHERE "farms"."id" = $1 LIMIT $2[0m  [["id", 1], ["LIMIT", 1]]
  ↳ app/views/kopis/index.html.erb:7
  [1m[36mFarm Load (0.8ms)[0m  [1m[34mSELECT  "farms".* FROM "farms" WHERE "farms"."id" = $1 LIMIT $2[0m  [["id", 3], ["LIMIT", 1]]
  ↳ app/views/kopis/index.html.erb:7
  [1m[36mCACHE Farm Load (0.0ms)[0m  [1m[34mSELECT  "farms".* FROM "farms" WHERE "farms"."id" = $1 LIMIT $2[0m  [["id", 1], ["LIMIT", 1]]
  ↳ app/views/kopis/index.html.erb:7
  [1m[36mFarm Load (1.1ms)[0m  [1m[34mSELECT  "farms".* FROM "farms" WHERE "farms"."id" = $1 LIMIT $2[0m  [["id", 2], ["LIMIT", 1]]
  ↳ app/views/kopis/index.html.erb:7
  Rendered kopis/index.html.erb within layouts/application (30.6ms)
Completed 200 OK in 146ms (Views: 129.4ms | ActiveRecord: 4.6ms)


Started GET "/kopis/new" for ::1 at 2019-08-16 01:44:48 +0800
Processing by KopisController#new as HTML
  Rendering kopis/new.html.erb within layouts/application
  [1m[36mFarm Load (1.8ms)[0m  [1m[34mSELECT "farms".* FROM "farms"[0m
  ↳ app/views/kopis/new.html.erb:3
  Rendered kopis/new.html.erb within layouts/application (61.3ms)
Completed 200 OK in 151ms (Views: 141.5ms | ActiveRecord: 1.8ms)


Started POST "/kopis" for ::1 at 2019-08-16 01:45:16 +0800
Processing by KopisController#create as HTML
  Parameters: {"utf8"=>"✓", "authenticity_token"=>"ilvElOn2XWey3IZqKdAsfZxV78yavyenCKICdHbO0VVFtsa+MgjpW7d0Nxc2GTExe/Ta7v168DyF6dhZoBigsA==", "kopi"=>{"farm_id"=>"4", "name"=>"lotus", "roast"=>"Cinnamon"}, "commit"=>"Save Kopi"}
  [1m[35m (2.1ms)[0m  [1m[35mBEGIN[0m
  ↳ app/controllers/kopis_controller.rb:14
  [1m[36mFarm Load (0.7ms)[0m  [1m[34mSELECT  "farms".* FROM "farms" WHERE "farms"."id" = $1 LIMIT $2[0m  [["id", 4], ["LIMIT", 1]]
  ↳ app/controllers/kopis_controller.rb:14
  [1m[36mKopi Create (1.1ms)[0m  [1m[32mINSERT INTO "kopis" ("name", "roast", "farm_id", "created_at", "updated_at") VALUES ($1, $2, $3, $4, $5) RETURNING "id"[0m  [["name", "lotus"], ["roast", "Cinnamon"], ["farm_id", 4], ["created_at", "2019-08-15 17:45:16.887299"], ["updated_at", "2019-08-15 17:45:16.887299"]]
  ↳ app/controllers/kopis_controller.rb:14
  [1m[35m (1.2ms)[0m  [1m[35mCOMMIT[0m
  ↳ app/controllers/kopis_controller.rb:14
Redirected to http://localhost:3000/kopis/6
Completed 302 Found in 24ms (ActiveRecord: 5.0ms)


Started GET "/kopis/6" for ::1 at 2019-08-16 01:45:16 +0800
Processing by KopisController#show as HTML
  Parameters: {"id"=>"6"}
  [1m[36mKopi Load (0.7ms)[0m  [1m[34mSELECT  "kopis".* FROM "kopis" WHERE "kopis"."id" = $1 LIMIT $2[0m  [["id", 6], ["LIMIT", 1]]
  ↳ app/controllers/kopis_controller.rb:21
  [1m[36mFarm Load (0.8ms)[0m  [1m[34mSELECT  "farms".* FROM "farms" WHERE "farms"."id" = $1 LIMIT $2[0m  [["id", 4], ["LIMIT", 1]]
  ↳ app/controllers/kopis_controller.rb:23
  Rendering kopis/show.html.erb within layouts/application
  Rendered kopis/show.html.erb within layouts/application (19.7ms)
Completed 500 Internal Server Error in 63ms (ActiveRecord: 1.5ms)


  
ActionView::Template::Error (undefined method `name' for #<Farm:0x00007fe600095a68>):
    11: 
    12: <p>
    13:   <strong>Farm:</strong>
    14:   <%= @kopi.farm.name %>
    15: </p>
    16: 
    17: <%= link_to 'Back', kopis_path %>
  
app/views/kopis/show.html.erb:14:in `_app_views_kopis_show_html_erb__1441095796150052949_70312909907100'
Started GET "/kopis/6" for ::1 at 2019-08-16 01:45:38 +0800
Processing by KopisController#show as HTML
  Parameters: {"id"=>"6"}
  [1m[36mKopi Load (0.7ms)[0m  [1m[34mSELECT  "kopis".* FROM "kopis" WHERE "kopis"."id" = $1 LIMIT $2[0m  [["id", 6], ["LIMIT", 1]]
  ↳ app/controllers/kopis_controller.rb:21
  [1m[36mFarm Load (0.5ms)[0m  [1m[34mSELECT  "farms".* FROM "farms" WHERE "farms"."id" = $1 LIMIT $2[0m  [["id", 4], ["LIMIT", 1]]
  ↳ app/controllers/kopis_controller.rb:23
  Rendering kopis/show.html.erb within layouts/application
  Rendered kopis/show.html.erb within layouts/application (1.4ms)
Completed 200 OK in 145ms (Views: 118.5ms | ActiveRecord: 1.2ms)


Started GET "/kopis" for ::1 at 2019-08-16 01:45:41 +0800
Processing by KopisController#index as HTML
  Rendering kopis/index.html.erb within layouts/application
  [1m[36mKopi Load (0.8ms)[0m  [1m[34mSELECT "kopis".* FROM "kopis"[0m
  ↳ app/views/kopis/index.html.erb:2
  [1m[36mFarm Load (1.1ms)[0m  [1m[34mSELECT  "farms".* FROM "farms" WHERE "farms"."id" = $1 LIMIT $2[0m  [["id", 1], ["LIMIT", 1]]
  ↳ app/views/kopis/index.html.erb:7
  [1m[36mCACHE Farm Load (0.0ms)[0m  [1m[34mSELECT  "farms".* FROM "farms" WHERE "farms"."id" = $1 LIMIT $2[0m  [["id", 1], ["LIMIT", 1]]
  ↳ app/views/kopis/index.html.erb:7
  [1m[36mFarm Load (0.7ms)[0m  [1m[34mSELECT  "farms".* FROM "farms" WHERE "farms"."id" = $1 LIMIT $2[0m  [["id", 3], ["LIMIT", 1]]
  ↳ app/views/kopis/index.html.erb:7
  [1m[36mCACHE Farm Load (0.0ms)[0m  [1m[34mSELECT  "farms".* FROM "farms" WHERE "farms"."id" = $1 LIMIT $2[0m  [["id", 1], ["LIMIT", 1]]
  ↳ app/views/kopis/index.html.erb:7
  [1m[36mFarm Load (0.6ms)[0m  [1m[34mSELECT  "farms".* FROM "farms" WHERE "farms"."id" = $1 LIMIT $2[0m  [["id", 2], ["LIMIT", 1]]
  ↳ app/views/kopis/index.html.erb:7
  [1m[36mFarm Load (0.5ms)[0m  [1m[34mSELECT  "farms".* FROM "farms" WHERE "farms"."id" = $1 LIMIT $2[0m  [["id", 4], ["LIMIT", 1]]
  ↳ app/views/kopis/index.html.erb:7
  Rendered kopis/index.html.erb within layouts/application (33.2ms)
Completed 200 OK in 112ms (Views: 98.7ms | ActiveRecord: 3.8ms)


Started GET "/kopis/6" for ::1 at 2019-08-16 01:46:08 +0800
Processing by KopisController#show as HTML
  Parameters: {"id"=>"6"}
  [1m[36mKopi Load (0.6ms)[0m  [1m[34mSELECT  "kopis".* FROM "kopis" WHERE "kopis"."id" = $1 LIMIT $2[0m  [["id", 6], ["LIMIT", 1]]
  ↳ app/controllers/kopis_controller.rb:21
  [1m[36mFarm Load (3.1ms)[0m  [1m[34mSELECT  "farms".* FROM "farms" WHERE "farms"."id" = $1 LIMIT $2[0m  [["id", 4], ["LIMIT", 1]]
  ↳ app/controllers/kopis_controller.rb:23
  Rendering kopis/show.html.erb within layouts/application
  Rendered kopis/show.html.erb within layouts/application (0.8ms)
Completed 200 OK in 122ms (Views: 80.4ms | ActiveRecord: 3.7ms)


Started GET "/kopis" for ::1 at 2019-08-16 01:46:14 +0800
Processing by KopisController#index as HTML
  Rendering kopis/index.html.erb within layouts/application
  [1m[36mKopi Load (0.6ms)[0m  [1m[34mSELECT "kopis".* FROM "kopis"[0m
  ↳ app/views/kopis/index.html.erb:2
  [1m[36mFarm Load (0.5ms)[0m  [1m[34mSELECT  "farms".* FROM "farms" WHERE "farms"."id" = $1 LIMIT $2[0m  [["id", 1], ["LIMIT", 1]]
  ↳ app/views/kopis/index.html.erb:7
  [1m[36mCACHE Farm Load (0.0ms)[0m  [1m[34mSELECT  "farms".* FROM "farms" WHERE "farms"."id" = $1 LIMIT $2[0m  [["id", 1], ["LIMIT", 1]]
  ↳ app/views/kopis/index.html.erb:7
  [1m[36mFarm Load (0.5ms)[0m  [1m[34mSELECT  "farms".* FROM "farms" WHERE "farms"."id" = $1 LIMIT $2[0m  [["id", 3], ["LIMIT", 1]]
  ↳ app/views/kopis/index.html.erb:7
  [1m[36mCACHE Farm Load (0.0ms)[0m  [1m[34mSELECT  "farms".* FROM "farms" WHERE "farms"."id" = $1 LIMIT $2[0m  [["id", 1], ["LIMIT", 1]]
  ↳ app/views/kopis/index.html.erb:7
  [1m[36mFarm Load (2.8ms)[0m  [1m[34mSELECT  "farms".* FROM "farms" WHERE "farms"."id" = $1 LIMIT $2[0m  [["id", 2], ["LIMIT", 1]]
  ↳ app/views/kopis/index.html.erb:7
  [1m[36mFarm Load (0.5ms)[0m  [1m[34mSELECT  "farms".* FROM "farms" WHERE "farms"."id" = $1 LIMIT $2[0m  [["id", 4], ["LIMIT", 1]]
  ↳ app/views/kopis/index.html.erb:7
  Rendered kopis/index.html.erb within layouts/application (28.5ms)
Completed 200 OK in 115ms (Views: 101.6ms | ActiveRecord: 4.9ms)


Started GET "/kopis" for ::1 at 2019-08-16 01:47:12 +0800
Processing by KopisController#index as HTML
  Rendering kopis/index.html.erb within layouts/application
  [1m[36mKopi Load (1.5ms)[0m  [1m[34mSELECT "kopis".* FROM "kopis"[0m
  ↳ app/views/kopis/index.html.erb:2
  [1m[36mFarm Load (0.6ms)[0m  [1m[34mSELECT  "farms".* FROM "farms" WHERE "farms"."id" = $1 LIMIT $2[0m  [["id", 1], ["LIMIT", 1]]
  ↳ app/views/kopis/index.html.erb:7
  [1m[36mCACHE Farm Load (0.0ms)[0m  [1m[34mSELECT  "farms".* FROM "farms" WHERE "farms"."id" = $1 LIMIT $2[0m  [["id", 1], ["LIMIT", 1]]
  ↳ app/views/kopis/index.html.erb:7
  [1m[36mFarm Load (0.6ms)[0m  [1m[34mSELECT  "farms".* FROM "farms" WHERE "farms"."id" = $1 LIMIT $2[0m  [["id", 3], ["LIMIT", 1]]
  ↳ app/views/kopis/index.html.erb:7
  [1m[36mCACHE Farm Load (0.0ms)[0m  [1m[34mSELECT  "farms".* FROM "farms" WHERE "farms"."id" = $1 LIMIT $2[0m  [["id", 1], ["LIMIT", 1]]
  ↳ app/views/kopis/index.html.erb:7
  [1m[36mFarm Load (2.2ms)[0m  [1m[34mSELECT  "farms".* FROM "farms" WHERE "farms"."id" = $1 LIMIT $2[0m  [["id", 2], ["LIMIT", 1]]
  ↳ app/views/kopis/index.html.erb:7
  [1m[36mFarm Load (0.6ms)[0m  [1m[34mSELECT  "farms".* FROM "farms" WHERE "farms"."id" = $1 LIMIT $2[0m  [["id", 4], ["LIMIT", 1]]
  ↳ app/views/kopis/index.html.erb:7
  Rendered kopis/index.html.erb within layouts/application (41.5ms)
Completed 200 OK in 135ms (Views: 115.2ms | ActiveRecord: 5.6ms)


Started GET "/kopis/1" for ::1 at 2019-08-16 01:47:32 +0800
Processing by KopisController#show as HTML
  Parameters: {"id"=>"1"}
  [1m[36mKopi Load (0.7ms)[0m  [1m[34mSELECT  "kopis".* FROM "kopis" WHERE "kopis"."id" = $1 LIMIT $2[0m  [["id", 1], ["LIMIT", 1]]
  ↳ app/controllers/kopis_controller.rb:21
  [1m[36mFarm Load (0.5ms)[0m  [1m[34mSELECT  "farms".* FROM "farms" WHERE "farms"."id" = $1 LIMIT $2[0m  [["id", 1], ["LIMIT", 1]]
  ↳ app/controllers/kopis_controller.rb:23
  Rendering kopis/show.html.erb within layouts/application
  Rendered kopis/show.html.erb within layouts/application (1.0ms)
Completed 500 Internal Server Error in 53ms (ActiveRecord: 1.1ms)


  
SyntaxError (/mnt/c/Users/y0da1/Documents/Projects/aEighthWeek/kopi-tracker/jitpuay/app/views/kopis/show.html.erb:4: syntax error, unexpected backslash, expecting ')'
...);@output_buffer.safe_append='\', songs_path %>
...                              ^
/mnt/c/Users/y0da1/Documents/Projects/aEighthWeek/kopi-tracker/jitpuay/app/views/kopis/show.html.erb:21: syntax error, unexpected ensure, expecting ')'
          ensure
          ^~~~~~
/mnt/c/Users/y0da1/Documents/Projects/aEighthWeek/kopi-tracker/jitpuay/app/views/kopis/show.html.erb:23: syntax error, unexpected end, expecting ')'
          end
          ^~~):
  
app/views/kopis/show.html.erb:4: syntax error, unexpected backslash, expecting ')'
app/views/kopis/show.html.erb:21: syntax error, unexpected ensure, expecting ')'
app/views/kopis/show.html.erb:23: syntax error, unexpected end, expecting ')'
Started GET "/kopis/1" for ::1 at 2019-08-16 01:47:47 +0800
Processing by KopisController#show as HTML
  Parameters: {"id"=>"1"}
  [1m[36mKopi Load (0.7ms)[0m  [1m[34mSELECT  "kopis".* FROM "kopis" WHERE "kopis"."id" = $1 LIMIT $2[0m  [["id", 1], ["LIMIT", 1]]
  ↳ app/controllers/kopis_controller.rb:21
  [1m[36mFarm Load (1.9ms)[0m  [1m[34mSELECT  "farms".* FROM "farms" WHERE "farms"."id" = $1 LIMIT $2[0m  [["id", 1], ["LIMIT", 1]]
  ↳ app/controllers/kopis_controller.rb:23
  Rendering kopis/show.html.erb within layouts/application
  Rendered kopis/show.html.erb within layouts/application (0.9ms)
Completed 500 Internal Server Error in 60ms (ActiveRecord: 2.6ms)


  
SyntaxError (/mnt/c/Users/y0da1/Documents/Projects/aEighthWeek/kopi-tracker/jitpuay/app/views/kopis/show.html.erb:21: syntax error, unexpected ensure, expecting ')'
          ensure
          ^~~~~~
/mnt/c/Users/y0da1/Documents/Projects/aEighthWeek/kopi-tracker/jitpuay/app/views/kopis/show.html.erb:23: syntax error, unexpected end, expecting ')'
          end
          ^~~):
  
app/views/kopis/show.html.erb:21: syntax error, unexpected ensure, expecting ')'
app/views/kopis/show.html.erb:23: syntax error, unexpected end, expecting ')'
Started GET "/kopis/1" for ::1 at 2019-08-16 01:48:06 +0800
Processing by KopisController#show as HTML
  Parameters: {"id"=>"1"}
  [1m[36mKopi Load (0.7ms)[0m  [1m[34mSELECT  "kopis".* FROM "kopis" WHERE "kopis"."id" = $1 LIMIT $2[0m  [["id", 1], ["LIMIT", 1]]
  ↳ app/controllers/kopis_controller.rb:21
  [1m[36mFarm Load (0.8ms)[0m  [1m[34mSELECT  "farms".* FROM "farms" WHERE "farms"."id" = $1 LIMIT $2[0m  [["id", 1], ["LIMIT", 1]]
  ↳ app/controllers/kopis_controller.rb:23
  Rendering kopis/show.html.erb within layouts/application
  Rendered kopis/show.html.erb within layouts/application (34.3ms)
Completed 500 Internal Server Error in 94ms (ActiveRecord: 1.5ms)


  
SyntaxError (/mnt/c/Users/y0da1/Documents/Projects/aEighthWeek/kopi-tracker/jitpuay/app/views/kopis/show.html.erb:4: syntax error, unexpected ',', expecting ')'
...@output_buffer.safe_append='%>, songs_path %>
...                              ^
/mnt/c/Users/y0da1/Documents/Projects/aEighthWeek/kopi-tracker/jitpuay/app/views/kopis/show.html.erb:7: syntax error, unexpected '<', expecting ')'
/mnt/c/Users/y0da1/Documents/Projects/aEighthWeek/kopi-tracker/jitpuay/app/views/kopis/show.html.erb:8: syntax error, unexpected tSYMBEG, expecting do or '{' or '('
  <strong>Roast:</strong>
               ^
/mnt/c/Users/y0da1/Documents/Projects/aEighthWeek/kopi-tracker/jitpuay/app/views/kopis/show.html.erb:13: unknown regexp options - trg
/mnt/c/Users/y0da1/Documents/Projects/aEighthWeek/kopi-tracker/jitpuay/app/views/kopis/show.html.erb:19: unknown regexp options - htl
/mnt/c/Users/y0da1/Documents/Projects/aEighthWeek/kopi-tracker/jitpuay/app/views/kopis/show.html.erb:23: unterminated string meets end of file
          end
              ^
/mnt/c/Users/y0da1/Documents/Projects/aEighthWeek/kopi-tracker/jitpuay/app/views/kopis/show.html.erb:23: syntax error, unexpected end-of-input, expecting ')'):
  
app/views/kopis/show.html.erb:4: syntax error, unexpected ',', expecting ')'
app/views/kopis/show.html.erb:7: syntax error, unexpected '<', expecting ')'
app/views/kopis/show.html.erb:8: syntax error, unexpected tSYMBEG, expecting do or '{' or '('
app/views/kopis/show.html.erb:13: unknown regexp options - trg
app/views/kopis/show.html.erb:19: unknown regexp options - htl
app/views/kopis/show.html.erb:23: unterminated string meets end of file
app/views/kopis/show.html.erb:23: syntax error, unexpected end-of-input, expecting ')'
Started GET "/kopis/1" for ::1 at 2019-08-16 01:48:22 +0800
Processing by KopisController#show as HTML
  Parameters: {"id"=>"1"}
  [1m[36mKopi Load (1.0ms)[0m  [1m[34mSELECT  "kopis".* FROM "kopis" WHERE "kopis"."id" = $1 LIMIT $2[0m  [["id", 1], ["LIMIT", 1]]
  ↳ app/controllers/kopis_controller.rb:21
  [1m[36mFarm Load (1.1ms)[0m  [1m[34mSELECT  "farms".* FROM "farms" WHERE "farms"."id" = $1 LIMIT $2[0m  [["id", 1], ["LIMIT", 1]]
  ↳ app/controllers/kopis_controller.rb:23
  Rendering kopis/show.html.erb within layouts/application
  Rendered kopis/show.html.erb within layouts/application (1.1ms)
Completed 500 Internal Server Error in 68ms (ActiveRecord: 2.1ms)


  
SyntaxError (/mnt/c/Users/y0da1/Documents/Projects/aEighthWeek/kopi-tracker/jitpuay/app/views/kopis/show.html.erb:4: syntax error, unexpected backslash, expecting ')'
...);@output_buffer.safe_append='\'%>, songs_path %>
...                              ^
/mnt/c/Users/y0da1/Documents/Projects/aEighthWeek/kopi-tracker/jitpuay/app/views/kopis/show.html.erb:21: syntax error, unexpected ensure, expecting ')'
          ensure
          ^~~~~~
/mnt/c/Users/y0da1/Documents/Projects/aEighthWeek/kopi-tracker/jitpuay/app/views/kopis/show.html.erb:23: syntax error, unexpected end, expecting ')'
          end
          ^~~):
  
app/views/kopis/show.html.erb:4: syntax error, unexpected backslash, expecting ')'
app/views/kopis/show.html.erb:21: syntax error, unexpected ensure, expecting ')'
app/views/kopis/show.html.erb:23: syntax error, unexpected end, expecting ')'
Started GET "/kopis/1" for ::1 at 2019-08-16 01:48:54 +0800
Processing by KopisController#show as HTML
  Parameters: {"id"=>"1"}
  [1m[36mKopi Load (0.9ms)[0m  [1m[34mSELECT  "kopis".* FROM "kopis" WHERE "kopis"."id" = $1 LIMIT $2[0m  [["id", 1], ["LIMIT", 1]]
  ↳ app/controllers/kopis_controller.rb:21
  [1m[36mFarm Load (0.6ms)[0m  [1m[34mSELECT  "farms".* FROM "farms" WHERE "farms"."id" = $1 LIMIT $2[0m  [["id", 1], ["LIMIT", 1]]
  ↳ app/controllers/kopis_controller.rb:23
  Rendering kopis/show.html.erb within layouts/application
  Rendered kopis/show.html.erb within layouts/application (663.9ms)
Completed 500 Internal Server Error in 733ms (ActiveRecord: 1.6ms)


  
ActionView::Template::Error (undefined local variable or method `songs_path' for #<#<Class:0x00007ffff2a0ab28>:0x00007fe600399c28>):
    14:   <%= @kopi.farm.location %>
    15: </p>
    16: 
    17: <%= link_to 'Back', songs_path %>
    18: 
    19: </html>
  
app/views/kopis/show.html.erb:17:in `_app_views_kopis_show_html_erb__1441095796150052949_70312911491640'
Started GET "/kopis/1" for ::1 at 2019-08-16 01:49:40 +0800
Processing by KopisController#show as HTML
  Parameters: {"id"=>"1"}
  [1m[36mKopi Load (0.9ms)[0m  [1m[34mSELECT  "kopis".* FROM "kopis" WHERE "kopis"."id" = $1 LIMIT $2[0m  [["id", 1], ["LIMIT", 1]]
  ↳ app/controllers/kopis_controller.rb:21
  [1m[36mFarm Load (0.6ms)[0m  [1m[34mSELECT  "farms".* FROM "farms" WHERE "farms"."id" = $1 LIMIT $2[0m  [["id", 1], ["LIMIT", 1]]
  ↳ app/controllers/kopis_controller.rb:23
  Rendering kopis/show.html.erb within layouts/application
  Rendered kopis/show.html.erb within layouts/application (3.0ms)
Completed 200 OK in 140ms (Views: 113.4ms | ActiveRecord: 1.5ms)


Started GET "/kopis" for ::1 at 2019-08-16 01:49:45 +0800
Processing by KopisController#index as HTML
  Rendering kopis/index.html.erb within layouts/application
  [1m[36mKopi Load (0.8ms)[0m  [1m[34mSELECT "kopis".* FROM "kopis"[0m
  ↳ app/views/kopis/index.html.erb:2
  [1m[36mFarm Load (1.2ms)[0m  [1m[34mSELECT  "farms".* FROM "farms" WHERE "farms"."id" = $1 LIMIT $2[0m  [["id", 1], ["LIMIT", 1]]
  ↳ app/views/kopis/index.html.erb:7
  [1m[36mCACHE Farm Load (0.0ms)[0m  [1m[34mSELECT  "farms".* FROM "farms" WHERE "farms"."id" = $1 LIMIT $2[0m  [["id", 1], ["LIMIT", 1]]
  ↳ app/views/kopis/index.html.erb:7
  [1m[36mFarm Load (3.7ms)[0m  [1m[34mSELECT  "farms".* FROM "farms" WHERE "farms"."id" = $1 LIMIT $2[0m  [["id", 3], ["LIMIT", 1]]
  ↳ app/views/kopis/index.html.erb:7
  [1m[36mCACHE Farm Load (0.0ms)[0m  [1m[34mSELECT  "farms".* FROM "farms" WHERE "farms"."id" = $1 LIMIT $2[0m  [["id", 1], ["LIMIT", 1]]
  ↳ app/views/kopis/index.html.erb:7
  [1m[36mFarm Load (0.6ms)[0m  [1m[34mSELECT  "farms".* FROM "farms" WHERE "farms"."id" = $1 LIMIT $2[0m  [["id", 2], ["LIMIT", 1]]
  ↳ app/views/kopis/index.html.erb:7
  [1m[36mFarm Load (0.7ms)[0m  [1m[34mSELECT  "farms".* FROM "farms" WHERE "farms"."id" = $1 LIMIT $2[0m  [["id", 4], ["LIMIT", 1]]
  ↳ app/views/kopis/index.html.erb:7
  Rendered kopis/index.html.erb within layouts/application (48.8ms)
Completed 200 OK in 143ms (Views: 126.6ms | ActiveRecord: 7.1ms)


Started GET "/kopis" for ::1 at 2019-08-16 01:50:31 +0800
Processing by KopisController#index as HTML
  Rendering kopis/index.html.erb within layouts/application
  [1m[36mKopi Load (12.8ms)[0m  [1m[34mSELECT  "kopis".* FROM "kopis" LIMIT $1[0m  [["LIMIT", 11]]
  ↳ /home/yoda14/.rbenv/versions/2.6.3/lib/ruby/gems/2.6.0/gems/activerecord-5.2.3/lib/active_record/log_subscriber.rb:98
  [1m[36mCACHE Kopi Load (0.0ms)[0m  [1m[34mSELECT  "kopis".* FROM "kopis" LIMIT $1[0m  [["LIMIT", 11]]
  ↳ /home/yoda14/.rbenv/versions/2.6.3/lib/ruby/gems/2.6.0/gems/activerecord-5.2.3/lib/active_record/log_subscriber.rb:98
  [1m[36mCACHE Kopi Load (0.1ms)[0m  [1m[34mSELECT  "kopis".* FROM "kopis" LIMIT $1[0m  [["LIMIT", 11]]
  ↳ /home/yoda14/.rbenv/versions/2.6.3/lib/ruby/gems/2.6.0/gems/activerecord-5.2.3/lib/active_record/log_subscriber.rb:98
  [1m[36mCACHE Kopi Load (0.0ms)[0m  [1m[34mSELECT  "kopis".* FROM "kopis" LIMIT $1[0m  [["LIMIT", 11]]
  ↳ /home/yoda14/.rbenv/versions/2.6.3/lib/ruby/gems/2.6.0/gems/activerecord-5.2.3/lib/active_record/log_subscriber.rb:98
  [1m[36mCACHE Kopi Load (0.0ms)[0m  [1m[34mSELECT  "kopis".* FROM "kopis" LIMIT $1[0m  [["LIMIT", 11]]
  ↳ /home/yoda14/.rbenv/versions/2.6.3/lib/ruby/gems/2.6.0/gems/activerecord-5.2.3/lib/active_record/log_subscriber.rb:98
  [1m[36mCACHE Kopi Load (0.0ms)[0m  [1m[34mSELECT  "kopis".* FROM "kopis" LIMIT $1[0m  [["LIMIT", 11]]
  ↳ /home/yoda14/.rbenv/versions/2.6.3/lib/ruby/gems/2.6.0/gems/activerecord-5.2.3/lib/active_record/log_subscriber.rb:98
  [1m[36mCACHE Kopi Load (0.0ms)[0m  [1m[34mSELECT  "kopis".* FROM "kopis" LIMIT $1[0m  [["LIMIT", 11]]
  ↳ /home/yoda14/.rbenv/versions/2.6.3/lib/ruby/gems/2.6.0/gems/activerecord-5.2.3/lib/active_record/log_subscriber.rb:98
  [1m[36mCACHE Kopi Load (0.0ms)[0m  [1m[34mSELECT  "kopis".* FROM "kopis" LIMIT $1[0m  [["LIMIT", 11]]
  ↳ /home/yoda14/.rbenv/versions/2.6.3/lib/ruby/gems/2.6.0/gems/activerecord-5.2.3/lib/active_record/log_subscriber.rb:98
  Rendered kopis/index.html.erb within layouts/application (812.6ms)
Completed 500 Internal Server Error in 853ms (ActiveRecord: 13.0ms)


  
ActionView::Template::Error (undefined local variable or method `kopis_new_path' for #<#<Class:0x00007ffff2a0ab28>:0x00007fe60dd32688>
Did you mean?  kopis_path):
    1: <html>
    2: <%= link_to 'New', kopis_new_path %>
    3: <% @kopis.each do |coffee| %>
    4:     <p>
    5:         <h3>Name: <%= coffee.name %></h3>
  
app/views/kopis/index.html.erb:2:in `_app_views_kopis_index_html_erb__1805617794299671014_70313025575580'
Started GET "/kopis" for ::1 at 2019-08-16 01:51:06 +0800
Processing by KopisController#index as HTML
  Rendering kopis/index.html.erb within layouts/application
  [1m[36mKopi Load (2.7ms)[0m  [1m[34mSELECT  "kopis".* FROM "kopis" LIMIT $1[0m  [["LIMIT", 11]]
  ↳ /home/yoda14/.rbenv/versions/2.6.3/lib/ruby/gems/2.6.0/gems/activerecord-5.2.3/lib/active_record/log_subscriber.rb:98
  [1m[36mCACHE Kopi Load (0.0ms)[0m  [1m[34mSELECT  "kopis".* FROM "kopis" LIMIT $1[0m  [["LIMIT", 11]]
  ↳ /home/yoda14/.rbenv/versions/2.6.3/lib/ruby/gems/2.6.0/gems/activerecord-5.2.3/lib/active_record/log_subscriber.rb:98
  [1m[36mCACHE Kopi Load (0.0ms)[0m  [1m[34mSELECT  "kopis".* FROM "kopis" LIMIT $1[0m  [["LIMIT", 11]]
  ↳ /home/yoda14/.rbenv/versions/2.6.3/lib/ruby/gems/2.6.0/gems/activerecord-5.2.3/lib/active_record/log_subscriber.rb:98
  [1m[36mCACHE Kopi Load (0.0ms)[0m  [1m[34mSELECT  "kopis".* FROM "kopis" LIMIT $1[0m  [["LIMIT", 11]]
  ↳ /home/yoda14/.rbenv/versions/2.6.3/lib/ruby/gems/2.6.0/gems/activerecord-5.2.3/lib/active_record/log_subscriber.rb:98
  [1m[36mCACHE Kopi Load (0.0ms)[0m  [1m[34mSELECT  "kopis".* FROM "kopis" LIMIT $1[0m  [["LIMIT", 11]]
  ↳ /home/yoda14/.rbenv/versions/2.6.3/lib/ruby/gems/2.6.0/gems/activerecord-5.2.3/lib/active_record/log_subscriber.rb:98
  [1m[36mCACHE Kopi Load (0.0ms)[0m  [1m[34mSELECT  "kopis".* FROM "kopis" LIMIT $1[0m  [["LIMIT", 11]]
  ↳ /home/yoda14/.rbenv/versions/2.6.3/lib/ruby/gems/2.6.0/gems/activerecord-5.2.3/lib/active_record/log_subscriber.rb:98
  [1m[36mCACHE Kopi Load (0.0ms)[0m  [1m[34mSELECT  "kopis".* FROM "kopis" LIMIT $1[0m  [["LIMIT", 11]]
  ↳ /home/yoda14/.rbenv/versions/2.6.3/lib/ruby/gems/2.6.0/gems/activerecord-5.2.3/lib/active_record/log_subscriber.rb:98
  [1m[36mCACHE Kopi Load (0.0ms)[0m  [1m[34mSELECT  "kopis".* FROM "kopis" LIMIT $1[0m  [["LIMIT", 11]]
  ↳ /home/yoda14/.rbenv/versions/2.6.3/lib/ruby/gems/2.6.0/gems/activerecord-5.2.3/lib/active_record/log_subscriber.rb:98
  Rendered kopis/index.html.erb within layouts/application (658.2ms)
Completed 500 Internal Server Error in 708ms (ActiveRecord: 2.9ms)


  
ActionView::Template::Error (undefined local variable or method `kopis' for #<#<Class:0x00007ffff2a0ab28>:0x00007fe600053cf8>
Did you mean?  @kopis):
    1: <html>
    2: <%= link_to 'New', kopis/new_path %>
    3: <% @kopis.each do |coffee| %>
    4:     <p>
    5:         <h3>Name: <%= coffee.name %></h3>
  
app/views/kopis/index.html.erb:2:in `_app_views_kopis_index_html_erb__1805617794299671014_70312909759220'
Started GET "/kopis" for ::1 at 2019-08-16 01:52:30 +0800
Processing by KopisController#index as HTML
  Rendering kopis/index.html.erb within layouts/application
  [1m[36mKopi Load (1.9ms)[0m  [1m[34mSELECT "kopis".* FROM "kopis"[0m
  ↳ app/views/kopis/index.html.erb:3
  [1m[36mFarm Load (0.5ms)[0m  [1m[34mSELECT  "farms".* FROM "farms" WHERE "farms"."id" = $1 LIMIT $2[0m  [["id", 1], ["LIMIT", 1]]
  ↳ app/views/kopis/index.html.erb:8
  [1m[36mCACHE Farm Load (0.0ms)[0m  [1m[34mSELECT  "farms".* FROM "farms" WHERE "farms"."id" = $1 LIMIT $2[0m  [["id", 1], ["LIMIT", 1]]
  ↳ app/views/kopis/index.html.erb:8
  [1m[36mFarm Load (0.5ms)[0m  [1m[34mSELECT  "farms".* FROM "farms" WHERE "farms"."id" = $1 LIMIT $2[0m  [["id", 3], ["LIMIT", 1]]
  ↳ app/views/kopis/index.html.erb:8
  [1m[36mCACHE Farm Load (0.0ms)[0m  [1m[34mSELECT  "farms".* FROM "farms" WHERE "farms"."id" = $1 LIMIT $2[0m  [["id", 1], ["LIMIT", 1]]
  ↳ app/views/kopis/index.html.erb:8
  [1m[36mFarm Load (0.7ms)[0m  [1m[34mSELECT  "farms".* FROM "farms" WHERE "farms"."id" = $1 LIMIT $2[0m  [["id", 2], ["LIMIT", 1]]
  ↳ app/views/kopis/index.html.erb:8
  [1m[36mFarm Load (0.6ms)[0m  [1m[34mSELECT  "farms".* FROM "farms" WHERE "farms"."id" = $1 LIMIT $2[0m  [["id", 4], ["LIMIT", 1]]
  ↳ app/views/kopis/index.html.erb:8
  Rendered kopis/index.html.erb within layouts/application (36.6ms)
Completed 200 OK in 126ms (Views: 109.1ms | ActiveRecord: 4.2ms)


Started GET "/kopis/new" for ::1 at 2019-08-16 01:52:33 +0800
Processing by KopisController#new as HTML
  Rendering kopis/new.html.erb within layouts/application
  [1m[36mFarm Load (1.0ms)[0m  [1m[34mSELECT "farms".* FROM "farms"[0m
  ↳ app/views/kopis/new.html.erb:3
  Rendered kopis/new.html.erb within layouts/application (31.2ms)
Completed 200 OK in 127ms (Views: 118.3ms | ActiveRecord: 1.0ms)


Started POST "/kopis" for ::1 at 2019-08-16 01:53:06 +0800
Processing by KopisController#create as HTML
  Parameters: {"utf8"=>"✓", "authenticity_token"=>"VE9cUREO8mLNvynMEryRv7i6Ks+s/GrcaNyRwbMIVAmbol57yvBGXsgXmLENdYzzXxsf7cs5vUfll0vsZd4l7A==", "kopi"=>{"farm_id"=>"3", "name"=>"Wahchee", "roast"=>"French"}, "commit"=>"Save Kopi"}
  [1m[35m (0.8ms)[0m  [1m[35mBEGIN[0m
  ↳ app/controllers/kopis_controller.rb:14
  [1m[36mFarm Load (0.7ms)[0m  [1m[34mSELECT  "farms".* FROM "farms" WHERE "farms"."id" = $1 LIMIT $2[0m  [["id", 3], ["LIMIT", 1]]
  ↳ app/controllers/kopis_controller.rb:14
  [1m[36mKopi Create (1.0ms)[0m  [1m[32mINSERT INTO "kopis" ("name", "roast", "farm_id", "created_at", "updated_at") VALUES ($1, $2, $3, $4, $5) RETURNING "id"[0m  [["name", "Wahchee"], ["roast", "French"], ["farm_id", 3], ["created_at", "2019-08-15 17:53:06.506395"], ["updated_at", "2019-08-15 17:53:06.506395"]]
  ↳ app/controllers/kopis_controller.rb:14
  [1m[35m (2.3ms)[0m  [1m[35mCOMMIT[0m
  ↳ app/controllers/kopis_controller.rb:14
Redirected to http://localhost:3000/kopis/7
Completed 302 Found in 37ms (ActiveRecord: 4.8ms)


Started GET "/kopis/7" for ::1 at 2019-08-16 01:53:06 +0800
Processing by KopisController#show as HTML
  Parameters: {"id"=>"7"}
  [1m[36mKopi Load (0.5ms)[0m  [1m[34mSELECT  "kopis".* FROM "kopis" WHERE "kopis"."id" = $1 LIMIT $2[0m  [["id", 7], ["LIMIT", 1]]
  ↳ app/controllers/kopis_controller.rb:21
  [1m[36mFarm Load (0.5ms)[0m  [1m[34mSELECT  "farms".* FROM "farms" WHERE "farms"."id" = $1 LIMIT $2[0m  [["id", 3], ["LIMIT", 1]]
  ↳ app/controllers/kopis_controller.rb:23
  Rendering kopis/show.html.erb within layouts/application
  Rendered kopis/show.html.erb within layouts/application (0.9ms)
Completed 200 OK in 81ms (Views: 68.0ms | ActiveRecord: 0.9ms)


Started GET "/kopis" for ::1 at 2019-08-16 01:53:09 +0800
Processing by KopisController#index as HTML
  Rendering kopis/index.html.erb within layouts/application
  [1m[36mKopi Load (1.0ms)[0m  [1m[34mSELECT "kopis".* FROM "kopis"[0m
  ↳ app/views/kopis/index.html.erb:3
  [1m[36mFarm Load (0.4ms)[0m  [1m[34mSELECT  "farms".* FROM "farms" WHERE "farms"."id" = $1 LIMIT $2[0m  [["id", 1], ["LIMIT", 1]]
  ↳ app/views/kopis/index.html.erb:8
  [1m[36mCACHE Farm Load (0.0ms)[0m  [1m[34mSELECT  "farms".* FROM "farms" WHERE "farms"."id" = $1 LIMIT $2[0m  [["id", 1], ["LIMIT", 1]]
  ↳ app/views/kopis/index.html.erb:8
  [1m[36mFarm Load (0.4ms)[0m  [1m[34mSELECT  "farms".* FROM "farms" WHERE "farms"."id" = $1 LIMIT $2[0m  [["id", 3], ["LIMIT", 1]]
  ↳ app/views/kopis/index.html.erb:8
  [1m[36mCACHE Farm Load (0.0ms)[0m  [1m[34mSELECT  "farms".* FROM "farms" WHERE "farms"."id" = $1 LIMIT $2[0m  [["id", 1], ["LIMIT", 1]]
  ↳ app/views/kopis/index.html.erb:8
  [1m[36mFarm Load (0.5ms)[0m  [1m[34mSELECT  "farms".* FROM "farms" WHERE "farms"."id" = $1 LIMIT $2[0m  [["id", 2], ["LIMIT", 1]]
  ↳ app/views/kopis/index.html.erb:8
  [1m[36mFarm Load (0.4ms)[0m  [1m[34mSELECT  "farms".* FROM "farms" WHERE "farms"."id" = $1 LIMIT $2[0m  [["id", 4], ["LIMIT", 1]]
  ↳ app/views/kopis/index.html.erb:8
  [1m[36mCACHE Farm Load (0.0ms)[0m  [1m[34mSELECT  "farms".* FROM "farms" WHERE "farms"."id" = $1 LIMIT $2[0m  [["id", 3], ["LIMIT", 1]]
  ↳ app/views/kopis/index.html.erb:8
  Rendered kopis/index.html.erb within layouts/application (41.8ms)
Completed 200 OK in 112ms (Views: 102.6ms | ActiveRecord: 2.9ms)


Started GET "/kopis/new" for ::1 at 2019-08-16 01:55:05 +0800
Processing by KopisController#new as HTML
  Rendering kopis/new.html.erb within layouts/application
  [1m[36mFarm Load (0.6ms)[0m  [1m[34mSELECT "farms".* FROM "farms"[0m
  ↳ app/views/kopis/new.html.erb:3
  Rendered kopis/new.html.erb within layouts/application (5.2ms)
Completed 200 OK in 96ms (Views: 82.8ms | ActiveRecord: 0.6ms)


Started POST "/kopis" for ::1 at 2019-08-16 01:55:30 +0800
Processing by KopisController#create as HTML
  Parameters: {"utf8"=>"✓", "authenticity_token"=>"CSEx6KUVrFAu3WfQknHRQ1RKqQ2/xVtECdrxn10fC73GzDPCfusYbCt11q2NuMwPs+ucL9gAjN+EkSuyi8l6WA==", "kopi"=>{"farm_id"=>"2", "name"=>"mala", "roast"=>"Dark"}, "commit"=>"Save Kopi"}
  [1m[35m (0.9ms)[0m  [1m[35mBEGIN[0m
  ↳ app/controllers/kopis_controller.rb:14
  [1m[36mFarm Load (1.3ms)[0m  [1m[34mSELECT  "farms".* FROM "farms" WHERE "farms"."id" = $1 LIMIT $2[0m  [["id", 2], ["LIMIT", 1]]
  ↳ app/controllers/kopis_controller.rb:14
  [1m[36mKopi Create (1.9ms)[0m  [1m[32mINSERT INTO "kopis" ("name", "roast", "farm_id", "created_at", "updated_at") VALUES ($1, $2, $3, $4, $5) RETURNING "id"[0m  [["name", "mala"], ["roast", "Dark"], ["farm_id", 2], ["created_at", "2019-08-15 17:55:30.315197"], ["updated_at", "2019-08-15 17:55:30.315197"]]
  ↳ app/controllers/kopis_controller.rb:14
  [1m[35m (30.8ms)[0m  [1m[35mCOMMIT[0m
  ↳ app/controllers/kopis_controller.rb:14
Redirected to http://localhost:3000/kopis/8
Completed 302 Found in 71ms (ActiveRecord: 35.0ms)


Started GET "/kopis/8" for ::1 at 2019-08-16 01:55:30 +0800
Processing by KopisController#show as HTML
  Parameters: {"id"=>"8"}
  [1m[36mKopi Load (0.5ms)[0m  [1m[34mSELECT  "kopis".* FROM "kopis" WHERE "kopis"."id" = $1 LIMIT $2[0m  [["id", 8], ["LIMIT", 1]]
  ↳ app/controllers/kopis_controller.rb:21
  [1m[36mFarm Load (0.4ms)[0m  [1m[34mSELECT  "farms".* FROM "farms" WHERE "farms"."id" = $1 LIMIT $2[0m  [["id", 2], ["LIMIT", 1]]
  ↳ app/controllers/kopis_controller.rb:23
  Rendering kopis/show.html.erb within layouts/application
  Rendered kopis/show.html.erb within layouts/application (1.5ms)
Completed 200 OK in 82ms (Views: 64.9ms | ActiveRecord: 0.9ms)


Started GET "/kopis" for ::1 at 2019-08-16 01:55:35 +0800
Processing by KopisController#index as HTML
  Rendering kopis/index.html.erb within layouts/application
  [1m[36mKopi Load (0.8ms)[0m  [1m[34mSELECT "kopis".* FROM "kopis"[0m
  ↳ app/views/kopis/index.html.erb:4
  [1m[36mFarm Load (0.5ms)[0m  [1m[34mSELECT  "farms".* FROM "farms" WHERE "farms"."id" = $1 LIMIT $2[0m  [["id", 1], ["LIMIT", 1]]
  ↳ app/views/kopis/index.html.erb:9
  [1m[36mCACHE Farm Load (0.0ms)[0m  [1m[34mSELECT  "farms".* FROM "farms" WHERE "farms"."id" = $1 LIMIT $2[0m  [["id", 1], ["LIMIT", 1]]
  ↳ app/views/kopis/index.html.erb:9
  [1m[36mFarm Load (2.6ms)[0m  [1m[34mSELECT  "farms".* FROM "farms" WHERE "farms"."id" = $1 LIMIT $2[0m  [["id", 3], ["LIMIT", 1]]
  ↳ app/views/kopis/index.html.erb:9
  [1m[36mCACHE Farm Load (0.0ms)[0m  [1m[34mSELECT  "farms".* FROM "farms" WHERE "farms"."id" = $1 LIMIT $2[0m  [["id", 1], ["LIMIT", 1]]
  ↳ app/views/kopis/index.html.erb:9
  [1m[36mFarm Load (0.5ms)[0m  [1m[34mSELECT  "farms".* FROM "farms" WHERE "farms"."id" = $1 LIMIT $2[0m  [["id", 2], ["LIMIT", 1]]
  ↳ app/views/kopis/index.html.erb:9
  [1m[36mFarm Load (0.5ms)[0m  [1m[34mSELECT  "farms".* FROM "farms" WHERE "farms"."id" = $1 LIMIT $2[0m  [["id", 4], ["LIMIT", 1]]
  ↳ app/views/kopis/index.html.erb:9
  [1m[36mCACHE Farm Load (0.0ms)[0m  [1m[34mSELECT  "farms".* FROM "farms" WHERE "farms"."id" = $1 LIMIT $2[0m  [["id", 3], ["LIMIT", 1]]
  ↳ app/views/kopis/index.html.erb:9
  [1m[36mCACHE Farm Load (0.0ms)[0m  [1m[34mSELECT  "farms".* FROM "farms" WHERE "farms"."id" = $1 LIMIT $2[0m  [["id", 2], ["LIMIT", 1]]
  ↳ app/views/kopis/index.html.erb:9
  Rendered kopis/index.html.erb within layouts/application (35.8ms)
Completed 200 OK in 124ms (Views: 107.5ms | ActiveRecord: 5.0ms)


Started GET "/farms" for ::1 at 2019-08-16 02:12:38 +0800
  [1m[35m (1.7ms)[0m  [1m[34mSELECT "schema_migrations"."version" FROM "schema_migrations" ORDER BY "schema_migrations"."version" ASC[0m
  ↳ /home/yoda14/.rbenv/versions/2.6.3/lib/ruby/gems/2.6.0/gems/activerecord-5.2.3/lib/active_record/log_subscriber.rb:98
Processing by FarmsController#index as HTML
  Rendering farms/index.html.erb within layouts/application
  Rendered farms/index.html.erb within layouts/application (14.5ms)
Completed 500 Internal Server Error in 91ms (ActiveRecord: 0.0ms)


  
ActionView::Template::Error (undefined method `each' for nil:NilClass):
    1: <html>
    2: <%= link_to 'New Farm', new_farm_path %>
    3: 
    4: <% @farms.each do |place| %>
    5:     <p>
    6:         <h3>Location: <%= place.location %></h3>
    7:         <ul>
  
app/views/farms/index.html.erb:4:in `_app_views_farms_index_html_erb___2881923467448034865_70368240504740'
Started GET "/farms" for ::1 at 2019-08-16 02:14:42 +0800
Processing by FarmsController#index as HTML
  Rendering farms/index.html.erb within layouts/application
  [1m[36mFarm Load (1.2ms)[0m  [1m[34mSELECT "farms".* FROM "farms"[0m
  ↳ app/views/farms/index.html.erb:4
  Rendered farms/index.html.erb within layouts/application (20.5ms)
Completed 200 OK in 543ms (Views: 518.3ms | ActiveRecord: 8.6ms)


Started GET "/farms/new" for ::1 at 2019-08-16 02:16:01 +0800
Processing by FarmsController#new as HTML
  Rendering farms/new.html.erb within layouts/application
  Rendered farms/new.html.erb within layouts/application (37.6ms)
Completed 200 OK in 107ms (Views: 91.7ms | ActiveRecord: 0.0ms)


Started POST "/farms" for ::1 at 2019-08-16 02:18:21 +0800
Processing by FarmsController#create as HTML
  Parameters: {"utf8"=>"✓", "authenticity_token"=>"DBXG7nEaODPZFNRM7b2QKDLXR61LIpynsQE6n8M3g67D+MTEquSMD9y8ZTHydI1k1XZyjyznSzw8SuCyFeHySw==", "farm"=>{"location"=>"kinki", "phone_number"=>"85584323"}, "commit"=>"Save Farm"}
  [1m[35m (0.3ms)[0m  [1m[35mBEGIN[0m
  ↳ app/controllers/farms_controller.rb:13
  [1m[36mFarm Create (1.1ms)[0m  [1m[32mINSERT INTO "farms" ("location", "phone_number", "created_at", "updated_at") VALUES ($1, $2, $3, $4) RETURNING "id"[0m  [["location", "kinki"], ["phone_number", "85584323"], ["created_at", "2019-08-15 18:18:21.565523"], ["updated_at", "2019-08-15 18:18:21.565523"]]
  ↳ app/controllers/farms_controller.rb:13
  [1m[35m (10.2ms)[0m  [1m[35mCOMMIT[0m
  ↳ app/controllers/farms_controller.rb:13
Redirected to http://localhost:3000/farms/5
Completed 302 Found in 24ms (ActiveRecord: 11.7ms)


Started GET "/farms/5" for ::1 at 2019-08-16 02:18:21 +0800
Processing by FarmsController#show as HTML
  Parameters: {"id"=>"5"}
  [1m[36mFarm Load (0.6ms)[0m  [1m[34mSELECT  "farms".* FROM "farms" WHERE "farms"."id" = $1 LIMIT $2[0m  [["id", 5], ["LIMIT", 1]]
  ↳ app/controllers/farms_controller.rb:18
  Rendering farms/show.html.erb within layouts/application
  Rendered farms/show.html.erb within layouts/application (0.9ms)
Completed 200 OK in 69ms (Views: 57.3ms | ActiveRecord: 1.0ms)


Started GET "/farms" for ::1 at 2019-08-16 02:18:23 +0800
Processing by FarmsController#index as HTML
  Rendering farms/index.html.erb within layouts/application
  [1m[36mFarm Load (0.6ms)[0m  [1m[34mSELECT "farms".* FROM "farms"[0m
  ↳ app/views/farms/index.html.erb:4
  Rendered farms/index.html.erb within layouts/application (3.4ms)
Completed 200 OK in 70ms (Views: 58.4ms | ActiveRecord: 0.6ms)


