  [1m[35m (526.0ms)[0m  [1m[35mCREATE DATABASE "kopi_development" ENCODING = 'unicode'[0m
  ↳ bin/rails:9
  [1m[35m (423.2ms)[0m  [1m[35mCREATE DATABASE "kopi_test" ENCODING = 'unicode'[0m
  ↳ bin/rails:9
  [1m[35m (20.6ms)[0m  [1m[35mCREATE TABLE "schema_migrations" ("version" character varying NOT NULL PRIMARY KEY)[0m
  ↳ bin/rails:9
  [1m[35m (5.7ms)[0m  [1m[35mCREATE TABLE "ar_internal_metadata" ("key" character varying NOT NULL PRIMARY KEY, "value" character varying, "created_at" timestamp NOT NULL, "updated_at" timestamp NOT NULL)[0m
  ↳ bin/rails:9
  [1m[35m (0.4ms)[0m  [1m[34mSELECT pg_try_advisory_lock(1072348575968649525)[0m
  ↳ bin/rails:9
  [1m[35m (0.8ms)[0m  [1m[34mSELECT "schema_migrations"."version" FROM "schema_migrations" ORDER BY "schema_migrations"."version" ASC[0m
  ↳ bin/rails:9
Migrating to Kopis (20190813092336)
  [1m[35m (0.2ms)[0m  [1m[35mBEGIN[0m
  ↳ bin/rails:9
  [1m[35m (10.2ms)[0m  [1m[35mCREATE TABLE "kopis" ("id" bigserial primary key, "name" character varying, "roast_id" bigint, "origin_id" bigint, "created_at" timestamp NOT NULL, "updated_at" timestamp NOT NULL)[0m
  ↳ db/migrate/20190813092336_kopis.rb:3
  [1m[35m (0.9ms)[0m  [1m[35mCREATE  INDEX  "index_kopis_on_roast_id" ON "kopis"  ("roast_id")[0m
  ↳ db/migrate/20190813092336_kopis.rb:3
  [1m[35m (0.9ms)[0m  [1m[35mCREATE  INDEX  "index_kopis_on_origin_id" ON "kopis"  ("origin_id")[0m
  ↳ db/migrate/20190813092336_kopis.rb:3
  [1m[36mActiveRecord::SchemaMigration Create (0.4ms)[0m  [1m[32mINSERT INTO "schema_migrations" ("version") VALUES ($1) RETURNING "version"[0m  [["version", "20190813092336"]]
  ↳ bin/rails:9
  [1m[35m (0.3ms)[0m  [1m[35mCOMMIT[0m
  ↳ bin/rails:9
Migrating to Origins (20190813092347)
  [1m[35m (0.2ms)[0m  [1m[35mBEGIN[0m
  ↳ bin/rails:9
  [1m[35m (7.1ms)[0m  [1m[35mCREATE TABLE "origins" ("id" bigserial primary key, "location" character varying, "phone" character varying)[0m
  ↳ db/migrate/20190813092347_origins.rb:3
  [1m[36mActiveRecord::SchemaMigration Create (0.3ms)[0m  [1m[32mINSERT INTO "schema_migrations" ("version") VALUES ($1) RETURNING "version"[0m  [["version", "20190813092347"]]
  ↳ bin/rails:9
  [1m[35m (0.3ms)[0m  [1m[35mCOMMIT[0m
  ↳ bin/rails:9
Migrating to Roasts (20190813094042)
  [1m[35m (0.2ms)[0m  [1m[35mBEGIN[0m
  ↳ bin/rails:9
  [1m[35m (6.0ms)[0m  [1m[35mCREATE TABLE "roasts" ("id" bigserial primary key, "name" character varying)[0m
  ↳ db/migrate/20190813094042_roasts.rb:3
  [1m[36mActiveRecord::SchemaMigration Create (0.5ms)[0m  [1m[32mINSERT INTO "schema_migrations" ("version") VALUES ($1) RETURNING "version"[0m  [["version", "20190813094042"]]
  ↳ bin/rails:9
  [1m[35m (0.4ms)[0m  [1m[35mCOMMIT[0m
  ↳ bin/rails:9
  [1m[36mActiveRecord::InternalMetadata Load (0.4ms)[0m  [1m[34mSELECT  "ar_internal_metadata".* FROM "ar_internal_metadata" WHERE "ar_internal_metadata"."key" = $1 LIMIT $2[0m  [["key", "environment"], ["LIMIT", 1]]
  ↳ bin/rails:9
  [1m[35m (0.1ms)[0m  [1m[35mBEGIN[0m
  ↳ bin/rails:9
  [1m[36mActiveRecord::InternalMetadata Create (0.4ms)[0m  [1m[32mINSERT INTO "ar_internal_metadata" ("key", "value", "created_at", "updated_at") VALUES ($1, $2, $3, $4) RETURNING "key"[0m  [["key", "environment"], ["value", "development"], ["created_at", "2019-08-13 09:53:33.991495"], ["updated_at", "2019-08-13 09:53:33.991495"]]
  ↳ bin/rails:9
  [1m[35m (0.2ms)[0m  [1m[35mCOMMIT[0m
  ↳ bin/rails:9
  [1m[35m (0.2ms)[0m  [1m[34mSELECT pg_advisory_unlock(1072348575968649525)[0m
  ↳ bin/rails:9
  [1m[35m (0.2ms)[0m  [1m[34mSELECT "schema_migrations"."version" FROM "schema_migrations" ORDER BY "schema_migrations"."version" ASC[0m
  ↳ bin/rails:9
Started GET "/" for ::1 at 2019-08-13 18:28:06 +0800
  [1m[35m (1.9ms)[0m  [1m[34mSELECT "schema_migrations"."version" FROM "schema_migrations" ORDER BY "schema_migrations"."version" ASC[0m
  ↳ /Users/admin/.rbenv/versions/2.6.3/lib/ruby/gems/2.6.0/gems/activerecord-5.2.3/lib/active_record/log_subscriber.rb:98
  
AbstractController::ActionNotFound (The action 'index' could not be found for OriginsController):
  
actionpack (5.2.3) lib/abstract_controller/base.rb:129:in `process'
actionview (5.2.3) lib/action_view/rendering.rb:32:in `process'
actionpack (5.2.3) lib/action_controller/metal.rb:191:in `dispatch'
actionpack (5.2.3) lib/action_controller/metal.rb:252:in `dispatch'
actionpack (5.2.3) lib/action_dispatch/routing/route_set.rb:52:in `dispatch'
actionpack (5.2.3) lib/action_dispatch/routing/route_set.rb:34:in `serve'
actionpack (5.2.3) lib/action_dispatch/journey/router.rb:52:in `block in serve'
actionpack (5.2.3) lib/action_dispatch/journey/router.rb:35:in `each'
actionpack (5.2.3) lib/action_dispatch/journey/router.rb:35:in `serve'
actionpack (5.2.3) lib/action_dispatch/routing/route_set.rb:840:in `call'
rack (2.0.7) lib/rack/tempfile_reaper.rb:15:in `call'
rack (2.0.7) lib/rack/etag.rb:25:in `call'
rack (2.0.7) lib/rack/conditional_get.rb:25:in `call'
rack (2.0.7) lib/rack/head.rb:12:in `call'
actionpack (5.2.3) lib/action_dispatch/http/content_security_policy.rb:18:in `call'
rack (2.0.7) lib/rack/session/abstract/id.rb:232:in `context'
rack (2.0.7) lib/rack/session/abstract/id.rb:226:in `call'
actionpack (5.2.3) lib/action_dispatch/middleware/cookies.rb:670:in `call'
activerecord (5.2.3) lib/active_record/migration.rb:559:in `call'
actionpack (5.2.3) lib/action_dispatch/middleware/callbacks.rb:28:in `block in call'
activesupport (5.2.3) lib/active_support/callbacks.rb:98:in `run_callbacks'
actionpack (5.2.3) lib/action_dispatch/middleware/callbacks.rb:26:in `call'
actionpack (5.2.3) lib/action_dispatch/middleware/executor.rb:14:in `call'
actionpack (5.2.3) lib/action_dispatch/middleware/debug_exceptions.rb:61:in `call'
web-console (3.7.0) lib/web_console/middleware.rb:135:in `call_app'
web-console (3.7.0) lib/web_console/middleware.rb:30:in `block in call'
web-console (3.7.0) lib/web_console/middleware.rb:20:in `catch'
web-console (3.7.0) lib/web_console/middleware.rb:20:in `call'
actionpack (5.2.3) lib/action_dispatch/middleware/show_exceptions.rb:33:in `call'
railties (5.2.3) lib/rails/rack/logger.rb:38:in `call_app'
railties (5.2.3) lib/rails/rack/logger.rb:26:in `block in call'
activesupport (5.2.3) lib/active_support/tagged_logging.rb:71:in `block in tagged'
activesupport (5.2.3) lib/active_support/tagged_logging.rb:28:in `tagged'
activesupport (5.2.3) lib/active_support/tagged_logging.rb:71:in `tagged'
railties (5.2.3) lib/rails/rack/logger.rb:26:in `call'
sprockets-rails (3.2.1) lib/sprockets/rails/quiet_assets.rb:13:in `call'
actionpack (5.2.3) lib/action_dispatch/middleware/remote_ip.rb:81:in `call'
actionpack (5.2.3) lib/action_dispatch/middleware/request_id.rb:27:in `call'
rack (2.0.7) lib/rack/method_override.rb:22:in `call'
rack (2.0.7) lib/rack/runtime.rb:22:in `call'
activesupport (5.2.3) lib/active_support/cache/strategy/local_cache_middleware.rb:29:in `call'
actionpack (5.2.3) lib/action_dispatch/middleware/executor.rb:14:in `call'
actionpack (5.2.3) lib/action_dispatch/middleware/static.rb:127:in `call'
rack (2.0.7) lib/rack/sendfile.rb:111:in `call'
railties (5.2.3) lib/rails/engine.rb:524:in `call'
puma (3.12.1) lib/puma/configuration.rb:227:in `call'
puma (3.12.1) lib/puma/server.rb:660:in `handle_request'
puma (3.12.1) lib/puma/server.rb:474:in `process_client'
puma (3.12.1) lib/puma/server.rb:334:in `block in run'
puma (3.12.1) lib/puma/thread_pool.rb:135:in `block in spawn_thread'
Started GET "/" for ::1 at 2019-08-13 18:28:26 +0800
  
AbstractController::ActionNotFound (The action 'index' could not be found for OriginsController):
  
actionpack (5.2.3) lib/abstract_controller/base.rb:129:in `process'
actionview (5.2.3) lib/action_view/rendering.rb:32:in `process'
actionpack (5.2.3) lib/action_controller/metal.rb:191:in `dispatch'
actionpack (5.2.3) lib/action_controller/metal.rb:252:in `dispatch'
actionpack (5.2.3) lib/action_dispatch/routing/route_set.rb:52:in `dispatch'
actionpack (5.2.3) lib/action_dispatch/routing/route_set.rb:34:in `serve'
actionpack (5.2.3) lib/action_dispatch/journey/router.rb:52:in `block in serve'
actionpack (5.2.3) lib/action_dispatch/journey/router.rb:35:in `each'
actionpack (5.2.3) lib/action_dispatch/journey/router.rb:35:in `serve'
actionpack (5.2.3) lib/action_dispatch/routing/route_set.rb:840:in `call'
rack (2.0.7) lib/rack/tempfile_reaper.rb:15:in `call'
rack (2.0.7) lib/rack/etag.rb:25:in `call'
rack (2.0.7) lib/rack/conditional_get.rb:25:in `call'
rack (2.0.7) lib/rack/head.rb:12:in `call'
actionpack (5.2.3) lib/action_dispatch/http/content_security_policy.rb:18:in `call'
rack (2.0.7) lib/rack/session/abstract/id.rb:232:in `context'
rack (2.0.7) lib/rack/session/abstract/id.rb:226:in `call'
actionpack (5.2.3) lib/action_dispatch/middleware/cookies.rb:670:in `call'
activerecord (5.2.3) lib/active_record/migration.rb:559:in `call'
actionpack (5.2.3) lib/action_dispatch/middleware/callbacks.rb:28:in `block in call'
activesupport (5.2.3) lib/active_support/callbacks.rb:98:in `run_callbacks'
actionpack (5.2.3) lib/action_dispatch/middleware/callbacks.rb:26:in `call'
actionpack (5.2.3) lib/action_dispatch/middleware/executor.rb:14:in `call'
actionpack (5.2.3) lib/action_dispatch/middleware/debug_exceptions.rb:61:in `call'
web-console (3.7.0) lib/web_console/middleware.rb:135:in `call_app'
web-console (3.7.0) lib/web_console/middleware.rb:30:in `block in call'
web-console (3.7.0) lib/web_console/middleware.rb:20:in `catch'
web-console (3.7.0) lib/web_console/middleware.rb:20:in `call'
actionpack (5.2.3) lib/action_dispatch/middleware/show_exceptions.rb:33:in `call'
railties (5.2.3) lib/rails/rack/logger.rb:38:in `call_app'
railties (5.2.3) lib/rails/rack/logger.rb:26:in `block in call'
activesupport (5.2.3) lib/active_support/tagged_logging.rb:71:in `block in tagged'
activesupport (5.2.3) lib/active_support/tagged_logging.rb:28:in `tagged'
activesupport (5.2.3) lib/active_support/tagged_logging.rb:71:in `tagged'
railties (5.2.3) lib/rails/rack/logger.rb:26:in `call'
sprockets-rails (3.2.1) lib/sprockets/rails/quiet_assets.rb:13:in `call'
actionpack (5.2.3) lib/action_dispatch/middleware/remote_ip.rb:81:in `call'
actionpack (5.2.3) lib/action_dispatch/middleware/request_id.rb:27:in `call'
rack (2.0.7) lib/rack/method_override.rb:22:in `call'
rack (2.0.7) lib/rack/runtime.rb:22:in `call'
activesupport (5.2.3) lib/active_support/cache/strategy/local_cache_middleware.rb:29:in `call'
actionpack (5.2.3) lib/action_dispatch/middleware/executor.rb:14:in `call'
actionpack (5.2.3) lib/action_dispatch/middleware/static.rb:127:in `call'
rack (2.0.7) lib/rack/sendfile.rb:111:in `call'
railties (5.2.3) lib/rails/engine.rb:524:in `call'
puma (3.12.1) lib/puma/configuration.rb:227:in `call'
puma (3.12.1) lib/puma/server.rb:660:in `handle_request'
puma (3.12.1) lib/puma/server.rb:474:in `process_client'
puma (3.12.1) lib/puma/server.rb:334:in `block in run'
puma (3.12.1) lib/puma/thread_pool.rb:135:in `block in spawn_thread'
Started GET "/" for ::1 at 2019-08-13 18:28:34 +0800
Processing by Rails::WelcomeController#index as HTML
  Rendering /Users/admin/.rbenv/versions/2.6.3/lib/ruby/gems/2.6.0/gems/railties-5.2.3/lib/rails/templates/rails/welcome/index.html.erb
  Rendered /Users/admin/.rbenv/versions/2.6.3/lib/ruby/gems/2.6.0/gems/railties-5.2.3/lib/rails/templates/rails/welcome/index.html.erb (2.7ms)
Completed 200 OK in 7ms (Views: 4.7ms | ActiveRecord: 0.0ms)


Started GET "/origins/new" for ::1 at 2019-08-13 18:37:43 +0800
Processing by OriginsController#new as HTML
  Rendering origins/new.html.erb within layouts/application
  Rendered origins/new.html.erb within layouts/application (23.9ms)
Completed 200 OK in 268ms (Views: 267.2ms | ActiveRecord: 0.0ms)


Started POST "/origins" for ::1 at 2019-08-13 18:37:56 +0800
Processing by OriginsController#create as HTML
  Parameters: {"utf8"=>"✓", "authenticity_token"=>"KGkQLKXRG6PcfR8ThmgioqXI1RH1Pnrx2ydnbLTHXaRPG4cJ/sqmTbJvBkuCkjVDvjSRgJT8eBKn2XxFMUBM1A==", "origin"=>{"location"=>"old town", "phone"=>"1111"}, "commit"=>"Save Origin"}
  [1m[35m (0.2ms)[0m  [1m[35mBEGIN[0m
  ↳ app/controllers/origins_controller.rb:11
  [1m[36mOrigin Create (1.5ms)[0m  [1m[32mINSERT INTO "origins" ("location", "phone") VALUES ($1, $2) RETURNING "id"[0m  [["location", "old town"], ["phone", "1111"]]
  ↳ app/controllers/origins_controller.rb:11
  [1m[35m (0.4ms)[0m  [1m[35mCOMMIT[0m
  ↳ app/controllers/origins_controller.rb:11
Redirected to http://localhost:3000/origins/1
Completed 302 Found in 23ms (ActiveRecord: 11.1ms)


Started GET "/origins/1" for ::1 at 2019-08-13 18:37:56 +0800
Processing by OriginsController#show as HTML
  Parameters: {"id"=>"1"}
  [1m[36mOrigin Load (0.3ms)[0m  [1m[34mSELECT  "origins".* FROM "origins" WHERE "origins"."id" = $1 LIMIT $2[0m  [["id", 1], ["LIMIT", 1]]
  ↳ app/controllers/origins_controller.rb:16
  Rendering origins/show.html.erb within layouts/application
  Rendered origins/show.html.erb within layouts/application (3.1ms)
Completed 500 Internal Server Error in 8ms (ActiveRecord: 0.4ms)


  
ActionView::Template::Error (undefined method `name' for #<Origin id: 1, location: "old town", phone: "1111">):
    1: <h1>Origin info </h1>
    2: 
    3: <%= @origin.name %>
    4: 
    5: <h3> Rangers who work at this origin:</h3>
    6: 
  
app/views/origins/show.html.erb:3:in `_app_views_origins_show_html_erb__3071926108546378650_70319947546720'
Started GET "/origins/1" for ::1 at 2019-08-13 18:39:49 +0800
Processing by OriginsController#show as HTML
  Parameters: {"id"=>"1"}
  [1m[36mOrigin Load (0.4ms)[0m  [1m[34mSELECT  "origins".* FROM "origins" WHERE "origins"."id" = $1 LIMIT $2[0m  [["id", 1], ["LIMIT", 1]]
  ↳ app/controllers/origins_controller.rb:16
  Rendering origins/show.html.erb within layouts/application
  Rendered origins/show.html.erb within layouts/application (3.5ms)
Completed 500 Internal Server Error in 7ms (ActiveRecord: 0.4ms)


  
ActionView::Template::Error (undefined method `name' for #<Origin id: 1, location: "old town", phone: "1111">):
    1: <h1>Origin info </h1>
    2: 
    3: <%= @origin.name %>
    4: 
    5: <h3> Kopi that came from this origin:</h3>
    6: 
  
app/views/origins/show.html.erb:3:in `_app_views_origins_show_html_erb__3071926108546378650_70319936727320'
Started GET "/origins/1" for ::1 at 2019-08-13 18:40:04 +0800
Processing by OriginsController#show as HTML
  Parameters: {"id"=>"1"}
  [1m[36mOrigin Load (0.3ms)[0m  [1m[34mSELECT  "origins".* FROM "origins" WHERE "origins"."id" = $1 LIMIT $2[0m  [["id", 1], ["LIMIT", 1]]
  ↳ app/controllers/origins_controller.rb:16
  Rendering origins/show.html.erb within layouts/application
  Rendered origins/show.html.erb within layouts/application (18.8ms)
Completed 500 Internal Server Error in 21ms (ActiveRecord: 0.3ms)


  
ActionView::Template::Error (undefined method `relation_delegate_class' for Kopi:Module):
     5: <h3> Kopi that came from this origin:</h3>
     6: 
     7: <ul>
     8: <% @origin.kopi.each do |kopi| %>
     9: <li>
    10: 	<%= kopi.name.capitalize %>
    11: </li>
  
app/views/origins/show.html.erb:8:in `_app_views_origins_show_html_erb__3071926108546378650_70319934855800'
Started GET "/origins/1" for ::1 at 2019-08-13 18:40:24 +0800
Processing by OriginsController#show as HTML
  Parameters: {"id"=>"1"}
  [1m[36mOrigin Load (0.3ms)[0m  [1m[34mSELECT  "origins".* FROM "origins" WHERE "origins"."id" = $1 LIMIT $2[0m  [["id", 1], ["LIMIT", 1]]
  ↳ app/controllers/origins_controller.rb:16
  Rendering origins/show.html.erb within layouts/application
  Rendered origins/show.html.erb within layouts/application (0.5ms)
Completed 200 OK in 11ms (Views: 8.9ms | ActiveRecord: 0.3ms)


Started GET "/origins/1" for ::1 at 2019-08-13 18:40:36 +0800
Processing by OriginsController#show as HTML
  Parameters: {"id"=>"1"}
  [1m[36mOrigin Load (0.5ms)[0m  [1m[34mSELECT  "origins".* FROM "origins" WHERE "origins"."id" = $1 LIMIT $2[0m  [["id", 1], ["LIMIT", 1]]
  ↳ app/controllers/origins_controller.rb:16
  Rendering origins/show.html.erb within layouts/application
  Rendered origins/show.html.erb within layouts/application (0.4ms)
Completed 200 OK in 10ms (Views: 8.4ms | ActiveRecord: 0.5ms)


Started GET "/origins/1/edit" for ::1 at 2019-08-13 18:40:53 +0800
  
ActionController::RoutingError (No route matches [GET] "/origins/1/edit"):
  
actionpack (5.2.3) lib/action_dispatch/middleware/debug_exceptions.rb:65:in `call'
web-console (3.7.0) lib/web_console/middleware.rb:135:in `call_app'
web-console (3.7.0) lib/web_console/middleware.rb:30:in `block in call'
web-console (3.7.0) lib/web_console/middleware.rb:20:in `catch'
web-console (3.7.0) lib/web_console/middleware.rb:20:in `call'
actionpack (5.2.3) lib/action_dispatch/middleware/show_exceptions.rb:33:in `call'
railties (5.2.3) lib/rails/rack/logger.rb:38:in `call_app'
railties (5.2.3) lib/rails/rack/logger.rb:26:in `block in call'
activesupport (5.2.3) lib/active_support/tagged_logging.rb:71:in `block in tagged'
activesupport (5.2.3) lib/active_support/tagged_logging.rb:28:in `tagged'
activesupport (5.2.3) lib/active_support/tagged_logging.rb:71:in `tagged'
railties (5.2.3) lib/rails/rack/logger.rb:26:in `call'
sprockets-rails (3.2.1) lib/sprockets/rails/quiet_assets.rb:13:in `call'
actionpack (5.2.3) lib/action_dispatch/middleware/remote_ip.rb:81:in `call'
actionpack (5.2.3) lib/action_dispatch/middleware/request_id.rb:27:in `call'
rack (2.0.7) lib/rack/method_override.rb:22:in `call'
rack (2.0.7) lib/rack/runtime.rb:22:in `call'
activesupport (5.2.3) lib/active_support/cache/strategy/local_cache_middleware.rb:29:in `call'
actionpack (5.2.3) lib/action_dispatch/middleware/executor.rb:14:in `call'
actionpack (5.2.3) lib/action_dispatch/middleware/static.rb:127:in `call'
rack (2.0.7) lib/rack/sendfile.rb:111:in `call'
railties (5.2.3) lib/rails/engine.rb:524:in `call'
puma (3.12.1) lib/puma/configuration.rb:227:in `call'
puma (3.12.1) lib/puma/server.rb:660:in `handle_request'
puma (3.12.1) lib/puma/server.rb:474:in `process_client'
puma (3.12.1) lib/puma/server.rb:334:in `block in run'
puma (3.12.1) lib/puma/thread_pool.rb:135:in `block in spawn_thread'
Started GET "/origins/1/edit" for ::1 at 2019-08-13 19:13:14 +0800
  
ActionController::RoutingError (No route matches [GET] "/origins/1/edit"):
  
actionpack (5.2.3) lib/action_dispatch/middleware/debug_exceptions.rb:65:in `call'
web-console (3.7.0) lib/web_console/middleware.rb:135:in `call_app'
web-console (3.7.0) lib/web_console/middleware.rb:30:in `block in call'
web-console (3.7.0) lib/web_console/middleware.rb:20:in `catch'
web-console (3.7.0) lib/web_console/middleware.rb:20:in `call'
actionpack (5.2.3) lib/action_dispatch/middleware/show_exceptions.rb:33:in `call'
railties (5.2.3) lib/rails/rack/logger.rb:38:in `call_app'
railties (5.2.3) lib/rails/rack/logger.rb:26:in `block in call'
activesupport (5.2.3) lib/active_support/tagged_logging.rb:71:in `block in tagged'
activesupport (5.2.3) lib/active_support/tagged_logging.rb:28:in `tagged'
activesupport (5.2.3) lib/active_support/tagged_logging.rb:71:in `tagged'
railties (5.2.3) lib/rails/rack/logger.rb:26:in `call'
sprockets-rails (3.2.1) lib/sprockets/rails/quiet_assets.rb:13:in `call'
actionpack (5.2.3) lib/action_dispatch/middleware/remote_ip.rb:81:in `call'
actionpack (5.2.3) lib/action_dispatch/middleware/request_id.rb:27:in `call'
rack (2.0.7) lib/rack/method_override.rb:22:in `call'
rack (2.0.7) lib/rack/runtime.rb:22:in `call'
activesupport (5.2.3) lib/active_support/cache/strategy/local_cache_middleware.rb:29:in `call'
actionpack (5.2.3) lib/action_dispatch/middleware/executor.rb:14:in `call'
actionpack (5.2.3) lib/action_dispatch/middleware/static.rb:127:in `call'
rack (2.0.7) lib/rack/sendfile.rb:111:in `call'
railties (5.2.3) lib/rails/engine.rb:524:in `call'
puma (3.12.1) lib/puma/configuration.rb:227:in `call'
puma (3.12.1) lib/puma/server.rb:660:in `handle_request'
puma (3.12.1) lib/puma/server.rb:474:in `process_client'
puma (3.12.1) lib/puma/server.rb:334:in `block in run'
puma (3.12.1) lib/puma/thread_pool.rb:135:in `block in spawn_thread'
Started GET "/origins/1/edit" for ::1 at 2019-08-13 19:14:01 +0800
  
SyntaxError (/Users/admin/Desktop/week8/kopi-tracker/kopi-tracker/config/routes.rb:5: syntax error, unexpected ':', expecting end
  resources: origins
           ^
/Users/admin/Desktop/week8/kopi-tracker/kopi-tracker/config/routes.rb:20: syntax error, unexpected end, expecting end-of-input):
  
config/routes.rb:5: syntax error, unexpected ':', expecting end
config/routes.rb:20: syntax error, unexpected end, expecting end-of-input
Started GET "/origins/1/edit" for ::1 at 2019-08-13 19:14:32 +0800
  
SyntaxError (/Users/admin/Desktop/week8/kopi-tracker/kopi-tracker/config/routes.rb:5: syntax error, unexpected ':', expecting end
  resources: origin
           ^
/Users/admin/Desktop/week8/kopi-tracker/kopi-tracker/config/routes.rb:20: syntax error, unexpected end, expecting end-of-input):
  
config/routes.rb:5: syntax error, unexpected ':', expecting end
config/routes.rb:20: syntax error, unexpected end, expecting end-of-input
Started GET "/origins/1/edit" for ::1 at 2019-08-13 19:14:38 +0800
  
SyntaxError (/Users/admin/Desktop/week8/kopi-tracker/kopi-tracker/config/routes.rb:5: syntax error, unexpected ':', expecting end
  resources: origins
           ^
/Users/admin/Desktop/week8/kopi-tracker/kopi-tracker/config/routes.rb:20: syntax error, unexpected end, expecting end-of-input):
  
config/routes.rb:5: syntax error, unexpected ':', expecting end
config/routes.rb:20: syntax error, unexpected end, expecting end-of-input
Started GET "/origins/1/edit" for ::1 at 2019-08-13 19:16:03 +0800
Processing by OriginsController#edit as HTML
  Parameters: {"id"=>"1"}
  Rendering origins/edit.html.erb within layouts/application
  Rendered origins/edit.html.erb within layouts/application (1.8ms)
Completed 200 OK in 24ms (Views: 23.0ms | ActiveRecord: 0.0ms)


Started GET "/origins/1/edit" for ::1 at 2019-08-13 19:17:20 +0800
Processing by OriginsController#edit as HTML
  Parameters: {"id"=>"1"}
Completed 500 Internal Server Error in 2ms (ActiveRecord: 0.0ms)


  
NameError (uninitialized constant OriginsController::Article):
  
app/controllers/origins_controller.rb:20:in `edit'
Started GET "/origins/1/edit" for ::1 at 2019-08-13 19:17:37 +0800
Processing by OriginsController#edit as HTML
  Parameters: {"id"=>"1"}
  [1m[36mOrigin Load (0.4ms)[0m  [1m[34mSELECT  "origins".* FROM "origins" WHERE "origins"."id" = $1 LIMIT $2[0m  [["id", 1], ["LIMIT", 1]]
  ↳ app/controllers/origins_controller.rb:20
  Rendering origins/edit.html.erb within layouts/application
  Rendered origins/edit.html.erb within layouts/application (139.7ms)
Completed 500 Internal Server Error in 156ms (ActiveRecord: 9.0ms)


  
ActionView::Template::Error (undefined local variable or method `delete_origin_path' for #<#<Class:0x00007fe94c259558>:0x00007fe94c263c60>
Did you mean?  new_origin_path
               edit_origin_path):
    18: 
    19: <% end %>
    20: 
    21: <p><%= link_to 'Destroy', delete_origin_path,
    22:         method: :delete,
    23:         data: { confirm: 'Are you sure?' } %></p>
    24: 
  
app/views/origins/edit.html.erb:21:in `_app_views_origins_edit_html_erb___3378421464087588495_70319990820440'
Started GET "/origins/1/edit" for ::1 at 2019-08-13 19:18:04 +0800
Processing by OriginsController#edit as HTML
  Parameters: {"id"=>"1"}
  [1m[36mOrigin Load (0.4ms)[0m  [1m[34mSELECT  "origins".* FROM "origins" WHERE "origins"."id" = $1 LIMIT $2[0m  [["id", 1], ["LIMIT", 1]]
  ↳ app/controllers/origins_controller.rb:20
  Rendering origins/edit.html.erb within layouts/application
  Rendered origins/edit.html.erb within layouts/application (2.8ms)
Completed 200 OK in 42ms (Views: 23.7ms | ActiveRecord: 6.7ms)


Started PATCH "/origins/1" for ::1 at 2019-08-13 19:18:10 +0800
Processing by OriginsController#update as HTML
  Parameters: {"utf8"=>"✓", "authenticity_token"=>"jkcc17H+uXahNOgqgC/srWNzavq0H5BS2yJZxczH1B7pNYvy6uUEmM8m8XKE1ftMeI8ua9XdkrGn3ELsSUDFbg==", "origin"=>{"location"=>"old town", "phone"=>"11111"}, "commit"=>"Update Origin", "id"=>"1"}
  [1m[36mOrigin Load (0.4ms)[0m  [1m[34mSELECT  "origins".* FROM "origins" WHERE "origins"."id" = $1 LIMIT $2[0m  [["id", 1], ["LIMIT", 1]]
  ↳ app/controllers/origins_controller.rb:24
  [1m[35m (0.1ms)[0m  [1m[35mBEGIN[0m
  ↳ app/controllers/origins_controller.rb:26
  [1m[36mOrigin Update (0.4ms)[0m  [1m[33mUPDATE "origins" SET "phone" = $1 WHERE "origins"."id" = $2[0m  [["phone", "11111"], ["id", 1]]
  ↳ app/controllers/origins_controller.rb:26
  [1m[35m (0.3ms)[0m  [1m[35mCOMMIT[0m
  ↳ app/controllers/origins_controller.rb:26
Redirected to http://localhost:3000/origins/1
Completed 302 Found in 5ms (ActiveRecord: 1.3ms)


Started GET "/origins/1" for ::1 at 2019-08-13 19:18:10 +0800
Processing by OriginsController#show as HTML
  Parameters: {"id"=>"1"}
  [1m[36mOrigin Load (0.7ms)[0m  [1m[34mSELECT  "origins".* FROM "origins" WHERE "origins"."id" = $1 LIMIT $2[0m  [["id", 1], ["LIMIT", 1]]
  ↳ app/controllers/origins_controller.rb:16
  Rendering origins/show.html.erb within layouts/application
  Rendered origins/show.html.erb within layouts/application (0.7ms)
Completed 200 OK in 16ms (Views: 12.7ms | ActiveRecord: 0.7ms)


Started GET "/origins/1/edit" for ::1 at 2019-08-13 19:18:16 +0800
Processing by OriginsController#edit as HTML
  Parameters: {"id"=>"1"}
  [1m[36mOrigin Load (0.7ms)[0m  [1m[34mSELECT  "origins".* FROM "origins" WHERE "origins"."id" = $1 LIMIT $2[0m  [["id", 1], ["LIMIT", 1]]
  ↳ app/controllers/origins_controller.rb:20
  Rendering origins/edit.html.erb within layouts/application
  Rendered origins/edit.html.erb within layouts/application (2.7ms)
Completed 200 OK in 47ms (Views: 44.4ms | ActiveRecord: 0.7ms)


Started GET "/origins/new" for ::1 at 2019-08-13 19:19:11 +0800
Processing by OriginsController#new as HTML
  Rendering origins/new.html.erb within layouts/application
  Rendered origins/new.html.erb within layouts/application (1.6ms)
Completed 200 OK in 11ms (Views: 10.3ms | ActiveRecord: 0.0ms)


Started POST "/origins" for ::1 at 2019-08-13 19:19:21 +0800
Processing by OriginsController#create as HTML
  Parameters: {"utf8"=>"✓", "authenticity_token"=>"PMgCLTn0BvEMiO3rtWQc+dXXggl7mdHGAX6wLPqeFcJbupUIYu+7H2Ka9LOxngsYzivGmBpb0yV9gKsFfxkEsg==", "origin"=>{"location"=>"yakun", "phone"=>"22222"}, "commit"=>"Save Origin"}
  [1m[35m (0.2ms)[0m  [1m[35mBEGIN[0m
  ↳ app/controllers/origins_controller.rb:11
  [1m[36mOrigin Create (0.5ms)[0m  [1m[32mINSERT INTO "origins" ("location", "phone") VALUES ($1, $2) RETURNING "id"[0m  [["location", "yakun"], ["phone", "22222"]]
  ↳ app/controllers/origins_controller.rb:11
  [1m[35m (0.5ms)[0m  [1m[35mCOMMIT[0m
  ↳ app/controllers/origins_controller.rb:11
Redirected to http://localhost:3000/origins/2
Completed 302 Found in 3ms (ActiveRecord: 1.1ms)


Started GET "/origins/2" for ::1 at 2019-08-13 19:19:21 +0800
Processing by OriginsController#show as HTML
  Parameters: {"id"=>"2"}
  [1m[36mOrigin Load (0.4ms)[0m  [1m[34mSELECT  "origins".* FROM "origins" WHERE "origins"."id" = $1 LIMIT $2[0m  [["id", 2], ["LIMIT", 1]]
  ↳ app/controllers/origins_controller.rb:16
  Rendering origins/show.html.erb within layouts/application
  Rendered origins/show.html.erb within layouts/application (0.4ms)
Completed 200 OK in 13ms (Views: 11.2ms | ActiveRecord: 0.4ms)


Started GET "/origins/new" for ::1 at 2019-08-13 19:19:26 +0800
Processing by OriginsController#new as HTML
  Rendering origins/new.html.erb within layouts/application
  Rendered origins/new.html.erb within layouts/application (1.5ms)
Completed 200 OK in 11ms (Views: 9.9ms | ActiveRecord: 0.0ms)


Started POST "/origins" for ::1 at 2019-08-13 19:19:46 +0800
Processing by OriginsController#create as HTML
  Parameters: {"utf8"=>"✓", "authenticity_token"=>"Ej3/ni0gjWgjYA6SSslKyy1IH65UC9hoE4Nz91MC/ZR1T2i7djswhk1yF8pOM10qNrRbPzXJ2otvfWje1oXs5A==", "origin"=>{"location"=>"ashraf halal corner", "phone"=>"33333"}, "commit"=>"Save Origin"}
  [1m[35m (0.2ms)[0m  [1m[35mBEGIN[0m
  ↳ app/controllers/origins_controller.rb:11
  [1m[36mOrigin Create (0.4ms)[0m  [1m[32mINSERT INTO "origins" ("location", "phone") VALUES ($1, $2) RETURNING "id"[0m  [["location", "ashraf halal corner"], ["phone", "33333"]]
  ↳ app/controllers/origins_controller.rb:11
  [1m[35m (0.4ms)[0m  [1m[35mCOMMIT[0m
  ↳ app/controllers/origins_controller.rb:11
Redirected to http://localhost:3000/origins/3
Completed 302 Found in 3ms (ActiveRecord: 1.0ms)


Started GET "/origins/3" for ::1 at 2019-08-13 19:19:46 +0800
Processing by OriginsController#show as HTML
  Parameters: {"id"=>"3"}
  [1m[36mOrigin Load (0.3ms)[0m  [1m[34mSELECT  "origins".* FROM "origins" WHERE "origins"."id" = $1 LIMIT $2[0m  [["id", 3], ["LIMIT", 1]]
  ↳ app/controllers/origins_controller.rb:16
  Rendering origins/show.html.erb within layouts/application
  Rendered origins/show.html.erb within layouts/application (0.4ms)
Completed 200 OK in 13ms (Views: 10.4ms | ActiveRecord: 0.3ms)


Started GET "/origins/new" for ::1 at 2019-08-13 19:20:09 +0800
Processing by OriginsController#new as HTML
  Rendering origins/new.html.erb within layouts/application
  Rendered origins/new.html.erb within layouts/application (1.5ms)
Completed 200 OK in 12ms (Views: 11.6ms | ActiveRecord: 0.0ms)


Started GET "/kopis/new" for ::1 at 2019-08-13 19:20:36 +0800
Processing by KopisController#new as HTML
  Rendering kopis/new.html.erb within layouts/application
  [1m[36mOrigin Load (0.5ms)[0m  [1m[34mSELECT "origins".* FROM "origins"[0m
  ↳ app/views/kopis/new.html.erb:5
  Rendered kopis/new.html.erb within layouts/application (7.4ms)
Completed 500 Internal Server Error in 9ms (ActiveRecord: 0.5ms)


  
ActionView::Template::Error (undefined method `name' for #<Origin id: 1, location: "old town", phone: "11111">):
    2: 
    3: <%= form_with scope: :kopi, url: kopis_path, local: true do |form| %>
    4: 
    5:   <%= form.collection_select :origin_id, @origins, :id, :name %>
    6: 
    7:   <p>
    8: 	<%= form.label :'Kopi name' %><br>
  
app/views/kopis/new.html.erb:5:in `block in _app_views_kopis_new_html_erb__1569253979847496253_70320004155360'
app/views/kopis/new.html.erb:3:in `_app_views_kopis_new_html_erb__1569253979847496253_70320004155360'
Started GET "/kopis/new" for ::1 at 2019-08-13 19:21:09 +0800
Processing by KopisController#new as HTML
  Rendering kopis/new.html.erb within layouts/application
  [1m[36mOrigin Load (0.3ms)[0m  [1m[34mSELECT "origins".* FROM "origins"[0m
  ↳ app/views/kopis/new.html.erb:5
  Rendered kopis/new.html.erb within layouts/application (3.4ms)
Completed 200 OK in 13ms (Views: 12.0ms | ActiveRecord: 0.3ms)


Started POST "/kopis" for ::1 at 2019-08-13 19:21:19 +0800
Processing by KopisController#create as HTML
  Parameters: {"utf8"=>"✓", "authenticity_token"=>"rDtPyeLD3rPlKkquxjEDTxgJrZlPkVQ6LNl4TBiDF8vLSdjsudhjXYs4U/bCyxSuA/XpCC5TVtlQJ2NlnQQGuw==", "kopi"=>{"origin_id"=>"1", "name"=>"white coffee"}, "commit"=>"Save Kopi"}
Completed 500 Internal Server Error in 3ms (ActiveRecord: 0.0ms)


  
NoMethodError (undefined method `new' for Kopi:Module):
  
app/controllers/kopis_controller.rb:26:in `create'
  [1m[35m (1.8ms)[0m  [1m[34mSELECT "schema_migrations"."version" FROM "schema_migrations" ORDER BY "schema_migrations"."version" ASC[0m
  ↳ bin/rails:9
  [1m[35m (0.1ms)[0m  [1m[35mBEGIN[0m
  ↳ db/seeds.rb:9
  [1m[36mRoast Create (1.4ms)[0m  [1m[32mINSERT INTO "roasts" ("name") VALUES ($1) RETURNING "id"[0m  [["name", "Cinnamon"]]
  ↳ db/seeds.rb:9
  [1m[35m (0.4ms)[0m  [1m[35mCOMMIT[0m
  ↳ db/seeds.rb:9
  [1m[35m (0.1ms)[0m  [1m[35mBEGIN[0m
  ↳ db/seeds.rb:13
  [1m[36mRoast Create (0.3ms)[0m  [1m[32mINSERT INTO "roasts" ("name") VALUES ($1) RETURNING "id"[0m  [["name", "Light"]]
  ↳ db/seeds.rb:13
  [1m[35m (0.3ms)[0m  [1m[35mCOMMIT[0m
  ↳ db/seeds.rb:13
  [1m[35m (0.1ms)[0m  [1m[35mBEGIN[0m
  ↳ db/seeds.rb:17
  [1m[36mRoast Create (0.2ms)[0m  [1m[32mINSERT INTO "roasts" ("name") VALUES ($1) RETURNING "id"[0m  [["name", "City/Medium"]]
  ↳ db/seeds.rb:17
  [1m[35m (0.3ms)[0m  [1m[35mCOMMIT[0m
  ↳ db/seeds.rb:17
  [1m[35m (0.1ms)[0m  [1m[35mBEGIN[0m
  ↳ db/seeds.rb:21
  [1m[36mRoast Create (0.2ms)[0m  [1m[32mINSERT INTO "roasts" ("name") VALUES ($1) RETURNING "id"[0m  [["name", "Full City"]]
  ↳ db/seeds.rb:21
  [1m[35m (0.3ms)[0m  [1m[35mCOMMIT[0m
  ↳ db/seeds.rb:21
  [1m[35m (0.1ms)[0m  [1m[35mBEGIN[0m
  ↳ db/seeds.rb:25
  [1m[36mRoast Create (0.2ms)[0m  [1m[32mINSERT INTO "roasts" ("name") VALUES ($1) RETURNING "id"[0m  [["name", "Dark"]]
  ↳ db/seeds.rb:25
  [1m[35m (0.3ms)[0m  [1m[35mCOMMIT[0m
  ↳ db/seeds.rb:25
  [1m[35m (0.1ms)[0m  [1m[35mBEGIN[0m
  ↳ db/seeds.rb:29
  [1m[36mRoast Create (0.3ms)[0m  [1m[32mINSERT INTO "roasts" ("name") VALUES ($1) RETURNING "id"[0m  [["name", "French"]]
  ↳ db/seeds.rb:29
  [1m[35m (0.3ms)[0m  [1m[35mCOMMIT[0m
  ↳ db/seeds.rb:29
  [1m[35m (0.1ms)[0m  [1m[35mBEGIN[0m
  ↳ db/seeds.rb:33
  [1m[36mRoast Create (0.2ms)[0m  [1m[32mINSERT INTO "roasts" ("name") VALUES ($1) RETURNING "id"[0m  [["name", "Italian"]]
  ↳ db/seeds.rb:33
  [1m[35m (0.3ms)[0m  [1m[35mCOMMIT[0m
  ↳ db/seeds.rb:33
Started GET "/kopis/new" for ::1 at 2019-08-13 19:30:40 +0800
  [1m[35m (0.6ms)[0m  [1m[34mSELECT "schema_migrations"."version" FROM "schema_migrations" ORDER BY "schema_migrations"."version" ASC[0m
  ↳ /Users/admin/.rbenv/versions/2.6.3/lib/ruby/gems/2.6.0/gems/activerecord-5.2.3/lib/active_record/log_subscriber.rb:98
Processing by KopisController#new as HTML
  Rendering kopis/new.html.erb within layouts/application
  [1m[36mOrigin Load (0.7ms)[0m  [1m[34mSELECT "origins".* FROM "origins"[0m
  ↳ app/views/kopis/new.html.erb:5
  [1m[36mRoast Load (1.0ms)[0m  [1m[34mSELECT "roasts".* FROM "roasts"[0m
  ↳ app/views/kopis/new.html.erb:6
  Rendered kopis/new.html.erb within layouts/application (37.8ms)
Completed 200 OK in 222ms (Views: 206.7ms | ActiveRecord: 11.4ms)


Started POST "/kopis" for ::1 at 2019-08-13 19:30:54 +0800
Processing by KopisController#create as HTML
  Parameters: {"utf8"=>"✓", "authenticity_token"=>"Hh9BbWdbfOmwEdB/Di66yw5Z1GBwI6iHivQleDcnDUt5bdZIPEDBB94DyScK1K0qFaWQ8RHhqmT2Cj5RsqAcOw==", "kopi"=>{"origin_id"=>"1", "roast_id"=>"2", "name"=>"white coffee"}, "commit"=>"Save Kopi"}
Unpermitted parameter: :roast_id
Completed 500 Internal Server Error in 2ms (ActiveRecord: 0.0ms)


  
NoMethodError (undefined method `new' for Kopi:Module):
  
app/controllers/kopis_controller.rb:27:in `create'
Started POST "/kopis" for ::1 at 2019-08-13 19:31:48 +0800
Processing by KopisController#create as HTML
  Parameters: {"utf8"=>"✓", "authenticity_token"=>"Hh9BbWdbfOmwEdB/Di66yw5Z1GBwI6iHivQleDcnDUt5bdZIPEDBB94DyScK1K0qFaWQ8RHhqmT2Cj5RsqAcOw==", "kopi"=>{"origin_id"=>"1", "roast_id"=>"2", "name"=>"white coffee"}, "commit"=>"Save Kopi"}
Completed 500 Internal Server Error in 1ms (ActiveRecord: 0.0ms)


  
NoMethodError (undefined method `new' for Kopi:Module):
  
app/controllers/kopis_controller.rb:27:in `create'
Started POST "/kopis" for ::1 at 2019-08-13 19:32:13 +0800
Processing by KopisController#create as HTML
  Parameters: {"utf8"=>"✓", "authenticity_token"=>"Hh9BbWdbfOmwEdB/Di66yw5Z1GBwI6iHivQleDcnDUt5bdZIPEDBB94DyScK1K0qFaWQ8RHhqmT2Cj5RsqAcOw==", "kopi"=>{"origin_id"=>"1", "roast_id"=>"2", "name"=>"white coffee"}, "commit"=>"Save Kopi"}
Completed 500 Internal Server Error in 1ms (ActiveRecord: 0.0ms)


  
NoMethodError (undefined method `new' for Kopi:Module):
  
app/controllers/kopis_controller.rb:24:in `create'
Started POST "/kopis" for ::1 at 2019-08-13 19:35:50 +0800
Processing by KopisController#create as HTML
  Parameters: {"utf8"=>"✓", "authenticity_token"=>"Hh9BbWdbfOmwEdB/Di66yw5Z1GBwI6iHivQleDcnDUt5bdZIPEDBB94DyScK1K0qFaWQ8RHhqmT2Cj5RsqAcOw==", "kopi"=>{"origin_id"=>"1", "roast_id"=>"2", "name"=>"white coffee"}, "commit"=>"Save Kopi"}
Completed 500 Internal Server Error in 1ms (ActiveRecord: 0.0ms)


  
NoMethodError (undefined method `new' for Kopi:Module):
  
app/controllers/kopis_controller.rb:24:in `create'
Started POST "/kopis" for ::1 at 2019-08-13 19:38:32 +0800
Processing by KopisController#create as HTML
  Parameters: {"utf8"=>"✓", "authenticity_token"=>"Hh9BbWdbfOmwEdB/Di66yw5Z1GBwI6iHivQleDcnDUt5bdZIPEDBB94DyScK1K0qFaWQ8RHhqmT2Cj5RsqAcOw==", "kopi"=>{"origin_id"=>"1", "roast_id"=>"2", "name"=>"white coffee"}, "commit"=>"Save Kopi"}
Completed 500 Internal Server Error in 2ms (ActiveRecord: 0.0ms)


  
NoMethodError (undefined method `new' for Kopi:Module):
  
app/controllers/kopis_controller.rb:27:in `create'
Started GET "/kopis/new" for ::1 at 2019-08-13 21:41:47 +0800
Processing by KopisController#new as HTML
  Rendering kopis/new.html.erb within layouts/application
  [1m[36mRoast Load (0.7ms)[0m  [1m[34mSELECT "roasts".* FROM "roasts"[0m
  ↳ app/views/kopis/new.html.erb:5
  [1m[36mOrigin Load (0.5ms)[0m  [1m[34mSELECT "origins".* FROM "origins"[0m
  ↳ app/views/kopis/new.html.erb:6
  Rendered kopis/new.html.erb within layouts/application (20.1ms)
Completed 200 OK in 55ms (Views: 31.0ms | ActiveRecord: 13.2ms)


Started POST "/kopis" for ::1 at 2019-08-13 21:42:33 +0800
Processing by KopisController#create as HTML
  Parameters: {"utf8"=>"✓", "authenticity_token"=>"RccGr04+nmZTY9bUb59HE9ZaldPGPaVuXh/aRF7/UooitZGKFSUjiD1xz4xrZVDyzabRQqf/p40i4cFt23hD+g==", "kopi"=>{"roast_id"=>"2", "origin_id"=>"1", "name"=>"white coffee"}, "commit"=>"Save Kopi"}
Completed 500 Internal Server Error in 2ms (ActiveRecord: 0.0ms)


  
NoMethodError (undefined method `new' for Kopi:Module):
  
app/controllers/kopis_controller.rb:27:in `create'
Started GET "/kopis/new" for ::1 at 2019-08-13 21:46:07 +0800
Processing by KopisController#new as HTML
  Rendering kopis/new.html.erb within layouts/application
  [1m[36mRoast Load (0.3ms)[0m  [1m[34mSELECT "roasts".* FROM "roasts"[0m
  ↳ app/views/kopis/new.html.erb:5
  [1m[36mOrigin Load (0.2ms)[0m  [1m[34mSELECT "origins".* FROM "origins"[0m
  ↳ app/views/kopis/new.html.erb:6
  Rendered kopis/new.html.erb within layouts/application (14.0ms)
Completed 200 OK in 23ms (Views: 12.1ms | ActiveRecord: 8.4ms)


Started GET "/kopis/new" for ::1 at 2019-08-13 21:46:09 +0800
Processing by KopisController#new as HTML
  Rendering kopis/new.html.erb within layouts/application
  [1m[36mRoast Load (0.8ms)[0m  [1m[34mSELECT "roasts".* FROM "roasts"[0m
  ↳ app/views/kopis/new.html.erb:5
  [1m[36mOrigin Load (0.5ms)[0m  [1m[34mSELECT "origins".* FROM "origins"[0m
  ↳ app/views/kopis/new.html.erb:6
  Rendered kopis/new.html.erb within layouts/application (4.0ms)
Completed 200 OK in 14ms (Views: 11.2ms | ActiveRecord: 1.3ms)


Started GET "/kopis/new" for ::1 at 2019-08-13 21:47:30 +0800
Processing by KopisController#new as HTML
  Rendering kopis/new.html.erb within layouts/application
  [1m[36mRoast Load (1.2ms)[0m  [1m[34mSELECT "roasts".* FROM "roasts"[0m
  ↳ app/views/kopis/new.html.erb:5
  [1m[36mOrigin Load (0.5ms)[0m  [1m[34mSELECT "origins".* FROM "origins"[0m
  ↳ app/views/kopis/new.html.erb:6
  Rendered kopis/new.html.erb within layouts/application (21.3ms)
Completed 200 OK in 37ms (Views: 18.1ms | ActiveRecord: 14.5ms)


Started POST "/kopis" for ::1 at 2019-08-13 21:47:38 +0800
Processing by KopisController#create as HTML
  Parameters: {"utf8"=>"✓", "authenticity_token"=>"Q2+WJdxUHCexaL9C7nmubCWERVp2RUhTn2unS466sQokHQEAh0+hyd96phrqg7mNPngByxeHSrDjlbxiCz2geg==", "kopi"=>{"roast_id"=>"2", "origin_id"=>"1", "name"=>"white coffee"}, "commit"=>"Save Kopi"}
Completed 500 Internal Server Error in 1ms (ActiveRecord: 0.0ms)


  
NoMethodError (undefined method `new' for Kopi:Module):
  
app/controllers/kopis_controller.rb:22:in `create'
Started GET "/kopis/new" for ::1 at 2019-08-13 21:51:52 +0800
Processing by KopisController#new as HTML
  Rendering kopis/new.html.erb within layouts/application
  [1m[36mRoast Load (0.3ms)[0m  [1m[34mSELECT "roasts".* FROM "roasts"[0m
  ↳ app/views/kopis/new.html.erb:5
  [1m[36mOrigin Load (0.3ms)[0m  [1m[34mSELECT "origins".* FROM "origins"[0m
  ↳ app/views/kopis/new.html.erb:6
  Rendered kopis/new.html.erb within layouts/application (6.5ms)
Completed 200 OK in 23ms (Views: 16.9ms | ActiveRecord: 0.6ms)


Started POST "/kopis" for ::1 at 2019-08-13 21:52:02 +0800
Processing by KopisController#create as HTML
  Parameters: {"utf8"=>"✓", "authenticity_token"=>"Q2+WJdxUHCexaL9C7nmubCWERVp2RUhTn2unS466sQokHQEAh0+hyd96phrqg7mNPngByxeHSrDjlbxiCz2geg==", "kopi"=>{"roast_id"=>"2", "origin_id"=>"1", "name"=>"white coffee"}, "commit"=>"Save Kopi"}
Completed 500 Internal Server Error in 2ms (ActiveRecord: 0.0ms)


  
NoMethodError (undefined method `new' for Kopi:Module):
  
app/controllers/kopis_controller.rb:22:in `create'
Started GET "/kopis/new" for ::1 at 2019-08-13 21:57:04 +0800
  
TypeError (Kopi is not a class):
  
app/models/kopi.rb:1:in `<main>'
app/controllers/kopis_controller.rb:1:in `<main>'
Started POST "/kopis" for ::1 at 2019-08-13 21:57:05 +0800
  
TypeError (Kopi is not a class):
  
app/models/kopi.rb:1:in `<main>'
app/controllers/kopis_controller.rb:1:in `<main>'
Started GET "/kopis/new" for ::1 at 2019-08-13 21:57:07 +0800
  
TypeError (Kopi is not a class):
  
app/models/kopi.rb:1:in `<main>'
app/controllers/kopis_controller.rb:1:in `<main>'
Started GET "/kopis/new" for ::1 at 2019-08-13 21:57:22 +0800
  
TypeError (Kopi is not a class):
  
app/models/kopi.rb:1:in `<main>'
app/controllers/kopis_controller.rb:3:in `<class:KopisController>'
app/controllers/kopis_controller.rb:2:in `<main>'
Started GET "/kopis/new" for ::1 at 2019-08-13 21:57:30 +0800
Processing by KopisController#new as HTML
  Rendering kopis/new.html.erb within layouts/application
  [1m[36mRoast Load (0.3ms)[0m  [1m[34mSELECT "roasts".* FROM "roasts"[0m
  ↳ app/views/kopis/new.html.erb:5
  [1m[36mOrigin Load (0.3ms)[0m  [1m[34mSELECT "origins".* FROM "origins"[0m
  ↳ app/views/kopis/new.html.erb:6
  Rendered kopis/new.html.erb within layouts/application (19.0ms)
Completed 200 OK in 44ms (Views: 26.7ms | ActiveRecord: 11.2ms)


Started GET "/kopis/new" for ::1 at 2019-08-13 22:00:02 +0800
  
LoadError (cannot load such file -- /Users/admin/Desktop/week8/kopi-tracker/kopi-tracker/config/routes.rb):
  
bootsnap (1.4.4) lib/bootsnap/load_path_cache/core_ext/kernel_require.rb:54:in `load'
bootsnap (1.4.4) lib/bootsnap/load_path_cache/core_ext/kernel_require.rb:54:in `load'
activesupport (5.2.3) lib/active_support/dependencies.rb:285:in `block in load'
activesupport (5.2.3) lib/active_support/dependencies.rb:257:in `load_dependency'
activesupport (5.2.3) lib/active_support/dependencies.rb:285:in `load'
railties (5.2.3) lib/rails/application/routes_reloader.rb:41:in `block in load_paths'
railties (5.2.3) lib/rails/application/routes_reloader.rb:41:in `each'
railties (5.2.3) lib/rails/application/routes_reloader.rb:41:in `load_paths'
railties (5.2.3) lib/rails/application/routes_reloader.rb:20:in `reload!'
railties (5.2.3) lib/rails/application/routes_reloader.rb:30:in `block in updater'
activesupport (5.2.3) lib/active_support/file_update_checker.rb:83:in `execute'
railties (5.2.3) lib/rails/application/routes_reloader.rb:10:in `execute'
railties (5.2.3) lib/rails/application/finisher.rb:143:in `block (2 levels) in <module:Finisher>'
activesupport (5.2.3) lib/active_support/callbacks.rb:426:in `instance_exec'
activesupport (5.2.3) lib/active_support/callbacks.rb:426:in `block in make_lambda'
activesupport (5.2.3) lib/active_support/callbacks.rb:198:in `block (2 levels) in halting'
activesupport (5.2.3) lib/active_support/callbacks.rb:606:in `block (2 levels) in default_terminator'
activesupport (5.2.3) lib/active_support/callbacks.rb:605:in `catch'
activesupport (5.2.3) lib/active_support/callbacks.rb:605:in `block in default_terminator'
activesupport (5.2.3) lib/active_support/callbacks.rb:199:in `block in halting'
activesupport (5.2.3) lib/active_support/callbacks.rb:513:in `block in invoke_before'
activesupport (5.2.3) lib/active_support/callbacks.rb:513:in `each'
activesupport (5.2.3) lib/active_support/callbacks.rb:513:in `invoke_before'
activesupport (5.2.3) lib/active_support/callbacks.rb:131:in `run_callbacks'
activesupport (5.2.3) lib/active_support/execution_wrapper.rb:110:in `run!'
activesupport (5.2.3) lib/active_support/reloader.rb:115:in `run!'
activesupport (5.2.3) lib/active_support/execution_wrapper.rb:72:in `block in run!'
activesupport (5.2.3) lib/active_support/execution_wrapper.rb:69:in `tap'
activesupport (5.2.3) lib/active_support/execution_wrapper.rb:69:in `run!'
activesupport (5.2.3) lib/active_support/reloader.rb:64:in `run!'
actionpack (5.2.3) lib/action_dispatch/middleware/executor.rb:12:in `call'
actionpack (5.2.3) lib/action_dispatch/middleware/debug_exceptions.rb:61:in `call'
web-console (3.7.0) lib/web_console/middleware.rb:135:in `call_app'
web-console (3.7.0) lib/web_console/middleware.rb:30:in `block in call'
web-console (3.7.0) lib/web_console/middleware.rb:20:in `catch'
web-console (3.7.0) lib/web_console/middleware.rb:20:in `call'
actionpack (5.2.3) lib/action_dispatch/middleware/show_exceptions.rb:33:in `call'
railties (5.2.3) lib/rails/rack/logger.rb:38:in `call_app'
railties (5.2.3) lib/rails/rack/logger.rb:26:in `block in call'
activesupport (5.2.3) lib/active_support/tagged_logging.rb:71:in `block in tagged'
activesupport (5.2.3) lib/active_support/tagged_logging.rb:28:in `tagged'
activesupport (5.2.3) lib/active_support/tagged_logging.rb:71:in `tagged'
railties (5.2.3) lib/rails/rack/logger.rb:26:in `call'
sprockets-rails (3.2.1) lib/sprockets/rails/quiet_assets.rb:13:in `call'
actionpack (5.2.3) lib/action_dispatch/middleware/remote_ip.rb:81:in `call'
actionpack (5.2.3) lib/action_dispatch/middleware/request_id.rb:27:in `call'
rack (2.0.7) lib/rack/method_override.rb:22:in `call'
rack (2.0.7) lib/rack/runtime.rb:22:in `call'
activesupport (5.2.3) lib/active_support/cache/strategy/local_cache_middleware.rb:29:in `call'
actionpack (5.2.3) lib/action_dispatch/middleware/executor.rb:14:in `call'
actionpack (5.2.3) lib/action_dispatch/middleware/static.rb:127:in `call'
rack (2.0.7) lib/rack/sendfile.rb:111:in `call'
railties (5.2.3) lib/rails/engine.rb:524:in `call'
puma (3.12.1) lib/puma/configuration.rb:227:in `call'
puma (3.12.1) lib/puma/server.rb:660:in `handle_request'
puma (3.12.1) lib/puma/server.rb:474:in `process_client'
puma (3.12.1) lib/puma/server.rb:334:in `block in run'
puma (3.12.1) lib/puma/thread_pool.rb:135:in `block in spawn_thread'
Started GET "/kopis/new" for ::1 at 2019-08-13 22:00:49 +0800
Processing by KopisController#new as HTML
  Rendering kopis/new.html.erb within layouts/application
  [1m[36mRoast Load (0.7ms)[0m  [1m[34mSELECT "roasts".* FROM "roasts"[0m
  ↳ app/views/kopis/new.html.erb:5
  [1m[36mOrigin Load (0.6ms)[0m  [1m[34mSELECT "origins".* FROM "origins"[0m
  ↳ app/views/kopis/new.html.erb:6
  Rendered kopis/new.html.erb within layouts/application (18.8ms)
Completed 200 OK in 29ms (Views: 13.0ms | ActiveRecord: 12.3ms)


Started GET "/origins/1" for ::1 at 2019-08-13 22:02:56 +0800
Processing by OriginsController#show as HTML
  Parameters: {"id"=>"1"}
  [1m[36mOrigin Load (0.3ms)[0m  [1m[34mSELECT  "origins".* FROM "origins" WHERE "origins"."id" = $1 LIMIT $2[0m  [["id", 1], ["LIMIT", 1]]
  ↳ app/controllers/origins_controller.rb:16
  Rendering origins/show.html.erb within layouts/application
  Rendered origins/show.html.erb within layouts/application (0.6ms)
Completed 200 OK in 13ms (Views: 9.3ms | ActiveRecord: 0.6ms)


Started GET "/origins/2" for ::1 at 2019-08-13 22:03:02 +0800
Processing by OriginsController#show as HTML
  Parameters: {"id"=>"2"}
  [1m[36mOrigin Load (0.9ms)[0m  [1m[34mSELECT  "origins".* FROM "origins" WHERE "origins"."id" = $1 LIMIT $2[0m  [["id", 2], ["LIMIT", 1]]
  ↳ app/controllers/origins_controller.rb:16
  Rendering origins/show.html.erb within layouts/application
  Rendered origins/show.html.erb within layouts/application (0.4ms)
Completed 200 OK in 13ms (Views: 8.7ms | ActiveRecord: 1.3ms)


Started GET "/origins/3" for ::1 at 2019-08-13 22:03:04 +0800
Processing by OriginsController#show as HTML
  Parameters: {"id"=>"3"}
  [1m[36mOrigin Load (0.4ms)[0m  [1m[34mSELECT  "origins".* FROM "origins" WHERE "origins"."id" = $1 LIMIT $2[0m  [["id", 3], ["LIMIT", 1]]
  ↳ app/controllers/origins_controller.rb:16
  Rendering origins/show.html.erb within layouts/application
  Rendered origins/show.html.erb within layouts/application (0.4ms)
Completed 200 OK in 12ms (Views: 9.8ms | ActiveRecord: 0.4ms)


